[[1;34mINFO[m] Scanning for projects...
[[1;34mINFO[m] 
[[1;34mINFO[m] [1m----< [0;36morg.apache.hadoop:hadoop-yarn-server-timeline-pluginstorage[0;1m >-----[m
[[1;34mINFO[m] [1mBuilding Apache Hadoop YARN Timeline Plugin Storage 3.2.1[m
[[1;34mINFO[m] [1m--------------------------------[ jar ]---------------------------------[m
Downloading from apache.snapshots.https: https://repository.apache.org/content/repositories/snapshots/org/apache/hadoop/hadoop-yarn-server-applicationhistoryservice/3.2.1/hadoop-yarn-server-applicationhistoryservice-3.2.1-tests.jar
Downloading from repository.jboss.org: https://repository.jboss.org/nexus/content/groups/public/org/apache/hadoop/hadoop-yarn-server-applicationhistoryservice/3.2.1/hadoop-yarn-server-applicationhistoryservice-3.2.1-tests.jar
Downloading from central: https://repo.maven.apache.org/maven2/org/apache/hadoop/hadoop-yarn-server-applicationhistoryservice/3.2.1/hadoop-yarn-server-applicationhistoryservice-3.2.1-tests.jar
Progress (1): 2.2/178 kBProgress (1): 5.0/178 kBProgress (1): 7.7/178 kBProgress (1): 10/178 kB Progress (1): 13/178 kBProgress (1): 16/178 kBProgress (1): 19/178 kBProgress (1): 21/178 kBProgress (1): 24/178 kBProgress (1): 27/178 kBProgress (1): 30/178 kBProgress (1): 32/178 kBProgress (1): 36/178 kBProgress (1): 40/178 kBProgress (1): 45/178 kBProgress (1): 49/178 kBProgress (1): 53/178 kBProgress (1): 57/178 kBProgress (1): 61/178 kBProgress (1): 65/178 kBProgress (1): 69/178 kBProgress (1): 73/178 kBProgress (1): 77/178 kBProgress (1): 81/178 kBProgress (1): 85/178 kBProgress (1): 90/178 kBProgress (1): 94/178 kBProgress (1): 98/178 kBProgress (1): 102/178 kBProgress (1): 106/178 kBProgress (1): 110/178 kBProgress (1): 114/178 kBProgress (1): 118/178 kBProgress (1): 122/178 kBProgress (1): 126/178 kBProgress (1): 131/178 kBProgress (1): 135/178 kBProgress (1): 139/178 kBProgress (1): 143/178 kBProgress (1): 147/178 kBProgress (1): 151/178 kBProgress (1): 155/178 kBProgress (1): 159/178 kBProgress (1): 163/178 kBProgress (1): 167/178 kBProgress (1): 171/178 kBProgress (1): 176/178 kBProgress (1): 178 kB                        Downloaded from central: https://repo.maven.apache.org/maven2/org/apache/hadoop/hadoop-yarn-server-applicationhistoryservice/3.2.1/hadoop-yarn-server-applicationhistoryservice-3.2.1-tests.jar (178 kB at 663 kB/s)
[[1;34mINFO[m] 
[[1;34mINFO[m] [1m--- [0;32mmaven-antrun-plugin:1.7:run[m [1m(create-testdirs)[m @ [36mhadoop-yarn-server-timeline-pluginstorage[0;1m ---[m
[[1;34mINFO[m] Executing tasks

main:
[[1;34mINFO[m] Executed tasks
[[1;34mINFO[m] 
[[1;34mINFO[m] [1m--- [0;32mmaven-resources-plugin:2.6:resources[m [1m(default-resources)[m @ [36mhadoop-yarn-server-timeline-pluginstorage[0;1m ---[m
[[1;34mINFO[m] Using 'UTF-8' encoding to copy filtered resources.
[[1;34mINFO[m] skip non existing resourceDirectory /root/hadoop-3.2.1-src/hadoop-yarn-project/hadoop-yarn/hadoop-yarn-server/hadoop-yarn-server-timeline-pluginstorage/src/main/resources
[[1;34mINFO[m] 
[[1;34mINFO[m] [1m--- [0;32mmaven-compiler-plugin:3.1:compile[m [1m(default-compile)[m @ [36mhadoop-yarn-server-timeline-pluginstorage[0;1m ---[m
[[1;34mINFO[m] Nothing to compile - all classes are up to date
[[1;34mINFO[m] 
[[1;34mINFO[m] [1m--- [0;32mmaven-resources-plugin:2.6:testResources[m [1m(default-testResources)[m @ [36mhadoop-yarn-server-timeline-pluginstorage[0;1m ---[m
[[1;34mINFO[m] Using 'UTF-8' encoding to copy filtered resources.
[[1;34mINFO[m] skip non existing resourceDirectory /root/hadoop-3.2.1-src/hadoop-yarn-project/hadoop-yarn/hadoop-yarn-server/hadoop-yarn-server-timeline-pluginstorage/src/test/resources
[[1;34mINFO[m] 
[[1;34mINFO[m] [1m--- [0;32mmaven-compiler-plugin:3.1:testCompile[m [1m(default-testCompile)[m @ [36mhadoop-yarn-server-timeline-pluginstorage[0;1m ---[m
[[1;34mINFO[m] Nothing to compile - all classes are up to date
[[1;34mINFO[m] 
[[1;34mINFO[m] [1m--- [0;32mmaven-jar-plugin:2.5:test-jar[m [1m(default)[m @ [36mhadoop-yarn-server-timeline-pluginstorage[0;1m ---[m
[[1;34mINFO[m] 
[[1;34mINFO[m] [1m--- [0;32mmaven-surefire-plugin:3.0.0-M1:test[m [1m(default-test)[m @ [36mhadoop-yarn-server-timeline-pluginstorage[0;1m ---[m
[[1;34mINFO[m] 
[[1;34mINFO[m] -------------------------------------------------------
[[1;34mINFO[m]  T E S T S
[[1;34mINFO[m] -------------------------------------------------------
[[1;34mINFO[m] Running org.apache.hadoop.yarn.server.timeline.[1mTestOverrideTimelineStoreYarnClient[m
[[1;34mINFO[m] [1;32mTests run: [0;1;32m1[m, Failures: 0, Errors: 0, Skipped: 0, Time elapsed: 0.813 s - in org.apache.hadoop.yarn.server.timeline.[1mTestOverrideTimelineStoreYarnClient[m
[[1;34mINFO[m] Running org.apache.hadoop.yarn.server.timeline.[1mTestEntityGroupFSTimelineStore[m
[[1;34mINFO[m] [1;32mTests run: [0;1;32m8[m, Failures: 0, Errors: 0, Skipped: 0, Time elapsed: 103.529 s - in org.apache.hadoop.yarn.server.timeline.[1mTestEntityGroupFSTimelineStore[m
[[1;34mINFO[m] Running org.apache.hadoop.yarn.server.timeline.[1mTestLogInfo[m
[[1;34mINFO[m] [1;32mTests run: [0;1;32m4[m, Failures: 0, Errors: 0, Skipped: 0, Time elapsed: 9.865 s - in org.apache.hadoop.yarn.server.timeline.[1mTestLogInfo[m
[[1;34mINFO[m] Running org.apache.hadoop.yarn.server.timeline.[1mTestLevelDBCacheTimelineStore[m
[[1;34mINFO[m] [1;32mTests run: [0;1;32m9[m, Failures: 0, Errors: 0, Skipped: 0, Time elapsed: 10.498 s - in org.apache.hadoop.yarn.server.timeline.[1mTestLevelDBCacheTimelineStore[m
[[1;34mINFO[m] 
[[1;34mINFO[m] Results:
[[1;34mINFO[m] 
[[1;34mINFO[m] [1;32mTests run: 22, Failures: 0, Errors: 0, Skipped: 0[m
[[1;34mINFO[m] 
[[1;34mINFO[m] [1m------------------------------------------------------------------------[m
[[1;34mINFO[m] [1;32mBUILD SUCCESS[m
[[1;34mINFO[m] [1m------------------------------------------------------------------------[m
[[1;34mINFO[m] Total time:  02:12 min
[[1;34mINFO[m] Finished at: 2020-04-08T09:39:39Z
[[1;34mINFO[m] [1m------------------------------------------------------------------------[m
