[[1;34mINFO[m] Scanning for projects...
[[1;34mINFO[m] 
[[1;34mINFO[m] [1m------------< [0;36morg.apache.hadoop:hadoop-yarn-server-common[0;1m >-------------[m
[[1;34mINFO[m] [1mBuilding Apache Hadoop YARN Server Common 3.2.1[m
[[1;34mINFO[m] [1m--------------------------------[ jar ]---------------------------------[m
[[1;34mINFO[m] 
[[1;34mINFO[m] [1m--- [0;32mmaven-antrun-plugin:1.7:run[m [1m(create-testdirs)[m @ [36mhadoop-yarn-server-common[0;1m ---[m
[[1;34mINFO[m] Executing tasks

main:
[[1;34mINFO[m] Executed tasks
[[1;34mINFO[m] 
[[1;34mINFO[m] [1m--- [0;32mhadoop-maven-plugins:3.2.1:protoc[m [1m(compile-protoc)[m @ [36mhadoop-yarn-server-common[0;1m ---[m
[[1;34mINFO[m] No changes detected in protoc files, skipping generation.
[[1;34mINFO[m] 
[[1;34mINFO[m] [1m--- [0;32mmaven-resources-plugin:2.6:resources[m [1m(default-resources)[m @ [36mhadoop-yarn-server-common[0;1m ---[m
[[1;34mINFO[m] Using 'UTF-8' encoding to copy filtered resources.
[[1;34mINFO[m] Copying 1 resource
[[1;34mINFO[m] 
[[1;34mINFO[m] [1m--- [0;32mmaven-compiler-plugin:3.1:compile[m [1m(default-compile)[m @ [36mhadoop-yarn-server-common[0;1m ---[m
[[1;34mINFO[m] Compiling 22 source files to /root/hadoop-3.2.1-src/hadoop-yarn-project/hadoop-yarn/hadoop-yarn-server/hadoop-yarn-server-common/target/classes
[[1;34mINFO[m] 
[[1;34mINFO[m] [1m--- [0;32mmaven-resources-plugin:2.6:testResources[m [1m(default-testResources)[m @ [36mhadoop-yarn-server-common[0;1m ---[m
[[1;34mINFO[m] Using 'UTF-8' encoding to copy filtered resources.
[[1;34mINFO[m] Copying 3 resources
[[1;34mINFO[m] 
[[1;34mINFO[m] [1m--- [0;32mmaven-compiler-plugin:3.1:testCompile[m [1m(default-testCompile)[m @ [36mhadoop-yarn-server-common[0;1m ---[m
[[1;34mINFO[m] Nothing to compile - all classes are up to date
[[1;34mINFO[m] 
[[1;34mINFO[m] [1m--- [0;32mmaven-jar-plugin:2.5:test-jar[m [1m(default)[m @ [36mhadoop-yarn-server-common[0;1m ---[m
[[1;34mINFO[m] 
[[1;34mINFO[m] [1m--- [0;32mmaven-surefire-plugin:3.0.0-M1:test[m [1m(default-test)[m @ [36mhadoop-yarn-server-common[0;1m ---[m
[[1;34mINFO[m] 
[[1;34mINFO[m] -------------------------------------------------------
[[1;34mINFO[m]  T E S T S
[[1;34mINFO[m] -------------------------------------------------------
[[1;34mINFO[m] Running org.apache.hadoop.yarn.server.utils.[1mTestLeveldbIterator[m
[[1;34mINFO[m] [1;32mTests run: [0;1;32m1[m, Failures: 0, Errors: 0, Skipped: 0, Time elapsed: 0.037 s - in org.apache.hadoop.yarn.server.utils.[1mTestLeveldbIterator[m
[[1;34mINFO[m] Running org.apache.hadoop.yarn.server.scheduler.[1mTestOpportunisticContainerAllocator[m
[[1;34mINFO[m] [1;32mTests run: [0;1;32m12[m, Failures: 0, Errors: 0, Skipped: 0, Time elapsed: 2.534 s - in org.apache.hadoop.yarn.server.scheduler.[1mTestOpportunisticContainerAllocator[m
[[1;34mINFO[m] Running org.apache.hadoop.yarn.server.api.[1mTestServerRMProxy[m
[[1;34mINFO[m] [1;32mTests run: [0;1;32m1[m, Failures: 0, Errors: 0, Skipped: 0, Time elapsed: 0.48 s - in org.apache.hadoop.yarn.server.api.[1mTestServerRMProxy[m
[[1;34mINFO[m] Running org.apache.hadoop.yarn.server.api.protocolrecords.[1mTestRegisterNodeManagerResponse[m
[[1;34mINFO[m] [1;32mTests run: [0;1;32m1[m, Failures: 0, Errors: 0, Skipped: 0, Time elapsed: 0.23 s - in org.apache.hadoop.yarn.server.api.protocolrecords.[1mTestRegisterNodeManagerResponse[m
[[1;34mINFO[m] Running org.apache.hadoop.yarn.server.api.protocolrecords.[1mTestProtocolRecords[m
[[1;34mINFO[m] [1;32mTests run: [0;1;32m6[m, Failures: 0, Errors: 0, Skipped: 0, Time elapsed: 0.422 s - in org.apache.hadoop.yarn.server.api.protocolrecords.[1mTestProtocolRecords[m
[[1;34mINFO[m] Running org.apache.hadoop.yarn.server.api.protocolrecords.[1mTestRegisterNodeManagerRequest[m
[[1;34mINFO[m] [1;32mTests run: [0;1;32m2[m, Failures: 0, Errors: 0, Skipped: 0, Time elapsed: 0.368 s - in org.apache.hadoop.yarn.server.api.protocolrecords.[1mTestRegisterNodeManagerRequest[m
[[1;34mINFO[m] Running org.apache.hadoop.yarn.server.[1mTestAMRMClientRelayer[m
[[1;34mINFO[m] [1;32mTests run: [0;1;32m4[m, Failures: 0, Errors: 0, Skipped: 0, Time elapsed: 0.509 s - in org.apache.hadoop.yarn.server.[1mTestAMRMClientRelayer[m
[[1;34mINFO[m] Running org.apache.hadoop.yarn.server.metrics.[1mTestAMRMClientRelayerMetrics[m
[[1;34mINFO[m] [1;32mTests run: [0;1;32m5[m, Failures: 0, Errors: 0, Skipped: 0, Time elapsed: 0.524 s - in org.apache.hadoop.yarn.server.metrics.[1mTestAMRMClientRelayerMetrics[m
[[1;34mINFO[m] Running org.apache.hadoop.yarn.server.webapp.[1mTestLogWebService[m
[[1;34mINFO[m] [1;32mTests run: [0;1;32m2[m, Failures: 0, Errors: 0, Skipped: 0, Time elapsed: 0.532 s - in org.apache.hadoop.yarn.server.webapp.[1mTestLogWebService[m
[[1;34mINFO[m] Running org.apache.hadoop.yarn.server.uam.[1mTestUnmanagedApplicationManager[m
[[1;34mINFO[m] [1;32mTests run: [0;1;32m7[m, Failures: 0, Errors: 0, Skipped: 0, Time elapsed: 0.929 s - in org.apache.hadoop.yarn.server.uam.[1mTestUnmanagedApplicationManager[m
[[1;34mINFO[m] Running org.apache.hadoop.yarn.server.federation.store.utils.[1mTestFederationStateStoreInputValidator[m
[[1;34mINFO[m] [1;32mTests run: [0;1;32m13[m, Failures: 0, Errors: 0, Skipped: 0, Time elapsed: 0.314 s - in org.apache.hadoop.yarn.server.federation.store.utils.[1mTestFederationStateStoreInputValidator[m
[[1;34mINFO[m] Running org.apache.hadoop.yarn.server.federation.store.records.[1mTestFederationProtocolRecords[m
[[1;34mINFO[m] [1;32mTests run: [0;1;32m28[m, Failures: 0, Errors: 0, Skipped: 0, Time elapsed: 0.466 s - in org.apache.hadoop.yarn.server.federation.store.records.[1mTestFederationProtocolRecords[m
[[1;34mINFO[m] Running org.apache.hadoop.yarn.server.federation.store.impl.[1mTestSQLFederationStateStore[m
[[1;34mINFO[m] [1;32mTests run: [0;1;32m23[m, Failures: 0, Errors: 0, Skipped: 0, Time elapsed: 1.737 s - in org.apache.hadoop.yarn.server.federation.store.impl.[1mTestSQLFederationStateStore[m
[[1;34mINFO[m] Running org.apache.hadoop.yarn.server.federation.store.impl.[1mTestZookeeperFederationStateStore[m
[[1;34mINFO[m] [1;32mTests run: [0;1;32m23[m, Failures: 0, Errors: 0, Skipped: 0, Time elapsed: 25.02 s - in org.apache.hadoop.yarn.server.federation.store.impl.[1mTestZookeeperFederationStateStore[m
[[1;34mINFO[m] Running org.apache.hadoop.yarn.server.federation.store.impl.[1mTestMemoryFederationStateStore[m
[[1;34mINFO[m] [1;32mTests run: [0;1;32m23[m, Failures: 0, Errors: 0, Skipped: 0, Time elapsed: 0.352 s - in org.apache.hadoop.yarn.server.federation.store.impl.[1mTestMemoryFederationStateStore[m
[[1;34mINFO[m] Running org.apache.hadoop.yarn.server.federation.store.metrics.[1mTestFederationStateStoreClientMetrics[m
[[1;34mINFO[m] [1;32mTests run: [0;1;32m4[m, Failures: 0, Errors: 0, Skipped: 0, Time elapsed: 0.195 s - in org.apache.hadoop.yarn.server.federation.store.metrics.[1mTestFederationStateStoreClientMetrics[m
[[1;34mINFO[m] Running org.apache.hadoop.yarn.server.federation.utils.[1mTestFederationStateStoreFacadeRetry[m
[[1;34mINFO[m] [1;32mTests run: [0;1;32m6[m, Failures: 0, Errors: 0, Skipped: 0, Time elapsed: 0.613 s - in org.apache.hadoop.yarn.server.federation.utils.[1mTestFederationStateStoreFacadeRetry[m
[[1;34mINFO[m] Running org.apache.hadoop.yarn.server.federation.utils.[1mTestFederationStateStoreFacade[m
[[1;34mINFO[m] [1;32mTests run: [0;1;32m18[m, Failures: 0, Errors: 0, Skipped: 0, Time elapsed: 0.862 s - in org.apache.hadoop.yarn.server.federation.utils.[1mTestFederationStateStoreFacade[m
[[1;34mINFO[m] Running org.apache.hadoop.yarn.server.federation.utils.[1mTestFederationRegistryClient[m
[[1;34mINFO[m] [1;32mTests run: [0;1;32m1[m, Failures: 0, Errors: 0, Skipped: 0, Time elapsed: 0.864 s - in org.apache.hadoop.yarn.server.federation.utils.[1mTestFederationRegistryClient[m
[[1;34mINFO[m] Running org.apache.hadoop.yarn.server.federation.policies.amrmproxy.[1mTestLocalityMulticastAMRMProxyPolicy[m
[[1;34mINFO[m] [1;32mTests run: [0;1;32m15[m, Failures: 0, Errors: 0, Skipped: 0, Time elapsed: 5.044 s - in org.apache.hadoop.yarn.server.federation.policies.amrmproxy.[1mTestLocalityMulticastAMRMProxyPolicy[m
[[1;34mINFO[m] Running org.apache.hadoop.yarn.server.federation.policies.amrmproxy.[1mTestRejectAMRMProxyPolicy[m
[[1;34mINFO[m] [1;32mTests run: [0;1;32m6[m, Failures: 0, Errors: 0, Skipped: 0, Time elapsed: 1.169 s - in org.apache.hadoop.yarn.server.federation.policies.amrmproxy.[1mTestRejectAMRMProxyPolicy[m
[[1;34mINFO[m] Running org.apache.hadoop.yarn.server.federation.policies.amrmproxy.[1mTestBroadcastAMRMProxyFederationPolicy[m
[[1;34mINFO[m] [1;32mTests run: [0;1;32m7[m, Failures: 0, Errors: 0, Skipped: 0, Time elapsed: 1.296 s - in org.apache.hadoop.yarn.server.federation.policies.amrmproxy.[1mTestBroadcastAMRMProxyFederationPolicy[m
[[1;34mINFO[m] Running org.apache.hadoop.yarn.server.federation.policies.amrmproxy.[1mTestHomeAMRMProxyPolicy[m
[[1;34mINFO[m] [1;32mTests run: [0;1;32m7[m, Failures: 0, Errors: 0, Skipped: 0, Time elapsed: 1.347 s - in org.apache.hadoop.yarn.server.federation.policies.amrmproxy.[1mTestHomeAMRMProxyPolicy[m
[[1;34mINFO[m] Running org.apache.hadoop.yarn.server.federation.policies.[1mTestFederationPolicyUtils[m
[[1;34mINFO[m] [1;32mTests run: [0;1;32m1[m, Failures: 0, Errors: 0, Skipped: 0, Time elapsed: 0.611 s - in org.apache.hadoop.yarn.server.federation.policies.[1mTestFederationPolicyUtils[m
[[1;34mINFO[m] Running org.apache.hadoop.yarn.server.federation.policies.manager.[1mTestHashBasedBroadcastPolicyManager[m
[[1;34mINFO[m] [1;32mTests run: [0;1;32m4[m, Failures: 0, Errors: 0, Skipped: 0, Time elapsed: 0.825 s - in org.apache.hadoop.yarn.server.federation.policies.manager.[1mTestHashBasedBroadcastPolicyManager[m
[[1;34mINFO[m] Running org.apache.hadoop.yarn.server.federation.policies.manager.[1mTestHomePolicyManager[m
[[1;34mINFO[m] [1;32mTests run: [0;1;32m4[m, Failures: 0, Errors: 0, Skipped: 0, Time elapsed: 0.997 s - in org.apache.hadoop.yarn.server.federation.policies.manager.[1mTestHomePolicyManager[m
[[1;34mINFO[m] Running org.apache.hadoop.yarn.server.federation.policies.manager.[1mTestWeightedLocalityPolicyManager[m
[[1;34mINFO[m] [1;32mTests run: [0;1;32m5[m, Failures: 0, Errors: 0, Skipped: 0, Time elapsed: 1.078 s - in org.apache.hadoop.yarn.server.federation.policies.manager.[1mTestWeightedLocalityPolicyManager[m
[[1;34mINFO[m] Running org.apache.hadoop.yarn.server.federation.policies.manager.[1mTestRejectAllPolicyManager[m
[[1;34mINFO[m] [1;32mTests run: [0;1;32m4[m, Failures: 0, Errors: 0, Skipped: 0, Time elapsed: 0.868 s - in org.apache.hadoop.yarn.server.federation.policies.manager.[1mTestRejectAllPolicyManager[m
[[1;34mINFO[m] Running org.apache.hadoop.yarn.server.federation.policies.manager.[1mTestPriorityBroadcastPolicyManager[m
[[1;34mINFO[m] [1;32mTests run: [0;1;32m5[m, Failures: 0, Errors: 0, Skipped: 0, Time elapsed: 1.008 s - in org.apache.hadoop.yarn.server.federation.policies.manager.[1mTestPriorityBroadcastPolicyManager[m
[[1;34mINFO[m] Running org.apache.hadoop.yarn.server.federation.policies.manager.[1mTestUniformBroadcastPolicyManager[m
[[1;34mINFO[m] [1;32mTests run: [0;1;32m4[m, Failures: 0, Errors: 0, Skipped: 0, Time elapsed: 0.839 s - in org.apache.hadoop.yarn.server.federation.policies.manager.[1mTestUniformBroadcastPolicyManager[m
[[1;34mINFO[m] Running org.apache.hadoop.yarn.server.federation.policies.[1mTestRouterPolicyFacade[m
[[1;34mINFO[m] [1;32mTests run: [0;1;32m3[m, Failures: 0, Errors: 0, Skipped: 0, Time elapsed: 1.095 s - in org.apache.hadoop.yarn.server.federation.policies.[1mTestRouterPolicyFacade[m
[[1;34mINFO[m] Running org.apache.hadoop.yarn.server.federation.policies.router.[1mTestRejectRouterPolicy[m
[[1;34mINFO[m] [1;32mTests run: [0;1;32m10[m, Failures: 0, Errors: 0, Skipped: 0, Time elapsed: 1.357 s - in org.apache.hadoop.yarn.server.federation.policies.router.[1mTestRejectRouterPolicy[m
[[1;34mINFO[m] Running org.apache.hadoop.yarn.server.federation.policies.router.[1mTestPriorityRouterPolicy[m
[[1;34mINFO[m] [1;32mTests run: [0;1;32m10[m, Failures: 0, Errors: 0, Skipped: 0, Time elapsed: 1.659 s - in org.apache.hadoop.yarn.server.federation.policies.router.[1mTestPriorityRouterPolicy[m
[[1;34mINFO[m] Running org.apache.hadoop.yarn.server.federation.policies.router.[1mTestUniformRandomRouterPolicy[m
[[1;34mINFO[m] [1;32mTests run: [0;1;32m10[m, Failures: 0, Errors: 0, Skipped: 0, Time elapsed: 1.345 s - in org.apache.hadoop.yarn.server.federation.policies.router.[1mTestUniformRandomRouterPolicy[m
[[1;34mINFO[m] Running org.apache.hadoop.yarn.server.federation.policies.router.[1mTestHashBasedRouterPolicy[m
[[1;34mINFO[m] [1;32mTests run: [0;1;32m10[m, Failures: 0, Errors: 0, Skipped: 0, Time elapsed: 1.694 s - in org.apache.hadoop.yarn.server.federation.policies.router.[1mTestHashBasedRouterPolicy[m
[[1;34mINFO[m] Running org.apache.hadoop.yarn.server.federation.policies.router.[1mTestLoadBasedRouterPolicy[m
[[1;34mINFO[m] [1;32mTests run: [0;1;32m10[m, Failures: 0, Errors: 0, Skipped: 0, Time elapsed: 1.536 s - in org.apache.hadoop.yarn.server.federation.policies.router.[1mTestLoadBasedRouterPolicy[m
[[1;34mINFO[m] Running org.apache.hadoop.yarn.server.federation.policies.router.[1mTestWeightedRandomRouterPolicy[m
[[1;34mINFO[m] [1;32mTests run: [0;1;32m10[m, Failures: 0, Errors: 0, Skipped: 0, Time elapsed: 2.194 s - in org.apache.hadoop.yarn.server.federation.policies.router.[1mTestWeightedRandomRouterPolicy[m
[[1;34mINFO[m] Running org.apache.hadoop.yarn.server.federation.policies.[1mTestFederationPolicyInitializationContextValidator[m
[[1;34mINFO[m] [1;32mTests run: [0;1;32m7[m, Failures: 0, Errors: 0, Skipped: 0, Time elapsed: 0.885 s - in org.apache.hadoop.yarn.server.federation.policies.[1mTestFederationPolicyInitializationContextValidator[m
[[1;34mINFO[m] Running org.apache.hadoop.yarn.server.federation.resolver.[1mTestDefaultSubClusterResolver[m
[[1;34mINFO[m] [1;32mTests run: [0;1;32m5[m, Failures: 0, Errors: 0, Skipped: 0, Time elapsed: 0.343 s - in org.apache.hadoop.yarn.server.federation.resolver.[1mTestDefaultSubClusterResolver[m
[[1;34mINFO[m] Running org.apache.hadoop.yarn.server.timeline.security.[1mTestTimelineAuthenticationFilterInitializer[m
[[1;34mINFO[m] [1;32mTests run: [0;1;32m1[m, Failures: 0, Errors: 0, Skipped: 0, Time elapsed: 0.411 s - in org.apache.hadoop.yarn.server.timeline.security.[1mTestTimelineAuthenticationFilterInitializer[m
[[1;34mINFO[m] Running org.apache.hadoop.yarn.lib.[1mTestZKClient[m
[[1;34mINFO[m] [1;32mTests run: [0;1;32m1[m, Failures: 0, Errors: 0, Skipped: 0, Time elapsed: 0.356 s - in org.apache.hadoop.yarn.lib.[1mTestZKClient[m
[[1;34mINFO[m] Running org.apache.hadoop.yarn.[1mTestYSCRecordFactory[m
[[1;34mINFO[m] [1;32mTests run: [0;1;32m1[m, Failures: 0, Errors: 0, Skipped: 0, Time elapsed: 0.171 s - in org.apache.hadoop.yarn.[1mTestYSCRecordFactory[m
[[1;34mINFO[m] Running org.apache.hadoop.yarn.[1mTestYSCRPCFactories[m
[[1;34mINFO[m] [1;32mTests run: [0;1;32m1[m, Failures: 0, Errors: 0, Skipped: 0, Time elapsed: 0.506 s - in org.apache.hadoop.yarn.[1mTestYSCRPCFactories[m
[[1;34mINFO[m] Running org.apache.hadoop.yarn.[1mTestRPC[m
[[1;34mINFO[m] [1;32mTests run: [0;1;32m3[m, Failures: 0, Errors: 0, Skipped: 0, Time elapsed: 1.128 s - in org.apache.hadoop.yarn.[1mTestRPC[m
[[1;34mINFO[m] Running org.apache.hadoop.yarn.[1mTestResourceTrackerPBClientImpl[m
[[1;34mINFO[m] [1;32mTests run: [0;1;32m3[m, Failures: 0, Errors: 0, Skipped: 0, Time elapsed: 0.704 s - in org.apache.hadoop.yarn.[1mTestResourceTrackerPBClientImpl[m
[[1;34mINFO[m] Running org.apache.hadoop.yarn.[1mTestYarnServerApiClasses[m
[[1;34mINFO[m] [1;32mTests run: [0;1;32m16[m, Failures: 0, Errors: 0, Skipped: 0, Time elapsed: 0.485 s - in org.apache.hadoop.yarn.[1mTestYarnServerApiClasses[m
[[1;34mINFO[m] 
[[1;34mINFO[m] Results:
[[1;34mINFO[m] 
[[1;34mINFO[m] [1;32mTests run: 343, Failures: 0, Errors: 0, Skipped: 0[m
[[1;34mINFO[m] 
[[1;34mINFO[m] [1m------------------------------------------------------------------------[m
[[1;34mINFO[m] [1;32mBUILD SUCCESS[m
[[1;34mINFO[m] [1m------------------------------------------------------------------------[m
[[1;34mINFO[m] Total time:  01:45 min
[[1;34mINFO[m] Finished at: 2020-04-08T09:52:24Z
[[1;34mINFO[m] [1m------------------------------------------------------------------------[m
