[[1;34mINFO[m] Scanning for projects...
[[1;34mINFO[m] 
[[1;34mINFO[m] [1m--< [0;36morg.apache.hadoop:hadoop-yarn-server-timelineservice-hbase-tests[0;1m >--[m
[[1;34mINFO[m] [1mBuilding Apache Hadoop YARN TimelineService HBase tests 3.2.1[m
[[1;34mINFO[m] [1m--------------------------------[ jar ]---------------------------------[m
Downloading from apache.snapshots.https: https://repository.apache.org/content/repositories/snapshots/org/apache/hadoop/hadoop-yarn-server-timelineservice-hbase-client/3.2.1/hadoop-yarn-server-timelineservice-hbase-client-3.2.1.pom
Downloading from repository.jboss.org: https://repository.jboss.org/nexus/content/groups/public/org/apache/hadoop/hadoop-yarn-server-timelineservice-hbase-client/3.2.1/hadoop-yarn-server-timelineservice-hbase-client-3.2.1.pom
Downloading from central: https://repo.maven.apache.org/maven2/org/apache/hadoop/hadoop-yarn-server-timelineservice-hbase-client/3.2.1/hadoop-yarn-server-timelineservice-hbase-client-3.2.1.pom
Progress (1): 2.2/7.6 kBProgress (1): 5.0/7.6 kBProgress (1): 7.6 kB                        Downloaded from central: https://repo.maven.apache.org/maven2/org/apache/hadoop/hadoop-yarn-server-timelineservice-hbase-client/3.2.1/hadoop-yarn-server-timelineservice-hbase-client-3.2.1.pom (7.6 kB at 37 kB/s)
Downloading from apache.snapshots.https: https://repository.apache.org/content/repositories/snapshots/org/apache/hadoop/hadoop-yarn-server-timelineservice-hbase-server-1/3.2.1/hadoop-yarn-server-timelineservice-hbase-server-1-3.2.1.pom
Downloading from repository.jboss.org: https://repository.jboss.org/nexus/content/groups/public/org/apache/hadoop/hadoop-yarn-server-timelineservice-hbase-server-1/3.2.1/hadoop-yarn-server-timelineservice-hbase-server-1-3.2.1.pom
Downloading from central: https://repo.maven.apache.org/maven2/org/apache/hadoop/hadoop-yarn-server-timelineservice-hbase-server-1/3.2.1/hadoop-yarn-server-timelineservice-hbase-server-1-3.2.1.pom
Progress (1): 2.2/5.7 kBProgress (1): 5.0/5.7 kBProgress (1): 5.7 kB                        Downloaded from central: https://repo.maven.apache.org/maven2/org/apache/hadoop/hadoop-yarn-server-timelineservice-hbase-server-1/3.2.1/hadoop-yarn-server-timelineservice-hbase-server-1-3.2.1.pom (5.7 kB at 75 kB/s)
Downloading from apache.snapshots.https: https://repository.apache.org/content/repositories/snapshots/org/apache/hadoop/hadoop-yarn-server-timelineservice-hbase-server/3.2.1/hadoop-yarn-server-timelineservice-hbase-server-3.2.1.pom
Downloading from repository.jboss.org: https://repository.jboss.org/nexus/content/groups/public/org/apache/hadoop/hadoop-yarn-server-timelineservice-hbase-server/3.2.1/hadoop-yarn-server-timelineservice-hbase-server-3.2.1.pom
Downloading from central: https://repo.maven.apache.org/maven2/org/apache/hadoop/hadoop-yarn-server-timelineservice-hbase-server/3.2.1/hadoop-yarn-server-timelineservice-hbase-server-3.2.1.pom
Progress (1): 2.2/2.9 kBProgress (1): 2.9 kB                        Downloaded from central: https://repo.maven.apache.org/maven2/org/apache/hadoop/hadoop-yarn-server-timelineservice-hbase-server/3.2.1/hadoop-yarn-server-timelineservice-hbase-server-3.2.1.pom (2.9 kB at 38 kB/s)
Downloading from apache.snapshots.https: https://repository.apache.org/content/repositories/snapshots/org/apache/hadoop/hadoop-yarn-server-timelineservice-hbase-client/3.2.1/hadoop-yarn-server-timelineservice-hbase-client-3.2.1.jar
Downloading from apache.snapshots.https: https://repository.apache.org/content/repositories/snapshots/org/apache/hadoop/hadoop-yarn-server-timelineservice-hbase-server-1/3.2.1/hadoop-yarn-server-timelineservice-hbase-server-1-3.2.1.jar
Downloading from repository.jboss.org: https://repository.jboss.org/nexus/content/groups/public/org/apache/hadoop/hadoop-yarn-server-timelineservice-hbase-client/3.2.1/hadoop-yarn-server-timelineservice-hbase-client-3.2.1.jar
Downloading from repository.jboss.org: https://repository.jboss.org/nexus/content/groups/public/org/apache/hadoop/hadoop-yarn-server-timelineservice-hbase-server-1/3.2.1/hadoop-yarn-server-timelineservice-hbase-server-1-3.2.1.jar
Downloading from central: https://repo.maven.apache.org/maven2/org/apache/hadoop/hadoop-yarn-server-timelineservice-hbase-client/3.2.1/hadoop-yarn-server-timelineservice-hbase-client-3.2.1.jar
Downloading from central: https://repo.maven.apache.org/maven2/org/apache/hadoop/hadoop-yarn-server-timelineservice-hbase-server-1/3.2.1/hadoop-yarn-server-timelineservice-hbase-server-1-3.2.1.jar
Progress (1): 2.2/65 kBProgress (1): 5.0/65 kBProgress (1): 7.7/65 kBProgress (2): 7.7/65 kB | 2.2/151 kBProgress (2): 7.7/65 kB | 5.0/151 kBProgress (2): 7.7/65 kB | 7.7/151 kBProgress (2): 7.7/65 kB | 10/151 kB Progress (2): 7.7/65 kB | 13/151 kBProgress (2): 7.7/65 kB | 16/151 kBProgress (2): 10/65 kB | 16/151 kB Progress (2): 10/65 kB | 19/151 kBProgress (2): 13/65 kB | 19/151 kBProgress (2): 16/65 kB | 19/151 kBProgress (2): 19/65 kB | 19/151 kBProgress (2): 21/65 kB | 19/151 kBProgress (2): 24/65 kB | 19/151 kBProgress (2): 27/65 kB | 19/151 kBProgress (2): 30/65 kB | 19/151 kBProgress (2): 32/65 kB | 19/151 kBProgress (2): 32/65 kB | 21/151 kBProgress (2): 32/65 kB | 24/151 kBProgress (2): 32/65 kB | 27/151 kBProgress (2): 32/65 kB | 30/151 kBProgress (2): 32/65 kB | 32/151 kBProgress (2): 32/65 kB | 36/151 kBProgress (2): 32/65 kB | 40/151 kBProgress (2): 36/65 kB | 40/151 kBProgress (2): 36/65 kB | 45/151 kBProgress (2): 40/65 kB | 45/151 kBProgress (2): 40/65 kB | 49/151 kBProgress (2): 45/65 kB | 49/151 kBProgress (2): 49/65 kB | 49/151 kBProgress (2): 53/65 kB | 49/151 kBProgress (2): 57/65 kB | 49/151 kBProgress (2): 61/65 kB | 49/151 kBProgress (2): 65/65 kB | 49/151 kBProgress (2): 65 kB | 49/151 kB   Progress (2): 65 kB | 53/151 kBProgress (2): 65 kB | 57/151 kBProgress (2): 65 kB | 61/151 kBProgress (2): 65 kB | 65/151 kBProgress (2): 65 kB | 69/151 kBProgress (2): 65 kB | 73/151 kBProgress (2): 65 kB | 77/151 kBProgress (2): 65 kB | 81/151 kBProgress (2): 65 kB | 85/151 kBProgress (2): 65 kB | 90/151 kBProgress (2): 65 kB | 94/151 kBProgress (2): 65 kB | 98/151 kBProgress (2): 65 kB | 102/151 kBProgress (2): 65 kB | 106/151 kBProgress (2): 65 kB | 110/151 kBProgress (2): 65 kB | 114/151 kBProgress (2): 65 kB | 118/151 kBProgress (2): 65 kB | 122/151 kBProgress (2): 65 kB | 126/151 kBProgress (2): 65 kB | 131/151 kBProgress (2): 65 kB | 135/151 kBProgress (2): 65 kB | 139/151 kBProgress (2): 65 kB | 143/151 kBProgress (2): 65 kB | 147/151 kBProgress (2): 65 kB | 151/151 kBProgress (2): 65 kB | 151 kB                                Downloaded from central: https://repo.maven.apache.org/maven2/org/apache/hadoop/hadoop-yarn-server-timelineservice-hbase-server-1/3.2.1/hadoop-yarn-server-timelineservice-hbase-server-1-3.2.1.jar (65 kB at 211 kB/s)
Downloaded from central: https://repo.maven.apache.org/maven2/org/apache/hadoop/hadoop-yarn-server-timelineservice-hbase-client/3.2.1/hadoop-yarn-server-timelineservice-hbase-client-3.2.1.jar (151 kB at 383 kB/s)
[[1;34mINFO[m] 
[[1;34mINFO[m] [1m--- [0;32mmaven-antrun-plugin:1.7:run[m [1m(create-testdirs)[m @ [36mhadoop-yarn-server-timelineservice-hbase-tests[0;1m ---[m
[[1;34mINFO[m] Executing tasks

main:
[[1;34mINFO[m] Executed tasks
[[1;34mINFO[m] 
[[1;34mINFO[m] [1m--- [0;32mmaven-resources-plugin:2.6:resources[m [1m(default-resources)[m @ [36mhadoop-yarn-server-timelineservice-hbase-tests[0;1m ---[m
[[1;34mINFO[m] Using 'UTF-8' encoding to copy filtered resources.
[[1;34mINFO[m] skip non existing resourceDirectory /root/hadoop-3.2.1-src/hadoop-yarn-project/hadoop-yarn/hadoop-yarn-server/hadoop-yarn-server-timelineservice-hbase-tests/src/main/resources
[[1;34mINFO[m] 
[[1;34mINFO[m] [1m--- [0;32mmaven-compiler-plugin:3.1:compile[m [1m(default-compile)[m @ [36mhadoop-yarn-server-timelineservice-hbase-tests[0;1m ---[m
[[1;34mINFO[m] No sources to compile
[[1;34mINFO[m] 
[[1;34mINFO[m] [1m--- [0;32mmaven-resources-plugin:2.6:testResources[m [1m(default-testResources)[m @ [36mhadoop-yarn-server-timelineservice-hbase-tests[0;1m ---[m
[[1;34mINFO[m] Using 'UTF-8' encoding to copy filtered resources.
[[1;34mINFO[m] Copying 1 resource
[[1;34mINFO[m] 
[[1;34mINFO[m] [1m--- [0;32mmaven-compiler-plugin:3.1:testCompile[m [1m(default-testCompile)[m @ [36mhadoop-yarn-server-timelineservice-hbase-tests[0;1m ---[m
[[1;34mINFO[m] Nothing to compile - all classes are up to date
[[1;34mINFO[m] 
[[1;34mINFO[m] [1m--- [0;32mmaven-jar-plugin:2.5:test-jar[m [1m(default)[m @ [36mhadoop-yarn-server-timelineservice-hbase-tests[0;1m ---[m
[[1;34mINFO[m] 
[[1;34mINFO[m] [1m--- [0;32mmaven-surefire-plugin:3.0.0-M1:test[m [1m(default-test)[m @ [36mhadoop-yarn-server-timelineservice-hbase-tests[0;1m ---[m
[[1;34mINFO[m] 
[[1;34mINFO[m] -------------------------------------------------------
[[1;34mINFO[m]  T E S T S
[[1;34mINFO[m] -------------------------------------------------------
[[1;34mINFO[m] Running org.apache.hadoop.yarn.server.timelineservice.reader.[1mTestTimelineReaderWebServicesHBaseStorage[m
[[1;34mINFO[m] [1;32mTests run: [0;1;32m33[m, Failures: 0, Errors: 0, Skipped: 0, Time elapsed: 36.681 s - in org.apache.hadoop.yarn.server.timelineservice.reader.[1mTestTimelineReaderWebServicesHBaseStorage[m
[[1;34mINFO[m] Running org.apache.hadoop.yarn.server.timelineservice.storage.[1mTestTimelineReaderHBaseDown[m
[[1;34mINFO[m] [1;32mTests run: [0;1;32m5[m, Failures: 0, Errors: 0, Skipped: 0, Time elapsed: 226.49 s - in org.apache.hadoop.yarn.server.timelineservice.storage.[1mTestTimelineReaderHBaseDown[m
[[1;34mINFO[m] Running org.apache.hadoop.yarn.server.timelineservice.storage.flow.[1mTestHBaseStorageFlowRun[m
[[1;34mINFO[m] [1;32mTests run: [0;1;32m8[m, Failures: 0, Errors: 0, Skipped: 0, Time elapsed: 56.011 s - in org.apache.hadoop.yarn.server.timelineservice.storage.flow.[1mTestHBaseStorageFlowRun[m
[[1;34mINFO[m] Running org.apache.hadoop.yarn.server.timelineservice.storage.flow.[1mTestHBaseStorageFlowActivity[m
[[1;34mINFO[m] [1;32mTests run: [0;1;32m3[m, Failures: 0, Errors: 0, Skipped: 0, Time elapsed: 26.22 s - in org.apache.hadoop.yarn.server.timelineservice.storage.flow.[1mTestHBaseStorageFlowActivity[m
[[1;34mINFO[m] Running org.apache.hadoop.yarn.server.timelineservice.storage.flow.[1mTestHBaseStorageFlowRunCompaction[m
[[1;34mINFO[m] [1;32mTests run: [0;1;32m10[m, Failures: 0, Errors: 0, Skipped: 0, Time elapsed: 44.706 s - in org.apache.hadoop.yarn.server.timelineservice.storage.flow.[1mTestHBaseStorageFlowRunCompaction[m
[[1;34mINFO[m] Running org.apache.hadoop.yarn.server.timelineservice.storage.[1mTestHBaseTimelineStorageSchema[m
[[1;34mINFO[m] [1;32mTests run: [0;1;32m2[m, Failures: 0, Errors: 0, Skipped: 0, Time elapsed: 55.95 s - in org.apache.hadoop.yarn.server.timelineservice.storage.[1mTestHBaseTimelineStorageSchema[m
[[1;34mINFO[m] Running org.apache.hadoop.yarn.server.timelineservice.storage.[1mTestHBaseTimelineStorageEntities[m
[[1;34mINFO[m] [1;32mTests run: [0;1;32m20[m, Failures: 0, Errors: 0, Skipped: 0, Time elapsed: 36.029 s - in org.apache.hadoop.yarn.server.timelineservice.storage.[1mTestHBaseTimelineStorageEntities[m
[[1;34mINFO[m] Running org.apache.hadoop.yarn.server.timelineservice.storage.[1mTestHBaseTimelineStorageApps[m
[[1;34mINFO[m] [1;32mTests run: [0;1;32m20[m, Failures: 0, Errors: 0, Skipped: 0, Time elapsed: 35.372 s - in org.apache.hadoop.yarn.server.timelineservice.storage.[1mTestHBaseTimelineStorageApps[m
[[1;34mINFO[m] Running org.apache.hadoop.yarn.server.timelineservice.storage.[1mTestTimelineWriterHBaseDown[m
[[1;34mINFO[m] [1;32mTests run: [0;1;32m1[m, Failures: 0, Errors: 0, Skipped: 0, Time elapsed: 67.606 s - in org.apache.hadoop.yarn.server.timelineservice.storage.[1mTestTimelineWriterHBaseDown[m
[[1;34mINFO[m] Running org.apache.hadoop.yarn.server.timelineservice.storage.[1mTestHBaseTimelineStorageDomain[m
[[1;34mINFO[m] [1;32mTests run: [0;1;32m1[m, Failures: 0, Errors: 0, Skipped: 0, Time elapsed: 26.08 s - in org.apache.hadoop.yarn.server.timelineservice.storage.[1mTestHBaseTimelineStorageDomain[m
[[1;34mINFO[m] 
[[1;34mINFO[m] Results:
[[1;34mINFO[m] 
[[1;34mINFO[m] [1;32mTests run: 103, Failures: 0, Errors: 0, Skipped: 0[m
[[1;34mINFO[m] 
[[1;34mINFO[m] [1m------------------------------------------------------------------------[m
[[1;34mINFO[m] [1;32mBUILD SUCCESS[m
[[1;34mINFO[m] [1m------------------------------------------------------------------------[m
[[1;34mINFO[m] Total time:  10:40 min
[[1;34mINFO[m] Finished at: 2020-04-08T09:50:21Z
[[1;34mINFO[m] [1m------------------------------------------------------------------------[m
