[[1;34mINFO[m] Scanning for projects...
[[1;34mINFO[m] 
[[1;34mINFO[m] [1m---------------< [0;36morg.apache.hadoop:hadoop-yarn-registry[0;1m >---------------[m
[[1;34mINFO[m] [1mBuilding Apache Hadoop YARN Registry 3.2.1[m
[[1;34mINFO[m] [1m--------------------------------[ jar ]---------------------------------[m
Downloading from apache.snapshots.https: https://repository.apache.org/content/repositories/snapshots/org/apache/hadoop/hadoop-minikdc/3.2.1/hadoop-minikdc-3.2.1.pom
Downloading from repository.jboss.org: https://repository.jboss.org/nexus/content/groups/public/org/apache/hadoop/hadoop-minikdc/3.2.1/hadoop-minikdc-3.2.1.pom
Downloading from central: https://repo.maven.apache.org/maven2/org/apache/hadoop/hadoop-minikdc/3.2.1/hadoop-minikdc-3.2.1.pom
Progress (1): 2.2 kB                    Downloaded from central: https://repo.maven.apache.org/maven2/org/apache/hadoop/hadoop-minikdc/3.2.1/hadoop-minikdc-3.2.1.pom (2.2 kB at 10 kB/s)
Downloading from apache.snapshots.https: https://repository.apache.org/content/repositories/snapshots/org/apache/hadoop/hadoop-minikdc/3.2.1/hadoop-minikdc-3.2.1.jar
Downloading from repository.jboss.org: https://repository.jboss.org/nexus/content/groups/public/org/apache/hadoop/hadoop-minikdc/3.2.1/hadoop-minikdc-3.2.1.jar
Downloading from central: https://repo.maven.apache.org/maven2/org/apache/hadoop/hadoop-minikdc/3.2.1/hadoop-minikdc-3.2.1.jar
Progress (1): 2.2/53 kBProgress (1): 5.0/53 kBProgress (1): 7.7/53 kBProgress (1): 10/53 kB Progress (1): 13/53 kBProgress (1): 16/53 kBProgress (1): 19/53 kBProgress (1): 21/53 kBProgress (1): 24/53 kBProgress (1): 27/53 kBProgress (1): 30/53 kBProgress (1): 32/53 kBProgress (1): 36/53 kBProgress (1): 40/53 kBProgress (1): 45/53 kBProgress (1): 49/53 kBProgress (1): 53/53 kBProgress (1): 53 kB                      Downloaded from central: https://repo.maven.apache.org/maven2/org/apache/hadoop/hadoop-minikdc/3.2.1/hadoop-minikdc-3.2.1.jar (53 kB at 550 kB/s)
[[1;34mINFO[m] 
[[1;34mINFO[m] [1m--- [0;32mmaven-antrun-plugin:1.7:run[m [1m(create-testdirs)[m @ [36mhadoop-yarn-registry[0;1m ---[m
[[1;34mINFO[m] Executing tasks

main:
[[1;34mINFO[m] Executed tasks
[[1;34mINFO[m] 
[[1;34mINFO[m] [1m--- [0;32mhadoop-maven-plugins:3.2.1:version-info[m [1m(version-info)[m @ [36mhadoop-yarn-registry[0;1m ---[m
[[1;33mWARNING[m] [git, branch] failed with error code 128
[[1;34mINFO[m] SCM: NONE
[[1;34mINFO[m] Computed MD5: 33611be433d4748aa494c37fc86c876
[[1;34mINFO[m] 
[[1;34mINFO[m] [1m--- [0;32mmaven-resources-plugin:2.6:resources[m [1m(default-resources)[m @ [36mhadoop-yarn-registry[0;1m ---[m
[[1;34mINFO[m] Using 'UTF-8' encoding to copy filtered resources.
[[1;34mINFO[m] Copying 1 resource
[[1;34mINFO[m] Copying 0 resource
[[1;34mINFO[m] 
[[1;34mINFO[m] [1m--- [0;32mmaven-compiler-plugin:3.1:compile[m [1m(default-compile)[m @ [36mhadoop-yarn-registry[0;1m ---[m
[[1;34mINFO[m] Compiling 10 source files to /root/hadoop-3.2.1-src/hadoop-yarn-project/hadoop-yarn/hadoop-yarn-registry/target/classes
[[1;34mINFO[m] 
[[1;34mINFO[m] [1m--- [0;32mmaven-resources-plugin:2.6:testResources[m [1m(default-testResources)[m @ [36mhadoop-yarn-registry[0;1m ---[m
[[1;34mINFO[m] Using 'UTF-8' encoding to copy filtered resources.
[[1;34mINFO[m] Copying 3 resources
[[1;34mINFO[m] 
[[1;34mINFO[m] [1m--- [0;32mmaven-compiler-plugin:3.1:testCompile[m [1m(default-testCompile)[m @ [36mhadoop-yarn-registry[0;1m ---[m
[[1;34mINFO[m] Nothing to compile - all classes are up to date
[[1;34mINFO[m] 
[[1;34mINFO[m] [1m--- [0;32mmaven-jar-plugin:2.5:test-jar[m [1m(default)[m @ [36mhadoop-yarn-registry[0;1m ---[m
[[1;34mINFO[m] 
[[1;34mINFO[m] [1m--- [0;32mmaven-surefire-plugin:3.0.0-M1:test[m [1m(default-test)[m @ [36mhadoop-yarn-registry[0;1m ---[m
[[1;34mINFO[m] 
[[1;34mINFO[m] -------------------------------------------------------
[[1;34mINFO[m]  T E S T S
[[1;34mINFO[m] -------------------------------------------------------
[[1;34mINFO[m] Running org.apache.hadoop.registry.server.dns.[1mTestReverseZoneUtils[m
[[1;34mINFO[m] [1;32mTests run: [0;1;32m6[m, Failures: 0, Errors: 0, Skipped: 0, Time elapsed: 0.13 s - in org.apache.hadoop.registry.server.dns.[1mTestReverseZoneUtils[m
[[1;34mINFO[m] Running org.apache.hadoop.registry.server.dns.[1mTestSecureRegistryDNS[m
[[1;34mINFO[m] [1;32mTests run: [0;1;32m20[m, Failures: 0, Errors: 0, Skipped: 0, Time elapsed: 1.547 s - in org.apache.hadoop.registry.server.dns.[1mTestSecureRegistryDNS[m
[[1;34mINFO[m] Running org.apache.hadoop.registry.server.dns.[1mTestRegistryDNS[m
[[1;34mINFO[m] [1;32mTests run: [0;1;32m20[m, Failures: 0, Errors: 0, Skipped: 0, Time elapsed: 1.001 s - in org.apache.hadoop.registry.server.dns.[1mTestRegistryDNS[m
[[1;34mINFO[m] Running org.apache.hadoop.registry.integration.[1mTestYarnPolicySelector[m
[[1;34mINFO[m] [1;32mTests run: [0;1;32m3[m, Failures: 0, Errors: 0, Skipped: 0, Time elapsed: 0.31 s - in org.apache.hadoop.registry.integration.[1mTestYarnPolicySelector[m
[[1;34mINFO[m] Running org.apache.hadoop.registry.secure.[1mTestSecureRegistry[m
[[1;34mINFO[m] [1;32mTests run: [0;1;32m5[m, Failures: 0, Errors: 0, Skipped: 0, Time elapsed: 2.591 s - in org.apache.hadoop.registry.secure.[1mTestSecureRegistry[m
[[1;34mINFO[m] Running org.apache.hadoop.registry.secure.[1mTestSecureLogins[m
[[1;34mINFO[m] [1;32mTests run: [0;1;32m11[m, Failures: 0, Errors: 0, Skipped: 0, Time elapsed: 1.955 s - in org.apache.hadoop.registry.secure.[1mTestSecureLogins[m
[[1;34mINFO[m] Running org.apache.hadoop.registry.secure.[1mTestRegistrySecurityHelper[m
[[1;34mINFO[m] [1;32mTests run: [0;1;32m12[m, Failures: 0, Errors: 0, Skipped: 0, Time elapsed: 0.402 s - in org.apache.hadoop.registry.secure.[1mTestRegistrySecurityHelper[m
[[1;34mINFO[m] Running org.apache.hadoop.registry.operations.[1mTestRegistryOperations[m
[[1;34mINFO[m] [1;32mTests run: [0;1;32m24[m, Failures: 0, Errors: 0, Skipped: 0, Time elapsed: 2.553 s - in org.apache.hadoop.registry.operations.[1mTestRegistryOperations[m
[[1;34mINFO[m] Running org.apache.hadoop.registry.client.binding.[1mTestRegistryPathUtils[m
[[1;34mINFO[m] [1;32mTests run: [0;1;32m14[m, Failures: 0, Errors: 0, Skipped: 0, Time elapsed: 0.33 s - in org.apache.hadoop.registry.client.binding.[1mTestRegistryPathUtils[m
[[1;34mINFO[m] Running org.apache.hadoop.registry.client.binding.[1mTestRegistryOperationUtils[m
[[1;34mINFO[m] [1;32mTests run: [0;1;32m3[m, Failures: 0, Errors: 0, Skipped: 0, Time elapsed: 0.346 s - in org.apache.hadoop.registry.client.binding.[1mTestRegistryOperationUtils[m
[[1;34mINFO[m] Running org.apache.hadoop.registry.client.binding.[1mTestMarshalling[m
[[1;34mINFO[m] [1;32mTests run: [0;1;32m10[m, Failures: 0, Errors: 0, Skipped: 0, Time elapsed: 0.51 s - in org.apache.hadoop.registry.client.binding.[1mTestMarshalling[m
[[1;34mINFO[m] Running org.apache.hadoop.registry.client.impl.[1mTestFSRegistryOperationsService[m
[[1;34mINFO[m] [1;32mTests run: [0;1;32m10[m, Failures: 0, Errors: 0, Skipped: 0, Time elapsed: 0.896 s - in org.apache.hadoop.registry.client.impl.[1mTestFSRegistryOperationsService[m
[[1;34mINFO[m] Running org.apache.hadoop.registry.client.impl.[1mTestCuratorService[m
[[1;34mINFO[m] [1;32mTests run: [0;1;32m20[m, Failures: 0, Errors: 0, Skipped: 0, Time elapsed: 1.447 s - in org.apache.hadoop.registry.client.impl.[1mTestCuratorService[m
[[1;34mINFO[m] Running org.apache.hadoop.registry.client.impl.[1mTestMicroZookeeperService[m
[[1;34mINFO[m] [1;32mTests run: [0;1;32m1[m, Failures: 0, Errors: 0, Skipped: 0, Time elapsed: 0.444 s - in org.apache.hadoop.registry.client.impl.[1mTestMicroZookeeperService[m
[[1;34mINFO[m] Running org.apache.hadoop.registry.cli.[1mTestRegistryCli[m
[[1;34mINFO[m] [1;32mTests run: [0;1;32m6[m, Failures: 0, Errors: 0, Skipped: 0, Time elapsed: 1.466 s - in org.apache.hadoop.registry.cli.[1mTestRegistryCli[m
[[1;34mINFO[m] 
[[1;34mINFO[m] Results:
[[1;34mINFO[m] 
[[1;34mINFO[m] [1;32mTests run: 165, Failures: 0, Errors: 0, Skipped: 0[m
[[1;34mINFO[m] 
[[1;34mINFO[m] [1m------------------------------------------------------------------------[m
[[1;34mINFO[m] [1;32mBUILD SUCCESS[m
[[1;34mINFO[m] [1m------------------------------------------------------------------------[m
[[1;34mINFO[m] Total time:  31.994 s
[[1;34mINFO[m] Finished at: 2020-04-08T07:29:15Z
[[1;34mINFO[m] [1m------------------------------------------------------------------------[m
