[[1;34mINFO[m] Scanning for projects...
[[1;34mINFO[m] 
[[1;34mINFO[m] [1m--------------< [0;36morg.apache.hadoop:hadoop-yarn-submarine[0;1m >---------------[m
[[1;34mINFO[m] [1mBuilding Yet Another Learning Platform 3.2.1[m
[[1;34mINFO[m] [1m--------------------------------[ jar ]---------------------------------[m
Downloading from apache.snapshots.https: https://repository.apache.org/content/repositories/snapshots/org/apache/hadoop/hadoop-fs2img/3.2.1/hadoop-fs2img-3.2.1.pom
Downloading from repository.jboss.org: https://repository.jboss.org/nexus/content/groups/public/org/apache/hadoop/hadoop-fs2img/3.2.1/hadoop-fs2img-3.2.1.pom
Downloading from central: https://repo.maven.apache.org/maven2/org/apache/hadoop/hadoop-fs2img/3.2.1/hadoop-fs2img-3.2.1.pom
Progress (1): 2.2/3.2 kBProgress (1): 3.2 kB                        Downloaded from central: https://repo.maven.apache.org/maven2/org/apache/hadoop/hadoop-fs2img/3.2.1/hadoop-fs2img-3.2.1.pom (3.2 kB at 19 kB/s)
Downloading from apache.snapshots.https: https://repository.apache.org/content/repositories/snapshots/org/apache/hadoop/hadoop-yarn-services-api/3.2.1/hadoop-yarn-services-api-3.2.1.pom
Downloading from repository.jboss.org: https://repository.jboss.org/nexus/content/groups/public/org/apache/hadoop/hadoop-yarn-services-api/3.2.1/hadoop-yarn-services-api-3.2.1.pom
Downloading from central: https://repo.maven.apache.org/maven2/org/apache/hadoop/hadoop-yarn-services-api/3.2.1/hadoop-yarn-services-api-3.2.1.pom
Progress (1): 2.2/6.8 kBProgress (1): 5.0/6.8 kBProgress (1): 6.8 kB                        Downloaded from central: https://repo.maven.apache.org/maven2/org/apache/hadoop/hadoop-yarn-services-api/3.2.1/hadoop-yarn-services-api-3.2.1.pom (6.8 kB at 114 kB/s)
Downloading from apache.snapshots.https: https://repository.apache.org/content/repositories/snapshots/org/apache/hadoop/hadoop-fs2img/3.2.1/hadoop-fs2img-3.2.1.jar
Downloading from apache.snapshots.https: https://repository.apache.org/content/repositories/snapshots/org/apache/hadoop/hadoop-yarn-services-api/3.2.1/hadoop-yarn-services-api-3.2.1.jar
Downloading from repository.jboss.org: https://repository.jboss.org/nexus/content/groups/public/org/apache/hadoop/hadoop-fs2img/3.2.1/hadoop-fs2img-3.2.1.jar
Downloading from repository.jboss.org: https://repository.jboss.org/nexus/content/groups/public/org/apache/hadoop/hadoop-yarn-services-api/3.2.1/hadoop-yarn-services-api-3.2.1.jar
Downloading from central: https://repo.maven.apache.org/maven2/org/apache/hadoop/hadoop-fs2img/3.2.1/hadoop-fs2img-3.2.1.jar
Downloading from central: https://repo.maven.apache.org/maven2/org/apache/hadoop/hadoop-yarn-services-api/3.2.1/hadoop-yarn-services-api-3.2.1.jar
Progress (1): 2.2/109 kBProgress (1): 5.0/109 kBProgress (1): 7.7/109 kBProgress (1): 10/109 kB Progress (1): 13/109 kBProgress (1): 16/109 kBProgress (1): 19/109 kBProgress (1): 21/109 kBProgress (1): 24/109 kBProgress (1): 27/109 kBProgress (1): 30/109 kBProgress (1): 32/109 kBProgress (1): 36/109 kBProgress (1): 40/109 kBProgress (1): 45/109 kBProgress (1): 49/109 kBProgress (1): 53/109 kBProgress (1): 57/109 kBProgress (1): 61/109 kBProgress (1): 65/109 kBProgress (1): 69/109 kBProgress (1): 73/109 kBProgress (1): 77/109 kBProgress (1): 81/109 kBProgress (1): 85/109 kBProgress (1): 90/109 kBProgress (1): 94/109 kBProgress (1): 98/109 kBProgress (1): 102/109 kBProgress (1): 106/109 kBProgress (1): 109 kB    Progress (2): 109 kB | 2.2/85 kBProgress (2): 109 kB | 5.0/85 kBProgress (2): 109 kB | 7.7/85 kBProgress (2): 109 kB | 10/85 kB Progress (2): 109 kB | 13/85 kBProgress (2): 109 kB | 16/85 kBProgress (2): 109 kB | 19/85 kB                               Downloaded from central: https://repo.maven.apache.org/maven2/org/apache/hadoop/hadoop-yarn-services-api/3.2.1/hadoop-yarn-services-api-3.2.1.jar (109 kB at 1.2 MB/s)
Progress (1): 21/85 kBProgress (1): 24/85 kBProgress (1): 27/85 kBProgress (1): 30/85 kBProgress (1): 32/85 kBProgress (1): 36/85 kBProgress (1): 40/85 kBProgress (1): 45/85 kBProgress (1): 49/85 kBProgress (1): 53/85 kBProgress (1): 57/85 kBProgress (1): 61/85 kBProgress (1): 65/85 kBProgress (1): 69/85 kBProgress (1): 73/85 kBProgress (1): 77/85 kBProgress (1): 81/85 kBProgress (1): 85 kB                      Downloaded from central: https://repo.maven.apache.org/maven2/org/apache/hadoop/hadoop-fs2img/3.2.1/hadoop-fs2img-3.2.1.jar (85 kB at 657 kB/s)
[[1;34mINFO[m] 
[[1;34mINFO[m] [1m--- [0;32mmaven-antrun-plugin:1.7:run[m [1m(create-testdirs)[m @ [36mhadoop-yarn-submarine[0;1m ---[m
[[1;34mINFO[m] Executing tasks

main:
[[1;34mINFO[m] Executed tasks
[[1;34mINFO[m] 
[[1;34mINFO[m] [1m--- [0;32mmaven-resources-plugin:2.6:resources[m [1m(default-resources)[m @ [36mhadoop-yarn-submarine[0;1m ---[m
[[1;34mINFO[m] Using 'UTF-8' encoding to copy filtered resources.
[[1;34mINFO[m] skip non existing resourceDirectory /root/hadoop-3.2.1-src/hadoop-yarn-project/hadoop-yarn/hadoop-yarn-applications/hadoop-yarn-submarine/src/main/resources
[[1;34mINFO[m] 
[[1;34mINFO[m] [1m--- [0;32mmaven-compiler-plugin:3.1:compile[m [1m(default-compile)[m @ [36mhadoop-yarn-submarine[0;1m ---[m
[[1;34mINFO[m] Compiling 1 source file to /root/hadoop-3.2.1-src/hadoop-yarn-project/hadoop-yarn/hadoop-yarn-applications/hadoop-yarn-submarine/target/classes
[[1;34mINFO[m] 
[[1;34mINFO[m] [1m--- [0;32mmaven-resources-plugin:2.6:testResources[m [1m(default-testResources)[m @ [36mhadoop-yarn-submarine[0;1m ---[m
[[1;34mINFO[m] Using 'UTF-8' encoding to copy filtered resources.
[[1;34mINFO[m] Copying 2 resources
[[1;34mINFO[m] 
[[1;34mINFO[m] [1m--- [0;32mmaven-compiler-plugin:3.1:testCompile[m [1m(default-testCompile)[m @ [36mhadoop-yarn-submarine[0;1m ---[m
[[1;34mINFO[m] Nothing to compile - all classes are up to date
[[1;34mINFO[m] 
[[1;34mINFO[m] [1m--- [0;32mmaven-jar-plugin:2.5:jar[m [1m(default)[m @ [36mhadoop-yarn-submarine[0;1m ---[m
[[1;34mINFO[m] 
[[1;34mINFO[m] [1m--- [0;32mmaven-surefire-plugin:3.0.0-M1:test[m [1m(default-test)[m @ [36mhadoop-yarn-submarine[0;1m ---[m
[[1;34mINFO[m] 
[[1;34mINFO[m] -------------------------------------------------------
[[1;34mINFO[m]  T E S T S
[[1;34mINFO[m] -------------------------------------------------------
[[1;34mINFO[m] Running org.apache.hadoop.yarn.submarine.runtimes.common.[1mTestFSBasedSubmarineStorage[m
[[1;34mINFO[m] [1;32mTests run: [0;1;32m1[m, Failures: 0, Errors: 0, Skipped: 0, Time elapsed: 0.802 s - in org.apache.hadoop.yarn.submarine.runtimes.common.[1mTestFSBasedSubmarineStorage[m
[[1;34mINFO[m] Running org.apache.hadoop.yarn.submarine.runtimes.yarnservice.[1mTestTFConfigGenerator[m
[[1;34mINFO[m] [1;32mTests run: [0;1;32m1[m, Failures: 0, Errors: 0, Skipped: 0, Time elapsed: 0.131 s - in org.apache.hadoop.yarn.submarine.runtimes.yarnservice.[1mTestTFConfigGenerator[m
[[1;34mINFO[m] Running org.apache.hadoop.yarn.submarine.client.cli.yarnservice.[1mTestYarnServiceRunJobCli[m
[[1;34mINFO[m] [1;32mTests run: [0;1;32m19[m, Failures: 0, Errors: 0, Skipped: 0, Time elapsed: 3.442 s - in org.apache.hadoop.yarn.submarine.client.cli.yarnservice.[1mTestYarnServiceRunJobCli[m
[[1;34mINFO[m] Running org.apache.hadoop.yarn.submarine.client.cli.[1mTestRunJobCliParsing[m
[[1;34mINFO[m] [1;32mTests run: [0;1;32m7[m, Failures: 0, Errors: 0, Skipped: 0, Time elapsed: 0.684 s - in org.apache.hadoop.yarn.submarine.client.cli.[1mTestRunJobCliParsing[m
[[1;34mINFO[m] Running org.apache.hadoop.yarn.submarine.client.cli.[1mTestShowJobCliParsing[m
[[1;34mINFO[m] [1;32mTests run: [0;1;32m3[m, Failures: 0, Errors: 0, Skipped: 0, Time elapsed: 0.374 s - in org.apache.hadoop.yarn.submarine.client.cli.[1mTestShowJobCliParsing[m
[[1;34mINFO[m] 
[[1;34mINFO[m] Results:
[[1;34mINFO[m] 
[[1;34mINFO[m] [1;32mTests run: 31, Failures: 0, Errors: 0, Skipped: 0[m
[[1;34mINFO[m] 
[[1;34mINFO[m] [1m------------------------------------------------------------------------[m
[[1;34mINFO[m] [1;32mBUILD SUCCESS[m
[[1;34mINFO[m] [1m------------------------------------------------------------------------[m
[[1;34mINFO[m] Total time:  15.912 s
[[1;34mINFO[m] Finished at: 2020-04-08T22:37:59Z
[[1;34mINFO[m] [1m------------------------------------------------------------------------[m
