[[1;34mINFO[m] Scanning for projects...
[[1;34mINFO[m] 
[[1;34mINFO[m] [1m--------< [0;36morg.apache.hadoop:hadoop-yarn-server-timelineservice[0;1m >--------[m
[[1;34mINFO[m] [1mBuilding Apache Hadoop YARN Timeline Service 3.2.1[m
[[1;34mINFO[m] [1m--------------------------------[ jar ]---------------------------------[m
[[1;34mINFO[m] 
[[1;34mINFO[m] [1m--- [0;32mmaven-antrun-plugin:1.7:run[m [1m(create-testdirs)[m @ [36mhadoop-yarn-server-timelineservice[0;1m ---[m
[[1;34mINFO[m] Executing tasks

main:
[[1;34mINFO[m] Executed tasks
[[1;34mINFO[m] 
[[1;34mINFO[m] [1m--- [0;32mmaven-resources-plugin:2.6:resources[m [1m(default-resources)[m @ [36mhadoop-yarn-server-timelineservice[0;1m ---[m
[[1;34mINFO[m] Using 'UTF-8' encoding to copy filtered resources.
[[1;34mINFO[m] Copying 1 resource
[[1;34mINFO[m] 
[[1;34mINFO[m] [1m--- [0;32mmaven-compiler-plugin:3.1:compile[m [1m(default-compile)[m @ [36mhadoop-yarn-server-timelineservice[0;1m ---[m
[[1;34mINFO[m] Nothing to compile - all classes are up to date
[[1;34mINFO[m] 
[[1;34mINFO[m] [1m--- [0;32mmaven-resources-plugin:2.6:testResources[m [1m(default-testResources)[m @ [36mhadoop-yarn-server-timelineservice[0;1m ---[m
[[1;34mINFO[m] Using 'UTF-8' encoding to copy filtered resources.
[[1;34mINFO[m] Copying 1 resource
[[1;34mINFO[m] 
[[1;34mINFO[m] [1m--- [0;32mmaven-compiler-plugin:3.1:testCompile[m [1m(default-testCompile)[m @ [36mhadoop-yarn-server-timelineservice[0;1m ---[m
[[1;34mINFO[m] Nothing to compile - all classes are up to date
[[1;34mINFO[m] 
[[1;34mINFO[m] [1m--- [0;32mmaven-jar-plugin:2.5:test-jar[m [1m(default)[m @ [36mhadoop-yarn-server-timelineservice[0;1m ---[m
[[1;34mINFO[m] 
[[1;34mINFO[m] [1m--- [0;32mmaven-surefire-plugin:3.0.0-M1:test[m [1m(default-test)[m @ [36mhadoop-yarn-server-timelineservice[0;1m ---[m
[[1;34mINFO[m] 
[[1;34mINFO[m] -------------------------------------------------------
[[1;34mINFO[m]  T E S T S
[[1;34mINFO[m] -------------------------------------------------------
[[1;34mINFO[m] Running org.apache.hadoop.yarn.server.timelineservice.reader.[1mTestTimelineReaderWhitelistAuthorizationFilter[m
[[1;34mINFO[m] [1;32mTests run: [0;1;32m9[m, Failures: 0, Errors: 0, Skipped: 0, Time elapsed: 0.515 s - in org.apache.hadoop.yarn.server.timelineservice.reader.[1mTestTimelineReaderWhitelistAuthorizationFilter[m
[[1;34mINFO[m] Running org.apache.hadoop.yarn.server.timelineservice.reader.[1mTestTimelineUIDConverter[m
[[1;34mINFO[m] [1;32mTests run: [0;1;32m2[m, Failures: 0, Errors: 0, Skipped: 0, Time elapsed: 0.434 s - in org.apache.hadoop.yarn.server.timelineservice.reader.[1mTestTimelineUIDConverter[m
[[1;34mINFO[m] Running org.apache.hadoop.yarn.server.timelineservice.reader.[1mTestTimelineReaderServer[m
[[1;34mINFO[m] [1;32mTests run: [0;1;32m3[m, Failures: 0, Errors: 0, Skipped: 0, Time elapsed: 1.158 s - in org.apache.hadoop.yarn.server.timelineservice.reader.[1mTestTimelineReaderServer[m
[[1;34mINFO[m] Running org.apache.hadoop.yarn.server.timelineservice.reader.[1mTestTimelineReaderUtils[m
[[1;34mINFO[m] [1;32mTests run: [0;1;32m2[m, Failures: 0, Errors: 0, Skipped: 0, Time elapsed: 0.055 s - in org.apache.hadoop.yarn.server.timelineservice.reader.[1mTestTimelineReaderUtils[m
[[1;34mINFO[m] Running org.apache.hadoop.yarn.server.timelineservice.reader.[1mTestTimelineReaderWebServicesUtils[m
[[1;34mINFO[m] [1;32mTests run: [0;1;32m6[m, Failures: 0, Errors: 0, Skipped: 0, Time elapsed: 0.334 s - in org.apache.hadoop.yarn.server.timelineservice.reader.[1mTestTimelineReaderWebServicesUtils[m
[[1;34mINFO[m] Running org.apache.hadoop.yarn.server.timelineservice.reader.[1mTestTimelineReaderWebServicesBasicAcl[m
[[1;34mINFO[m] [1;32mTests run: [0;1;32m2[m, Failures: 0, Errors: 0, Skipped: 0, Time elapsed: 0.606 s - in org.apache.hadoop.yarn.server.timelineservice.reader.[1mTestTimelineReaderWebServicesBasicAcl[m
[[1;34mINFO[m] Running org.apache.hadoop.yarn.server.timelineservice.reader.[1mTestTimelineReaderWebServices[m
[[1;34mINFO[m] [1;32mTests run: [0;1;32m22[m, Failures: 0, Errors: 0, Skipped: 0, Time elapsed: 15.661 s - in org.apache.hadoop.yarn.server.timelineservice.reader.[1mTestTimelineReaderWebServices[m
[[1;34mINFO[m] Running org.apache.hadoop.yarn.server.timelineservice.reader.[1mTestTimelineReaderMetrics[m
[[1;34mINFO[m] [1;32mTests run: [0;1;32m1[m, Failures: 0, Errors: 0, Skipped: 0, Time elapsed: 0.316 s - in org.apache.hadoop.yarn.server.timelineservice.reader.[1mTestTimelineReaderMetrics[m
[[1;34mINFO[m] Running org.apache.hadoop.yarn.server.timelineservice.storage.[1mTestFileSystemTimelineWriterImpl[m
[[1;34mINFO[m] [1;32mTests run: [0;1;32m1[m, Failures: 0, Errors: 0, Skipped: 0, Time elapsed: 0.779 s - in org.apache.hadoop.yarn.server.timelineservice.storage.[1mTestFileSystemTimelineWriterImpl[m
[[1;34mINFO[m] Running org.apache.hadoop.yarn.server.timelineservice.storage.[1mTestFileSystemTimelineReaderImpl[m
[[1;34mINFO[m] [1;32mTests run: [0;1;32m10[m, Failures: 0, Errors: 0, Skipped: 0, Time elapsed: 1.129 s - in org.apache.hadoop.yarn.server.timelineservice.storage.[1mTestFileSystemTimelineReaderImpl[m
[[1;34mINFO[m] Running org.apache.hadoop.yarn.server.timelineservice.collector.[1mTestNMTimelineCollectorManager[m
[[1;34mINFO[m] [1;32mTests run: [0;1;32m4[m, Failures: 0, Errors: 0, Skipped: 0, Time elapsed: 1.841 s - in org.apache.hadoop.yarn.server.timelineservice.collector.[1mTestNMTimelineCollectorManager[m
[[1;34mINFO[m] Running org.apache.hadoop.yarn.server.timelineservice.collector.[1mTestPerNodeAggTimelineCollectorMetrics[m
[[1;34mINFO[m] [1;32mTests run: [0;1;32m1[m, Failures: 0, Errors: 0, Skipped: 0, Time elapsed: 0.351 s - in org.apache.hadoop.yarn.server.timelineservice.collector.[1mTestPerNodeAggTimelineCollectorMetrics[m
[[1;34mINFO[m] Running org.apache.hadoop.yarn.server.timelineservice.collector.[1mTestPerNodeTimelineCollectorsAuxService[m
[[1;34mINFO[m] [1;32mTests run: [0;1;32m6[m, Failures: 0, Errors: 0, Skipped: 0, Time elapsed: 5.412 s - in org.apache.hadoop.yarn.server.timelineservice.collector.[1mTestPerNodeTimelineCollectorsAuxService[m
[[1;34mINFO[m] Running org.apache.hadoop.yarn.server.timelineservice.collector.[1mTestTimelineCollectorManager[m
[[1;34mINFO[m] [1;32mTests run: [0;1;32m3[m, Failures: 0, Errors: 0, Skipped: 0, Time elapsed: 0.527 s - in org.apache.hadoop.yarn.server.timelineservice.collector.[1mTestTimelineCollectorManager[m
[[1;34mINFO[m] Running org.apache.hadoop.yarn.server.timelineservice.collector.[1mTestTimelineCollector[m
[[1;34mINFO[m] [1;32mTests run: [0;1;32m6[m, Failures: 0, Errors: 0, Skipped: 0, Time elapsed: 4.722 s - in org.apache.hadoop.yarn.server.timelineservice.collector.[1mTestTimelineCollector[m
[[1;34mINFO[m] 
[[1;34mINFO[m] Results:
[[1;34mINFO[m] 
[[1;34mINFO[m] [1;32mTests run: 78, Failures: 0, Errors: 0, Skipped: 0[m
[[1;34mINFO[m] 
[[1;34mINFO[m] [1m------------------------------------------------------------------------[m
[[1;34mINFO[m] [1;32mBUILD SUCCESS[m
[[1;34mINFO[m] [1m------------------------------------------------------------------------[m
[[1;34mINFO[m] Total time:  47.825 s
[[1;34mINFO[m] Finished at: 2020-04-09T00:48:38Z
[[1;34mINFO[m] [1m------------------------------------------------------------------------[m
