[[1;34mINFO[m] Scanning for projects...
[[1;34mINFO[m] 
[[1;34mINFO[m] [1m------------< [0;36morg.apache.hadoop:hadoop-yarn-server-common[0;1m >-------------[m
[[1;34mINFO[m] [1mBuilding Apache Hadoop YARN Server Common 3.2.1[m
[[1;34mINFO[m] [1m--------------------------------[ jar ]---------------------------------[m
[[1;34mINFO[m] 
[[1;34mINFO[m] [1m--- [0;32mmaven-antrun-plugin:1.7:run[m [1m(create-testdirs)[m @ [36mhadoop-yarn-server-common[0;1m ---[m
[[1;34mINFO[m] Executing tasks

main:
[[1;34mINFO[m] Executed tasks
[[1;34mINFO[m] 
[[1;34mINFO[m] [1m--- [0;32mhadoop-maven-plugins:3.2.1:protoc[m [1m(compile-protoc)[m @ [36mhadoop-yarn-server-common[0;1m ---[m
[[1;34mINFO[m] No changes detected in protoc files, skipping generation.
[[1;34mINFO[m] 
[[1;34mINFO[m] [1m--- [0;32mmaven-resources-plugin:2.6:resources[m [1m(default-resources)[m @ [36mhadoop-yarn-server-common[0;1m ---[m
[[1;34mINFO[m] Using 'UTF-8' encoding to copy filtered resources.
[[1;34mINFO[m] Copying 1 resource
[[1;34mINFO[m] 
[[1;34mINFO[m] [1m--- [0;32mmaven-compiler-plugin:3.1:compile[m [1m(default-compile)[m @ [36mhadoop-yarn-server-common[0;1m ---[m
[[1;34mINFO[m] Compiling 22 source files to /root/hadoop-3.2.1-src/hadoop-yarn-project/hadoop-yarn/hadoop-yarn-server/hadoop-yarn-server-common/target/classes
[[1;34mINFO[m] 
[[1;34mINFO[m] [1m--- [0;32mmaven-resources-plugin:2.6:testResources[m [1m(default-testResources)[m @ [36mhadoop-yarn-server-common[0;1m ---[m
[[1;34mINFO[m] Using 'UTF-8' encoding to copy filtered resources.
[[1;34mINFO[m] Copying 3 resources
[[1;34mINFO[m] 
[[1;34mINFO[m] [1m--- [0;32mmaven-compiler-plugin:3.1:testCompile[m [1m(default-testCompile)[m @ [36mhadoop-yarn-server-common[0;1m ---[m
[[1;34mINFO[m] Nothing to compile - all classes are up to date
[[1;34mINFO[m] 
[[1;34mINFO[m] [1m--- [0;32mmaven-jar-plugin:2.5:test-jar[m [1m(default)[m @ [36mhadoop-yarn-server-common[0;1m ---[m
[[1;34mINFO[m] 
[[1;34mINFO[m] [1m--- [0;32mmaven-surefire-plugin:3.0.0-M1:test[m [1m(default-test)[m @ [36mhadoop-yarn-server-common[0;1m ---[m
[[1;34mINFO[m] 
[[1;34mINFO[m] -------------------------------------------------------
[[1;34mINFO[m]  T E S T S
[[1;34mINFO[m] -------------------------------------------------------
[[1;34mINFO[m] Running org.apache.hadoop.yarn.server.utils.[1mTestLeveldbIterator[m
[[1;34mINFO[m] [1;32mTests run: [0;1;32m1[m, Failures: 0, Errors: 0, Skipped: 0, Time elapsed: 0.07 s - in org.apache.hadoop.yarn.server.utils.[1mTestLeveldbIterator[m
[[1;34mINFO[m] Running org.apache.hadoop.yarn.server.scheduler.[1mTestOpportunisticContainerAllocator[m
[[1;34mINFO[m] [1;32mTests run: [0;1;32m12[m, Failures: 0, Errors: 0, Skipped: 0, Time elapsed: 2.657 s - in org.apache.hadoop.yarn.server.scheduler.[1mTestOpportunisticContainerAllocator[m
[[1;34mINFO[m] Running org.apache.hadoop.yarn.server.api.[1mTestServerRMProxy[m
[[1;34mINFO[m] [1;32mTests run: [0;1;32m1[m, Failures: 0, Errors: 0, Skipped: 0, Time elapsed: 0.489 s - in org.apache.hadoop.yarn.server.api.[1mTestServerRMProxy[m
[[1;34mINFO[m] Running org.apache.hadoop.yarn.server.api.protocolrecords.[1mTestRegisterNodeManagerResponse[m
[[1;34mINFO[m] [1;32mTests run: [0;1;32m1[m, Failures: 0, Errors: 0, Skipped: 0, Time elapsed: 0.236 s - in org.apache.hadoop.yarn.server.api.protocolrecords.[1mTestRegisterNodeManagerResponse[m
[[1;34mINFO[m] Running org.apache.hadoop.yarn.server.api.protocolrecords.[1mTestProtocolRecords[m
[[1;34mINFO[m] [1;32mTests run: [0;1;32m6[m, Failures: 0, Errors: 0, Skipped: 0, Time elapsed: 0.474 s - in org.apache.hadoop.yarn.server.api.protocolrecords.[1mTestProtocolRecords[m
[[1;34mINFO[m] Running org.apache.hadoop.yarn.server.api.protocolrecords.[1mTestRegisterNodeManagerRequest[m
[[1;34mINFO[m] [1;32mTests run: [0;1;32m2[m, Failures: 0, Errors: 0, Skipped: 0, Time elapsed: 0.365 s - in org.apache.hadoop.yarn.server.api.protocolrecords.[1mTestRegisterNodeManagerRequest[m
[[1;34mINFO[m] Running org.apache.hadoop.yarn.server.[1mTestAMRMClientRelayer[m
[[1;34mINFO[m] [1;32mTests run: [0;1;32m4[m, Failures: 0, Errors: 0, Skipped: 0, Time elapsed: 0.486 s - in org.apache.hadoop.yarn.server.[1mTestAMRMClientRelayer[m
[[1;34mINFO[m] Running org.apache.hadoop.yarn.server.metrics.[1mTestAMRMClientRelayerMetrics[m
[[1;34mINFO[m] [1;32mTests run: [0;1;32m5[m, Failures: 0, Errors: 0, Skipped: 0, Time elapsed: 0.517 s - in org.apache.hadoop.yarn.server.metrics.[1mTestAMRMClientRelayerMetrics[m
[[1;34mINFO[m] Running org.apache.hadoop.yarn.server.webapp.[1mTestLogWebService[m
[[1;34mINFO[m] [1;32mTests run: [0;1;32m2[m, Failures: 0, Errors: 0, Skipped: 0, Time elapsed: 0.579 s - in org.apache.hadoop.yarn.server.webapp.[1mTestLogWebService[m
[[1;34mINFO[m] Running org.apache.hadoop.yarn.server.uam.[1mTestUnmanagedApplicationManager[m
[[1;34mINFO[m] [1;32mTests run: [0;1;32m7[m, Failures: 0, Errors: 0, Skipped: 0, Time elapsed: 0.965 s - in org.apache.hadoop.yarn.server.uam.[1mTestUnmanagedApplicationManager[m
[[1;34mINFO[m] Running org.apache.hadoop.yarn.server.federation.store.utils.[1mTestFederationStateStoreInputValidator[m
[[1;34mINFO[m] [1;32mTests run: [0;1;32m13[m, Failures: 0, Errors: 0, Skipped: 0, Time elapsed: 0.334 s - in org.apache.hadoop.yarn.server.federation.store.utils.[1mTestFederationStateStoreInputValidator[m
[[1;34mINFO[m] Running org.apache.hadoop.yarn.server.federation.store.records.[1mTestFederationProtocolRecords[m
[[1;34mINFO[m] [1;32mTests run: [0;1;32m28[m, Failures: 0, Errors: 0, Skipped: 0, Time elapsed: 0.498 s - in org.apache.hadoop.yarn.server.federation.store.records.[1mTestFederationProtocolRecords[m
[[1;34mINFO[m] Running org.apache.hadoop.yarn.server.federation.store.impl.[1mTestSQLFederationStateStore[m
[[1;34mINFO[m] [1;32mTests run: [0;1;32m23[m, Failures: 0, Errors: 0, Skipped: 0, Time elapsed: 1.643 s - in org.apache.hadoop.yarn.server.federation.store.impl.[1mTestSQLFederationStateStore[m
[[1;34mINFO[m] Running org.apache.hadoop.yarn.server.federation.store.impl.[1mTestZookeeperFederationStateStore[m
[[1;34mINFO[m] [1;32mTests run: [0;1;32m23[m, Failures: 0, Errors: 0, Skipped: 0, Time elapsed: 25.063 s - in org.apache.hadoop.yarn.server.federation.store.impl.[1mTestZookeeperFederationStateStore[m
[[1;34mINFO[m] Running org.apache.hadoop.yarn.server.federation.store.impl.[1mTestMemoryFederationStateStore[m
[[1;34mINFO[m] [1;32mTests run: [0;1;32m23[m, Failures: 0, Errors: 0, Skipped: 0, Time elapsed: 0.327 s - in org.apache.hadoop.yarn.server.federation.store.impl.[1mTestMemoryFederationStateStore[m
[[1;34mINFO[m] Running org.apache.hadoop.yarn.server.federation.store.metrics.[1mTestFederationStateStoreClientMetrics[m
[[1;34mINFO[m] [1;32mTests run: [0;1;32m4[m, Failures: 0, Errors: 0, Skipped: 0, Time elapsed: 0.194 s - in org.apache.hadoop.yarn.server.federation.store.metrics.[1mTestFederationStateStoreClientMetrics[m
[[1;34mINFO[m] Running org.apache.hadoop.yarn.server.federation.utils.[1mTestFederationStateStoreFacadeRetry[m
[[1;34mINFO[m] [1;32mTests run: [0;1;32m6[m, Failures: 0, Errors: 0, Skipped: 0, Time elapsed: 0.567 s - in org.apache.hadoop.yarn.server.federation.utils.[1mTestFederationStateStoreFacadeRetry[m
[[1;34mINFO[m] Running org.apache.hadoop.yarn.server.federation.utils.[1mTestFederationStateStoreFacade[m
[[1;34mINFO[m] [1;32mTests run: [0;1;32m18[m, Failures: 0, Errors: 0, Skipped: 0, Time elapsed: 0.802 s - in org.apache.hadoop.yarn.server.federation.utils.[1mTestFederationStateStoreFacade[m
[[1;34mINFO[m] Running org.apache.hadoop.yarn.server.federation.utils.[1mTestFederationRegistryClient[m
[[1;34mINFO[m] [1;32mTests run: [0;1;32m1[m, Failures: 0, Errors: 0, Skipped: 0, Time elapsed: 0.829 s - in org.apache.hadoop.yarn.server.federation.utils.[1mTestFederationRegistryClient[m
[[1;34mINFO[m] Running org.apache.hadoop.yarn.server.federation.policies.amrmproxy.[1mTestLocalityMulticastAMRMProxyPolicy[m
[[1;34mINFO[m] [1;32mTests run: [0;1;32m15[m, Failures: 0, Errors: 0, Skipped: 0, Time elapsed: 5.211 s - in org.apache.hadoop.yarn.server.federation.policies.amrmproxy.[1mTestLocalityMulticastAMRMProxyPolicy[m
[[1;34mINFO[m] Running org.apache.hadoop.yarn.server.federation.policies.amrmproxy.[1mTestRejectAMRMProxyPolicy[m
[[1;34mINFO[m] [1;32mTests run: [0;1;32m6[m, Failures: 0, Errors: 0, Skipped: 0, Time elapsed: 1.208 s - in org.apache.hadoop.yarn.server.federation.policies.amrmproxy.[1mTestRejectAMRMProxyPolicy[m
[[1;34mINFO[m] Running org.apache.hadoop.yarn.server.federation.policies.amrmproxy.[1mTestBroadcastAMRMProxyFederationPolicy[m
[[1;34mINFO[m] [1;32mTests run: [0;1;32m7[m, Failures: 0, Errors: 0, Skipped: 0, Time elapsed: 1.232 s - in org.apache.hadoop.yarn.server.federation.policies.amrmproxy.[1mTestBroadcastAMRMProxyFederationPolicy[m
[[1;34mINFO[m] Running org.apache.hadoop.yarn.server.federation.policies.amrmproxy.[1mTestHomeAMRMProxyPolicy[m
[[1;34mINFO[m] [1;32mTests run: [0;1;32m7[m, Failures: 0, Errors: 0, Skipped: 0, Time elapsed: 1.319 s - in org.apache.hadoop.yarn.server.federation.policies.amrmproxy.[1mTestHomeAMRMProxyPolicy[m
[[1;34mINFO[m] Running org.apache.hadoop.yarn.server.federation.policies.[1mTestFederationPolicyUtils[m
[[1;34mINFO[m] [1;32mTests run: [0;1;32m1[m, Failures: 0, Errors: 0, Skipped: 0, Time elapsed: 0.621 s - in org.apache.hadoop.yarn.server.federation.policies.[1mTestFederationPolicyUtils[m
[[1;34mINFO[m] Running org.apache.hadoop.yarn.server.federation.policies.manager.[1mTestHashBasedBroadcastPolicyManager[m
[[1;34mINFO[m] [1;32mTests run: [0;1;32m4[m, Failures: 0, Errors: 0, Skipped: 0, Time elapsed: 0.815 s - in org.apache.hadoop.yarn.server.federation.policies.manager.[1mTestHashBasedBroadcastPolicyManager[m
[[1;34mINFO[m] Running org.apache.hadoop.yarn.server.federation.policies.manager.[1mTestHomePolicyManager[m
[[1;34mINFO[m] [1;32mTests run: [0;1;32m4[m, Failures: 0, Errors: 0, Skipped: 0, Time elapsed: 0.972 s - in org.apache.hadoop.yarn.server.federation.policies.manager.[1mTestHomePolicyManager[m
[[1;34mINFO[m] Running org.apache.hadoop.yarn.server.federation.policies.manager.[1mTestWeightedLocalityPolicyManager[m
[[1;34mINFO[m] [1;32mTests run: [0;1;32m5[m, Failures: 0, Errors: 0, Skipped: 0, Time elapsed: 1.088 s - in org.apache.hadoop.yarn.server.federation.policies.manager.[1mTestWeightedLocalityPolicyManager[m
[[1;34mINFO[m] Running org.apache.hadoop.yarn.server.federation.policies.manager.[1mTestRejectAllPolicyManager[m
[[1;34mINFO[m] [1;32mTests run: [0;1;32m4[m, Failures: 0, Errors: 0, Skipped: 0, Time elapsed: 0.833 s - in org.apache.hadoop.yarn.server.federation.policies.manager.[1mTestRejectAllPolicyManager[m
[[1;34mINFO[m] Running org.apache.hadoop.yarn.server.federation.policies.manager.[1mTestPriorityBroadcastPolicyManager[m
[[1;34mINFO[m] [1;32mTests run: [0;1;32m5[m, Failures: 0, Errors: 0, Skipped: 0, Time elapsed: 0.994 s - in org.apache.hadoop.yarn.server.federation.policies.manager.[1mTestPriorityBroadcastPolicyManager[m
[[1;34mINFO[m] Running org.apache.hadoop.yarn.server.federation.policies.manager.[1mTestUniformBroadcastPolicyManager[m
[[1;34mINFO[m] [1;32mTests run: [0;1;32m4[m, Failures: 0, Errors: 0, Skipped: 0, Time elapsed: 0.822 s - in org.apache.hadoop.yarn.server.federation.policies.manager.[1mTestUniformBroadcastPolicyManager[m
[[1;34mINFO[m] Running org.apache.hadoop.yarn.server.federation.policies.[1mTestRouterPolicyFacade[m
[[1;34mINFO[m] [1;32mTests run: [0;1;32m3[m, Failures: 0, Errors: 0, Skipped: 0, Time elapsed: 1.03 s - in org.apache.hadoop.yarn.server.federation.policies.[1mTestRouterPolicyFacade[m
[[1;34mINFO[m] Running org.apache.hadoop.yarn.server.federation.policies.router.[1mTestRejectRouterPolicy[m
[[1;34mINFO[m] [1;32mTests run: [0;1;32m10[m, Failures: 0, Errors: 0, Skipped: 0, Time elapsed: 1.354 s - in org.apache.hadoop.yarn.server.federation.policies.router.[1mTestRejectRouterPolicy[m
[[1;34mINFO[m] Running org.apache.hadoop.yarn.server.federation.policies.router.[1mTestPriorityRouterPolicy[m
[[1;34mINFO[m] [1;32mTests run: [0;1;32m10[m, Failures: 0, Errors: 0, Skipped: 0, Time elapsed: 1.641 s - in org.apache.hadoop.yarn.server.federation.policies.router.[1mTestPriorityRouterPolicy[m
[[1;34mINFO[m] Running org.apache.hadoop.yarn.server.federation.policies.router.[1mTestUniformRandomRouterPolicy[m
[[1;34mINFO[m] [1;32mTests run: [0;1;32m10[m, Failures: 0, Errors: 0, Skipped: 0, Time elapsed: 1.348 s - in org.apache.hadoop.yarn.server.federation.policies.router.[1mTestUniformRandomRouterPolicy[m
[[1;34mINFO[m] Running org.apache.hadoop.yarn.server.federation.policies.router.[1mTestHashBasedRouterPolicy[m
[[1;34mINFO[m] [1;32mTests run: [0;1;32m10[m, Failures: 0, Errors: 0, Skipped: 0, Time elapsed: 1.72 s - in org.apache.hadoop.yarn.server.federation.policies.router.[1mTestHashBasedRouterPolicy[m
[[1;34mINFO[m] Running org.apache.hadoop.yarn.server.federation.policies.router.[1mTestLoadBasedRouterPolicy[m
[[1;34mINFO[m] [1;32mTests run: [0;1;32m10[m, Failures: 0, Errors: 0, Skipped: 0, Time elapsed: 1.616 s - in org.apache.hadoop.yarn.server.federation.policies.router.[1mTestLoadBasedRouterPolicy[m
[[1;34mINFO[m] Running org.apache.hadoop.yarn.server.federation.policies.router.[1mTestWeightedRandomRouterPolicy[m
[[1;34mINFO[m] [1;32mTests run: [0;1;32m10[m, Failures: 0, Errors: 0, Skipped: 0, Time elapsed: 2.164 s - in org.apache.hadoop.yarn.server.federation.policies.router.[1mTestWeightedRandomRouterPolicy[m
[[1;34mINFO[m] Running org.apache.hadoop.yarn.server.federation.policies.[1mTestFederationPolicyInitializationContextValidator[m
[[1;34mINFO[m] [1;32mTests run: [0;1;32m7[m, Failures: 0, Errors: 0, Skipped: 0, Time elapsed: 0.903 s - in org.apache.hadoop.yarn.server.federation.policies.[1mTestFederationPolicyInitializationContextValidator[m
[[1;34mINFO[m] Running org.apache.hadoop.yarn.server.federation.resolver.[1mTestDefaultSubClusterResolver[m
[[1;34mINFO[m] [1;32mTests run: [0;1;32m5[m, Failures: 0, Errors: 0, Skipped: 0, Time elapsed: 0.334 s - in org.apache.hadoop.yarn.server.federation.resolver.[1mTestDefaultSubClusterResolver[m
[[1;34mINFO[m] Running org.apache.hadoop.yarn.server.timeline.security.[1mTestTimelineAuthenticationFilterInitializer[m
[[1;34mINFO[m] [1;32mTests run: [0;1;32m1[m, Failures: 0, Errors: 0, Skipped: 0, Time elapsed: 0.417 s - in org.apache.hadoop.yarn.server.timeline.security.[1mTestTimelineAuthenticationFilterInitializer[m
[[1;34mINFO[m] Running org.apache.hadoop.yarn.lib.[1mTestZKClient[m
[[1;34mINFO[m] [1;32mTests run: [0;1;32m1[m, Failures: 0, Errors: 0, Skipped: 0, Time elapsed: 0.34 s - in org.apache.hadoop.yarn.lib.[1mTestZKClient[m
[[1;34mINFO[m] Running org.apache.hadoop.yarn.[1mTestYSCRecordFactory[m
[[1;34mINFO[m] [1;32mTests run: [0;1;32m1[m, Failures: 0, Errors: 0, Skipped: 0, Time elapsed: 0.151 s - in org.apache.hadoop.yarn.[1mTestYSCRecordFactory[m
[[1;34mINFO[m] Running org.apache.hadoop.yarn.[1mTestYSCRPCFactories[m
[[1;34mINFO[m] [1;32mTests run: [0;1;32m1[m, Failures: 0, Errors: 0, Skipped: 0, Time elapsed: 0.503 s - in org.apache.hadoop.yarn.[1mTestYSCRPCFactories[m
[[1;34mINFO[m] Running org.apache.hadoop.yarn.[1mTestRPC[m
[[1;34mINFO[m] [1;32mTests run: [0;1;32m3[m, Failures: 0, Errors: 0, Skipped: 0, Time elapsed: 1.113 s - in org.apache.hadoop.yarn.[1mTestRPC[m
[[1;34mINFO[m] Running org.apache.hadoop.yarn.[1mTestResourceTrackerPBClientImpl[m
[[1;34mINFO[m] [1;32mTests run: [0;1;32m3[m, Failures: 0, Errors: 0, Skipped: 0, Time elapsed: 0.718 s - in org.apache.hadoop.yarn.[1mTestResourceTrackerPBClientImpl[m
[[1;34mINFO[m] Running org.apache.hadoop.yarn.[1mTestYarnServerApiClasses[m
[[1;34mINFO[m] [1;32mTests run: [0;1;32m16[m, Failures: 0, Errors: 0, Skipped: 0, Time elapsed: 0.494 s - in org.apache.hadoop.yarn.[1mTestYarnServerApiClasses[m
[[1;34mINFO[m] 
[[1;34mINFO[m] Results:
[[1;34mINFO[m] 
[[1;34mINFO[m] [1;32mTests run: 343, Failures: 0, Errors: 0, Skipped: 0[m
[[1;34mINFO[m] 
[[1;34mINFO[m] [1m------------------------------------------------------------------------[m
[[1;34mINFO[m] [1;32mBUILD SUCCESS[m
[[1;34mINFO[m] [1m------------------------------------------------------------------------[m
[[1;34mINFO[m] Total time:  01:44 min
[[1;34mINFO[m] Finished at: 2020-04-08T23:08:53Z
[[1;34mINFO[m] [1m------------------------------------------------------------------------[m
