[[1;34mINFO[m] Scanning for projects...
[[1;34mINFO[m] 
[[1;34mINFO[m] [1m--< [0;36morg.apache.hadoop:hadoop-yarn-server-timelineservice-hbase-tests[0;1m >--[m
[[1;34mINFO[m] [1mBuilding Apache Hadoop YARN TimelineService HBase tests 3.2.1[m
[[1;34mINFO[m] [1m--------------------------------[ jar ]---------------------------------[m
Downloading from apache.snapshots.https: https://repository.apache.org/content/repositories/snapshots/org/apache/hadoop/hadoop-yarn-server-timelineservice-hbase-client/3.2.1/hadoop-yarn-server-timelineservice-hbase-client-3.2.1.pom
Downloading from repository.jboss.org: https://repository.jboss.org/nexus/content/groups/public/org/apache/hadoop/hadoop-yarn-server-timelineservice-hbase-client/3.2.1/hadoop-yarn-server-timelineservice-hbase-client-3.2.1.pom
Downloading from central: https://repo.maven.apache.org/maven2/org/apache/hadoop/hadoop-yarn-server-timelineservice-hbase-client/3.2.1/hadoop-yarn-server-timelineservice-hbase-client-3.2.1.pom
Progress (1): 2.2/7.6 kBProgress (1): 5.0/7.6 kBProgress (1): 7.6 kB                        Downloaded from central: https://repo.maven.apache.org/maven2/org/apache/hadoop/hadoop-yarn-server-timelineservice-hbase-client/3.2.1/hadoop-yarn-server-timelineservice-hbase-client-3.2.1.pom (7.6 kB at 41 kB/s)
Downloading from apache.snapshots.https: https://repository.apache.org/content/repositories/snapshots/org/apache/hadoop/hadoop-yarn-server-timelineservice-hbase/3.2.1/hadoop-yarn-server-timelineservice-hbase-3.2.1.pom
Downloading from repository.jboss.org: https://repository.jboss.org/nexus/content/groups/public/org/apache/hadoop/hadoop-yarn-server-timelineservice-hbase/3.2.1/hadoop-yarn-server-timelineservice-hbase-3.2.1.pom
Downloading from central: https://repo.maven.apache.org/maven2/org/apache/hadoop/hadoop-yarn-server-timelineservice-hbase/3.2.1/hadoop-yarn-server-timelineservice-hbase-3.2.1.pom
Progress (1): 1.7 kB                    Downloaded from central: https://repo.maven.apache.org/maven2/org/apache/hadoop/hadoop-yarn-server-timelineservice-hbase/3.2.1/hadoop-yarn-server-timelineservice-hbase-3.2.1.pom (1.7 kB at 35 kB/s)
Downloading from apache.snapshots.https: https://repository.apache.org/content/repositories/snapshots/org/apache/hadoop/hadoop-yarn-server-timelineservice-hbase-common/3.2.1/hadoop-yarn-server-timelineservice-hbase-common-3.2.1.pom
Downloading from repository.jboss.org: https://repository.jboss.org/nexus/content/groups/public/org/apache/hadoop/hadoop-yarn-server-timelineservice-hbase-common/3.2.1/hadoop-yarn-server-timelineservice-hbase-common-3.2.1.pom
Downloading from central: https://repo.maven.apache.org/maven2/org/apache/hadoop/hadoop-yarn-server-timelineservice-hbase-common/3.2.1/hadoop-yarn-server-timelineservice-hbase-common-3.2.1.pom
Progress (1): 2.2/4.4 kBProgress (1): 4.4 kB                        Downloaded from central: https://repo.maven.apache.org/maven2/org/apache/hadoop/hadoop-yarn-server-timelineservice-hbase-common/3.2.1/hadoop-yarn-server-timelineservice-hbase-common-3.2.1.pom (4.4 kB at 71 kB/s)
Downloading from apache.snapshots.https: https://repository.apache.org/content/repositories/snapshots/org/apache/hadoop/hadoop-yarn-server-timelineservice-hbase-server-1/3.2.1/hadoop-yarn-server-timelineservice-hbase-server-1-3.2.1.pom
Downloading from repository.jboss.org: https://repository.jboss.org/nexus/content/groups/public/org/apache/hadoop/hadoop-yarn-server-timelineservice-hbase-server-1/3.2.1/hadoop-yarn-server-timelineservice-hbase-server-1-3.2.1.pom
Downloading from central: https://repo.maven.apache.org/maven2/org/apache/hadoop/hadoop-yarn-server-timelineservice-hbase-server-1/3.2.1/hadoop-yarn-server-timelineservice-hbase-server-1-3.2.1.pom
Progress (1): 2.2/5.7 kBProgress (1): 5.0/5.7 kBProgress (1): 5.7 kB                        Downloaded from central: https://repo.maven.apache.org/maven2/org/apache/hadoop/hadoop-yarn-server-timelineservice-hbase-server-1/3.2.1/hadoop-yarn-server-timelineservice-hbase-server-1-3.2.1.pom (5.7 kB at 112 kB/s)
Downloading from apache.snapshots.https: https://repository.apache.org/content/repositories/snapshots/org/apache/hadoop/hadoop-yarn-server-timelineservice-hbase-server/3.2.1/hadoop-yarn-server-timelineservice-hbase-server-3.2.1.pom
Downloading from repository.jboss.org: https://repository.jboss.org/nexus/content/groups/public/org/apache/hadoop/hadoop-yarn-server-timelineservice-hbase-server/3.2.1/hadoop-yarn-server-timelineservice-hbase-server-3.2.1.pom
Downloading from central: https://repo.maven.apache.org/maven2/org/apache/hadoop/hadoop-yarn-server-timelineservice-hbase-server/3.2.1/hadoop-yarn-server-timelineservice-hbase-server-3.2.1.pom
Progress (1): 2.2/2.9 kBProgress (1): 2.9 kB                        Downloaded from central: https://repo.maven.apache.org/maven2/org/apache/hadoop/hadoop-yarn-server-timelineservice-hbase-server/3.2.1/hadoop-yarn-server-timelineservice-hbase-server-3.2.1.pom (2.9 kB at 35 kB/s)
Downloading from apache.snapshots.https: https://repository.apache.org/content/repositories/snapshots/org/apache/hadoop/hadoop-yarn-server-timelineservice-hbase-client/3.2.1/hadoop-yarn-server-timelineservice-hbase-client-3.2.1.jar
Downloading from apache.snapshots.https: https://repository.apache.org/content/repositories/snapshots/org/apache/hadoop/hadoop-yarn-server-timelineservice-hbase-common/3.2.1/hadoop-yarn-server-timelineservice-hbase-common-3.2.1.jar
Downloading from apache.snapshots.https: https://repository.apache.org/content/repositories/snapshots/org/apache/hadoop/hadoop-yarn-server-timelineservice-hbase-server-1/3.2.1/hadoop-yarn-server-timelineservice-hbase-server-1-3.2.1.jar
Downloading from repository.jboss.org: https://repository.jboss.org/nexus/content/groups/public/org/apache/hadoop/hadoop-yarn-server-timelineservice-hbase-client/3.2.1/hadoop-yarn-server-timelineservice-hbase-client-3.2.1.jar
Downloading from repository.jboss.org: https://repository.jboss.org/nexus/content/groups/public/org/apache/hadoop/hadoop-yarn-server-timelineservice-hbase-common/3.2.1/hadoop-yarn-server-timelineservice-hbase-common-3.2.1.jar
Downloading from repository.jboss.org: https://repository.jboss.org/nexus/content/groups/public/org/apache/hadoop/hadoop-yarn-server-timelineservice-hbase-server-1/3.2.1/hadoop-yarn-server-timelineservice-hbase-server-1-3.2.1.jar
Downloading from central: https://repo.maven.apache.org/maven2/org/apache/hadoop/hadoop-yarn-server-timelineservice-hbase-client/3.2.1/hadoop-yarn-server-timelineservice-hbase-client-3.2.1.jar
Downloading from central: https://repo.maven.apache.org/maven2/org/apache/hadoop/hadoop-yarn-server-timelineservice-hbase-common/3.2.1/hadoop-yarn-server-timelineservice-hbase-common-3.2.1.jar
Downloading from central: https://repo.maven.apache.org/maven2/org/apache/hadoop/hadoop-yarn-server-timelineservice-hbase-server-1/3.2.1/hadoop-yarn-server-timelineservice-hbase-server-1-3.2.1.jar
Progress (1): 2.2/151 kBProgress (1): 5.0/151 kBProgress (1): 7.7/151 kBProgress (1): 10/151 kB Progress (1): 13/151 kBProgress (1): 16/151 kBProgress (1): 19/151 kBProgress (1): 21/151 kBProgress (1): 24/151 kBProgress (1): 27/151 kBProgress (1): 30/151 kBProgress (1): 32/151 kBProgress (1): 36/151 kBProgress (1): 40/151 kBProgress (1): 45/151 kBProgress (1): 49/151 kBProgress (2): 49/151 kB | 2.2/141 kBProgress (2): 49/151 kB | 5.0/141 kBProgress (2): 53/151 kB | 5.0/141 kBProgress (2): 53/151 kB | 7.7/141 kBProgress (2): 57/151 kB | 7.7/141 kBProgress (2): 57/151 kB | 10/141 kB Progress (2): 61/151 kB | 10/141 kBProgress (2): 65/151 kB | 10/141 kBProgress (2): 69/151 kB | 10/141 kBProgress (2): 73/151 kB | 10/141 kBProgress (2): 77/151 kB | 10/141 kBProgress (2): 81/151 kB | 10/141 kBProgress (2): 85/151 kB | 10/141 kBProgress (2): 90/151 kB | 10/141 kBProgress (2): 94/151 kB | 10/141 kBProgress (2): 98/151 kB | 10/141 kBProgress (2): 102/151 kB | 10/141 kBProgress (2): 106/151 kB | 10/141 kBProgress (2): 110/151 kB | 10/141 kBProgress (2): 114/151 kB | 10/141 kBProgress (2): 118/151 kB | 10/141 kBProgress (2): 122/151 kB | 10/141 kBProgress (2): 126/151 kB | 10/141 kBProgress (2): 131/151 kB | 10/141 kBProgress (2): 131/151 kB | 13/141 kBProgress (2): 131/151 kB | 16/141 kBProgress (2): 131/151 kB | 19/141 kBProgress (2): 131/151 kB | 21/141 kBProgress (2): 131/151 kB | 24/141 kBProgress (2): 131/151 kB | 27/141 kBProgress (2): 131/151 kB | 30/141 kBProgress (2): 135/151 kB | 30/141 kBProgress (2): 135/151 kB | 32/141 kBProgress (2): 139/151 kB | 32/141 kBProgress (2): 143/151 kB | 32/141 kBProgress (2): 147/151 kB | 32/141 kBProgress (2): 151/151 kB | 32/141 kBProgress (2): 151 kB | 32/141 kB    Progress (3): 151 kB | 32/141 kB | 2.2/65 kBProgress (3): 151 kB | 32/141 kB | 5.0/65 kBProgress (3): 151 kB | 32/141 kB | 7.7/65 kBProgress (3): 151 kB | 36/141 kB | 7.7/65 kBProgress (3): 151 kB | 40/141 kB | 7.7/65 kBProgress (3): 151 kB | 45/141 kB | 7.7/65 kBProgress (3): 151 kB | 49/141 kB | 7.7/65 kBProgress (3): 151 kB | 53/141 kB | 7.7/65 kBProgress (3): 151 kB | 57/141 kB | 7.7/65 kBProgress (3): 151 kB | 61/141 kB | 7.7/65 kBProgress (3): 151 kB | 65/141 kB | 7.7/65 kBProgress (3): 151 kB | 65/141 kB | 10/65 kB Progress (3): 151 kB | 69/141 kB | 10/65 kBProgress (3): 151 kB | 69/141 kB | 13/65 kBProgress (3): 151 kB | 73/141 kB | 13/65 kB                                           Downloaded from central: https://repo.maven.apache.org/maven2/org/apache/hadoop/hadoop-yarn-server-timelineservice-hbase-client/3.2.1/hadoop-yarn-server-timelineservice-hbase-client-3.2.1.jar (151 kB at 1.3 MB/s)
Progress (2): 73/141 kB | 16/65 kBProgress (2): 77/141 kB | 16/65 kBProgress (2): 77/141 kB | 19/65 kBProgress (2): 81/141 kB | 19/65 kBProgress (2): 81/141 kB | 21/65 kBProgress (2): 81/141 kB | 24/65 kBProgress (2): 81/141 kB | 27/65 kBProgress (2): 81/141 kB | 30/65 kBProgress (2): 81/141 kB | 32/65 kBProgress (2): 85/141 kB | 32/65 kBProgress (2): 90/141 kB | 32/65 kBProgress (2): 94/141 kB | 32/65 kBProgress (2): 98/141 kB | 32/65 kBProgress (2): 102/141 kB | 32/65 kBProgress (2): 106/141 kB | 32/65 kBProgress (2): 110/141 kB | 32/65 kBProgress (2): 114/141 kB | 32/65 kBProgress (2): 118/141 kB | 32/65 kBProgress (2): 122/141 kB | 32/65 kBProgress (2): 126/141 kB | 32/65 kBProgress (2): 131/141 kB | 32/65 kBProgress (2): 135/141 kB | 32/65 kBProgress (2): 139/141 kB | 32/65 kBProgress (2): 141 kB | 32/65 kB    Progress (2): 141 kB | 36/65 kBProgress (2): 141 kB | 40/65 kBProgress (2): 141 kB | 45/65 kBProgress (2): 141 kB | 49/65 kBProgress (2): 141 kB | 53/65 kBProgress (2): 141 kB | 57/65 kBProgress (2): 141 kB | 61/65 kBProgress (2): 141 kB | 65/65 kBProgress (2): 141 kB | 65 kB                               Downloaded from central: https://repo.maven.apache.org/maven2/org/apache/hadoop/hadoop-yarn-server-timelineservice-hbase-common/3.2.1/hadoop-yarn-server-timelineservice-hbase-common-3.2.1.jar (141 kB at 913 kB/s)
Downloaded from central: https://repo.maven.apache.org/maven2/org/apache/hadoop/hadoop-yarn-server-timelineservice-hbase-server-1/3.2.1/hadoop-yarn-server-timelineservice-hbase-server-1-3.2.1.jar (65 kB at 404 kB/s)
[[1;34mINFO[m] 
[[1;34mINFO[m] [1m--- [0;32mmaven-antrun-plugin:1.7:run[m [1m(create-testdirs)[m @ [36mhadoop-yarn-server-timelineservice-hbase-tests[0;1m ---[m
[[1;34mINFO[m] Executing tasks

main:
[[1;34mINFO[m] Executed tasks
[[1;34mINFO[m] 
[[1;34mINFO[m] [1m--- [0;32mmaven-resources-plugin:2.6:resources[m [1m(default-resources)[m @ [36mhadoop-yarn-server-timelineservice-hbase-tests[0;1m ---[m
[[1;34mINFO[m] Using 'UTF-8' encoding to copy filtered resources.
[[1;34mINFO[m] skip non existing resourceDirectory /root/hadoop-3.2.1-src/hadoop-yarn-project/hadoop-yarn/hadoop-yarn-server/hadoop-yarn-server-timelineservice-hbase-tests/src/main/resources
[[1;34mINFO[m] 
[[1;34mINFO[m] [1m--- [0;32mmaven-compiler-plugin:3.1:compile[m [1m(default-compile)[m @ [36mhadoop-yarn-server-timelineservice-hbase-tests[0;1m ---[m
[[1;34mINFO[m] No sources to compile
[[1;34mINFO[m] 
[[1;34mINFO[m] [1m--- [0;32mmaven-resources-plugin:2.6:testResources[m [1m(default-testResources)[m @ [36mhadoop-yarn-server-timelineservice-hbase-tests[0;1m ---[m
[[1;34mINFO[m] Using 'UTF-8' encoding to copy filtered resources.
[[1;34mINFO[m] Copying 1 resource
[[1;34mINFO[m] 
[[1;34mINFO[m] [1m--- [0;32mmaven-compiler-plugin:3.1:testCompile[m [1m(default-testCompile)[m @ [36mhadoop-yarn-server-timelineservice-hbase-tests[0;1m ---[m
[[1;34mINFO[m] Nothing to compile - all classes are up to date
[[1;34mINFO[m] 
[[1;34mINFO[m] [1m--- [0;32mmaven-jar-plugin:2.5:test-jar[m [1m(default)[m @ [36mhadoop-yarn-server-timelineservice-hbase-tests[0;1m ---[m
[[1;34mINFO[m] 
[[1;34mINFO[m] [1m--- [0;32mmaven-surefire-plugin:3.0.0-M1:test[m [1m(default-test)[m @ [36mhadoop-yarn-server-timelineservice-hbase-tests[0;1m ---[m
[[1;34mINFO[m] 
[[1;34mINFO[m] -------------------------------------------------------
[[1;34mINFO[m]  T E S T S
[[1;34mINFO[m] -------------------------------------------------------
[[1;34mINFO[m] Running org.apache.hadoop.yarn.server.timelineservice.reader.[1mTestTimelineReaderWebServicesHBaseStorage[m
[[1;34mINFO[m] [1;32mTests run: [0;1;32m33[m, Failures: 0, Errors: 0, Skipped: 0, Time elapsed: 36.683 s - in org.apache.hadoop.yarn.server.timelineservice.reader.[1mTestTimelineReaderWebServicesHBaseStorage[m
[[1;34mINFO[m] Running org.apache.hadoop.yarn.server.timelineservice.storage.[1mTestTimelineReaderHBaseDown[m
[[1;34mINFO[m] [1;32mTests run: [0;1;32m5[m, Failures: 0, Errors: 0, Skipped: 0, Time elapsed: 238.917 s - in org.apache.hadoop.yarn.server.timelineservice.storage.[1mTestTimelineReaderHBaseDown[m
[[1;34mINFO[m] Running org.apache.hadoop.yarn.server.timelineservice.storage.flow.[1mTestHBaseStorageFlowRun[m
[[1;34mINFO[m] [1;32mTests run: [0;1;32m8[m, Failures: 0, Errors: 0, Skipped: 0, Time elapsed: 66.104 s - in org.apache.hadoop.yarn.server.timelineservice.storage.flow.[1mTestHBaseStorageFlowRun[m
[[1;34mINFO[m] Running org.apache.hadoop.yarn.server.timelineservice.storage.flow.[1mTestHBaseStorageFlowActivity[m
[[1;34mINFO[m] [1;32mTests run: [0;1;32m3[m, Failures: 0, Errors: 0, Skipped: 0, Time elapsed: 26.488 s - in org.apache.hadoop.yarn.server.timelineservice.storage.flow.[1mTestHBaseStorageFlowActivity[m
[[1;34mINFO[m] Running org.apache.hadoop.yarn.server.timelineservice.storage.flow.[1mTestHBaseStorageFlowRunCompaction[m
[[1;34mINFO[m] [1;32mTests run: [0;1;32m10[m, Failures: 0, Errors: 0, Skipped: 0, Time elapsed: 44.206 s - in org.apache.hadoop.yarn.server.timelineservice.storage.flow.[1mTestHBaseStorageFlowRunCompaction[m
[[1;34mINFO[m] Running org.apache.hadoop.yarn.server.timelineservice.storage.[1mTestHBaseTimelineStorageSchema[m
[[1;34mINFO[m] [1;32mTests run: [0;1;32m2[m, Failures: 0, Errors: 0, Skipped: 0, Time elapsed: 56.254 s - in org.apache.hadoop.yarn.server.timelineservice.storage.[1mTestHBaseTimelineStorageSchema[m
[[1;34mINFO[m] Running org.apache.hadoop.yarn.server.timelineservice.storage.[1mTestHBaseTimelineStorageEntities[m
[[1;34mINFO[m] [1;32mTests run: [0;1;32m20[m, Failures: 0, Errors: 0, Skipped: 0, Time elapsed: 26.337 s - in org.apache.hadoop.yarn.server.timelineservice.storage.[1mTestHBaseTimelineStorageEntities[m
[[1;34mINFO[m] Running org.apache.hadoop.yarn.server.timelineservice.storage.[1mTestHBaseTimelineStorageApps[m
[[1;34mINFO[m] [1;32mTests run: [0;1;32m20[m, Failures: 0, Errors: 0, Skipped: 0, Time elapsed: 35.526 s - in org.apache.hadoop.yarn.server.timelineservice.storage.[1mTestHBaseTimelineStorageApps[m
[[1;34mINFO[m] Running org.apache.hadoop.yarn.server.timelineservice.storage.[1mTestTimelineWriterHBaseDown[m
[[1;34mINFO[m] [1;32mTests run: [0;1;32m1[m, Failures: 0, Errors: 0, Skipped: 0, Time elapsed: 67.373 s - in org.apache.hadoop.yarn.server.timelineservice.storage.[1mTestTimelineWriterHBaseDown[m
[[1;34mINFO[m] Running org.apache.hadoop.yarn.server.timelineservice.storage.[1mTestHBaseTimelineStorageDomain[m
[[1;34mINFO[m] [1;32mTests run: [0;1;32m1[m, Failures: 0, Errors: 0, Skipped: 0, Time elapsed: 26.219 s - in org.apache.hadoop.yarn.server.timelineservice.storage.[1mTestHBaseTimelineStorageDomain[m
[[1;34mINFO[m] 
[[1;34mINFO[m] Results:
[[1;34mINFO[m] 
[[1;34mINFO[m] [1;32mTests run: 103, Failures: 0, Errors: 0, Skipped: 0[m
[[1;34mINFO[m] 
[[1;34mINFO[m] [1m------------------------------------------------------------------------[m
[[1;34mINFO[m] [1;32mBUILD SUCCESS[m
[[1;34mINFO[m] [1m------------------------------------------------------------------------[m
[[1;34mINFO[m] Total time:  10:53 min
[[1;34mINFO[m] Finished at: 2020-04-09T00:47:28Z
[[1;34mINFO[m] [1m------------------------------------------------------------------------[m
