[[1;34mINFO[m] Scanning for projects...
[[1;34mINFO[m] 
[[1;34mINFO[m] [1m---------------< [0;36morg.apache.hadoop:hadoop-yarn-registry[0;1m >---------------[m
[[1;34mINFO[m] [1mBuilding Apache Hadoop YARN Registry 3.2.1[m
[[1;34mINFO[m] [1m--------------------------------[ jar ]---------------------------------[m
[[1;34mINFO[m] 
[[1;34mINFO[m] [1m--- [0;32mmaven-antrun-plugin:1.7:run[m [1m(create-testdirs)[m @ [36mhadoop-yarn-registry[0;1m ---[m
[[1;34mINFO[m] Executing tasks

main:
[[1;34mINFO[m] Executed tasks
[[1;34mINFO[m] 
[[1;34mINFO[m] [1m--- [0;32mhadoop-maven-plugins:3.2.1:version-info[m [1m(version-info)[m @ [36mhadoop-yarn-registry[0;1m ---[m
[[1;33mWARNING[m] [git, branch] failed with error code 128
[[1;34mINFO[m] SCM: NONE
[[1;34mINFO[m] Computed MD5: 33611be433d4748aa494c37fc86c876
[[1;34mINFO[m] 
[[1;34mINFO[m] [1m--- [0;32mmaven-resources-plugin:2.6:resources[m [1m(default-resources)[m @ [36mhadoop-yarn-registry[0;1m ---[m
[[1;34mINFO[m] Using 'UTF-8' encoding to copy filtered resources.
[[1;34mINFO[m] Copying 1 resource
[[1;34mINFO[m] Copying 0 resource
[[1;34mINFO[m] 
[[1;34mINFO[m] [1m--- [0;32mmaven-compiler-plugin:3.1:compile[m [1m(default-compile)[m @ [36mhadoop-yarn-registry[0;1m ---[m
[[1;34mINFO[m] Compiling 10 source files to /root/hadoop-3.2.1-src/hadoop-yarn-project/hadoop-yarn/hadoop-yarn-registry/target/classes
[[1;34mINFO[m] 
[[1;34mINFO[m] [1m--- [0;32mmaven-resources-plugin:2.6:testResources[m [1m(default-testResources)[m @ [36mhadoop-yarn-registry[0;1m ---[m
[[1;34mINFO[m] Using 'UTF-8' encoding to copy filtered resources.
[[1;34mINFO[m] Copying 3 resources
[[1;34mINFO[m] 
[[1;34mINFO[m] [1m--- [0;32mmaven-compiler-plugin:3.1:testCompile[m [1m(default-testCompile)[m @ [36mhadoop-yarn-registry[0;1m ---[m
[[1;34mINFO[m] Nothing to compile - all classes are up to date
[[1;34mINFO[m] 
[[1;34mINFO[m] [1m--- [0;32mmaven-jar-plugin:2.5:test-jar[m [1m(default)[m @ [36mhadoop-yarn-registry[0;1m ---[m
[[1;34mINFO[m] 
[[1;34mINFO[m] [1m--- [0;32mmaven-surefire-plugin:3.0.0-M1:test[m [1m(default-test)[m @ [36mhadoop-yarn-registry[0;1m ---[m
[[1;34mINFO[m] 
[[1;34mINFO[m] -------------------------------------------------------
[[1;34mINFO[m]  T E S T S
[[1;34mINFO[m] -------------------------------------------------------
[[1;34mINFO[m] Running org.apache.hadoop.registry.server.dns.[1mTestReverseZoneUtils[m
[[1;34mINFO[m] [1;32mTests run: [0;1;32m6[m, Failures: 0, Errors: 0, Skipped: 0, Time elapsed: 0.136 s - in org.apache.hadoop.registry.server.dns.[1mTestReverseZoneUtils[m
[[1;34mINFO[m] Running org.apache.hadoop.registry.server.dns.[1mTestSecureRegistryDNS[m
[[1;34mINFO[m] [1;32mTests run: [0;1;32m20[m, Failures: 0, Errors: 0, Skipped: 0, Time elapsed: 1.53 s - in org.apache.hadoop.registry.server.dns.[1mTestSecureRegistryDNS[m
[[1;34mINFO[m] Running org.apache.hadoop.registry.server.dns.[1mTestRegistryDNS[m
[[1;34mINFO[m] [1;32mTests run: [0;1;32m20[m, Failures: 0, Errors: 0, Skipped: 0, Time elapsed: 1.07 s - in org.apache.hadoop.registry.server.dns.[1mTestRegistryDNS[m
[[1;34mINFO[m] Running org.apache.hadoop.registry.integration.[1mTestYarnPolicySelector[m
[[1;34mINFO[m] [1;32mTests run: [0;1;32m3[m, Failures: 0, Errors: 0, Skipped: 0, Time elapsed: 0.32 s - in org.apache.hadoop.registry.integration.[1mTestYarnPolicySelector[m
[[1;34mINFO[m] Running org.apache.hadoop.registry.secure.[1mTestSecureRegistry[m
[[1;34mINFO[m] [1;32mTests run: [0;1;32m5[m, Failures: 0, Errors: 0, Skipped: 0, Time elapsed: 2.493 s - in org.apache.hadoop.registry.secure.[1mTestSecureRegistry[m
[[1;34mINFO[m] Running org.apache.hadoop.registry.secure.[1mTestSecureLogins[m
[[1;34mINFO[m] [1;32mTests run: [0;1;32m11[m, Failures: 0, Errors: 0, Skipped: 0, Time elapsed: 1.984 s - in org.apache.hadoop.registry.secure.[1mTestSecureLogins[m
[[1;34mINFO[m] Running org.apache.hadoop.registry.secure.[1mTestRegistrySecurityHelper[m
[[1;34mINFO[m] [1;32mTests run: [0;1;32m12[m, Failures: 0, Errors: 0, Skipped: 0, Time elapsed: 0.401 s - in org.apache.hadoop.registry.secure.[1mTestRegistrySecurityHelper[m
[[1;34mINFO[m] Running org.apache.hadoop.registry.operations.[1mTestRegistryOperations[m
[[1;34mINFO[m] [1;32mTests run: [0;1;32m24[m, Failures: 0, Errors: 0, Skipped: 0, Time elapsed: 2.563 s - in org.apache.hadoop.registry.operations.[1mTestRegistryOperations[m
[[1;34mINFO[m] Running org.apache.hadoop.registry.client.binding.[1mTestRegistryPathUtils[m
[[1;34mINFO[m] [1;32mTests run: [0;1;32m14[m, Failures: 0, Errors: 0, Skipped: 0, Time elapsed: 0.34 s - in org.apache.hadoop.registry.client.binding.[1mTestRegistryPathUtils[m
[[1;34mINFO[m] Running org.apache.hadoop.registry.client.binding.[1mTestRegistryOperationUtils[m
[[1;34mINFO[m] [1;32mTests run: [0;1;32m3[m, Failures: 0, Errors: 0, Skipped: 0, Time elapsed: 0.363 s - in org.apache.hadoop.registry.client.binding.[1mTestRegistryOperationUtils[m
[[1;34mINFO[m] Running org.apache.hadoop.registry.client.binding.[1mTestMarshalling[m
[[1;34mINFO[m] [1;32mTests run: [0;1;32m10[m, Failures: 0, Errors: 0, Skipped: 0, Time elapsed: 0.491 s - in org.apache.hadoop.registry.client.binding.[1mTestMarshalling[m
[[1;34mINFO[m] Running org.apache.hadoop.registry.client.impl.[1mTestFSRegistryOperationsService[m
[[1;34mINFO[m] [1;32mTests run: [0;1;32m10[m, Failures: 0, Errors: 0, Skipped: 0, Time elapsed: 0.908 s - in org.apache.hadoop.registry.client.impl.[1mTestFSRegistryOperationsService[m
[[1;34mINFO[m] Running org.apache.hadoop.registry.client.impl.[1mTestCuratorService[m
[[1;34mINFO[m] [1;32mTests run: [0;1;32m20[m, Failures: 0, Errors: 0, Skipped: 0, Time elapsed: 1.534 s - in org.apache.hadoop.registry.client.impl.[1mTestCuratorService[m
[[1;34mINFO[m] Running org.apache.hadoop.registry.client.impl.[1mTestMicroZookeeperService[m
[[1;34mINFO[m] [1;32mTests run: [0;1;32m1[m, Failures: 0, Errors: 0, Skipped: 0, Time elapsed: 0.427 s - in org.apache.hadoop.registry.client.impl.[1mTestMicroZookeeperService[m
[[1;34mINFO[m] Running org.apache.hadoop.registry.cli.[1mTestRegistryCli[m
[[1;34mINFO[m] [1;32mTests run: [0;1;32m6[m, Failures: 0, Errors: 0, Skipped: 0, Time elapsed: 1.427 s - in org.apache.hadoop.registry.cli.[1mTestRegistryCli[m
[[1;34mINFO[m] 
[[1;34mINFO[m] Results:
[[1;34mINFO[m] 
[[1;34mINFO[m] [1;32mTests run: 165, Failures: 0, Errors: 0, Skipped: 0[m
[[1;34mINFO[m] 
[[1;34mINFO[m] [1m------------------------------------------------------------------------[m
[[1;34mINFO[m] [1;32mBUILD SUCCESS[m
[[1;34mINFO[m] [1m------------------------------------------------------------------------[m
[[1;34mINFO[m] Total time:  29.999 s
[[1;34mINFO[m] Finished at: 2020-04-08T23:04:24Z
[[1;34mINFO[m] [1m------------------------------------------------------------------------[m
