[[1;34mINFO[m] Scanning for projects...
[[1;34mINFO[m] ------------------------------------------------------------------------
[[1;34mINFO[m] Detecting the operating system and CPU architecture
[[1;34mINFO[m] ------------------------------------------------------------------------
[[1;34mINFO[m] os.detected.name: linux
[[1;34mINFO[m] os.detected.arch: x86_64
[[1;34mINFO[m] os.detected.version: 4.4
[[1;34mINFO[m] os.detected.version.major: 4
[[1;34mINFO[m] os.detected.version.minor: 4
[[1;34mINFO[m] os.detected.release: ubuntu
[[1;34mINFO[m] os.detected.release.version: 18.04
[[1;34mINFO[m] os.detected.release.like.ubuntu: true
[[1;34mINFO[m] os.detected.release.like.debian: true
[[1;34mINFO[m] os.detected.classifier: linux-x86_64
[[1;34mINFO[m] 
[[1;34mINFO[m] [1m--------------------< [0;36morg.apache.hbase:hbase-hbtop[0;1m >--------------------[m
[[1;34mINFO[m] [1mBuilding Apache HBase - HBTop 2.2.4[m
[[1;34mINFO[m] [1m--------------------------------[ jar ]---------------------------------[m
[[1;34mINFO[m] 
[[1;34mINFO[m] [1m--- [0;32mbuild-helper-maven-plugin:3.0.0:bsh-property[m [1m(negate-license-bundles-property)[m @ [36mhbase-hbtop[0;1m ---[m
[[1;34mINFO[m] 
[[1;34mINFO[m] [1m--- [0;32mbuild-helper-maven-plugin:3.0.0:regex-property[m [1m(create-license-file-path-property)[m @ [36mhbase-hbtop[0;1m ---[m
[[1;34mINFO[m] No match to regex '\\' found in '/root/hbase-2.2.4/hbase-hbtop/target/maven-shared-archive-resources/META-INF/LICENSE'. The initial value '/root/hbase-2.2.4/hbase-hbtop/target/maven-shared-archive-resources/META-INF/LICENSE' is left as-is...
[[1;34mINFO[m] 
[[1;34mINFO[m] [1m--- [0;32mmaven-enforcer-plugin:3.0.0-M2:enforce[m [1m(enforce-maven-version)[m @ [36mhbase-hbtop[0;1m ---[m
[[1;34mINFO[m] 
[[1;34mINFO[m] [1m--- [0;32mmaven-enforcer-plugin:3.0.0-M2:enforce[m [1m(hadoop-profile-min-maven-min-java-banned-xerces)[m @ [36mhbase-hbtop[0;1m ---[m
[[1;34mINFO[m] 
[[1;34mINFO[m] [1m--- [0;32mmaven-enforcer-plugin:3.0.0-M2:enforce[m [1m(banned-jsr305)[m @ [36mhbase-hbtop[0;1m ---[m
[[1;34mINFO[m] 
[[1;34mINFO[m] [1m--- [0;32mbuildnumber-maven-plugin:1.4:create-timestamp[m [1m(default)[m @ [36mhbase-hbtop[0;1m ---[m
[[1;34mINFO[m] 
[[1;34mINFO[m] [1m--- [0;32mmaven-enforcer-plugin:3.0.0-M2:enforce[m [1m(banned-illegal-imports)[m @ [36mhbase-hbtop[0;1m ---[m
[[1;34mINFO[m] 
[[1;34mINFO[m] [1m--- [0;32mmaven-remote-resources-plugin:1.5:process[m [1m(process-resource-bundles)[m @ [36mhbase-hbtop[0;1m ---[m
[[1;34mINFO[m] 
[[1;34mINFO[m] [1m--- [0;32mmaven-resources-plugin:3.1.0:resources[m [1m(default-resources)[m @ [36mhbase-hbtop[0;1m ---[m
[[1;34mINFO[m] Using 'UTF-8' encoding to copy filtered resources.
[[1;34mINFO[m] skip non existing resourceDirectory /root/hbase-2.2.4/hbase-hbtop/src/main/resources
[[1;34mINFO[m] Copying 3 resources
[[1;34mINFO[m] 
[[1;34mINFO[m] [1m--- [0;32mmaven-enforcer-plugin:3.0.0-M2:enforce[m [1m(check-aggregate-license)[m @ [36mhbase-hbtop[0;1m ---[m
[[1;34mINFO[m] Skipping Rule Enforcement.
[[1;34mINFO[m] 
[[1;34mINFO[m] [1m--- [0;32mmaven-compiler-plugin:3.7.0:compile[m [1m(default-compile)[m @ [36mhbase-hbtop[0;1m ---[m
[[1;34mINFO[m] Nothing to compile - all classes are up to date
[[1;34mINFO[m] 
[[1;34mINFO[m] [1m--- [0;32mmaven-resources-plugin:3.1.0:testResources[m [1m(default-testResources)[m @ [36mhbase-hbtop[0;1m ---[m
[[1;34mINFO[m] Using 'UTF-8' encoding to copy filtered resources.
[[1;34mINFO[m] skip non existing resourceDirectory /root/hbase-2.2.4/hbase-hbtop/src/test/resources
[[1;34mINFO[m] Copying 3 resources
[[1;34mINFO[m] 
[[1;34mINFO[m] [1m--- [0;32mmaven-compiler-plugin:3.7.0:testCompile[m [1m(default-testCompile)[m @ [36mhbase-hbtop[0;1m ---[m
[[1;34mINFO[m] Nothing to compile - all classes are up to date
[[1;34mINFO[m] 
[[1;34mINFO[m] [1m--- [0;32mmaven-surefire-plugin:3.0.0-M4:test[m [1m(default-test)[m @ [36mhbase-hbtop[0;1m ---[m
[[1;34mINFO[m] 
[[1;34mINFO[m] -------------------------------------------------------
[[1;34mINFO[m]  T E S T S
[[1;34mINFO[m] -------------------------------------------------------
[[1;34mINFO[m] Running org.apache.hadoop.hbase.hbtop.screen.top.[1mTestFilterDisplayModeScreenPresenter[m
[[1;34mINFO[m] [1;32mTests run: [0;1;32m2[m, Failures: 0, Errors: 0, Skipped: 0, Time elapsed: 0.592 s - in org.apache.hadoop.hbase.hbtop.screen.top.[1mTestFilterDisplayModeScreenPresenter[m
[[1;34mINFO[m] Running org.apache.hadoop.hbase.hbtop.screen.top.[1mTestInputModeScreenPresenter[m
[[1;34mINFO[m] [1;32mTests run: [0;1;32m8[m, Failures: 0, Errors: 0, Skipped: 0, Time elapsed: 0.726 s - in org.apache.hadoop.hbase.hbtop.screen.top.[1mTestInputModeScreenPresenter[m
[[1;34mINFO[m] Running org.apache.hadoop.hbase.hbtop.screen.top.[1mTestTopScreenModel[m
[[1;34mINFO[m] [1;32mTests run: [0;1;32m7[m, Failures: 0, Errors: 0, Skipped: 0, Time elapsed: 1.151 s - in org.apache.hadoop.hbase.hbtop.screen.top.[1mTestTopScreenModel[m
[[1;34mINFO[m] Running org.apache.hadoop.hbase.hbtop.screen.top.[1mTestMessageModeScreenPresenter[m
[[1;34mINFO[m] [1;32mTests run: [0;1;32m2[m, Failures: 0, Errors: 0, Skipped: 0, Time elapsed: 0.647 s - in org.apache.hadoop.hbase.hbtop.screen.top.[1mTestMessageModeScreenPresenter[m
[[1;34mINFO[m] Running org.apache.hadoop.hbase.hbtop.screen.top.[1mTestPaging[m
[[1;34mINFO[m] [1;32mTests run: [0;1;32m8[m, Failures: 0, Errors: 0, Skipped: 0, Time elapsed: 0.178 s - in org.apache.hadoop.hbase.hbtop.screen.top.[1mTestPaging[m
[[1;34mINFO[m] Running org.apache.hadoop.hbase.hbtop.screen.top.[1mTestTopScreenPresenter[m
[[1;34mINFO[m] [1;32mTests run: [0;1;32m3[m, Failures: 0, Errors: 0, Skipped: 0, Time elapsed: 0.617 s - in org.apache.hadoop.hbase.hbtop.screen.top.[1mTestTopScreenPresenter[m
[[1;34mINFO[m] Running org.apache.hadoop.hbase.hbtop.screen.field.[1mTestFieldScreenPresenter[m
[[1;34mINFO[m] [1;32mTests run: [0;1;32m4[m, Failures: 0, Errors: 0, Skipped: 0, Time elapsed: 0.736 s - in org.apache.hadoop.hbase.hbtop.screen.field.[1mTestFieldScreenPresenter[m
[[1;34mINFO[m] Running org.apache.hadoop.hbase.hbtop.screen.mode.[1mTestModeScreenPresenter[m
[[1;34mINFO[m] [1;32mTests run: [0;1;32m8[m, Failures: 0, Errors: 0, Skipped: 0, Time elapsed: 0.745 s - in org.apache.hadoop.hbase.hbtop.screen.mode.[1mTestModeScreenPresenter[m
[[1;34mINFO[m] Running org.apache.hadoop.hbase.hbtop.screen.help.[1mTestHelpScreenPresenter[m
[[1;34mINFO[m] [1;32mTests run: [0;1;32m2[m, Failures: 0, Errors: 0, Skipped: 0, Time elapsed: 0.602 s - in org.apache.hadoop.hbase.hbtop.screen.help.[1mTestHelpScreenPresenter[m
[[1;34mINFO[m] Running org.apache.hadoop.hbase.hbtop.[1mTestRecordFilter[m
[[1;34mINFO[m] [1;32mTests run: [0;1;32m5[m, Failures: 0, Errors: 0, Skipped: 0, Time elapsed: 0.201 s - in org.apache.hadoop.hbase.hbtop.[1mTestRecordFilter[m
[[1;34mINFO[m] Running org.apache.hadoop.hbase.hbtop.field.[1mTestFieldValue[m
[[1;34mINFO[m] [1;32mTests run: [0;1;32m5[m, Failures: 0, Errors: 0, Skipped: 0, Time elapsed: 0.16 s - in org.apache.hadoop.hbase.hbtop.field.[1mTestFieldValue[m
[[1;34mINFO[m] Running org.apache.hadoop.hbase.hbtop.mode.[1mTestTableMode[m
[[1;34mINFO[m] [1;32mTests run: [0;1;32m2[m, Failures: 0, Errors: 0, Skipped: 0, Time elapsed: 0.272 s - in org.apache.hadoop.hbase.hbtop.mode.[1mTestTableMode[m
[[1;34mINFO[m] Running org.apache.hadoop.hbase.hbtop.mode.[1mTestNamespaceMode[m
[[1;34mINFO[m] [1;32mTests run: [0;1;32m2[m, Failures: 0, Errors: 0, Skipped: 0, Time elapsed: 0.29 s - in org.apache.hadoop.hbase.hbtop.mode.[1mTestNamespaceMode[m
[[1;34mINFO[m] Running org.apache.hadoop.hbase.hbtop.mode.[1mTestRequestCountPerSecond[m
[[1;34mINFO[m] [1;32mTests run: [0;1;32m1[m, Failures: 0, Errors: 0, Skipped: 0, Time elapsed: 0.117 s - in org.apache.hadoop.hbase.hbtop.mode.[1mTestRequestCountPerSecond[m
[[1;34mINFO[m] Running org.apache.hadoop.hbase.hbtop.mode.[1mTestRegionMode[m
[[1;34mINFO[m] [1;32mTests run: [0;1;32m2[m, Failures: 0, Errors: 0, Skipped: 0, Time elapsed: 0.24 s - in org.apache.hadoop.hbase.hbtop.mode.[1mTestRegionMode[m
[[1;34mINFO[m] Running org.apache.hadoop.hbase.hbtop.mode.[1mTestRegionServerMode[m
[[1;34mINFO[m] [1;32mTests run: [0;1;32m2[m, Failures: 0, Errors: 0, Skipped: 0, Time elapsed: 0.325 s - in org.apache.hadoop.hbase.hbtop.mode.[1mTestRegionServerMode[m
[[1;34mINFO[m] Running org.apache.hadoop.hbase.hbtop.[1mTestRecord[m
[[1;34mINFO[m] [1;32mTests run: [0;1;32m3[m, Failures: 0, Errors: 0, Skipped: 0, Time elapsed: 0.149 s - in org.apache.hadoop.hbase.hbtop.[1mTestRecord[m
[[1;34mINFO[m] 
[[1;34mINFO[m] Results:
[[1;34mINFO[m] 
[[1;34mINFO[m] [1;32mTests run: 66, Failures: 0, Errors: 0, Skipped: 0[m
[[1;34mINFO[m] 
[[1;34mINFO[m] 
[[1;34mINFO[m] [1m--- [0;32mmaven-surefire-plugin:3.0.0-M4:test[m [1m(secondPartTestsExecution)[m @ [36mhbase-hbtop[0;1m ---[m
[[1;34mINFO[m] 
[[1;34mINFO[m] -------------------------------------------------------
[[1;34mINFO[m]  T E S T S
[[1;34mINFO[m] -------------------------------------------------------
[[1;34mINFO[m] 
[[1;34mINFO[m] Results:
[[1;34mINFO[m] 
[[1;34mINFO[m] Tests run: 0, Failures: 0, Errors: 0, Skipped: 0
[[1;34mINFO[m] 
[[1;34mINFO[m] [1m------------------------------------------------------------------------[m
[[1;34mINFO[m] [1;32mBUILD SUCCESS[m
[[1;34mINFO[m] [1m------------------------------------------------------------------------[m
[[1;34mINFO[m] Total time:  31.563 s
[[1;34mINFO[m] Finished at: 2020-04-08T22:07:42Z
[[1;34mINFO[m] [1m------------------------------------------------------------------------[m
