[[1;34mINFO[m] Scanning for projects...
[[1;34mINFO[m] ------------------------------------------------------------------------
[[1;34mINFO[m] Detecting the operating system and CPU architecture
[[1;34mINFO[m] ------------------------------------------------------------------------
[[1;34mINFO[m] os.detected.name: linux
[[1;34mINFO[m] os.detected.arch: x86_64
[[1;34mINFO[m] os.detected.version: 4.4
[[1;34mINFO[m] os.detected.version.major: 4
[[1;34mINFO[m] os.detected.version.minor: 4
[[1;34mINFO[m] os.detected.release: ubuntu
[[1;34mINFO[m] os.detected.release.version: 18.04
[[1;34mINFO[m] os.detected.release.like.ubuntu: true
[[1;34mINFO[m] os.detected.release.like.debian: true
[[1;34mINFO[m] os.detected.classifier: linux-x86_64
[[1;34mINFO[m] 
[[1;34mINFO[m] [1m--------------------< [0;36morg.apache.hbase:hbase-rest[0;1m >---------------------[m
[[1;34mINFO[m] [1mBuilding Apache HBase - Rest 2.2.4[m
[[1;34mINFO[m] [1m--------------------------------[ jar ]---------------------------------[m
[[1;34mINFO[m] 
[[1;34mINFO[m] [1m--- [0;32mbuild-helper-maven-plugin:3.0.0:bsh-property[m [1m(negate-license-bundles-property)[m @ [36mhbase-rest[0;1m ---[m
[[1;34mINFO[m] 
[[1;34mINFO[m] [1m--- [0;32mbuild-helper-maven-plugin:3.0.0:regex-property[m [1m(create-license-file-path-property)[m @ [36mhbase-rest[0;1m ---[m
[[1;34mINFO[m] No match to regex '\\' found in '/root/hbase-2.2.4/hbase-rest/target/maven-shared-archive-resources/META-INF/LICENSE'. The initial value '/root/hbase-2.2.4/hbase-rest/target/maven-shared-archive-resources/META-INF/LICENSE' is left as-is...
[[1;34mINFO[m] 
[[1;34mINFO[m] [1m--- [0;32mmaven-enforcer-plugin:3.0.0-M2:enforce[m [1m(enforce-maven-version)[m @ [36mhbase-rest[0;1m ---[m
[[1;34mINFO[m] 
[[1;34mINFO[m] [1m--- [0;32mmaven-enforcer-plugin:3.0.0-M2:enforce[m [1m(hadoop-profile-min-maven-min-java-banned-xerces)[m @ [36mhbase-rest[0;1m ---[m
[[1;34mINFO[m] 
[[1;34mINFO[m] [1m--- [0;32mmaven-enforcer-plugin:3.0.0-M2:enforce[m [1m(banned-jsr305)[m @ [36mhbase-rest[0;1m ---[m
[[1;34mINFO[m] 
[[1;34mINFO[m] [1m--- [0;32mbuildnumber-maven-plugin:1.4:create-timestamp[m [1m(default)[m @ [36mhbase-rest[0;1m ---[m
[[1;34mINFO[m] 
[[1;34mINFO[m] [1m--- [0;32mbuild-helper-maven-plugin:3.0.0:add-source[m [1m(jspcSource-packageInfo-source)[m @ [36mhbase-rest[0;1m ---[m
[[1;34mINFO[m] Source directory: /root/hbase-2.2.4/hbase-rest/target/generated-sources/java added.
[[1;34mINFO[m] 
[[1;34mINFO[m] [1m--- [0;32mmaven-antrun-plugin:1.8:run[m [1m(generate)[m @ [36mhbase-rest[0;1m ---[m
[[1;34mINFO[m] Executing tasks

main:
[[1;34mINFO[m] Executed tasks
[[1;34mINFO[m] 
[[1;34mINFO[m] [1m--- [0;32mprotobuf-maven-plugin:0.5.0:compile[m [1m(compile-protoc)[m @ [36mhbase-rest[0;1m ---[m
[[1;34mINFO[m] Skipping compilation because target directory newer than sources.
[[1;34mINFO[m] 
[[1;34mINFO[m] [1m--- [0;32mmaven-enforcer-plugin:3.0.0-M2:enforce[m [1m(banned-illegal-imports)[m @ [36mhbase-rest[0;1m ---[m
[[1;34mINFO[m] 
[[1;34mINFO[m] [1m--- [0;32mmaven-remote-resources-plugin:1.5:process[m [1m(process-resource-bundles)[m @ [36mhbase-rest[0;1m ---[m
[[1;34mINFO[m] 
[[1;34mINFO[m] [1m--- [0;32mmaven-resources-plugin:3.1.0:resources[m [1m(default-resources)[m @ [36mhbase-rest[0;1m ---[m
[[1;34mINFO[m] Using 'UTF-8' encoding to copy filtered resources.
[[1;34mINFO[m] Copying 2 resources
[[1;34mINFO[m] Copying 11 resources
[[1;34mINFO[m] Copying 3 resources
[[1;34mINFO[m] 
[[1;34mINFO[m] [1m--- [0;32mmaven-enforcer-plugin:3.0.0-M2:enforce[m [1m(check-aggregate-license)[m @ [36mhbase-rest[0;1m ---[m
[[1;34mINFO[m] Skipping Rule Enforcement.
[[1;34mINFO[m] 
[[1;34mINFO[m] [1m--- [0;32mmaven-compiler-plugin:3.7.0:compile[m [1m(default-compile)[m @ [36mhbase-rest[0;1m ---[m
[[1;34mINFO[m] Nothing to compile - all classes are up to date
[[1;34mINFO[m] 
[[1;34mINFO[m] [1m--- [0;32mmaven-resources-plugin:3.1.0:testResources[m [1m(default-testResources)[m @ [36mhbase-rest[0;1m ---[m
[[1;34mINFO[m] Using 'UTF-8' encoding to copy filtered resources.
[[1;34mINFO[m] Copying 5 resources
[[1;34mINFO[m] Copying 3 resources
[[1;34mINFO[m] 
[[1;34mINFO[m] [1m--- [0;32mmaven-compiler-plugin:3.7.0:testCompile[m [1m(default-testCompile)[m @ [36mhbase-rest[0;1m ---[m
[[1;34mINFO[m] Nothing to compile - all classes are up to date
[[1;34mINFO[m] 
[[1;34mINFO[m] [1m--- [0;32mwarbucks-maven-plugin:1.1.0:check[m [1m(run-warbucks)[m @ [36mhbase-rest[0;1m ---[m
[[1;34mINFO[m] Rule 0: Class Matches: 58
[[1;34mINFO[m] Rule 0: Class Failures: 0
[[1;34mINFO[m] Total class failures: 0
[[1;34mINFO[m] 
[[1;34mINFO[m] [1m--- [0;32mmaven-surefire-plugin:3.0.0-M4:test[m [1m(default-test)[m @ [36mhbase-rest[0;1m ---[m
[[1;34mINFO[m] 
[[1;34mINFO[m] -------------------------------------------------------
[[1;34mINFO[m]  T E S T S
[[1;34mINFO[m] -------------------------------------------------------
[[1;34mINFO[m] Running org.apache.hadoop.hbase.rest.[1mTestGZIPResponseWrapper[m
[[1;34mINFO[m] [1;32mTests run: [0;1;32m4[m, Failures: 0, Errors: 0, Skipped: 0, Time elapsed: 0.366 s - in org.apache.hadoop.hbase.rest.[1mTestGZIPResponseWrapper[m
[[1;34mINFO[m] Running org.apache.hadoop.hbase.rest.[1mTestSecureRESTServer[m
[[1;34mINFO[m] [1;32mTests run: [0;1;32m2[m, Failures: 0, Errors: 0, Skipped: 0, Time elapsed: 4.113 s - in org.apache.hadoop.hbase.rest.[1mTestSecureRESTServer[m
[[1;34mINFO[m] Running org.apache.hadoop.hbase.rest.model.[1mTestRowModel[m
[[1;34mINFO[m] [1;32mTests run: [0;1;32m8[m, Failures: 0, Errors: 0, Skipped: 0, Time elapsed: 0.484 s - in org.apache.hadoop.hbase.rest.model.[1mTestRowModel[m
[[1;34mINFO[m] Running org.apache.hadoop.hbase.rest.model.[1mTestStorageClusterStatusModel[m
[[1;34mINFO[m] [1;32mTests run: [0;1;32m6[m, Failures: 0, Errors: 0, Skipped: 0, Time elapsed: 0.524 s - in org.apache.hadoop.hbase.rest.model.[1mTestStorageClusterStatusModel[m
[[1;34mINFO[m] Running org.apache.hadoop.hbase.rest.model.[1mTestColumnSchemaModel[m
[[1;34mINFO[m] [1;32mTests run: [0;1;32m6[m, Failures: 0, Errors: 0, Skipped: 0, Time elapsed: 0.543 s - in org.apache.hadoop.hbase.rest.model.[1mTestColumnSchemaModel[m
[[1;34mINFO[m] Running org.apache.hadoop.hbase.rest.model.[1mTestTableRegionModel[m
[[1;34mINFO[m] [1;32mTests run: [0;1;32m8[m, Failures: 0, Errors: 0, Skipped: 0, Time elapsed: 0.529 s - in org.apache.hadoop.hbase.rest.model.[1mTestTableRegionModel[m
[[1;34mINFO[m] Running org.apache.hadoop.hbase.rest.model.[1mTestCellModel[m
[[1;34mINFO[m] [1;32mTests run: [0;1;32m8[m, Failures: 0, Errors: 0, Skipped: 0, Time elapsed: 0.486 s - in org.apache.hadoop.hbase.rest.model.[1mTestCellModel[m
[[1;34mINFO[m] Running org.apache.hadoop.hbase.rest.model.[1mTestNamespacesInstanceModel[m
[[1;34mINFO[m] [1;32mTests run: [0;1;32m6[m, Failures: 0, Errors: 0, Skipped: 0, Time elapsed: 0.53 s - in org.apache.hadoop.hbase.rest.model.[1mTestNamespacesInstanceModel[m
[[1;34mINFO[m] Running org.apache.hadoop.hbase.rest.model.[1mTestTableSchemaModel[m
[[1;34mINFO[m] [1;32mTests run: [0;1;32m6[m, Failures: 0, Errors: 0, Skipped: 0, Time elapsed: 0.52 s - in org.apache.hadoop.hbase.rest.model.[1mTestTableSchemaModel[m
[[1;34mINFO[m] Running org.apache.hadoop.hbase.rest.model.[1mTestTableListModel[m
[[1;34mINFO[m] [1;32mTests run: [0;1;32m6[m, Failures: 0, Errors: 0, Skipped: 0, Time elapsed: 0.494 s - in org.apache.hadoop.hbase.rest.model.[1mTestTableListModel[m
[[1;34mINFO[m] Running org.apache.hadoop.hbase.rest.model.[1mTestCellSetModel[m
[[1;34mINFO[m] [1;32mTests run: [0;1;32m6[m, Failures: 0, Errors: 0, Skipped: 0, Time elapsed: 0.515 s - in org.apache.hadoop.hbase.rest.model.[1mTestCellSetModel[m
[[1;34mINFO[m] Running org.apache.hadoop.hbase.rest.model.[1mTestVersionModel[m
[[1;34mINFO[m] [1;32mTests run: [0;1;32m6[m, Failures: 0, Errors: 0, Skipped: 0, Time elapsed: 0.573 s - in org.apache.hadoop.hbase.rest.model.[1mTestVersionModel[m
[[1;34mINFO[m] Running org.apache.hadoop.hbase.rest.model.[1mTestNamespacesModel[m
[[1;34mINFO[m] [1;32mTests run: [0;1;32m6[m, Failures: 0, Errors: 0, Skipped: 0, Time elapsed: 0.523 s - in org.apache.hadoop.hbase.rest.model.[1mTestNamespacesModel[m
[[1;34mINFO[m] Running org.apache.hadoop.hbase.rest.model.[1mTestTableInfoModel[m
[[1;34mINFO[m] [1;32mTests run: [0;1;32m6[m, Failures: 0, Errors: 0, Skipped: 0, Time elapsed: 0.485 s - in org.apache.hadoop.hbase.rest.model.[1mTestTableInfoModel[m
[[1;34mINFO[m] Running org.apache.hadoop.hbase.rest.model.[1mTestScannerModel[m
[[1;34mINFO[m] [1;32mTests run: [0;1;32m10[m, Failures: 0, Errors: 0, Skipped: 0, Time elapsed: 0.6 s - in org.apache.hadoop.hbase.rest.model.[1mTestScannerModel[m
[[1;34mINFO[m] Running org.apache.hadoop.hbase.rest.model.[1mTestStorageClusterVersionModel[m
[[1;34mINFO[m] [1;32mTests run: [0;1;32m6[m, Failures: 0, Errors: 0, Skipped: 0, Time elapsed: 0.423 s - in org.apache.hadoop.hbase.rest.model.[1mTestStorageClusterVersionModel[m
[[1;34mINFO[m] Running org.apache.hadoop.hbase.rest.client.[1mTestRemoteAdminRetries[m
[[1;34mINFO[m] [1;32mTests run: [0;1;32m7[m, Failures: 0, Errors: 0, Skipped: 0, Time elapsed: 1.892 s - in org.apache.hadoop.hbase.rest.client.[1mTestRemoteAdminRetries[m
[[1;34mINFO[m] Running org.apache.hadoop.hbase.rest.client.[1mTestXmlParsing[m
[[1;34mINFO[m] [1;32mTests run: [0;1;32m2[m, Failures: 0, Errors: 0, Skipped: 0, Time elapsed: 1.271 s - in org.apache.hadoop.hbase.rest.client.[1mTestXmlParsing[m
[[1;34mINFO[m] Running org.apache.hadoop.hbase.rest.client.[1mTestRemoteHTableRetries[m
[[1;34mINFO[m] [1;32mTests run: [0;1;32m7[m, Failures: 0, Errors: 0, Skipped: 0, Time elapsed: 1.967 s - in org.apache.hadoop.hbase.rest.client.[1mTestRemoteHTableRetries[m
[[1;34mINFO[m] 
[[1;34mINFO[m] Results:
[[1;34mINFO[m] 
[[1;34mINFO[m] [1;32mTests run: 116, Failures: 0, Errors: 0, Skipped: 0[m
[[1;34mINFO[m] 
[[1;34mINFO[m] 
[[1;34mINFO[m] [1m--- [0;32mmaven-surefire-plugin:3.0.0-M4:test[m [1m(secondPartTestsExecution)[m @ [36mhbase-rest[0;1m ---[m
[[1;34mINFO[m] 
[[1;34mINFO[m] -------------------------------------------------------
[[1;34mINFO[m]  T E S T S
[[1;34mINFO[m] -------------------------------------------------------
[[1;34mINFO[m] Running org.apache.hadoop.hbase.rest.[1mTestGetAndPutResource[m
[[1;34mINFO[m] Running org.apache.hadoop.hbase.rest.[1mTestResourceFilter[m
[[1;34mINFO[m] [1;32mTests run: [0;1;32m1[m, Failures: 0, Errors: 0, Skipped: 0, Time elapsed: 2.985 s - in org.apache.hadoop.hbase.rest.[1mTestResourceFilter[m
[[1;34mINFO[m] Running org.apache.hadoop.hbase.rest.[1mTestDeleteRow[m
[[1;34mINFO[m] [1;32mTests run: [0;1;32m2[m, Failures: 0, Errors: 0, Skipped: 0, Time elapsed: 8.213 s - in org.apache.hadoop.hbase.rest.[1mTestDeleteRow[m
[[1;34mINFO[m] Running org.apache.hadoop.hbase.rest.[1mTestVersionResource[m
[[1;34mINFO[m] [1;32mTests run: [0;1;32m7[m, Failures: 0, Errors: 0, Skipped: 0, Time elapsed: 3.115 s - in org.apache.hadoop.hbase.rest.[1mTestVersionResource[m
[[1;34mINFO[m] Running org.apache.hadoop.hbase.rest.[1mTestScannersWithLabels[m
[[1;34mINFO[m] [1;32mTests run: [0;1;32m2[m, Failures: 0, Errors: 0, Skipped: 0, Time elapsed: 3.397 s - in org.apache.hadoop.hbase.rest.[1mTestScannersWithLabels[m
[[1;34mINFO[m] [1;32mTests run: [0;1;32m27[m, Failures: 0, Errors: 0, Skipped: 0, Time elapsed: 66.811 s - in org.apache.hadoop.hbase.rest.[1mTestGetAndPutResource[m
[[1;34mINFO[m] Running org.apache.hadoop.hbase.rest.[1mTestNamespacesResource[m
[[1;34mINFO[m] Running org.apache.hadoop.hbase.rest.[1mTestGzipFilter[m
[[1;34mINFO[m] [1;32mTests run: [0;1;32m2[m, Failures: 0, Errors: 0, Skipped: 0, Time elapsed: 5.577 s - in org.apache.hadoop.hbase.rest.[1mTestNamespacesResource[m
[[1;34mINFO[m] [1;32mTests run: [0;1;32m1[m, Failures: 0, Errors: 0, Skipped: 0, Time elapsed: 3.508 s - in org.apache.hadoop.hbase.rest.[1mTestGzipFilter[m
[[1;34mINFO[m] Running org.apache.hadoop.hbase.rest.[1mTestSchemaResource[m
[[1;34mINFO[m] Running org.apache.hadoop.hbase.rest.[1mTestMultiRowResource[m
[[1;34mINFO[m] [1;32mTests run: [0;1;32m10[m, Failures: 0, Errors: 0, Skipped: 0, Time elapsed: 4.522 s - in org.apache.hadoop.hbase.rest.[1mTestMultiRowResource[m
[[1;34mINFO[m] Running org.apache.hadoop.hbase.rest.[1mTestSecurityHeadersFilter[m
[[1;34mINFO[m] [1;32mTests run: [0;1;32m4[m, Failures: 0, Errors: 0, Skipped: 0, Time elapsed: 17.507 s - in org.apache.hadoop.hbase.rest.[1mTestSchemaResource[m
[[1;34mINFO[m] [1;32mTests run: [0;1;32m2[m, Failures: 0, Errors: 0, Skipped: 0, Time elapsed: 25.219 s - in org.apache.hadoop.hbase.rest.[1mTestSecurityHeadersFilter[m
[[1;34mINFO[m] Running org.apache.hadoop.hbase.rest.[1mTestTableScan[m
[[1;34mINFO[m] Running org.apache.hadoop.hbase.rest.[1mTestNamespacesInstanceResource[m
[[1;33mWARNING[m] [1;33mTests [0;1mrun: [0;1m5[m, Failures: 0, Errors: 0, [1;33mSkipped: [0;1;33m1[m, Time elapsed: 11.214 s - in org.apache.hadoop.hbase.rest.[1mTestNamespacesInstanceResource[m
[[1;34mINFO[m] [1;32mTests run: [0;1;32m13[m, Failures: 0, Errors: 0, Skipped: 0, Time elapsed: 11.949 s - in org.apache.hadoop.hbase.rest.[1mTestTableScan[m
[[1;34mINFO[m] Running org.apache.hadoop.hbase.rest.client.[1mTestRemoteTable[m
[[1;34mINFO[m] Running org.apache.hadoop.hbase.rest.[1mTestTableResource[m
[[1;34mINFO[m] [1;32mTests run: [0;1;32m8[m, Failures: 0, Errors: 0, Skipped: 0, Time elapsed: 3.31 s - in org.apache.hadoop.hbase.rest.[1mTestTableResource[m
[[1;34mINFO[m] Running org.apache.hadoop.hbase.rest.[1mTestScannersWithFilters[m
[[1;34mINFO[m] [1;32mTests run: [0;1;32m10[m, Failures: 0, Errors: 0, Skipped: 0, Time elapsed: 4.824 s - in org.apache.hadoop.hbase.rest.[1mTestScannersWithFilters[m
[[1;34mINFO[m] Running org.apache.hadoop.hbase.rest.[1mTestScannerResource[m
[[1;34mINFO[m] [1;32mTests run: [0;1;32m6[m, Failures: 0, Errors: 0, Skipped: 0, Time elapsed: 6.331 s - in org.apache.hadoop.hbase.rest.[1mTestScannerResource[m
[[1;34mINFO[m] [1;32mTests run: [0;1;32m10[m, Failures: 0, Errors: 0, Skipped: 0, Time elapsed: 59.987 s - in org.apache.hadoop.hbase.rest.client.[1mTestRemoteTable[m
[[1;34mINFO[m] Running org.apache.hadoop.hbase.rest.[1mTestStatusResource[m
[[1;34mINFO[m] [1;32mTests run: [0;1;32m2[m, Failures: 0, Errors: 0, Skipped: 0, Time elapsed: 3.366 s - in org.apache.hadoop.hbase.rest.[1mTestStatusResource[m
[[1;34mINFO[m] 
[[1;34mINFO[m] Results:
[[1;34mINFO[m] 
[[1;33mWARNING[m] [1;33mTests run: 112, Failures: 0, Errors: 0, Skipped: 1[m
[[1;34mINFO[m] 
[[1;34mINFO[m] [1m------------------------------------------------------------------------[m
[[1;34mINFO[m] [1;32mBUILD SUCCESS[m
[[1;34mINFO[m] [1m------------------------------------------------------------------------[m
[[1;34mINFO[m] Total time:  05:58 min
[[1;34mINFO[m] Finished at: 2020-04-08T22:27:44Z
[[1;34mINFO[m] [1m------------------------------------------------------------------------[m
