[[1;34mINFO[m] Scanning for projects...
[[1;34mINFO[m] ------------------------------------------------------------------------
[[1;34mINFO[m] Detecting the operating system and CPU architecture
[[1;34mINFO[m] ------------------------------------------------------------------------
[[1;34mINFO[m] os.detected.name: linux
[[1;34mINFO[m] os.detected.arch: x86_64
[[1;34mINFO[m] os.detected.version: 4.4
[[1;34mINFO[m] os.detected.version.major: 4
[[1;34mINFO[m] os.detected.version.minor: 4
[[1;34mINFO[m] os.detected.release: ubuntu
[[1;34mINFO[m] os.detected.release.version: 18.04
[[1;34mINFO[m] os.detected.release.like.ubuntu: true
[[1;34mINFO[m] os.detected.release.like.debian: true
[[1;34mINFO[m] os.detected.classifier: linux-x86_64
[[1;34mINFO[m] 
[[1;34mINFO[m] [1m------------------< [0;36morg.apache.hbase:hbase-procedure[0;1m >------------------[m
[[1;34mINFO[m] [1mBuilding Apache HBase - Procedure 2.2.4[m
[[1;34mINFO[m] [1m--------------------------------[ jar ]---------------------------------[m
[[1;34mINFO[m] 
[[1;34mINFO[m] [1m--- [0;32mbuild-helper-maven-plugin:3.0.0:bsh-property[m [1m(negate-license-bundles-property)[m @ [36mhbase-procedure[0;1m ---[m
[[1;34mINFO[m] 
[[1;34mINFO[m] [1m--- [0;32mbuild-helper-maven-plugin:3.0.0:regex-property[m [1m(create-license-file-path-property)[m @ [36mhbase-procedure[0;1m ---[m
[[1;34mINFO[m] No match to regex '\\' found in '/root/hbase-2.2.4/hbase-procedure/target/maven-shared-archive-resources/META-INF/LICENSE'. The initial value '/root/hbase-2.2.4/hbase-procedure/target/maven-shared-archive-resources/META-INF/LICENSE' is left as-is...
[[1;34mINFO[m] 
[[1;34mINFO[m] [1m--- [0;32mmaven-enforcer-plugin:3.0.0-M2:enforce[m [1m(enforce-maven-version)[m @ [36mhbase-procedure[0;1m ---[m
[[1;34mINFO[m] 
[[1;34mINFO[m] [1m--- [0;32mmaven-enforcer-plugin:3.0.0-M2:enforce[m [1m(hadoop-profile-min-maven-min-java-banned-xerces)[m @ [36mhbase-procedure[0;1m ---[m
[[1;34mINFO[m] 
[[1;34mINFO[m] [1m--- [0;32mmaven-enforcer-plugin:3.0.0-M2:enforce[m [1m(banned-jsr305)[m @ [36mhbase-procedure[0;1m ---[m
[[1;34mINFO[m] 
[[1;34mINFO[m] [1m--- [0;32mbuildnumber-maven-plugin:1.4:create-timestamp[m [1m(default)[m @ [36mhbase-procedure[0;1m ---[m
[[1;34mINFO[m] 
[[1;34mINFO[m] [1m--- [0;32mmaven-enforcer-plugin:3.0.0-M2:enforce[m [1m(banned-illegal-imports)[m @ [36mhbase-procedure[0;1m ---[m
[[1;34mINFO[m] 
[[1;34mINFO[m] [1m--- [0;32mmaven-remote-resources-plugin:1.5:process[m [1m(process-resource-bundles)[m @ [36mhbase-procedure[0;1m ---[m
[[1;34mINFO[m] 
[[1;34mINFO[m] [1m--- [0;32mmaven-resources-plugin:3.1.0:resources[m [1m(default-resources)[m @ [36mhbase-procedure[0;1m ---[m
[[1;34mINFO[m] Using 'UTF-8' encoding to copy filtered resources.
[[1;34mINFO[m] skip non existing resourceDirectory /root/hbase-2.2.4/hbase-procedure/src/main/resources
[[1;34mINFO[m] Copying 3 resources
[[1;34mINFO[m] 
[[1;34mINFO[m] [1m--- [0;32mmaven-enforcer-plugin:3.0.0-M2:enforce[m [1m(check-aggregate-license)[m @ [36mhbase-procedure[0;1m ---[m
[[1;34mINFO[m] Skipping Rule Enforcement.
[[1;34mINFO[m] 
[[1;34mINFO[m] [1m--- [0;32mmaven-compiler-plugin:3.7.0:compile[m [1m(default-compile)[m @ [36mhbase-procedure[0;1m ---[m
[[1;34mINFO[m] Nothing to compile - all classes are up to date
[[1;34mINFO[m] 
[[1;34mINFO[m] [1m--- [0;32mmaven-resources-plugin:3.1.0:testResources[m [1m(default-testResources)[m @ [36mhbase-procedure[0;1m ---[m
[[1;34mINFO[m] Using 'UTF-8' encoding to copy filtered resources.
[[1;34mINFO[m] Copying 2 resources
[[1;34mINFO[m] Copying 3 resources
[[1;34mINFO[m] 
[[1;34mINFO[m] [1m--- [0;32mmaven-compiler-plugin:3.7.0:testCompile[m [1m(default-testCompile)[m @ [36mhbase-procedure[0;1m ---[m
[[1;34mINFO[m] Nothing to compile - all classes are up to date
[[1;34mINFO[m] 
[[1;34mINFO[m] [1m--- [0;32mwarbucks-maven-plugin:1.1.0:check[m [1m(run-warbucks)[m @ [36mhbase-procedure[0;1m ---[m
[[1;34mINFO[m] Rule 0: Class Matches: 46
[[1;34mINFO[m] Rule 0: Class Failures: 0
[[1;34mINFO[m] Total class failures: 0
[[1;34mINFO[m] 
[[1;34mINFO[m] [1m--- [0;32mmaven-surefire-plugin:3.0.0-M4:test[m [1m(default-test)[m @ [36mhbase-procedure[0;1m ---[m
[[1;34mINFO[m] 
[[1;34mINFO[m] -------------------------------------------------------
[[1;34mINFO[m]  T E S T S
[[1;34mINFO[m] -------------------------------------------------------
[[1;34mINFO[m] Running org.apache.hadoop.hbase.procedure2.[1mTestProcedureBypass[m
[[1;34mINFO[m] [1;32mTests run: [0;1;32m6[m, Failures: 0, Errors: 0, Skipped: 0, Time elapsed: 9.24 s - in org.apache.hadoop.hbase.procedure2.[1mTestProcedureBypass[m
[[1;34mINFO[m] Running org.apache.hadoop.hbase.procedure2.[1mTestProcedureEvents[m
[[1;34mINFO[m] [1;32mTests run: [0;1;32m3[m, Failures: 0, Errors: 0, Skipped: 0, Time elapsed: 16.892 s - in org.apache.hadoop.hbase.procedure2.[1mTestProcedureEvents[m
[[1;34mINFO[m] Running org.apache.hadoop.hbase.procedure2.[1mTestProcedureRecovery[m
[[1;34mINFO[m] [1;32mTests run: [0;1;32m7[m, Failures: 0, Errors: 0, Skipped: 0, Time elapsed: 12.964 s - in org.apache.hadoop.hbase.procedure2.[1mTestProcedureRecovery[m
[[1;34mINFO[m] Running org.apache.hadoop.hbase.procedure2.[1mTestChildProcedures[m
[[1;34mINFO[m] [1;32mTests run: [0;1;32m5[m, Failures: 0, Errors: 0, Skipped: 0, Time elapsed: 4.459 s - in org.apache.hadoop.hbase.procedure2.[1mTestChildProcedures[m
[[1;34mINFO[m] Running org.apache.hadoop.hbase.procedure2.[1mTestProcedureSuspended[m
[[1;34mINFO[m] [1;32mTests run: [0;1;32m2[m, Failures: 0, Errors: 0, Skipped: 0, Time elapsed: 1.443 s - in org.apache.hadoop.hbase.procedure2.[1mTestProcedureSuspended[m
[[1;34mINFO[m] Running org.apache.hadoop.hbase.procedure2.[1mTestProcedureMetrics[m
[[1;34mINFO[m] [1;32mTests run: [0;1;32m5[m, Failures: 0, Errors: 0, Skipped: 0, Time elapsed: 2.083 s - in org.apache.hadoop.hbase.procedure2.[1mTestProcedureMetrics[m
[[1;34mINFO[m] Running org.apache.hadoop.hbase.procedure2.[1mTestRemoteProcedureDispatcherUncaughtExceptionHandler[m
[[1;34mINFO[m] [1;32mTests run: [0;1;32m2[m, Failures: 0, Errors: 0, Skipped: 0, Time elapsed: 0.17 s - in org.apache.hadoop.hbase.procedure2.[1mTestRemoteProcedureDispatcherUncaughtExceptionHandler[m
[[1;34mINFO[m] Running org.apache.hadoop.hbase.procedure2.[1mTestProcedureExecutor[m
[[1;34mINFO[m] [1;32mTests run: [0;1;32m2[m, Failures: 0, Errors: 0, Skipped: 0, Time elapsed: 2.42 s - in org.apache.hadoop.hbase.procedure2.[1mTestProcedureExecutor[m
[[1;34mINFO[m] Running org.apache.hadoop.hbase.procedure2.[1mTestStateMachineProcedure[m
[[1;34mINFO[m] [1;32mTests run: [0;1;32m7[m, Failures: 0, Errors: 0, Skipped: 0, Time elapsed: 14.161 s - in org.apache.hadoop.hbase.procedure2.[1mTestStateMachineProcedure[m
[[1;34mINFO[m] Running org.apache.hadoop.hbase.procedure2.[1mTestLockAndQueue[m
[[1;34mINFO[m] [1;32mTests run: [0;1;32m1[m, Failures: 0, Errors: 0, Skipped: 0, Time elapsed: 0.165 s - in org.apache.hadoop.hbase.procedure2.[1mTestLockAndQueue[m
[[1;34mINFO[m] Running org.apache.hadoop.hbase.procedure2.[1mTestProcedureCleanup[m
[[1;34mINFO[m] [1;32mTests run: [0;1;32m4[m, Failures: 0, Errors: 0, Skipped: 0, Time elapsed: 12.025 s - in org.apache.hadoop.hbase.procedure2.[1mTestProcedureCleanup[m
[[1;34mINFO[m] Running org.apache.hadoop.hbase.procedure2.store.wal.[1mTestWALProcedureTree[m
[[1;34mINFO[m] [1;32mTests run: [0;1;32m3[m, Failures: 0, Errors: 0, Skipped: 0, Time elapsed: 0.236 s - in org.apache.hadoop.hbase.procedure2.store.wal.[1mTestWALProcedureTree[m
[[1;34mINFO[m] Running org.apache.hadoop.hbase.procedure2.store.wal.[1mTestWALProcedureStore[m
[[1;34mINFO[m] [1;32mTests run: [0;1;32m23[m, Failures: 0, Errors: 0, Skipped: 0, Time elapsed: 6.015 s - in org.apache.hadoop.hbase.procedure2.store.wal.[1mTestWALProcedureStore[m
[[1;34mINFO[m] Running org.apache.hadoop.hbase.procedure2.store.[1mTestBitSetNode[m
[[1;34mINFO[m] [1;32mTests run: [0;1;32m3[m, Failures: 0, Errors: 0, Skipped: 0, Time elapsed: 0.189 s - in org.apache.hadoop.hbase.procedure2.store.[1mTestBitSetNode[m
[[1;34mINFO[m] Running org.apache.hadoop.hbase.procedure2.[1mTestProcedureNonce[m
[[1;34mINFO[m] [1;32mTests run: [0;1;32m5[m, Failures: 0, Errors: 0, Skipped: 0, Time elapsed: 4.24 s - in org.apache.hadoop.hbase.procedure2.[1mTestProcedureNonce[m
[[1;34mINFO[m] Running org.apache.hadoop.hbase.procedure2.[1mTestForceUpdateProcedure[m
[[1;34mINFO[m] [1;32mTests run: [0;1;32m2[m, Failures: 0, Errors: 0, Skipped: 0, Time elapsed: 5.659 s - in org.apache.hadoop.hbase.procedure2.[1mTestForceUpdateProcedure[m
[[1;34mINFO[m] Running org.apache.hadoop.hbase.procedure2.[1mTestProcedureExecution[m
[[1;34mINFO[m] [1;32mTests run: [0;1;32m6[m, Failures: 0, Errors: 0, Skipped: 0, Time elapsed: 7.399 s - in org.apache.hadoop.hbase.procedure2.[1mTestProcedureExecution[m
[[1;34mINFO[m] Running org.apache.hadoop.hbase.procedure2.[1mTestYieldProcedures[m
[[1;34mINFO[m] [1;32mTests run: [0;1;32m3[m, Failures: 0, Errors: 0, Skipped: 0, Time elapsed: 6.118 s - in org.apache.hadoop.hbase.procedure2.[1mTestYieldProcedures[m
[[1;34mINFO[m] Running org.apache.hadoop.hbase.procedure2.util.[1mTestDelayedUtil[m
[[1;34mINFO[m] [1;32mTests run: [0;1;32m1[m, Failures: 0, Errors: 0, Skipped: 0, Time elapsed: 0.093 s - in org.apache.hadoop.hbase.procedure2.util.[1mTestDelayedUtil[m
[[1;34mINFO[m] Running org.apache.hadoop.hbase.procedure2.[1mTestProcedureToString[m
[[1;34mINFO[m] [1;32mTests run: [0;1;32m2[m, Failures: 0, Errors: 0, Skipped: 0, Time elapsed: 0.179 s - in org.apache.hadoop.hbase.procedure2.[1mTestProcedureToString[m
[[1;34mINFO[m] Running org.apache.hadoop.hbase.procedure2.[1mTestProcedureUtil[m
[[1;34mINFO[m] [1;32mTests run: [0;1;32m3[m, Failures: 0, Errors: 0, Skipped: 0, Time elapsed: 0.272 s - in org.apache.hadoop.hbase.procedure2.[1mTestProcedureUtil[m
[[1;34mINFO[m] Running org.apache.hadoop.hbase.procedure2.[1mTestProcedureInMemoryChore[m
[[1;34mINFO[m] [1;32mTests run: [0;1;32m1[m, Failures: 0, Errors: 0, Skipped: 0, Time elapsed: 0.901 s - in org.apache.hadoop.hbase.procedure2.[1mTestProcedureInMemoryChore[m
[[1;34mINFO[m] 
[[1;34mINFO[m] Results:
[[1;34mINFO[m] 
[[1;34mINFO[m] [1;32mTests run: 96, Failures: 0, Errors: 0, Skipped: 0[m
[[1;34mINFO[m] 
[[1;34mINFO[m] 
[[1;34mINFO[m] [1m--- [0;32mmaven-surefire-plugin:3.0.0-M4:test[m [1m(secondPartTestsExecution)[m @ [36mhbase-procedure[0;1m ---[m
[[1;34mINFO[m] 
[[1;34mINFO[m] -------------------------------------------------------
[[1;34mINFO[m]  T E S T S
[[1;34mINFO[m] -------------------------------------------------------
[[1;34mINFO[m] Running org.apache.hadoop.hbase.procedure2.store.[1mTestProcedureStoreTracker[m
[[1;34mINFO[m] Running org.apache.hadoop.hbase.procedure2.[1mTestProcedureSkipPersistence[m
[[1;34mINFO[m] [1;32mTests run: [0;1;32m1[m, Failures: 0, Errors: 0, Skipped: 0, Time elapsed: 2.745 s - in org.apache.hadoop.hbase.procedure2.[1mTestProcedureSkipPersistence[m
[[1;34mINFO[m] Running org.apache.hadoop.hbase.procedure2.[1mTestProcedureSchedulerConcurrency[m
[[1;34mINFO[m] [1;32mTests run: [0;1;32m2[m, Failures: 0, Errors: 0, Skipped: 0, Time elapsed: 6.615 s - in org.apache.hadoop.hbase.procedure2.[1mTestProcedureSchedulerConcurrency[m
[[1;34mINFO[m] Running org.apache.hadoop.hbase.procedure2.[1mTestProcedureRollbackAIOOB[m
[[1;34mINFO[m] [1;32mTests run: [0;1;32m1[m, Failures: 0, Errors: 0, Skipped: 0, Time elapsed: 13.355 s - in org.apache.hadoop.hbase.procedure2.[1mTestProcedureRollbackAIOOB[m
[[1;34mINFO[m] [1;32mTests run: [0;1;32m9[m, Failures: 0, Errors: 0, Skipped: 0, Time elapsed: 42.527 s - in org.apache.hadoop.hbase.procedure2.store.[1mTestProcedureStoreTracker[m
[[1;34mINFO[m] 
[[1;34mINFO[m] Results:
[[1;34mINFO[m] 
[[1;34mINFO[m] [1;32mTests run: 13, Failures: 0, Errors: 0, Skipped: 0[m
[[1;34mINFO[m] 
[[1;34mINFO[m] [1m------------------------------------------------------------------------[m
[[1;34mINFO[m] [1;32mBUILD SUCCESS[m
[[1;34mINFO[m] [1m------------------------------------------------------------------------[m
[[1;34mINFO[m] Total time:  03:03 min
[[1;34mINFO[m] Finished at: 2020-04-08T22:21:29Z
[[1;34mINFO[m] [1m------------------------------------------------------------------------[m
