[[1;34mINFO[m] Scanning for projects...
[[1;34mINFO[m] ------------------------------------------------------------------------
[[1;34mINFO[m] Detecting the operating system and CPU architecture
[[1;34mINFO[m] ------------------------------------------------------------------------
[[1;34mINFO[m] os.detected.name: linux
[[1;34mINFO[m] os.detected.arch: x86_64
[[1;34mINFO[m] os.detected.version: 4.4
[[1;34mINFO[m] os.detected.version.major: 4
[[1;34mINFO[m] os.detected.version.minor: 4
[[1;34mINFO[m] os.detected.release: ubuntu
[[1;34mINFO[m] os.detected.release.version: 18.04
[[1;34mINFO[m] os.detected.release.like.ubuntu: true
[[1;34mINFO[m] os.detected.release.like.debian: true
[[1;34mINFO[m] os.detected.classifier: linux-x86_64
[[1;34mINFO[m] 
[[1;34mINFO[m] [1m------------------< [0;36morg.apache.hbase:hbase-examples[0;1m >-------------------[m
[[1;34mINFO[m] [1mBuilding Apache HBase - Examples 2.2.4[m
[[1;34mINFO[m] [1m--------------------------------[ jar ]---------------------------------[m
Downloading from central: https://repo.maven.apache.org/maven2/org/apache/hbase/hbase-endpoint/2.2.4/hbase-endpoint-2.2.4.pom
Progress (1): 2.2/12 kBProgress (1): 5.0/12 kBProgress (1): 7.8/12 kBProgress (1): 11/12 kB Progress (1): 12 kB                      Downloaded from central: https://repo.maven.apache.org/maven2/org/apache/hbase/hbase-endpoint/2.2.4/hbase-endpoint-2.2.4.pom (12 kB at 26 kB/s)
Downloading from central: https://repo.maven.apache.org/maven2/org/apache/hbase/hbase-thrift/2.2.4/hbase-thrift-2.2.4.pom
Progress (1): 2.2/21 kBProgress (1): 5.0/21 kBProgress (1): 7.8/21 kBProgress (1): 11/21 kB Progress (1): 13/21 kBProgress (1): 16/21 kBProgress (1): 19/21 kBProgress (1): 21 kB                      Downloaded from central: https://repo.maven.apache.org/maven2/org/apache/hbase/hbase-thrift/2.2.4/hbase-thrift-2.2.4.pom (21 kB at 171 kB/s)
Downloading from central: https://repo.maven.apache.org/maven2/org/apache/hbase/hbase-rest/2.2.4/hbase-rest-2.2.4.pom
Progress (1): 2.2/18 kBProgress (1): 5.0/18 kBProgress (1): 7.8/18 kBProgress (1): 11/18 kB Progress (1): 13/18 kBProgress (1): 16/18 kBProgress (1): 18 kB                      Downloaded from central: https://repo.maven.apache.org/maven2/org/apache/hbase/hbase-rest/2.2.4/hbase-rest-2.2.4.pom (18 kB at 149 kB/s)
Downloading from central: https://repo.maven.apache.org/maven2/org/apache/hbase/hbase-endpoint/2.2.4/hbase-endpoint-2.2.4.jar
Downloading from central: https://repo.maven.apache.org/maven2/org/apache/hbase/hbase-thrift/2.2.4/hbase-thrift-2.2.4.jar
Downloading from central: https://repo.maven.apache.org/maven2/org/apache/hbase/hbase-rest/2.2.4/hbase-rest-2.2.4.jar
Progress (1): 2.2/441 kBProgress (1): 5.0/441 kBProgress (1): 7.7/441 kBProgress (1): 10/441 kB Progress (1): 13/441 kBProgress (1): 16/441 kBProgress (1): 19/441 kBProgress (1): 21/441 kBProgress (1): 24/441 kBProgress (1): 27/441 kBProgress (1): 30/441 kBProgress (1): 32/441 kBProgress (1): 36/441 kBProgress (1): 40/441 kBProgress (1): 45/441 kBProgress (1): 49/441 kBProgress (1): 53/441 kBProgress (1): 57/441 kBProgress (1): 61/441 kBProgress (1): 65/441 kBProgress (1): 69/441 kBProgress (1): 73/441 kBProgress (1): 77/441 kBProgress (1): 81/441 kBProgress (1): 85/441 kBProgress (1): 90/441 kBProgress (1): 94/441 kBProgress (1): 98/441 kBProgress (1): 102/441 kBProgress (1): 106/441 kBProgress (1): 110/441 kBProgress (1): 114/441 kBProgress (1): 118/441 kBProgress (1): 122/441 kBProgress (1): 126/441 kBProgress (1): 131/441 kBProgress (1): 135/441 kBProgress (1): 139/441 kBProgress (1): 143/441 kBProgress (1): 147/441 kBProgress (1): 151/441 kBProgress (1): 155/441 kBProgress (1): 159/441 kBProgress (1): 163/441 kBProgress (1): 167/441 kBProgress (1): 171/441 kBProgress (1): 176/441 kBProgress (1): 180/441 kBProgress (1): 184/441 kBProgress (1): 188/441 kBProgress (1): 192/441 kBProgress (1): 196/441 kBProgress (1): 200/441 kBProgress (1): 204/441 kBProgress (1): 208/441 kBProgress (1): 212/441 kBProgress (2): 212/441 kB | 2.2/464 kBProgress (2): 217/441 kB | 2.2/464 kBProgress (2): 217/441 kB | 5.0/464 kBProgress (2): 221/441 kB | 5.0/464 kBProgress (2): 221/441 kB | 7.7/464 kBProgress (2): 225/441 kB | 7.7/464 kBProgress (2): 229/441 kB | 7.7/464 kBProgress (2): 229/441 kB | 10/464 kB Progress (2): 233/441 kB | 10/464 kBProgress (2): 237/441 kB | 10/464 kBProgress (2): 241/441 kB | 10/464 kBProgress (2): 245/441 kB | 10/464 kBProgress (2): 249/441 kB | 10/464 kBProgress (2): 253/441 kB | 10/464 kBProgress (2): 258/441 kB | 10/464 kBProgress (2): 262/441 kB | 10/464 kBProgress (2): 266/441 kB | 10/464 kBProgress (2): 270/441 kB | 10/464 kBProgress (2): 274/441 kB | 10/464 kBProgress (2): 278/441 kB | 10/464 kBProgress (2): 282/441 kB | 10/464 kBProgress (2): 286/441 kB | 10/464 kBProgress (2): 290/441 kB | 10/464 kBProgress (2): 294/441 kB | 10/464 kBProgress (2): 298/441 kB | 10/464 kBProgress (2): 303/441 kB | 10/464 kBProgress (2): 307/441 kB | 10/464 kBProgress (2): 311/441 kB | 10/464 kBProgress (2): 315/441 kB | 10/464 kBProgress (2): 319/441 kB | 10/464 kBProgress (2): 319/441 kB | 13/464 kBProgress (2): 323/441 kB | 13/464 kBProgress (2): 327/441 kB | 13/464 kBProgress (2): 327/441 kB | 16/464 kBProgress (2): 331/441 kB | 16/464 kBProgress (2): 331/441 kB | 19/464 kBProgress (2): 335/441 kB | 19/464 kBProgress (2): 339/441 kB | 19/464 kBProgress (2): 339/441 kB | 21/464 kBProgress (2): 344/441 kB | 21/464 kBProgress (2): 344/441 kB | 24/464 kBProgress (2): 348/441 kB | 24/464 kBProgress (2): 348/441 kB | 27/464 kBProgress (2): 352/441 kB | 27/464 kBProgress (2): 356/441 kB | 27/464 kBProgress (2): 356/441 kB | 30/464 kBProgress (2): 360/441 kB | 30/464 kBProgress (2): 360/441 kB | 32/464 kBProgress (3): 360/441 kB | 32/464 kB | 0/3.8 MBProgress (3): 364/441 kB | 32/464 kB | 0/3.8 MBProgress (3): 368/441 kB | 32/464 kB | 0/3.8 MBProgress (3): 368/441 kB | 32/464 kB | 0/3.8 MBProgress (3): 372/441 kB | 32/464 kB | 0/3.8 MBProgress (3): 376/441 kB | 32/464 kB | 0/3.8 MBProgress (3): 376/441 kB | 32/464 kB | 0/3.8 MBProgress (3): 380/441 kB | 32/464 kB | 0/3.8 MBProgress (3): 384/441 kB | 32/464 kB | 0/3.8 MBProgress (3): 389/441 kB | 32/464 kB | 0/3.8 MBProgress (3): 393/441 kB | 32/464 kB | 0/3.8 MBProgress (3): 397/441 kB | 32/464 kB | 0/3.8 MBProgress (3): 401/441 kB | 32/464 kB | 0/3.8 MBProgress (3): 405/441 kB | 32/464 kB | 0/3.8 MBProgress (3): 409/441 kB | 32/464 kB | 0/3.8 MBProgress (3): 413/441 kB | 32/464 kB | 0/3.8 MBProgress (3): 417/441 kB | 32/464 kB | 0/3.8 MBProgress (3): 421/441 kB | 32/464 kB | 0/3.8 MBProgress (3): 425/441 kB | 32/464 kB | 0/3.8 MBProgress (3): 430/441 kB | 32/464 kB | 0/3.8 MBProgress (3): 434/441 kB | 32/464 kB | 0/3.8 MBProgress (3): 438/441 kB | 32/464 kB | 0/3.8 MBProgress (3): 441 kB | 32/464 kB | 0/3.8 MB    Progress (3): 441 kB | 32/464 kB | 0/3.8 MBProgress (3): 441 kB | 36/464 kB | 0/3.8 MBProgress (3): 441 kB | 40/464 kB | 0/3.8 MBProgress (3): 441 kB | 40/464 kB | 0/3.8 MBProgress (3): 441 kB | 45/464 kB | 0/3.8 MBProgress (3): 441 kB | 49/464 kB | 0/3.8 MBProgress (3): 441 kB | 49/464 kB | 0/3.8 MBProgress (3): 441 kB | 49/464 kB | 0/3.8 MBProgress (3): 441 kB | 49/464 kB | 0/3.8 MBProgress (3): 441 kB | 49/464 kB | 0/3.8 MBProgress (3): 441 kB | 49/464 kB | 0/3.8 MBProgress (3): 441 kB | 49/464 kB | 0/3.8 MBProgress (3): 441 kB | 49/464 kB | 0/3.8 MBProgress (3): 441 kB | 53/464 kB | 0/3.8 MBProgress (3): 441 kB | 57/464 kB | 0/3.8 MBProgress (3): 441 kB | 61/464 kB | 0/3.8 MBProgress (3): 441 kB | 65/464 kB | 0/3.8 MBProgress (3): 441 kB | 69/464 kB | 0/3.8 MBProgress (3): 441 kB | 73/464 kB | 0/3.8 MBProgress (3): 441 kB | 77/464 kB | 0/3.8 MBProgress (3): 441 kB | 81/464 kB | 0/3.8 MBProgress (3): 441 kB | 85/464 kB | 0/3.8 MBProgress (3): 441 kB | 90/464 kB | 0/3.8 MBProgress (3): 441 kB | 94/464 kB | 0/3.8 MBProgress (3): 441 kB | 98/464 kB | 0/3.8 MBProgress (3): 441 kB | 102/464 kB | 0/3.8 MBProgress (3): 441 kB | 106/464 kB | 0/3.8 MBProgress (3): 441 kB | 106/464 kB | 0/3.8 MBProgress (3): 441 kB | 110/464 kB | 0/3.8 MBProgress (3): 441 kB | 110/464 kB | 0/3.8 MBProgress (3): 441 kB | 114/464 kB | 0/3.8 MBProgress (3): 441 kB | 114/464 kB | 0/3.8 MBProgress (3): 441 kB | 114/464 kB | 0/3.8 MBProgress (3): 441 kB | 118/464 kB | 0/3.8 MBProgress (3): 441 kB | 122/464 kB | 0/3.8 MBProgress (3): 441 kB | 126/464 kB | 0/3.8 MBProgress (3): 441 kB | 131/464 kB | 0/3.8 MBProgress (3): 441 kB | 131/464 kB | 0.1/3.8 MBProgress (3): 441 kB | 135/464 kB | 0.1/3.8 MBProgress (3): 441 kB | 135/464 kB | 0.1/3.8 MBProgress (3): 441 kB | 139/464 kB | 0.1/3.8 MBProgress (3): 441 kB | 139/464 kB | 0.1/3.8 MBProgress (3): 441 kB | 143/464 kB | 0.1/3.8 MBProgress (3): 441 kB | 143/464 kB | 0.1/3.8 MBProgress (3): 441 kB | 147/464 kB | 0.1/3.8 MBProgress (3): 441 kB | 151/464 kB | 0.1/3.8 MBProgress (3): 441 kB | 155/464 kB | 0.1/3.8 MBProgress (3): 441 kB | 159/464 kB | 0.1/3.8 MBProgress (3): 441 kB | 163/464 kB | 0.1/3.8 MBProgress (3): 441 kB | 163/464 kB | 0.1/3.8 MBProgress (3): 441 kB | 163/464 kB | 0.1/3.8 MBProgress (3): 441 kB | 163/464 kB | 0.1/3.8 MBProgress (3): 441 kB | 167/464 kB | 0.1/3.8 MBProgress (3): 441 kB | 167/464 kB | 0.1/3.8 MBProgress (3): 441 kB | 171/464 kB | 0.1/3.8 MBProgress (3): 441 kB | 176/464 kB | 0.1/3.8 MBProgress (3): 441 kB | 180/464 kB | 0.1/3.8 MBProgress (3): 441 kB | 184/464 kB | 0.1/3.8 MBProgress (3): 441 kB | 188/464 kB | 0.1/3.8 MBProgress (3): 441 kB | 192/464 kB | 0.1/3.8 MBProgress (3): 441 kB | 196/464 kB | 0.1/3.8 MBProgress (3): 441 kB | 196/464 kB | 0.1/3.8 MBProgress (3): 441 kB | 196/464 kB | 0.1/3.8 MBProgress (3): 441 kB | 196/464 kB | 0.1/3.8 MBProgress (3): 441 kB | 196/464 kB | 0.1/3.8 MBProgress (3): 441 kB | 200/464 kB | 0.1/3.8 MBProgress (3): 441 kB | 204/464 kB | 0.1/3.8 MBProgress (3): 441 kB | 208/464 kB | 0.1/3.8 MBProgress (3): 441 kB | 212/464 kB | 0.1/3.8 MBProgress (3): 441 kB | 212/464 kB | 0.1/3.8 MBProgress (3): 441 kB | 212/464 kB | 0.1/3.8 MBProgress (3): 441 kB | 212/464 kB | 0.1/3.8 MBProgress (3): 441 kB | 212/464 kB | 0.1/3.8 MBProgress (3): 441 kB | 217/464 kB | 0.1/3.8 MBProgress (3): 441 kB | 217/464 kB | 0.1/3.8 MBProgress (3): 441 kB | 221/464 kB | 0.1/3.8 MBProgress (3): 441 kB | 221/464 kB | 0.1/3.8 MBProgress (3): 441 kB | 225/464 kB | 0.1/3.8 MBProgress (3): 441 kB | 225/464 kB | 0.1/3.8 MBProgress (3): 441 kB | 229/464 kB | 0.1/3.8 MBProgress (3): 441 kB | 229/464 kB | 0.1/3.8 MBProgress (3): 441 kB | 229/464 kB | 0.1/3.8 MBProgress (3): 441 kB | 229/464 kB | 0.1/3.8 MBProgress (3): 441 kB | 233/464 kB | 0.1/3.8 MBProgress (3): 441 kB | 233/464 kB | 0.1/3.8 MBProgress (3): 441 kB | 237/464 kB | 0.1/3.8 MBProgress (3): 441 kB | 237/464 kB | 0.1/3.8 MBProgress (3): 441 kB | 241/464 kB | 0.1/3.8 MBProgress (3): 441 kB | 245/464 kB | 0.1/3.8 MBProgress (3): 441 kB | 245/464 kB | 0.2/3.8 MBProgress (3): 441 kB | 245/464 kB | 0.2/3.8 MBProgress (3): 441 kB | 245/464 kB | 0.2/3.8 MBProgress (3): 441 kB | 245/464 kB | 0.2/3.8 MBProgress (3): 441 kB | 249/464 kB | 0.2/3.8 MBProgress (3): 441 kB | 253/464 kB | 0.2/3.8 MBProgress (3): 441 kB | 258/464 kB | 0.2/3.8 MBProgress (3): 441 kB | 262/464 kB | 0.2/3.8 MBProgress (3): 441 kB | 262/464 kB | 0.2/3.8 MBProgress (3): 441 kB | 262/464 kB | 0.2/3.8 MBProgress (3): 441 kB | 262/464 kB | 0.2/3.8 MBProgress (3): 441 kB | 262/464 kB | 0.2/3.8 MBProgress (3): 441 kB | 262/464 kB | 0.2/3.8 MBProgress (3): 441 kB | 262/464 kB | 0.2/3.8 MBProgress (3): 441 kB | 262/464 kB | 0.2/3.8 MBProgress (3): 441 kB | 266/464 kB | 0.2/3.8 MBProgress (3): 441 kB | 266/464 kB | 0.2/3.8 MBProgress (3): 441 kB | 270/464 kB | 0.2/3.8 MBProgress (3): 441 kB | 274/464 kB | 0.2/3.8 MBProgress (3): 441 kB | 278/464 kB | 0.2/3.8 MBProgress (3): 441 kB | 282/464 kB | 0.2/3.8 MBProgress (3): 441 kB | 286/464 kB | 0.2/3.8 MBProgress (3): 441 kB | 290/464 kB | 0.2/3.8 MBProgress (3): 441 kB | 294/464 kB | 0.2/3.8 MBProgress (3): 441 kB | 294/464 kB | 0.2/3.8 MBProgress (3): 441 kB | 298/464 kB | 0.2/3.8 MBProgress (3): 441 kB | 298/464 kB | 0.2/3.8 MBProgress (3): 441 kB | 303/464 kB | 0.2/3.8 MBProgress (3): 441 kB | 303/464 kB | 0.2/3.8 MBProgress (3): 441 kB | 307/464 kB | 0.2/3.8 MBProgress (3): 441 kB | 307/464 kB | 0.2/3.8 MBProgress (3): 441 kB | 311/464 kB | 0.2/3.8 MBProgress (3): 441 kB | 311/464 kB | 0.2/3.8 MBProgress (3): 441 kB | 311/464 kB | 0.2/3.8 MBProgress (3): 441 kB | 311/464 kB | 0.2/3.8 MBProgress (3): 441 kB | 311/464 kB | 0.2/3.8 MBProgress (3): 441 kB | 311/464 kB | 0.2/3.8 MBProgress (3): 441 kB | 311/464 kB | 0.2/3.8 MBProgress (3): 441 kB | 311/464 kB | 0.2/3.8 MBProgress (3): 441 kB | 311/464 kB | 0.2/3.8 MBProgress (3): 441 kB | 315/464 kB | 0.2/3.8 MBProgress (3): 441 kB | 319/464 kB | 0.2/3.8 MBProgress (3): 441 kB | 319/464 kB | 0.2/3.8 MBProgress (3): 441 kB | 323/464 kB | 0.2/3.8 MBProgress (3): 441 kB | 323/464 kB | 0.3/3.8 MBProgress (3): 441 kB | 327/464 kB | 0.3/3.8 MBProgress (3): 441 kB | 327/464 kB | 0.3/3.8 MBProgress (3): 441 kB | 327/464 kB | 0.3/3.8 MBProgress (3): 441 kB | 331/464 kB | 0.3/3.8 MBProgress (3): 441 kB | 335/464 kB | 0.3/3.8 MBProgress (3): 441 kB | 335/464 kB | 0.3/3.8 MBProgress (3): 441 kB | 339/464 kB | 0.3/3.8 MBProgress (3): 441 kB | 339/464 kB | 0.3/3.8 MBProgress (3): 441 kB | 344/464 kB | 0.3/3.8 MBProgress (3): 441 kB | 344/464 kB | 0.3/3.8 MBProgress (3): 441 kB | 344/464 kB | 0.3/3.8 MBProgress (3): 441 kB | 344/464 kB | 0.3/3.8 MBProgress (3): 441 kB | 344/464 kB | 0.3/3.8 MBProgress (3): 441 kB | 344/464 kB | 0.3/3.8 MBProgress (3): 441 kB | 344/464 kB | 0.3/3.8 MBProgress (3): 441 kB | 344/464 kB | 0.3/3.8 MBProgress (3): 441 kB | 344/464 kB | 0.3/3.8 MBProgress (3): 441 kB | 344/464 kB | 0.3/3.8 MBProgress (3): 441 kB | 348/464 kB | 0.3/3.8 MBProgress (3): 441 kB | 348/464 kB | 0.3/3.8 MBProgress (3): 441 kB | 352/464 kB | 0.3/3.8 MBProgress (3): 441 kB | 356/464 kB | 0.3/3.8 MBProgress (3): 441 kB | 360/464 kB | 0.3/3.8 MBProgress (3): 441 kB | 360/464 kB | 0.3/3.8 MBProgress (3): 441 kB | 360/464 kB | 0.3/3.8 MBProgress (3): 441 kB | 360/464 kB | 0.3/3.8 MBProgress (3): 441 kB | 360/464 kB | 0.3/3.8 MBProgress (3): 441 kB | 360/464 kB | 0.3/3.8 MBProgress (3): 441 kB | 360/464 kB | 0.3/3.8 MBProgress (3): 441 kB | 360/464 kB | 0.3/3.8 MBProgress (3): 441 kB | 360/464 kB | 0.3/3.8 MBProgress (3): 441 kB | 364/464 kB | 0.3/3.8 MBProgress (3): 441 kB | 368/464 kB | 0.3/3.8 MBProgress (3): 441 kB | 372/464 kB | 0.3/3.8 MBProgress (3): 441 kB | 376/464 kB | 0.3/3.8 MBProgress (3): 441 kB | 376/464 kB | 0.3/3.8 MBProgress (3): 441 kB | 376/464 kB | 0.4/3.8 MBProgress (3): 441 kB | 376/464 kB | 0.4/3.8 MBProgress (3): 441 kB | 376/464 kB | 0.4/3.8 MBProgress (3): 441 kB | 376/464 kB | 0.4/3.8 MBProgress (3): 441 kB | 376/464 kB | 0.4/3.8 MBProgress (3): 441 kB | 376/464 kB | 0.4/3.8 MBProgress (3): 441 kB | 376/464 kB | 0.4/3.8 MBProgress (3): 441 kB | 380/464 kB | 0.4/3.8 MBProgress (3): 441 kB | 384/464 kB | 0.4/3.8 MBProgress (3): 441 kB | 389/464 kB | 0.4/3.8 MBProgress (3): 441 kB | 393/464 kB | 0.4/3.8 MBProgress (3): 441 kB | 397/464 kB | 0.4/3.8 MBProgress (3): 441 kB | 401/464 kB | 0.4/3.8 MBProgress (3): 441 kB | 401/464 kB | 0.4/3.8 MBProgress (3): 441 kB | 401/464 kB | 0.4/3.8 MBProgress (3): 441 kB | 405/464 kB | 0.4/3.8 MBProgress (3): 441 kB | 405/464 kB | 0.4/3.8 MBProgress (3): 441 kB | 409/464 kB | 0.4/3.8 MBProgress (3): 441 kB | 409/464 kB | 0.4/3.8 MBProgress (3): 441 kB | 413/464 kB | 0.4/3.8 MBProgress (3): 441 kB | 413/464 kB | 0.4/3.8 MBProgress (3): 441 kB | 417/464 kB | 0.4/3.8 MBProgress (3): 441 kB | 417/464 kB | 0.4/3.8 MBProgress (3): 441 kB | 421/464 kB | 0.4/3.8 MBProgress (3): 441 kB | 421/464 kB | 0.4/3.8 MBProgress (3): 441 kB | 425/464 kB | 0.4/3.8 MBProgress (3): 441 kB | 425/464 kB | 0.4/3.8 MBProgress (3): 441 kB | 425/464 kB | 0.4/3.8 MBProgress (3): 441 kB | 425/464 kB | 0.4/3.8 MBProgress (3): 441 kB | 425/464 kB | 0.4/3.8 MBProgress (3): 441 kB | 425/464 kB | 0.4/3.8 MBProgress (3): 441 kB | 425/464 kB | 0.4/3.8 MBProgress (3): 441 kB | 425/464 kB | 0.4/3.8 MBProgress (3): 441 kB | 425/464 kB | 0.4/3.8 MBProgress (3): 441 kB | 425/464 kB | 0.4/3.8 MBProgress (3): 441 kB | 430/464 kB | 0.4/3.8 MBProgress (3): 441 kB | 434/464 kB | 0.4/3.8 MBProgress (3): 441 kB | 438/464 kB | 0.4/3.8 MBProgress (3): 441 kB | 442/464 kB | 0.4/3.8 MBProgress (3): 441 kB | 442/464 kB | 0.4/3.8 MBProgress (3): 441 kB | 442/464 kB | 0.5/3.8 MBProgress (3): 441 kB | 442/464 kB | 0.5/3.8 MBProgress (3): 441 kB | 442/464 kB | 0.5/3.8 MBProgress (3): 441 kB | 446/464 kB | 0.5/3.8 MBProgress (3): 441 kB | 446/464 kB | 0.5/3.8 MBProgress (3): 441 kB | 450/464 kB | 0.5/3.8 MBProgress (3): 441 kB | 450/464 kB | 0.5/3.8 MBProgress (3): 441 kB | 454/464 kB | 0.5/3.8 MBProgress (3): 441 kB | 454/464 kB | 0.5/3.8 MBProgress (3): 441 kB | 458/464 kB | 0.5/3.8 MBProgress (3): 441 kB | 458/464 kB | 0.5/3.8 MBProgress (3): 441 kB | 462/464 kB | 0.5/3.8 MBProgress (3): 441 kB | 464 kB | 0.5/3.8 MB    Progress (3): 441 kB | 464 kB | 0.5/3.8 MBProgress (3): 441 kB | 464 kB | 0.5/3.8 MBProgress (3): 441 kB | 464 kB | 0.5/3.8 MB                                          Downloaded from central: https://repo.maven.apache.org/maven2/org/apache/hbase/hbase-endpoint/2.2.4/hbase-endpoint-2.2.4.jar (441 kB at 2.0 MB/s)
Progress (2): 464 kB | 0.5/3.8 MBProgress (2): 464 kB | 0.5/3.8 MBProgress (2): 464 kB | 0.5/3.8 MBProgress (2): 464 kB | 0.5/3.8 MBProgress (2): 464 kB | 0.5/3.8 MBProgress (2): 464 kB | 0.5/3.8 MBProgress (2): 464 kB | 0.5/3.8 MBProgress (2): 464 kB | 0.5/3.8 MBProgress (2): 464 kB | 0.5/3.8 MBProgress (2): 464 kB | 0.5/3.8 MBProgress (2): 464 kB | 0.5/3.8 MBProgress (2): 464 kB | 0.5/3.8 MBProgress (2): 464 kB | 0.5/3.8 MBProgress (2): 464 kB | 0.5/3.8 MBProgress (2): 464 kB | 0.5/3.8 MBProgress (2): 464 kB | 0.6/3.8 MBProgress (2): 464 kB | 0.6/3.8 MBProgress (2): 464 kB | 0.6/3.8 MBProgress (2): 464 kB | 0.6/3.8 MBProgress (2): 464 kB | 0.6/3.8 MBProgress (2): 464 kB | 0.6/3.8 MBProgress (2): 464 kB | 0.6/3.8 MBProgress (2): 464 kB | 0.6/3.8 MBProgress (2): 464 kB | 0.6/3.8 MBProgress (2): 464 kB | 0.6/3.8 MBProgress (2): 464 kB | 0.6/3.8 MBProgress (2): 464 kB | 0.6/3.8 MBProgress (2): 464 kB | 0.6/3.8 MBProgress (2): 464 kB | 0.6/3.8 MBProgress (2): 464 kB | 0.6/3.8 MBProgress (2): 464 kB | 0.6/3.8 MBProgress (2): 464 kB | 0.6/3.8 MBProgress (2): 464 kB | 0.6/3.8 MBProgress (2): 464 kB | 0.6/3.8 MBProgress (2): 464 kB | 0.6/3.8 MBProgress (2): 464 kB | 0.6/3.8 MBProgress (2): 464 kB | 0.6/3.8 MBProgress (2): 464 kB | 0.6/3.8 MBProgress (2): 464 kB | 0.6/3.8 MBProgress (2): 464 kB | 0.7/3.8 MBProgress (2): 464 kB | 0.7/3.8 MBProgress (2): 464 kB | 0.7/3.8 MBProgress (2): 464 kB | 0.7/3.8 MBProgress (2): 464 kB | 0.7/3.8 MBProgress (2): 464 kB | 0.7/3.8 MBProgress (2): 464 kB | 0.7/3.8 MBProgress (2): 464 kB | 0.7/3.8 MBProgress (2): 464 kB | 0.7/3.8 MBProgress (2): 464 kB | 0.7/3.8 MBProgress (2): 464 kB | 0.7/3.8 MBProgress (2): 464 kB | 0.7/3.8 MBProgress (2): 464 kB | 0.7/3.8 MBProgress (2): 464 kB | 0.7/3.8 MBProgress (2): 464 kB | 0.7/3.8 MBProgress (2): 464 kB | 0.7/3.8 MBProgress (2): 464 kB | 0.7/3.8 MBProgress (2): 464 kB | 0.7/3.8 MBProgress (2): 464 kB | 0.7/3.8 MBProgress (2): 464 kB | 0.7/3.8 MBProgress (2): 464 kB | 0.7/3.8 MBProgress (2): 464 kB | 0.7/3.8 MBProgress (2): 464 kB | 0.7/3.8 MBProgress (2): 464 kB | 0.7/3.8 MBProgress (2): 464 kB | 0.7/3.8 MB                                 Downloaded from central: https://repo.maven.apache.org/maven2/org/apache/hbase/hbase-rest/2.2.4/hbase-rest-2.2.4.jar (464 kB at 1.9 MB/s)
Progress (1): 0.8/3.8 MBProgress (1): 0.8/3.8 MBProgress (1): 0.8/3.8 MBProgress (1): 0.8/3.8 MBProgress (1): 0.8/3.8 MBProgress (1): 0.8/3.8 MBProgress (1): 0.8/3.8 MBProgress (1): 0.8/3.8 MBProgress (1): 0.8/3.8 MBProgress (1): 0.8/3.8 MBProgress (1): 0.8/3.8 MBProgress (1): 0.8/3.8 MBProgress (1): 0.8/3.8 MBProgress (1): 0.8/3.8 MBProgress (1): 0.8/3.8 MBProgress (1): 0.8/3.8 MBProgress (1): 0.8/3.8 MBProgress (1): 0.8/3.8 MBProgress (1): 0.8/3.8 MBProgress (1): 0.8/3.8 MBProgress (1): 0.8/3.8 MBProgress (1): 0.8/3.8 MBProgress (1): 0.8/3.8 MBProgress (1): 0.8/3.8 MBProgress (1): 0.9/3.8 MBProgress (1): 0.9/3.8 MBProgress (1): 0.9/3.8 MBProgress (1): 0.9/3.8 MBProgress (1): 0.9/3.8 MBProgress (1): 0.9/3.8 MBProgress (1): 0.9/3.8 MBProgress (1): 0.9/3.8 MBProgress (1): 0.9/3.8 MBProgress (1): 0.9/3.8 MBProgress (1): 0.9/3.8 MBProgress (1): 0.9/3.8 MBProgress (1): 0.9/3.8 MBProgress (1): 0.9/3.8 MBProgress (1): 0.9/3.8 MBProgress (1): 0.9/3.8 MBProgress (1): 0.9/3.8 MBProgress (1): 0.9/3.8 MBProgress (1): 0.9/3.8 MBProgress (1): 0.9/3.8 MBProgress (1): 0.9/3.8 MBProgress (1): 0.9/3.8 MBProgress (1): 0.9/3.8 MBProgress (1): 0.9/3.8 MBProgress (1): 0.9/3.8 MBProgress (1): 1.0/3.8 MBProgress (1): 1.0/3.8 MBProgress (1): 1.0/3.8 MBProgress (1): 1.0/3.8 MBProgress (1): 1.0/3.8 MBProgress (1): 1.0/3.8 MBProgress (1): 1.0/3.8 MBProgress (1): 1.0/3.8 MBProgress (1): 1.0/3.8 MBProgress (1): 1.0/3.8 MBProgress (1): 1.0/3.8 MBProgress (1): 1.0/3.8 MBProgress (1): 1.0/3.8 MBProgress (1): 1.0/3.8 MBProgress (1): 1.0/3.8 MBProgress (1): 1.0/3.8 MBProgress (1): 1.0/3.8 MBProgress (1): 1.0/3.8 MBProgress (1): 1.0/3.8 MBProgress (1): 1.0/3.8 MBProgress (1): 1.0/3.8 MBProgress (1): 1.0/3.8 MBProgress (1): 1.0/3.8 MBProgress (1): 1.0/3.8 MBProgress (1): 1.1/3.8 MBProgress (1): 1.1/3.8 MBProgress (1): 1.1/3.8 MBProgress (1): 1.1/3.8 MBProgress (1): 1.1/3.8 MBProgress (1): 1.1/3.8 MBProgress (1): 1.1/3.8 MBProgress (1): 1.1/3.8 MBProgress (1): 1.1/3.8 MBProgress (1): 1.1/3.8 MBProgress (1): 1.1/3.8 MBProgress (1): 1.1/3.8 MBProgress (1): 1.1/3.8 MBProgress (1): 1.1/3.8 MBProgress (1): 1.1/3.8 MBProgress (1): 1.1/3.8 MBProgress (1): 1.1/3.8 MBProgress (1): 1.1/3.8 MBProgress (1): 1.1/3.8 MBProgress (1): 1.1/3.8 MBProgress (1): 1.1/3.8 MBProgress (1): 1.1/3.8 MBProgress (1): 1.1/3.8 MBProgress (1): 1.1/3.8 MBProgress (1): 1.2/3.8 MBProgress (1): 1.2/3.8 MBProgress (1): 1.2/3.8 MBProgress (1): 1.2/3.8 MBProgress (1): 1.2/3.8 MBProgress (1): 1.2/3.8 MBProgress (1): 1.2/3.8 MBProgress (1): 1.2/3.8 MBProgress (1): 1.2/3.8 MBProgress (1): 1.2/3.8 MBProgress (1): 1.2/3.8 MBProgress (1): 1.2/3.8 MBProgress (1): 1.2/3.8 MBProgress (1): 1.2/3.8 MBProgress (1): 1.2/3.8 MBProgress (1): 1.2/3.8 MBProgress (1): 1.2/3.8 MBProgress (1): 1.2/3.8 MBProgress (1): 1.2/3.8 MBProgress (1): 1.2/3.8 MBProgress (1): 1.2/3.8 MBProgress (1): 1.2/3.8 MBProgress (1): 1.2/3.8 MBProgress (1): 1.2/3.8 MBProgress (1): 1.2/3.8 MBProgress (1): 1.3/3.8 MBProgress (1): 1.3/3.8 MBProgress (1): 1.3/3.8 MBProgress (1): 1.3/3.8 MBProgress (1): 1.3/3.8 MBProgress (1): 1.3/3.8 MBProgress (1): 1.3/3.8 MBProgress (1): 1.3/3.8 MBProgress (1): 1.3/3.8 MBProgress (1): 1.3/3.8 MBProgress (1): 1.3/3.8 MBProgress (1): 1.3/3.8 MBProgress (1): 1.3/3.8 MBProgress (1): 1.3/3.8 MBProgress (1): 1.3/3.8 MBProgress (1): 1.3/3.8 MBProgress (1): 1.3/3.8 MBProgress (1): 1.3/3.8 MBProgress (1): 1.3/3.8 MBProgress (1): 1.3/3.8 MBProgress (1): 1.3/3.8 MBProgress (1): 1.3/3.8 MBProgress (1): 1.3/3.8 MBProgress (1): 1.3/3.8 MBProgress (1): 1.4/3.8 MBProgress (1): 1.4/3.8 MBProgress (1): 1.4/3.8 MBProgress (1): 1.4/3.8 MBProgress (1): 1.4/3.8 MBProgress (1): 1.4/3.8 MBProgress (1): 1.4/3.8 MBProgress (1): 1.4/3.8 MBProgress (1): 1.4/3.8 MBProgress (1): 1.4/3.8 MBProgress (1): 1.4/3.8 MBProgress (1): 1.4/3.8 MBProgress (1): 1.4/3.8 MBProgress (1): 1.4/3.8 MBProgress (1): 1.4/3.8 MBProgress (1): 1.4/3.8 MBProgress (1): 1.4/3.8 MBProgress (1): 1.4/3.8 MBProgress (1): 1.4/3.8 MBProgress (1): 1.4/3.8 MBProgress (1): 1.4/3.8 MBProgress (1): 1.4/3.8 MBProgress (1): 1.4/3.8 MBProgress (1): 1.4/3.8 MBProgress (1): 1.4/3.8 MBProgress (1): 1.5/3.8 MBProgress (1): 1.5/3.8 MBProgress (1): 1.5/3.8 MBProgress (1): 1.5/3.8 MBProgress (1): 1.5/3.8 MBProgress (1): 1.5/3.8 MBProgress (1): 1.5/3.8 MBProgress (1): 1.5/3.8 MBProgress (1): 1.5/3.8 MBProgress (1): 1.5/3.8 MBProgress (1): 1.5/3.8 MBProgress (1): 1.5/3.8 MBProgress (1): 1.5/3.8 MBProgress (1): 1.5/3.8 MBProgress (1): 1.5/3.8 MBProgress (1): 1.5/3.8 MBProgress (1): 1.5/3.8 MBProgress (1): 1.5/3.8 MBProgress (1): 1.5/3.8 MBProgress (1): 1.5/3.8 MBProgress (1): 1.5/3.8 MBProgress (1): 1.5/3.8 MBProgress (1): 1.5/3.8 MBProgress (1): 1.5/3.8 MBProgress (1): 1.6/3.8 MBProgress (1): 1.6/3.8 MBProgress (1): 1.6/3.8 MBProgress (1): 1.6/3.8 MBProgress (1): 1.6/3.8 MBProgress (1): 1.6/3.8 MBProgress (1): 1.6/3.8 MBProgress (1): 1.6/3.8 MBProgress (1): 1.6/3.8 MBProgress (1): 1.6/3.8 MBProgress (1): 1.6/3.8 MBProgress (1): 1.6/3.8 MBProgress (1): 1.6/3.8 MBProgress (1): 1.6/3.8 MBProgress (1): 1.6/3.8 MBProgress (1): 1.6/3.8 MBProgress (1): 1.6/3.8 MBProgress (1): 1.6/3.8 MBProgress (1): 1.6/3.8 MBProgress (1): 1.6/3.8 MBProgress (1): 1.6/3.8 MBProgress (1): 1.6/3.8 MBProgress (1): 1.6/3.8 MBProgress (1): 1.6/3.8 MBProgress (1): 1.7/3.8 MBProgress (1): 1.7/3.8 MBProgress (1): 1.7/3.8 MBProgress (1): 1.7/3.8 MBProgress (1): 1.7/3.8 MBProgress (1): 1.7/3.8 MBProgress (1): 1.7/3.8 MBProgress (1): 1.7/3.8 MBProgress (1): 1.7/3.8 MBProgress (1): 1.7/3.8 MBProgress (1): 1.7/3.8 MBProgress (1): 1.7/3.8 MBProgress (1): 1.7/3.8 MBProgress (1): 1.7/3.8 MBProgress (1): 1.7/3.8 MBProgress (1): 1.7/3.8 MBProgress (1): 1.7/3.8 MBProgress (1): 1.7/3.8 MBProgress (1): 1.7/3.8 MBProgress (1): 1.7/3.8 MBProgress (1): 1.7/3.8 MBProgress (1): 1.7/3.8 MBProgress (1): 1.7/3.8 MBProgress (1): 1.7/3.8 MBProgress (1): 1.7/3.8 MBProgress (1): 1.8/3.8 MBProgress (1): 1.8/3.8 MBProgress (1): 1.8/3.8 MBProgress (1): 1.8/3.8 MBProgress (1): 1.8/3.8 MBProgress (1): 1.8/3.8 MBProgress (1): 1.8/3.8 MBProgress (1): 1.8/3.8 MBProgress (1): 1.8/3.8 MBProgress (1): 1.8/3.8 MBProgress (1): 1.8/3.8 MBProgress (1): 1.8/3.8 MBProgress (1): 1.8/3.8 MBProgress (1): 1.8/3.8 MBProgress (1): 1.8/3.8 MBProgress (1): 1.8/3.8 MBProgress (1): 1.8/3.8 MBProgress (1): 1.8/3.8 MBProgress (1): 1.8/3.8 MBProgress (1): 1.8/3.8 MBProgress (1): 1.8/3.8 MBProgress (1): 1.8/3.8 MBProgress (1): 1.8/3.8 MBProgress (1): 1.8/3.8 MBProgress (1): 1.9/3.8 MBProgress (1): 1.9/3.8 MBProgress (1): 1.9/3.8 MBProgress (1): 1.9/3.8 MBProgress (1): 1.9/3.8 MBProgress (1): 1.9/3.8 MBProgress (1): 1.9/3.8 MBProgress (1): 1.9/3.8 MBProgress (1): 1.9/3.8 MBProgress (1): 1.9/3.8 MBProgress (1): 1.9/3.8 MBProgress (1): 1.9/3.8 MBProgress (1): 1.9/3.8 MBProgress (1): 1.9/3.8 MBProgress (1): 1.9/3.8 MBProgress (1): 1.9/3.8 MBProgress (1): 1.9/3.8 MBProgress (1): 1.9/3.8 MBProgress (1): 1.9/3.8 MBProgress (1): 1.9/3.8 MBProgress (1): 1.9/3.8 MBProgress (1): 1.9/3.8 MBProgress (1): 1.9/3.8 MBProgress (1): 1.9/3.8 MBProgress (1): 1.9/3.8 MBProgress (1): 2.0/3.8 MBProgress (1): 2.0/3.8 MBProgress (1): 2.0/3.8 MBProgress (1): 2.0/3.8 MBProgress (1): 2.0/3.8 MBProgress (1): 2.0/3.8 MBProgress (1): 2.0/3.8 MBProgress (1): 2.0/3.8 MBProgress (1): 2.0/3.8 MBProgress (1): 2.0/3.8 MBProgress (1): 2.0/3.8 MBProgress (1): 2.0/3.8 MBProgress (1): 2.0/3.8 MBProgress (1): 2.0/3.8 MBProgress (1): 2.0/3.8 MBProgress (1): 2.0/3.8 MBProgress (1): 2.0/3.8 MBProgress (1): 2.0/3.8 MBProgress (1): 2.0/3.8 MBProgress (1): 2.0/3.8 MBProgress (1): 2.0/3.8 MBProgress (1): 2.0/3.8 MBProgress (1): 2.0/3.8 MBProgress (1): 2.0/3.8 MBProgress (1): 2.1/3.8 MBProgress (1): 2.1/3.8 MBProgress (1): 2.1/3.8 MBProgress (1): 2.1/3.8 MBProgress (1): 2.1/3.8 MBProgress (1): 2.1/3.8 MBProgress (1): 2.1/3.8 MBProgress (1): 2.1/3.8 MBProgress (1): 2.1/3.8 MBProgress (1): 2.1/3.8 MBProgress (1): 2.1/3.8 MBProgress (1): 2.1/3.8 MBProgress (1): 2.1/3.8 MBProgress (1): 2.1/3.8 MBProgress (1): 2.1/3.8 MBProgress (1): 2.1/3.8 MBProgress (1): 2.1/3.8 MBProgress (1): 2.1/3.8 MBProgress (1): 2.1/3.8 MBProgress (1): 2.1/3.8 MBProgress (1): 2.1/3.8 MBProgress (1): 2.1/3.8 MBProgress (1): 2.1/3.8 MBProgress (1): 2.1/3.8 MBProgress (1): 2.1/3.8 MBProgress (1): 2.2/3.8 MBProgress (1): 2.2/3.8 MBProgress (1): 2.2/3.8 MBProgress (1): 2.2/3.8 MBProgress (1): 2.2/3.8 MBProgress (1): 2.2/3.8 MBProgress (1): 2.2/3.8 MBProgress (1): 2.2/3.8 MBProgress (1): 2.2/3.8 MBProgress (1): 2.2/3.8 MBProgress (1): 2.2/3.8 MBProgress (1): 2.2/3.8 MBProgress (1): 2.2/3.8 MBProgress (1): 2.2/3.8 MBProgress (1): 2.2/3.8 MBProgress (1): 2.2/3.8 MBProgress (1): 2.2/3.8 MBProgress (1): 2.2/3.8 MBProgress (1): 2.2/3.8 MBProgress (1): 2.2/3.8 MBProgress (1): 2.2/3.8 MBProgress (1): 2.2/3.8 MBProgress (1): 2.2/3.8 MBProgress (1): 2.2/3.8 MBProgress (1): 2.3/3.8 MBProgress (1): 2.3/3.8 MBProgress (1): 2.3/3.8 MBProgress (1): 2.3/3.8 MBProgress (1): 2.3/3.8 MBProgress (1): 2.3/3.8 MBProgress (1): 2.3/3.8 MBProgress (1): 2.3/3.8 MBProgress (1): 2.3/3.8 MBProgress (1): 2.3/3.8 MBProgress (1): 2.3/3.8 MBProgress (1): 2.3/3.8 MBProgress (1): 2.3/3.8 MBProgress (1): 2.3/3.8 MBProgress (1): 2.3/3.8 MBProgress (1): 2.3/3.8 MBProgress (1): 2.3/3.8 MBProgress (1): 2.3/3.8 MBProgress (1): 2.3/3.8 MBProgress (1): 2.3/3.8 MBProgress (1): 2.3/3.8 MBProgress (1): 2.3/3.8 MBProgress (1): 2.3/3.8 MBProgress (1): 2.3/3.8 MBProgress (1): 2.4/3.8 MBProgress (1): 2.4/3.8 MBProgress (1): 2.4/3.8 MBProgress (1): 2.4/3.8 MBProgress (1): 2.4/3.8 MBProgress (1): 2.4/3.8 MBProgress (1): 2.4/3.8 MBProgress (1): 2.4/3.8 MBProgress (1): 2.4/3.8 MBProgress (1): 2.4/3.8 MBProgress (1): 2.4/3.8 MBProgress (1): 2.4/3.8 MBProgress (1): 2.4/3.8 MBProgress (1): 2.4/3.8 MBProgress (1): 2.4/3.8 MBProgress (1): 2.4/3.8 MBProgress (1): 2.4/3.8 MBProgress (1): 2.4/3.8 MBProgress (1): 2.4/3.8 MBProgress (1): 2.4/3.8 MBProgress (1): 2.4/3.8 MBProgress (1): 2.4/3.8 MBProgress (1): 2.4/3.8 MBProgress (1): 2.4/3.8 MBProgress (1): 2.4/3.8 MBProgress (1): 2.5/3.8 MBProgress (1): 2.5/3.8 MBProgress (1): 2.5/3.8 MBProgress (1): 2.5/3.8 MBProgress (1): 2.5/3.8 MBProgress (1): 2.5/3.8 MBProgress (1): 2.5/3.8 MBProgress (1): 2.5/3.8 MBProgress (1): 2.5/3.8 MBProgress (1): 2.5/3.8 MBProgress (1): 2.5/3.8 MBProgress (1): 2.5/3.8 MBProgress (1): 2.5/3.8 MBProgress (1): 2.5/3.8 MBProgress (1): 2.5/3.8 MBProgress (1): 2.5/3.8 MBProgress (1): 2.5/3.8 MBProgress (1): 2.5/3.8 MBProgress (1): 2.5/3.8 MBProgress (1): 2.5/3.8 MBProgress (1): 2.5/3.8 MBProgress (1): 2.5/3.8 MBProgress (1): 2.5/3.8 MBProgress (1): 2.5/3.8 MBProgress (1): 2.6/3.8 MBProgress (1): 2.6/3.8 MBProgress (1): 2.6/3.8 MBProgress (1): 2.6/3.8 MBProgress (1): 2.6/3.8 MBProgress (1): 2.6/3.8 MBProgress (1): 2.6/3.8 MBProgress (1): 2.6/3.8 MBProgress (1): 2.6/3.8 MBProgress (1): 2.6/3.8 MBProgress (1): 2.6/3.8 MBProgress (1): 2.6/3.8 MBProgress (1): 2.6/3.8 MBProgress (1): 2.6/3.8 MBProgress (1): 2.6/3.8 MBProgress (1): 2.6/3.8 MBProgress (1): 2.6/3.8 MBProgress (1): 2.6/3.8 MBProgress (1): 2.6/3.8 MBProgress (1): 2.6/3.8 MBProgress (1): 2.6/3.8 MBProgress (1): 2.6/3.8 MBProgress (1): 2.6/3.8 MBProgress (1): 2.6/3.8 MBProgress (1): 2.6/3.8 MBProgress (1): 2.7/3.8 MBProgress (1): 2.7/3.8 MBProgress (1): 2.7/3.8 MBProgress (1): 2.7/3.8 MBProgress (1): 2.7/3.8 MBProgress (1): 2.7/3.8 MBProgress (1): 2.7/3.8 MBProgress (1): 2.7/3.8 MBProgress (1): 2.7/3.8 MBProgress (1): 2.7/3.8 MBProgress (1): 2.7/3.8 MBProgress (1): 2.7/3.8 MBProgress (1): 2.7/3.8 MBProgress (1): 2.7/3.8 MBProgress (1): 2.7/3.8 MBProgress (1): 2.7/3.8 MBProgress (1): 2.7/3.8 MBProgress (1): 2.7/3.8 MBProgress (1): 2.7/3.8 MBProgress (1): 2.7/3.8 MBProgress (1): 2.7/3.8 MBProgress (1): 2.7/3.8 MBProgress (1): 2.7/3.8 MBProgress (1): 2.7/3.8 MBProgress (1): 2.8/3.8 MBProgress (1): 2.8/3.8 MBProgress (1): 2.8/3.8 MBProgress (1): 2.8/3.8 MBProgress (1): 2.8/3.8 MBProgress (1): 2.8/3.8 MBProgress (1): 2.8/3.8 MBProgress (1): 2.8/3.8 MBProgress (1): 2.8/3.8 MBProgress (1): 2.8/3.8 MBProgress (1): 2.8/3.8 MBProgress (1): 2.8/3.8 MBProgress (1): 2.8/3.8 MBProgress (1): 2.8/3.8 MBProgress (1): 2.8/3.8 MBProgress (1): 2.8/3.8 MBProgress (1): 2.8/3.8 MBProgress (1): 2.8/3.8 MBProgress (1): 2.8/3.8 MBProgress (1): 2.8/3.8 MBProgress (1): 2.8/3.8 MBProgress (1): 2.8/3.8 MBProgress (1): 2.8/3.8 MBProgress (1): 2.8/3.8 MBProgress (1): 2.9/3.8 MBProgress (1): 2.9/3.8 MBProgress (1): 2.9/3.8 MBProgress (1): 2.9/3.8 MBProgress (1): 2.9/3.8 MBProgress (1): 2.9/3.8 MBProgress (1): 2.9/3.8 MBProgress (1): 2.9/3.8 MBProgress (1): 2.9/3.8 MBProgress (1): 2.9/3.8 MBProgress (1): 2.9/3.8 MBProgress (1): 2.9/3.8 MBProgress (1): 2.9/3.8 MBProgress (1): 2.9/3.8 MBProgress (1): 2.9/3.8 MBProgress (1): 2.9/3.8 MBProgress (1): 2.9/3.8 MBProgress (1): 2.9/3.8 MBProgress (1): 2.9/3.8 MBProgress (1): 2.9/3.8 MBProgress (1): 2.9/3.8 MBProgress (1): 2.9/3.8 MBProgress (1): 2.9/3.8 MBProgress (1): 2.9/3.8 MBProgress (1): 2.9/3.8 MBProgress (1): 3.0/3.8 MBProgress (1): 3.0/3.8 MBProgress (1): 3.0/3.8 MBProgress (1): 3.0/3.8 MBProgress (1): 3.0/3.8 MBProgress (1): 3.0/3.8 MBProgress (1): 3.0/3.8 MBProgress (1): 3.0/3.8 MBProgress (1): 3.0/3.8 MBProgress (1): 3.0/3.8 MBProgress (1): 3.0/3.8 MBProgress (1): 3.0/3.8 MBProgress (1): 3.0/3.8 MBProgress (1): 3.0/3.8 MBProgress (1): 3.0/3.8 MBProgress (1): 3.0/3.8 MBProgress (1): 3.0/3.8 MBProgress (1): 3.0/3.8 MBProgress (1): 3.0/3.8 MBProgress (1): 3.0/3.8 MBProgress (1): 3.0/3.8 MBProgress (1): 3.0/3.8 MBProgress (1): 3.0/3.8 MBProgress (1): 3.0/3.8 MBProgress (1): 3.1/3.8 MBProgress (1): 3.1/3.8 MBProgress (1): 3.1/3.8 MBProgress (1): 3.1/3.8 MBProgress (1): 3.1/3.8 MBProgress (1): 3.1/3.8 MBProgress (1): 3.1/3.8 MBProgress (1): 3.1/3.8 MBProgress (1): 3.1/3.8 MBProgress (1): 3.1/3.8 MBProgress (1): 3.1/3.8 MBProgress (1): 3.1/3.8 MBProgress (1): 3.1/3.8 MBProgress (1): 3.1/3.8 MBProgress (1): 3.1/3.8 MBProgress (1): 3.1/3.8 MBProgress (1): 3.1/3.8 MBProgress (1): 3.1/3.8 MBProgress (1): 3.1/3.8 MBProgress (1): 3.1/3.8 MBProgress (1): 3.1/3.8 MBProgress (1): 3.1/3.8 MBProgress (1): 3.1/3.8 MBProgress (1): 3.1/3.8 MBProgress (1): 3.1/3.8 MBProgress (1): 3.2/3.8 MBProgress (1): 3.2/3.8 MBProgress (1): 3.2/3.8 MBProgress (1): 3.2/3.8 MBProgress (1): 3.2/3.8 MBProgress (1): 3.2/3.8 MBProgress (1): 3.2/3.8 MBProgress (1): 3.2/3.8 MBProgress (1): 3.2/3.8 MBProgress (1): 3.2/3.8 MBProgress (1): 3.2/3.8 MBProgress (1): 3.2/3.8 MBProgress (1): 3.2/3.8 MBProgress (1): 3.2/3.8 MBProgress (1): 3.2/3.8 MBProgress (1): 3.2/3.8 MBProgress (1): 3.2/3.8 MBProgress (1): 3.2/3.8 MBProgress (1): 3.2/3.8 MBProgress (1): 3.2/3.8 MBProgress (1): 3.2/3.8 MBProgress (1): 3.2/3.8 MBProgress (1): 3.2/3.8 MBProgress (1): 3.2/3.8 MBProgress (1): 3.3/3.8 MBProgress (1): 3.3/3.8 MBProgress (1): 3.3/3.8 MBProgress (1): 3.3/3.8 MBProgress (1): 3.3/3.8 MBProgress (1): 3.3/3.8 MBProgress (1): 3.3/3.8 MBProgress (1): 3.3/3.8 MBProgress (1): 3.3/3.8 MBProgress (1): 3.3/3.8 MBProgress (1): 3.3/3.8 MBProgress (1): 3.3/3.8 MBProgress (1): 3.3/3.8 MBProgress (1): 3.3/3.8 MBProgress (1): 3.3/3.8 MBProgress (1): 3.3/3.8 MBProgress (1): 3.3/3.8 MBProgress (1): 3.3/3.8 MBProgress (1): 3.3/3.8 MBProgress (1): 3.3/3.8 MBProgress (1): 3.3/3.8 MBProgress (1): 3.3/3.8 MBProgress (1): 3.3/3.8 MBProgress (1): 3.3/3.8 MBProgress (1): 3.3/3.8 MBProgress (1): 3.4/3.8 MBProgress (1): 3.4/3.8 MBProgress (1): 3.4/3.8 MBProgress (1): 3.4/3.8 MBProgress (1): 3.4/3.8 MBProgress (1): 3.4/3.8 MBProgress (1): 3.4/3.8 MBProgress (1): 3.4/3.8 MBProgress (1): 3.4/3.8 MBProgress (1): 3.4/3.8 MBProgress (1): 3.4/3.8 MBProgress (1): 3.4/3.8 MBProgress (1): 3.4/3.8 MBProgress (1): 3.4/3.8 MBProgress (1): 3.4/3.8 MBProgress (1): 3.4/3.8 MBProgress (1): 3.4/3.8 MBProgress (1): 3.4/3.8 MBProgress (1): 3.4/3.8 MBProgress (1): 3.4/3.8 MBProgress (1): 3.4/3.8 MBProgress (1): 3.4/3.8 MBProgress (1): 3.4/3.8 MBProgress (1): 3.4/3.8 MBProgress (1): 3.5/3.8 MBProgress (1): 3.5/3.8 MBProgress (1): 3.5/3.8 MBProgress (1): 3.5/3.8 MBProgress (1): 3.5/3.8 MBProgress (1): 3.5/3.8 MBProgress (1): 3.5/3.8 MBProgress (1): 3.5/3.8 MBProgress (1): 3.5/3.8 MBProgress (1): 3.5/3.8 MBProgress (1): 3.5/3.8 MBProgress (1): 3.5/3.8 MBProgress (1): 3.5/3.8 MBProgress (1): 3.5/3.8 MBProgress (1): 3.5/3.8 MBProgress (1): 3.5/3.8 MBProgress (1): 3.5/3.8 MBProgress (1): 3.5/3.8 MBProgress (1): 3.5/3.8 MBProgress (1): 3.5/3.8 MBProgress (1): 3.5/3.8 MBProgress (1): 3.5/3.8 MBProgress (1): 3.5/3.8 MBProgress (1): 3.5/3.8 MBProgress (1): 3.6/3.8 MBProgress (1): 3.6/3.8 MBProgress (1): 3.6/3.8 MBProgress (1): 3.6/3.8 MBProgress (1): 3.6/3.8 MBProgress (1): 3.6/3.8 MBProgress (1): 3.6/3.8 MBProgress (1): 3.6/3.8 MBProgress (1): 3.6/3.8 MBProgress (1): 3.6/3.8 MBProgress (1): 3.6/3.8 MBProgress (1): 3.6/3.8 MBProgress (1): 3.6/3.8 MBProgress (1): 3.6/3.8 MBProgress (1): 3.6/3.8 MBProgress (1): 3.6/3.8 MBProgress (1): 3.6/3.8 MBProgress (1): 3.6/3.8 MBProgress (1): 3.6/3.8 MBProgress (1): 3.6/3.8 MBProgress (1): 3.6/3.8 MBProgress (1): 3.6/3.8 MBProgress (1): 3.6/3.8 MBProgress (1): 3.6/3.8 MBProgress (1): 3.6/3.8 MBProgress (1): 3.7/3.8 MBProgress (1): 3.7/3.8 MBProgress (1): 3.7/3.8 MBProgress (1): 3.7/3.8 MBProgress (1): 3.7/3.8 MBProgress (1): 3.7/3.8 MBProgress (1): 3.7/3.8 MBProgress (1): 3.7/3.8 MBProgress (1): 3.7/3.8 MBProgress (1): 3.7/3.8 MBProgress (1): 3.7/3.8 MBProgress (1): 3.7/3.8 MBProgress (1): 3.7/3.8 MBProgress (1): 3.7/3.8 MBProgress (1): 3.7/3.8 MBProgress (1): 3.7/3.8 MBProgress (1): 3.7/3.8 MBProgress (1): 3.7/3.8 MBProgress (1): 3.7/3.8 MBProgress (1): 3.7/3.8 MBProgress (1): 3.7/3.8 MBProgress (1): 3.7/3.8 MBProgress (1): 3.7/3.8 MBProgress (1): 3.7/3.8 MBProgress (1): 3.8/3.8 MBProgress (1): 3.8/3.8 MBProgress (1): 3.8/3.8 MBProgress (1): 3.8/3.8 MBProgress (1): 3.8/3.8 MBProgress (1): 3.8 MB                        Downloaded from central: https://repo.maven.apache.org/maven2/org/apache/hbase/hbase-thrift/2.2.4/hbase-thrift-2.2.4.jar (3.8 MB at 7.6 MB/s)
[[1;34mINFO[m] 
[[1;34mINFO[m] [1m--- [0;32mbuild-helper-maven-plugin:3.0.0:bsh-property[m [1m(negate-license-bundles-property)[m @ [36mhbase-examples[0;1m ---[m
[[1;34mINFO[m] 
[[1;34mINFO[m] [1m--- [0;32mbuild-helper-maven-plugin:3.0.0:regex-property[m [1m(create-license-file-path-property)[m @ [36mhbase-examples[0;1m ---[m
[[1;34mINFO[m] No match to regex '\\' found in '/root/hbase-2.2.4/hbase-examples/target/maven-shared-archive-resources/META-INF/LICENSE'. The initial value '/root/hbase-2.2.4/hbase-examples/target/maven-shared-archive-resources/META-INF/LICENSE' is left as-is...
[[1;34mINFO[m] 
[[1;34mINFO[m] [1m--- [0;32mmaven-enforcer-plugin:3.0.0-M2:enforce[m [1m(enforce-maven-version)[m @ [36mhbase-examples[0;1m ---[m
[[1;34mINFO[m] 
[[1;34mINFO[m] [1m--- [0;32mmaven-enforcer-plugin:3.0.0-M2:enforce[m [1m(hadoop-profile-min-maven-min-java-banned-xerces)[m @ [36mhbase-examples[0;1m ---[m
[[1;34mINFO[m] 
[[1;34mINFO[m] [1m--- [0;32mmaven-enforcer-plugin:3.0.0-M2:enforce[m [1m(banned-jsr305)[m @ [36mhbase-examples[0;1m ---[m
[[1;34mINFO[m] 
[[1;34mINFO[m] [1m--- [0;32mbuildnumber-maven-plugin:1.4:create-timestamp[m [1m(default)[m @ [36mhbase-examples[0;1m ---[m
[[1;34mINFO[m] 
[[1;34mINFO[m] [1m--- [0;32mprotobuf-maven-plugin:0.5.0:compile[m [1m(compile-protoc)[m @ [36mhbase-examples[0;1m ---[m
[[1;34mINFO[m] Skipping compilation because target directory newer than sources.
[[1;34mINFO[m] 
[[1;34mINFO[m] [1m--- [0;32mmaven-enforcer-plugin:3.0.0-M2:enforce[m [1m(banned-illegal-imports)[m @ [36mhbase-examples[0;1m ---[m
[[1;34mINFO[m] 
[[1;34mINFO[m] [1m--- [0;32mmaven-remote-resources-plugin:1.5:process[m [1m(process-resource-bundles)[m @ [36mhbase-examples[0;1m ---[m
[[1;34mINFO[m] 
[[1;34mINFO[m] [1m--- [0;32mmaven-resources-plugin:3.1.0:resources[m [1m(default-resources)[m @ [36mhbase-examples[0;1m ---[m
[[1;34mINFO[m] Using 'UTF-8' encoding to copy filtered resources.
[[1;34mINFO[m] skip non existing resourceDirectory /root/hbase-2.2.4/hbase-examples/src/main/resources
[[1;34mINFO[m] Copying 2 resources
[[1;34mINFO[m] Copying 3 resources
[[1;34mINFO[m] 
[[1;34mINFO[m] [1m--- [0;32mmaven-enforcer-plugin:3.0.0-M2:enforce[m [1m(check-aggregate-license)[m @ [36mhbase-examples[0;1m ---[m
[[1;34mINFO[m] Skipping Rule Enforcement.
[[1;34mINFO[m] 
[[1;34mINFO[m] [1m--- [0;32mmaven-compiler-plugin:3.7.0:compile[m [1m(default-compile)[m @ [36mhbase-examples[0;1m ---[m
[[1;34mINFO[m] Nothing to compile - all classes are up to date
[[1;34mINFO[m] 
[[1;34mINFO[m] [1m--- [0;32mmaven-dependency-plugin:3.1.1:build-classpath[m [1m(create-mrapp-generated-classpath)[m @ [36mhbase-examples[0;1m ---[m
[[1;34mINFO[m] Wrote classpath file '/root/hbase-2.2.4/hbase-examples/target/test-classes/mrapp-generated-classpath'.
[[1;34mINFO[m] 
[[1;34mINFO[m] [1m--- [0;32mmaven-resources-plugin:3.1.0:testResources[m [1m(default-testResources)[m @ [36mhbase-examples[0;1m ---[m
[[1;34mINFO[m] Using 'UTF-8' encoding to copy filtered resources.
[[1;34mINFO[m] Copying 2 resources
[[1;34mINFO[m] Copying 3 resources
[[1;34mINFO[m] 
[[1;34mINFO[m] [1m--- [0;32mmaven-compiler-plugin:3.7.0:testCompile[m [1m(default-testCompile)[m @ [36mhbase-examples[0;1m ---[m
[[1;34mINFO[m] Nothing to compile - all classes are up to date
[[1;34mINFO[m] 
[[1;34mINFO[m] [1m--- [0;32mwarbucks-maven-plugin:1.1.0:check[m [1m(run-warbucks)[m @ [36mhbase-examples[0;1m ---[m
[[1;34mINFO[m] Rule 0: Class Matches: 24
[[1;34mINFO[m] Rule 0: Class Failures: 0
[[1;34mINFO[m] Total class failures: 0
[[1;34mINFO[m] 
[[1;34mINFO[m] [1m--- [0;32mmaven-surefire-plugin:3.0.0-M4:test[m [1m(default-test)[m @ [36mhbase-examples[0;1m ---[m
[[1;34mINFO[m] 
[[1;34mINFO[m] -------------------------------------------------------
[[1;34mINFO[m]  T E S T S
[[1;34mINFO[m] -------------------------------------------------------
[[1;34mINFO[m] Running org.apache.hadoop.hbase.types.[1mTestPBCell[m
[[1;34mINFO[m] [1;32mTests run: [0;1;32m1[m, Failures: 0, Errors: 0, Skipped: 0, Time elapsed: 0.274 s - in org.apache.hadoop.hbase.types.[1mTestPBCell[m
[[1;34mINFO[m] 
[[1;34mINFO[m] Results:
[[1;34mINFO[m] 
[[1;34mINFO[m] [1;32mTests run: 1, Failures: 0, Errors: 0, Skipped: 0[m
[[1;34mINFO[m] 
[[1;34mINFO[m] 
[[1;34mINFO[m] [1m--- [0;32mmaven-surefire-plugin:3.0.0-M4:test[m [1m(secondPartTestsExecution)[m @ [36mhbase-examples[0;1m ---[m
[[1;34mINFO[m] 
[[1;34mINFO[m] -------------------------------------------------------
[[1;34mINFO[m]  T E S T S
[[1;34mINFO[m] -------------------------------------------------------
[[1;34mINFO[m] Running org.apache.hadoop.hbase.client.example.[1mTestHttpProxyExample[m
[[1;34mINFO[m] Running org.apache.hadoop.hbase.client.example.[1mTestRefreshHFilesClient[m
[[1;34mINFO[m] [1;32mTests run: [0;1;32m1[m, Failures: 0, Errors: 0, Skipped: 0, Time elapsed: 2.701 s - in org.apache.hadoop.hbase.client.example.[1mTestHttpProxyExample[m
[[1;34mINFO[m] [1;32mTests run: [0;1;32m1[m, Failures: 0, Errors: 0, Skipped: 0, Time elapsed: 1.928 s - in org.apache.hadoop.hbase.client.example.[1mTestRefreshHFilesClient[m
[[1;34mINFO[m] Running org.apache.hadoop.hbase.coprocessor.example.[1mTestRefreshHFilesEndpoint[m
[[1;34mINFO[m] Running org.apache.hadoop.hbase.client.example.[1mTestAsyncClientExample[m
[[1;34mINFO[m] [1;32mTests run: [0;1;32m1[m, Failures: 0, Errors: 0, Skipped: 0, Time elapsed: 2.559 s - in org.apache.hadoop.hbase.client.example.[1mTestAsyncClientExample[m
[[1;34mINFO[m] [1;32mTests run: [0;1;32m2[m, Failures: 0, Errors: 0, Skipped: 0, Time elapsed: 29.306 s - in org.apache.hadoop.hbase.coprocessor.example.[1mTestRefreshHFilesEndpoint[m
[[1;34mINFO[m] Running org.apache.hadoop.hbase.coprocessor.example.[1mTestScanModifyingObserver[m
[[1;34mINFO[m] [1;32mTests run: [0;1;32m1[m, Failures: 0, Errors: 0, Skipped: 0, Time elapsed: 2.694 s - in org.apache.hadoop.hbase.coprocessor.example.[1mTestScanModifyingObserver[m
[[1;34mINFO[m] Running org.apache.hadoop.hbase.coprocessor.example.[1mTestValueReplacingCompaction[m
[[1;34mINFO[m] [1;32mTests run: [0;1;32m1[m, Failures: 0, Errors: 0, Skipped: 0, Time elapsed: 3.238 s - in org.apache.hadoop.hbase.coprocessor.example.[1mTestValueReplacingCompaction[m
[[1;34mINFO[m] Running org.apache.hadoop.hbase.coprocessor.example.[1mTestWriteHeavyIncrementObserverWithMemStoreCompaction[m
[[1;34mINFO[m] [1;32mTests run: [0;1;32m1[m, Failures: 0, Errors: 0, Skipped: 0, Time elapsed: 4.402 s - in org.apache.hadoop.hbase.coprocessor.example.[1mTestWriteHeavyIncrementObserverWithMemStoreCompaction[m
[[1;34mINFO[m] Running org.apache.hadoop.hbase.coprocessor.example.[1mTestWriteHeavyIncrementObserver[m
[[1;34mINFO[m] [1;32mTests run: [0;1;32m1[m, Failures: 0, Errors: 0, Skipped: 0, Time elapsed: 4.968 s - in org.apache.hadoop.hbase.coprocessor.example.[1mTestWriteHeavyIncrementObserver[m
[[1;34mINFO[m] Running org.apache.hadoop.hbase.coprocessor.example.[1mTestZooKeeperScanPolicyObserver[m
[[1;34mINFO[m] [1;32mTests run: [0;1;32m1[m, Failures: 0, Errors: 0, Skipped: 0, Time elapsed: 14.096 s - in org.apache.hadoop.hbase.coprocessor.example.[1mTestZooKeeperScanPolicyObserver[m
[[1;34mINFO[m] 
[[1;34mINFO[m] Results:
[[1;34mINFO[m] 
[[1;34mINFO[m] [1;32mTests run: 10, Failures: 0, Errors: 0, Skipped: 0[m
[[1;34mINFO[m] 
[[1;34mINFO[m] [1m------------------------------------------------------------------------[m
[[1;34mINFO[m] [1;32mBUILD SUCCESS[m
[[1;34mINFO[m] [1m------------------------------------------------------------------------[m
[[1;34mINFO[m] Total time:  02:15 min
[[1;34mINFO[m] Finished at: 2020-04-08T22:06:22Z
[[1;34mINFO[m] [1m------------------------------------------------------------------------[m
