[[1;34mINFO[m] Scanning for projects...
[[1;34mINFO[m] ------------------------------------------------------------------------
[[1;34mINFO[m] Detecting the operating system and CPU architecture
[[1;34mINFO[m] ------------------------------------------------------------------------
[[1;34mINFO[m] os.detected.name: linux
[[1;34mINFO[m] os.detected.arch: x86_64
[[1;34mINFO[m] os.detected.version: 4.4
[[1;34mINFO[m] os.detected.version.major: 4
[[1;34mINFO[m] os.detected.version.minor: 4
[[1;34mINFO[m] os.detected.release: ubuntu
[[1;34mINFO[m] os.detected.release.version: 18.04
[[1;34mINFO[m] os.detected.release.like.ubuntu: true
[[1;34mINFO[m] os.detected.release.like.debian: true
[[1;34mINFO[m] os.detected.classifier: linux-x86_64
[[1;34mINFO[m] 
[[1;34mINFO[m] [1m------------------< [0;36morg.apache.hbase:hbase-endpoint[0;1m >-------------------[m
[[1;34mINFO[m] [1mBuilding Apache HBase - Coprocessor Endpoint 2.2.4[m
[[1;34mINFO[m] [1m--------------------------------[ jar ]---------------------------------[m
Downloading from central: https://repo.maven.apache.org/maven2/org/apache/hbase/hbase-mapreduce/2.2.4/hbase-mapreduce-2.2.4.pom
Progress (1): 2.2/15 kBProgress (1): 5.0/15 kBProgress (1): 7.8/15 kBProgress (1): 11/15 kB Progress (1): 13/15 kBProgress (1): 15 kB                      Downloaded from central: https://repo.maven.apache.org/maven2/org/apache/hbase/hbase-mapreduce/2.2.4/hbase-mapreduce-2.2.4.pom (15 kB at 33 kB/s)
Downloading from central: https://repo.maven.apache.org/maven2/org/apache/hbase/hbase-http/2.2.4/hbase-http-2.2.4-tests.jar
Downloading from central: https://repo.maven.apache.org/maven2/org/apache/hbase/hbase-mapreduce/2.2.4/hbase-mapreduce-2.2.4.jar
Downloading from central: https://repo.maven.apache.org/maven2/org/apache/hbase/hbase-mapreduce/2.2.4/hbase-mapreduce-2.2.4-tests.jar
Progress (1): 2.2/90 kBProgress (1): 5.0/90 kBProgress (1): 7.7/90 kBProgress (1): 10/90 kB Progress (1): 13/90 kBProgress (1): 16/90 kBProgress (1): 19/90 kBProgress (1): 21/90 kBProgress (1): 24/90 kBProgress (1): 27/90 kBProgress (1): 30/90 kBProgress (1): 32/90 kBProgress (1): 36/90 kBProgress (1): 40/90 kBProgress (1): 45/90 kBProgress (1): 49/90 kBProgress (1): 53/90 kBProgress (1): 57/90 kBProgress (1): 61/90 kBProgress (1): 65/90 kBProgress (1): 69/90 kBProgress (1): 73/90 kBProgress (1): 77/90 kBProgress (1): 81/90 kBProgress (1): 85/90 kBProgress (1): 90/90 kBProgress (1): 90 kB   Progress (2): 90 kB | 2.2/422 kBProgress (2): 90 kB | 5.0/422 kBProgress (2): 90 kB | 7.7/422 kBProgress (2): 90 kB | 10/422 kB Progress (2): 90 kB | 13/422 kBProgress (2): 90 kB | 16/422 kBProgress (2): 90 kB | 19/422 kBProgress (2): 90 kB | 21/422 kBProgress (2): 90 kB | 24/422 kBProgress (2): 90 kB | 27/422 kBProgress (2): 90 kB | 30/422 kBProgress (2): 90 kB | 32/422 kBProgress (2): 90 kB | 36/422 kBProgress (2): 90 kB | 40/422 kBProgress (2): 90 kB | 45/422 kBProgress (2): 90 kB | 49/422 kBProgress (2): 90 kB | 53/422 kBProgress (2): 90 kB | 57/422 kBProgress (2): 90 kB | 61/422 kB                               Downloaded from central: https://repo.maven.apache.org/maven2/org/apache/hbase/hbase-http/2.2.4/hbase-http-2.2.4-tests.jar (90 kB at 762 kB/s)
Progress (1): 65/422 kBProgress (1): 69/422 kBProgress (1): 73/422 kBProgress (1): 77/422 kBProgress (1): 81/422 kBProgress (1): 85/422 kBProgress (1): 90/422 kBProgress (1): 94/422 kBProgress (1): 98/422 kBProgress (1): 102/422 kBProgress (1): 106/422 kBProgress (1): 110/422 kBProgress (1): 114/422 kBProgress (1): 118/422 kBProgress (1): 122/422 kBProgress (1): 126/422 kBProgress (1): 131/422 kBProgress (1): 135/422 kBProgress (1): 139/422 kBProgress (1): 143/422 kBProgress (1): 147/422 kBProgress (1): 151/422 kBProgress (1): 155/422 kBProgress (1): 159/422 kBProgress (1): 163/422 kBProgress (1): 167/422 kBProgress (1): 171/422 kBProgress (1): 176/422 kBProgress (1): 180/422 kBProgress (1): 184/422 kBProgress (1): 188/422 kBProgress (1): 192/422 kBProgress (1): 196/422 kBProgress (1): 200/422 kBProgress (1): 204/422 kBProgress (1): 208/422 kBProgress (1): 212/422 kBProgress (1): 217/422 kBProgress (1): 221/422 kBProgress (1): 225/422 kBProgress (1): 229/422 kBProgress (1): 233/422 kBProgress (1): 237/422 kBProgress (1): 241/422 kBProgress (1): 245/422 kBProgress (1): 249/422 kBProgress (1): 253/422 kBProgress (1): 258/422 kBProgress (1): 262/422 kBProgress (1): 266/422 kBProgress (1): 270/422 kBProgress (1): 274/422 kBProgress (1): 278/422 kBProgress (1): 282/422 kBProgress (1): 286/422 kBProgress (1): 290/422 kBProgress (1): 294/422 kBProgress (1): 298/422 kBProgress (1): 303/422 kBProgress (1): 307/422 kBProgress (1): 311/422 kBProgress (1): 315/422 kBProgress (1): 319/422 kBProgress (1): 323/422 kBProgress (1): 327/422 kBProgress (1): 331/422 kBProgress (1): 335/422 kBProgress (1): 339/422 kBProgress (1): 344/422 kBProgress (1): 348/422 kBProgress (1): 352/422 kBProgress (1): 356/422 kBProgress (1): 360/422 kBProgress (1): 364/422 kBProgress (1): 368/422 kBProgress (1): 372/422 kBProgress (1): 376/422 kBProgress (1): 380/422 kBProgress (1): 384/422 kBProgress (1): 389/422 kBProgress (1): 393/422 kBProgress (1): 397/422 kBProgress (1): 401/422 kBProgress (1): 405/422 kBProgress (1): 409/422 kBProgress (1): 413/422 kBProgress (1): 417/422 kBProgress (1): 421/422 kBProgress (1): 422 kB                        Downloaded from central: https://repo.maven.apache.org/maven2/org/apache/hbase/hbase-mapreduce/2.2.4/hbase-mapreduce-2.2.4.jar (422 kB at 2.2 MB/s)
Progress (1): 2.2/523 kBProgress (1): 5.0/523 kBProgress (1): 7.7/523 kBProgress (1): 10/523 kB Progress (1): 13/523 kBProgress (1): 16/523 kBProgress (1): 19/523 kBProgress (1): 21/523 kBProgress (1): 24/523 kBProgress (1): 27/523 kBProgress (1): 30/523 kBProgress (1): 32/523 kBProgress (1): 36/523 kBProgress (1): 40/523 kBProgress (1): 45/523 kBProgress (1): 49/523 kBProgress (1): 53/523 kBProgress (1): 57/523 kBProgress (1): 61/523 kBProgress (1): 65/523 kBProgress (1): 69/523 kBProgress (1): 73/523 kBProgress (1): 77/523 kBProgress (1): 81/523 kBProgress (1): 85/523 kBProgress (1): 90/523 kBProgress (1): 94/523 kBProgress (1): 98/523 kBProgress (1): 102/523 kBProgress (1): 106/523 kBProgress (1): 110/523 kBProgress (1): 114/523 kBProgress (1): 118/523 kBProgress (1): 122/523 kBProgress (1): 126/523 kBProgress (1): 131/523 kBProgress (1): 135/523 kBProgress (1): 139/523 kBProgress (1): 143/523 kBProgress (1): 147/523 kBProgress (1): 151/523 kBProgress (1): 155/523 kBProgress (1): 159/523 kBProgress (1): 163/523 kBProgress (1): 167/523 kBProgress (1): 171/523 kBProgress (1): 176/523 kBProgress (1): 180/523 kBProgress (1): 184/523 kBProgress (1): 188/523 kBProgress (1): 192/523 kBProgress (1): 196/523 kBProgress (1): 200/523 kBProgress (1): 204/523 kBProgress (1): 208/523 kBProgress (1): 212/523 kBProgress (1): 217/523 kBProgress (1): 221/523 kBProgress (1): 225/523 kBProgress (1): 229/523 kBProgress (1): 233/523 kBProgress (1): 237/523 kBProgress (1): 241/523 kBProgress (1): 245/523 kBProgress (1): 249/523 kBProgress (1): 253/523 kBProgress (1): 258/523 kBProgress (1): 262/523 kBProgress (1): 266/523 kBProgress (1): 270/523 kBProgress (1): 274/523 kBProgress (1): 278/523 kBProgress (1): 282/523 kBProgress (1): 286/523 kBProgress (1): 290/523 kBProgress (1): 294/523 kBProgress (1): 298/523 kBProgress (1): 303/523 kBProgress (1): 307/523 kBProgress (1): 311/523 kBProgress (1): 315/523 kBProgress (1): 319/523 kBProgress (1): 323/523 kBProgress (1): 327/523 kBProgress (1): 331/523 kBProgress (1): 335/523 kBProgress (1): 339/523 kBProgress (1): 344/523 kBProgress (1): 348/523 kBProgress (1): 352/523 kBProgress (1): 356/523 kBProgress (1): 360/523 kBProgress (1): 364/523 kBProgress (1): 368/523 kBProgress (1): 372/523 kBProgress (1): 376/523 kBProgress (1): 380/523 kBProgress (1): 384/523 kBProgress (1): 389/523 kBProgress (1): 393/523 kBProgress (1): 397/523 kBProgress (1): 401/523 kBProgress (1): 405/523 kBProgress (1): 409/523 kBProgress (1): 413/523 kBProgress (1): 417/523 kBProgress (1): 421/523 kBProgress (1): 425/523 kBProgress (1): 430/523 kBProgress (1): 434/523 kBProgress (1): 438/523 kBProgress (1): 442/523 kBProgress (1): 446/523 kBProgress (1): 450/523 kBProgress (1): 454/523 kBProgress (1): 458/523 kBProgress (1): 462/523 kBProgress (1): 466/523 kBProgress (1): 471/523 kBProgress (1): 475/523 kBProgress (1): 479/523 kBProgress (1): 483/523 kBProgress (1): 487/523 kBProgress (1): 491/523 kBProgress (1): 495/523 kBProgress (1): 499/523 kBProgress (1): 503/523 kBProgress (1): 507/523 kBProgress (1): 511/523 kBProgress (1): 516/523 kBProgress (1): 520/523 kBProgress (1): 523 kB                        Downloaded from central: https://repo.maven.apache.org/maven2/org/apache/hbase/hbase-mapreduce/2.2.4/hbase-mapreduce-2.2.4-tests.jar (523 kB at 1.4 MB/s)
[[1;34mINFO[m] 
[[1;34mINFO[m] [1m--- [0;32mbuild-helper-maven-plugin:3.0.0:bsh-property[m [1m(negate-license-bundles-property)[m @ [36mhbase-endpoint[0;1m ---[m
[[1;34mINFO[m] 
[[1;34mINFO[m] [1m--- [0;32mbuild-helper-maven-plugin:3.0.0:regex-property[m [1m(create-license-file-path-property)[m @ [36mhbase-endpoint[0;1m ---[m
[[1;34mINFO[m] No match to regex '\\' found in '/root/hbase-2.2.4/hbase-endpoint/target/maven-shared-archive-resources/META-INF/LICENSE'. The initial value '/root/hbase-2.2.4/hbase-endpoint/target/maven-shared-archive-resources/META-INF/LICENSE' is left as-is...
[[1;34mINFO[m] 
[[1;34mINFO[m] [1m--- [0;32mmaven-enforcer-plugin:3.0.0-M2:enforce[m [1m(enforce-maven-version)[m @ [36mhbase-endpoint[0;1m ---[m
[[1;34mINFO[m] 
[[1;34mINFO[m] [1m--- [0;32mmaven-enforcer-plugin:3.0.0-M2:enforce[m [1m(hadoop-profile-min-maven-min-java-banned-xerces)[m @ [36mhbase-endpoint[0;1m ---[m
[[1;34mINFO[m] 
[[1;34mINFO[m] [1m--- [0;32mmaven-enforcer-plugin:3.0.0-M2:enforce[m [1m(banned-jsr305)[m @ [36mhbase-endpoint[0;1m ---[m
[[1;34mINFO[m] 
[[1;34mINFO[m] [1m--- [0;32mbuildnumber-maven-plugin:1.4:create-timestamp[m [1m(default)[m @ [36mhbase-endpoint[0;1m ---[m
[[1;34mINFO[m] 
[[1;34mINFO[m] [1m--- [0;32mprotobuf-maven-plugin:0.5.0:compile[m [1m(compile-protoc)[m @ [36mhbase-endpoint[0;1m ---[m
[[1;34mINFO[m] Skipping compilation because target directory newer than sources.
[[1;34mINFO[m] 
[[1;34mINFO[m] [1m--- [0;32mmaven-enforcer-plugin:3.0.0-M2:enforce[m [1m(banned-illegal-imports)[m @ [36mhbase-endpoint[0;1m ---[m
[[1;34mINFO[m] 
[[1;34mINFO[m] [1m--- [0;32mmaven-remote-resources-plugin:1.5:process[m [1m(process-resource-bundles)[m @ [36mhbase-endpoint[0;1m ---[m
[[1;34mINFO[m] 
[[1;34mINFO[m] [1m--- [0;32mmaven-resources-plugin:3.1.0:resources[m [1m(default-resources)[m @ [36mhbase-endpoint[0;1m ---[m
[[1;34mINFO[m] Using 'UTF-8' encoding to copy filtered resources.
[[1;34mINFO[m] skip non existing resourceDirectory /root/hbase-2.2.4/hbase-endpoint/src/main/resources
[[1;34mINFO[m] Copying 9 resources
[[1;34mINFO[m] Copying 3 resources
[[1;34mINFO[m] 
[[1;34mINFO[m] [1m--- [0;32mmaven-enforcer-plugin:3.0.0-M2:enforce[m [1m(check-aggregate-license)[m @ [36mhbase-endpoint[0;1m ---[m
[[1;34mINFO[m] Skipping Rule Enforcement.
[[1;34mINFO[m] 
[[1;34mINFO[m] [1m--- [0;32mmaven-compiler-plugin:3.7.0:compile[m [1m(default-compile)[m @ [36mhbase-endpoint[0;1m ---[m
[[1;34mINFO[m] Nothing to compile - all classes are up to date
[[1;34mINFO[m] 
[[1;34mINFO[m] [1m--- [0;32mmaven-resources-plugin:3.1.0:testResources[m [1m(default-testResources)[m @ [36mhbase-endpoint[0;1m ---[m
[[1;34mINFO[m] Using 'UTF-8' encoding to copy filtered resources.
[[1;34mINFO[m] Copying 1 resource
[[1;34mINFO[m] Copying 3 resources
[[1;34mINFO[m] 
[[1;34mINFO[m] [1m--- [0;32mmaven-compiler-plugin:3.7.0:testCompile[m [1m(default-testCompile)[m @ [36mhbase-endpoint[0;1m ---[m
[[1;34mINFO[m] Nothing to compile - all classes are up to date
[[1;34mINFO[m] 
[[1;34mINFO[m] [1m--- [0;32mwarbucks-maven-plugin:1.1.0:check[m [1m(run-warbucks)[m @ [36mhbase-endpoint[0;1m ---[m
[[1;34mINFO[m] Rule 0: Class Matches: 6
[[1;34mINFO[m] Rule 0: Class Failures: 0
[[1;34mINFO[m] Total class failures: 0
[[1;34mINFO[m] 
[[1;34mINFO[m] [1m--- [0;32mmaven-surefire-plugin:3.0.0-M4:test[m [1m(default-test)[m @ [36mhbase-endpoint[0;1m ---[m
[[1;34mINFO[m] 
[[1;34mINFO[m] -------------------------------------------------------
[[1;34mINFO[m]  T E S T S
[[1;34mINFO[m] -------------------------------------------------------
[[1;34mINFO[m] Running org.apache.hadoop.hbase.ipc.[1mTestCoprocessorRpcUtils[m
[[1;34mINFO[m] [1;32mTests run: [0;1;32m1[m, Failures: 0, Errors: 0, Skipped: 0, Time elapsed: 0.316 s - in org.apache.hadoop.hbase.ipc.[1mTestCoprocessorRpcUtils[m
[[1;34mINFO[m] 
[[1;34mINFO[m] Results:
[[1;34mINFO[m] 
[[1;34mINFO[m] [1;32mTests run: 1, Failures: 0, Errors: 0, Skipped: 0[m
[[1;34mINFO[m] 
[[1;34mINFO[m] 
[[1;34mINFO[m] [1m--- [0;32mmaven-surefire-plugin:3.0.0-M4:test[m [1m(secondPartTestsExecution)[m @ [36mhbase-endpoint[0;1m ---[m
[[1;34mINFO[m] 
[[1;34mINFO[m] -------------------------------------------------------
[[1;34mINFO[m]  T E S T S
[[1;34mINFO[m] -------------------------------------------------------
[[1;34mINFO[m] Running org.apache.hadoop.hbase.regionserver.[1mTestServerCustomProtocol[m
[[1;34mINFO[m] Running org.apache.hadoop.hbase.client.[1mTestRpcControllerFactory[m
[[1;34mINFO[m] [1;32mTests run: [0;1;32m2[m, Failures: 0, Errors: 0, Skipped: 0, Time elapsed: 4.186 s - in org.apache.hadoop.hbase.client.[1mTestRpcControllerFactory[m
[[1;34mINFO[m] Running org.apache.hadoop.hbase.client.[1mTestAsyncAggregationClient[m
[[1;34mINFO[m] [1;32mTests run: [0;1;32m8[m, Failures: 0, Errors: 0, Skipped: 0, Time elapsed: 2.616 s - in org.apache.hadoop.hbase.client.[1mTestAsyncAggregationClient[m
[[1;34mINFO[m] [1;32mTests run: [0;1;32m7[m, Failures: 0, Errors: 0, Skipped: 0, Time elapsed: 32.101 s - in org.apache.hadoop.hbase.regionserver.[1mTestServerCustomProtocol[m
[[1;34mINFO[m] Running org.apache.hadoop.hbase.coprocessor.[1mTestCoprocessorTableEndpoint[m
[[1;34mINFO[m] Running org.apache.hadoop.hbase.coprocessor.[1mTestRowProcessorEndpoint[m
[[1;34mINFO[m] [1;32mTests run: [0;1;32m2[m, Failures: 0, Errors: 0, Skipped: 0, Time elapsed: 8.656 s - in org.apache.hadoop.hbase.coprocessor.[1mTestCoprocessorTableEndpoint[m
[[1;34mINFO[m] [1;32mTests run: [0;1;32m4[m, Failures: 0, Errors: 0, Skipped: 0, Time elapsed: 18.986 s - in org.apache.hadoop.hbase.coprocessor.[1mTestRowProcessorEndpoint[m
[[1;34mINFO[m] Running org.apache.hadoop.hbase.coprocessor.[1mTestAsyncCoprocessorEndpoint[m
[[1;34mINFO[m] [1;32mTests run: [0;1;32m8[m, Failures: 0, Errors: 0, Skipped: 0, Time elapsed: 2.218 s - in org.apache.hadoop.hbase.coprocessor.[1mTestAsyncCoprocessorEndpoint[m
[[1;34mINFO[m] Running org.apache.hadoop.hbase.coprocessor.[1mTestCoprocessorEndpoint[m
[[1;34mINFO[m] Running org.apache.hadoop.hbase.coprocessor.[1mTestRegionServerCoprocessorEndpoint[m
[[1;34mINFO[m] [1;32mTests run: [0;1;32m2[m, Failures: 0, Errors: 0, Skipped: 0, Time elapsed: 1.855 s - in org.apache.hadoop.hbase.coprocessor.[1mTestRegionServerCoprocessorEndpoint[m
[[1;34mINFO[m] [1;32mTests run: [0;1;32m6[m, Failures: 0, Errors: 0, Skipped: 0, Time elapsed: 6.406 s - in org.apache.hadoop.hbase.coprocessor.[1mTestCoprocessorEndpoint[m
[[1;34mINFO[m] Running org.apache.hadoop.hbase.coprocessor.[1mTestClassLoading[m
[[1;34mINFO[m] Running org.apache.hadoop.hbase.coprocessor.[1mTestCoprocessorServiceBackwardCompatibility[m
[[1;34mINFO[m] [1;32mTests run: [0;1;32m1[m, Failures: 0, Errors: 0, Skipped: 0, Time elapsed: 2.297 s - in org.apache.hadoop.hbase.coprocessor.[1mTestCoprocessorServiceBackwardCompatibility[m
[[1;34mINFO[m] Running org.apache.hadoop.hbase.coprocessor.[1mTestBatchCoprocessorEndpoint[m
[[1;34mINFO[m] [1;32mTests run: [0;1;32m4[m, Failures: 0, Errors: 0, Skipped: 0, Time elapsed: 1.637 s - in org.apache.hadoop.hbase.coprocessor.[1mTestBatchCoprocessorEndpoint[m
[[1;34mINFO[m] [1;32mTests run: [0;1;32m8[m, Failures: 0, Errors: 0, Skipped: 0, Time elapsed: 28.135 s - in org.apache.hadoop.hbase.coprocessor.[1mTestClassLoading[m
[[1;34mINFO[m] Running org.apache.hadoop.hbase.coprocessor.[1mTestImportExport[m
[[1;34mINFO[m] Running org.apache.hadoop.hbase.coprocessor.[1mTestSecureExport[m
[[1;33mWARNING[m] [1;33mTests [0;1mrun: [0;1m13[m, Failures: 0, Errors: 0, [1;33mSkipped: [0;1;33m1[m, Time elapsed: 55.433 s - in org.apache.hadoop.hbase.coprocessor.[1mTestImportExport[m
[[1;34mINFO[m] [1;32mTests run: [0;1;32m2[m, Failures: 0, Errors: 0, Skipped: 0, Time elapsed: 52.192 s - in org.apache.hadoop.hbase.coprocessor.[1mTestSecureExport[m
[[1;34mINFO[m] 
[[1;34mINFO[m] Results:
[[1;34mINFO[m] 
[[1;33mWARNING[m] [1;33mTests run: 67, Failures: 0, Errors: 0, Skipped: 1[m
[[1;34mINFO[m] 
[[1;34mINFO[m] [1m------------------------------------------------------------------------[m
[[1;34mINFO[m] [1;32mBUILD SUCCESS[m
[[1;34mINFO[m] [1m------------------------------------------------------------------------[m
[[1;34mINFO[m] Total time:  04:05 min
[[1;34mINFO[m] Finished at: 2020-04-08T22:04:06Z
[[1;34mINFO[m] [1m------------------------------------------------------------------------[m
