[[1;34mINFO[m] Scanning for projects...
[[1;34mINFO[m] ------------------------------------------------------------------------
[[1;34mINFO[m] Detecting the operating system and CPU architecture
[[1;34mINFO[m] ------------------------------------------------------------------------
[[1;34mINFO[m] os.detected.name: linux
[[1;34mINFO[m] os.detected.arch: x86_64
[[1;34mINFO[m] os.detected.version: 4.4
[[1;34mINFO[m] os.detected.version.major: 4
[[1;34mINFO[m] os.detected.version.minor: 4
[[1;34mINFO[m] os.detected.release: ubuntu
[[1;34mINFO[m] os.detected.release.version: 18.04
[[1;34mINFO[m] os.detected.release.like.ubuntu: true
[[1;34mINFO[m] os.detected.release.like.debian: true
[[1;34mINFO[m] os.detected.classifier: linux-x86_64
[[1;34mINFO[m] 
[[1;34mINFO[m] [1m-------------------< [0;36morg.apache.hbase:hbase-common[0;1m >--------------------[m
[[1;34mINFO[m] [1mBuilding Apache HBase - Common 2.2.4[m
[[1;34mINFO[m] [1m--------------------------------[ jar ]---------------------------------[m
[[1;34mINFO[m] 
[[1;34mINFO[m] [1m--- [0;32mbuild-helper-maven-plugin:3.0.0:bsh-property[m [1m(negate-license-bundles-property)[m @ [36mhbase-common[0;1m ---[m
[[1;34mINFO[m] 
[[1;34mINFO[m] [1m--- [0;32mbuild-helper-maven-plugin:3.0.0:regex-property[m [1m(create-license-file-path-property)[m @ [36mhbase-common[0;1m ---[m
[[1;34mINFO[m] No match to regex '\\' found in '/root/hbase-2.2.4/hbase-common/target/maven-shared-archive-resources/META-INF/LICENSE'. The initial value '/root/hbase-2.2.4/hbase-common/target/maven-shared-archive-resources/META-INF/LICENSE' is left as-is...
[[1;34mINFO[m] 
[[1;34mINFO[m] [1m--- [0;32mmaven-enforcer-plugin:3.0.0-M2:enforce[m [1m(enforce-maven-version)[m @ [36mhbase-common[0;1m ---[m
[[1;34mINFO[m] 
[[1;34mINFO[m] [1m--- [0;32mmaven-enforcer-plugin:3.0.0-M2:enforce[m [1m(hadoop-profile-min-maven-min-java-banned-xerces)[m @ [36mhbase-common[0;1m ---[m
[[1;34mINFO[m] 
[[1;34mINFO[m] [1m--- [0;32mmaven-enforcer-plugin:3.0.0-M2:enforce[m [1m(banned-jsr305)[m @ [36mhbase-common[0;1m ---[m
[[1;34mINFO[m] 
[[1;34mINFO[m] [1m--- [0;32mbuildnumber-maven-plugin:1.4:create-timestamp[m [1m(default)[m @ [36mhbase-common[0;1m ---[m
[[1;34mINFO[m] 
[[1;34mINFO[m] [1m--- [0;32mbuild-helper-maven-plugin:3.0.0:add-source[m [1m(versionInfo-source)[m @ [36mhbase-common[0;1m ---[m
[[1;34mINFO[m] Source directory: /root/hbase-2.2.4/hbase-common/target/generated-sources/java added.
[[1;34mINFO[m] 
[[1;34mINFO[m] [1m--- [0;32mmaven-antrun-plugin:1.8:run[m [1m(generate-Version-information)[m @ [36mhbase-common[0;1m ---[m
[[1;34mINFO[m] Executing tasks

main:
     [exec] ~/hbase-2.2.4/hbase-common ~/hbase-2.2.4/hbase-common
     [exec] [WARN] revision info is empty! either we're not in VCS or VCS commands failed.
     [exec] ~/hbase-2.2.4/hbase-common
[[1;34mINFO[m] Executed tasks
[[1;34mINFO[m] 
[[1;34mINFO[m] [1m--- [0;32mmaven-enforcer-plugin:3.0.0-M2:enforce[m [1m(banned-illegal-imports)[m @ [36mhbase-common[0;1m ---[m
[[1;34mINFO[m] 
[[1;34mINFO[m] [1m--- [0;32mmaven-remote-resources-plugin:1.5:process[m [1m(process-resource-bundles)[m @ [36mhbase-common[0;1m ---[m
[[1;34mINFO[m] 
[[1;34mINFO[m] [1m--- [0;32mmaven-resources-plugin:3.1.0:resources[m [1m(default-resources)[m @ [36mhbase-common[0;1m ---[m
[[1;34mINFO[m] Using 'UTF-8' encoding to copy filtered resources.
[[1;34mINFO[m] Copying 1 resource
[[1;34mINFO[m] Copying 3 resources
[[1;34mINFO[m] 
[[1;34mINFO[m] [1m--- [0;32mmaven-enforcer-plugin:3.0.0-M2:enforce[m [1m(check-aggregate-license)[m @ [36mhbase-common[0;1m ---[m
[[1;34mINFO[m] Skipping Rule Enforcement.
[[1;34mINFO[m] 
[[1;34mINFO[m] [1m--- [0;32mmaven-antrun-plugin:1.8:run[m [1m(default)[m @ [36mhbase-common[0;1m ---[m
[[1;34mINFO[m] Executing tasks

main:
[[1;34mINFO[m] Executed tasks
[[1;34mINFO[m] 
[[1;34mINFO[m] [1m--- [0;32mmaven-compiler-plugin:3.7.0:compile[m [1m(default-compile)[m @ [36mhbase-common[0;1m ---[m
[[1;34mINFO[m] Compiling 2 source files to /root/hbase-2.2.4/hbase-common/target/classes
[[1;34mINFO[m] 
[[1;34mINFO[m] [1m--- [0;32mmaven-dependency-plugin:3.1.1:build-classpath[m [1m(create-mrapp-generated-classpath)[m @ [36mhbase-common[0;1m ---[m
[[1;34mINFO[m] Wrote classpath file '/root/hbase-2.2.4/hbase-common/target/test-classes/mrapp-generated-classpath'.
[[1;34mINFO[m] 
[[1;34mINFO[m] [1m--- [0;32mmaven-resources-plugin:3.1.0:testResources[m [1m(default-testResources)[m @ [36mhbase-common[0;1m ---[m
[[1;34mINFO[m] Using 'UTF-8' encoding to copy filtered resources.
[[1;34mINFO[m] Copying 1 resource to META-INF/
[[1;34mINFO[m] Copying 2 resources
[[1;34mINFO[m] Copying 3 resources
[[1;34mINFO[m] 
[[1;34mINFO[m] [1m--- [0;32mmaven-compiler-plugin:3.7.0:testCompile[m [1m(default-testCompile)[m @ [36mhbase-common[0;1m ---[m
[[1;34mINFO[m] Nothing to compile - all classes are up to date
[[1;34mINFO[m] 
[[1;34mINFO[m] [1m--- [0;32mwarbucks-maven-plugin:1.1.0:check[m [1m(run-warbucks)[m @ [36mhbase-common[0;1m ---[m
[[1;34mINFO[m] Rule 0: Class Matches: 256
[[1;34mINFO[m] Rule 0: Class Failures: 0
[[1;34mINFO[m] Total class failures: 0
[[1;34mINFO[m] 
[[1;34mINFO[m] [1m--- [0;32mmaven-surefire-plugin:3.0.0-M4:test[m [1m(default-test)[m @ [36mhbase-common[0;1m ---[m
[[1;34mINFO[m] 
[[1;34mINFO[m] -------------------------------------------------------
[[1;34mINFO[m]  T E S T S
[[1;34mINFO[m] -------------------------------------------------------
[[1;34mINFO[m] Running org.apache.hadoop.hbase.zookeeper.[1mTestZKConfig[m
[[1;34mINFO[m] [1;32mTests run: [0;1;32m4[m, Failures: 0, Errors: 0, Skipped: 0, Time elapsed: 0.618 s - in org.apache.hadoop.hbase.zookeeper.[1mTestZKConfig[m
[[1;34mINFO[m] Running org.apache.hadoop.hbase.net.[1mTestAddress[m
[[1;34mINFO[m] [1;32mTests run: [0;1;32m1[m, Failures: 0, Errors: 0, Skipped: 0, Time elapsed: 0.176 s - in org.apache.hadoop.hbase.net.[1mTestAddress[m
[[1;34mINFO[m] Running org.apache.hadoop.hbase.[1mTestHBaseConfiguration[m
[[1;34mINFO[m] [1;32mTests run: [0;1;32m2[m, Failures: 0, Errors: 0, Skipped: 0, Time elapsed: 1.013 s - in org.apache.hadoop.hbase.[1mTestHBaseConfiguration[m
[[1;34mINFO[m] Running org.apache.hadoop.hbase.[1mTestCellBuilder[m
[[1;34mINFO[m] [1;32mTests run: [0;1;32m4[m, Failures: 0, Errors: 0, Skipped: 0, Time elapsed: 0.243 s - in org.apache.hadoop.hbase.[1mTestCellBuilder[m
[[1;34mINFO[m] Running org.apache.hadoop.hbase.[1mTestByteBufferKeyValue[m
[[1;34mINFO[m] [1;32mTests run: [0;1;32m4[m, Failures: 0, Errors: 0, Skipped: 0, Time elapsed: 0.18 s - in org.apache.hadoop.hbase.[1mTestByteBufferKeyValue[m
[[1;34mINFO[m] Running org.apache.hadoop.hbase.[1mTestCellComparator[m
[[1;34mINFO[m] [1;32mTests run: [0;1;32m6[m, Failures: 0, Errors: 0, Skipped: 0, Time elapsed: 0.172 s - in org.apache.hadoop.hbase.[1mTestCellComparator[m
[[1;34mINFO[m] Running org.apache.hadoop.hbase.[1mTestClassFinder[m
[[1;34mINFO[m] [1;32mTests run: [0;1;32m11[m, Failures: 0, Errors: 0, Skipped: 0, Time elapsed: 1.815 s - in org.apache.hadoop.hbase.[1mTestClassFinder[m
[[1;34mINFO[m] Running org.apache.hadoop.hbase.types.[1mTestOrderedString[m
[[1;34mINFO[m] [1;32mTests run: [0;1;32m1[m, Failures: 0, Errors: 0, Skipped: 0, Time elapsed: 0.172 s - in org.apache.hadoop.hbase.types.[1mTestOrderedString[m
[[1;34mINFO[m] Running org.apache.hadoop.hbase.types.[1mTestStructNullExtension[m
[[1;34mINFO[m] [1;32mTests run: [0;1;32m2[m, Failures: 0, Errors: 0, Skipped: 0, Time elapsed: 0.209 s - in org.apache.hadoop.hbase.types.[1mTestStructNullExtension[m
[[1;34mINFO[m] Running org.apache.hadoop.hbase.types.[1mTestFixedLengthWrapper[m
[[1;34mINFO[m] [1;32mTests run: [0;1;32m4[m, Failures: 0, Errors: 0, Skipped: 0, Time elapsed: 0.134 s - in org.apache.hadoop.hbase.types.[1mTestFixedLengthWrapper[m
[[1;34mINFO[m] Running org.apache.hadoop.hbase.types.[1mTestStruct[m
[[1;34mINFO[m] [1;32mTests run: [0;1;32m2[m, Failures: 0, Errors: 0, Skipped: 0, Time elapsed: 0.071 s - in org.apache.hadoop.hbase.types.[1mTestStruct[m
[[1;34mINFO[m] Running org.apache.hadoop.hbase.types.[1mTestOrderedBlob[m
[[1;34mINFO[m] [1;32mTests run: [0;1;32m1[m, Failures: 0, Errors: 0, Skipped: 0, Time elapsed: 0.1 s - in org.apache.hadoop.hbase.types.[1mTestOrderedBlob[m
[[1;34mINFO[m] Running org.apache.hadoop.hbase.types.[1mTestUnion2[m
[[1;34mINFO[m] [1;32mTests run: [0;1;32m2[m, Failures: 0, Errors: 0, Skipped: 0, Time elapsed: 0.215 s - in org.apache.hadoop.hbase.types.[1mTestUnion2[m
[[1;34mINFO[m] Running org.apache.hadoop.hbase.types.[1mTestOrderedBlobVar[m
[[1;34mINFO[m] [1;32mTests run: [0;1;32m1[m, Failures: 0, Errors: 0, Skipped: 0, Time elapsed: 0.117 s - in org.apache.hadoop.hbase.types.[1mTestOrderedBlobVar[m
[[1;34mINFO[m] Running org.apache.hadoop.hbase.types.[1mTestTerminatedWrapper[m
[[1;34mINFO[m] [1;32mTests run: [0;1;32m8[m, Failures: 0, Errors: 0, Skipped: 0, Time elapsed: 0.2 s - in org.apache.hadoop.hbase.types.[1mTestTerminatedWrapper[m
[[1;34mINFO[m] Running org.apache.hadoop.hbase.types.[1mTestCopyOnWriteMaps[m
[[1;34mINFO[m] [1;32mTests run: [0;1;32m22[m, Failures: 0, Errors: 0, Skipped: 0, Time elapsed: 15.536 s - in org.apache.hadoop.hbase.types.[1mTestCopyOnWriteMaps[m
[[1;34mINFO[m] Running org.apache.hadoop.hbase.types.[1mTestRawString[m
[[1;34mINFO[m] [1;32mTests run: [0;1;32m1[m, Failures: 0, Errors: 0, Skipped: 0, Time elapsed: 0.186 s - in org.apache.hadoop.hbase.types.[1mTestRawString[m
[[1;34mINFO[m] Running org.apache.hadoop.hbase.[1mTestCompoundConfiguration[m
[[1;34mINFO[m] [1;32mTests run: [0;1;32m6[m, Failures: 0, Errors: 0, Skipped: 0, Time elapsed: 0.434 s - in org.apache.hadoop.hbase.[1mTestCompoundConfiguration[m
[[1;34mINFO[m] Running org.apache.hadoop.hbase.nio.[1mTestMultiByteBuff[m
[[1;34mINFO[m] [1;32mTests run: [0;1;32m15[m, Failures: 0, Errors: 0, Skipped: 0, Time elapsed: 0.323 s - in org.apache.hadoop.hbase.nio.[1mTestMultiByteBuff[m
[[1;34mINFO[m] Running org.apache.hadoop.hbase.nio.[1mTestSingleByteBuff[m
[[1;34mINFO[m] [1;32mTests run: [0;1;32m1[m, Failures: 0, Errors: 0, Skipped: 0, Time elapsed: 0.162 s - in org.apache.hadoop.hbase.nio.[1mTestSingleByteBuff[m
[[1;34mINFO[m] Running org.apache.hadoop.hbase.[1mTestKeyValue[m
[[1;34mINFO[m] [1;32mTests run: [0;1;32m20[m, Failures: 0, Errors: 0, Skipped: 0, Time elapsed: 0.342 s - in org.apache.hadoop.hbase.[1mTestKeyValue[m
[[1;34mINFO[m] Running org.apache.hadoop.hbase.io.crypto.[1mTestEncryption[m
[[1;34mINFO[m] [1;32mTests run: [0;1;32m4[m, Failures: 0, Errors: 0, Skipped: 0, Time elapsed: 0.989 s - in org.apache.hadoop.hbase.io.crypto.[1mTestEncryption[m
[[1;34mINFO[m] Running org.apache.hadoop.hbase.io.crypto.[1mTestKeyProvider[m
[[1;34mINFO[m] [1;32mTests run: [0;1;32m1[m, Failures: 0, Errors: 0, Skipped: 0, Time elapsed: 0.346 s - in org.apache.hadoop.hbase.io.crypto.[1mTestKeyProvider[m
[[1;34mINFO[m] Running org.apache.hadoop.hbase.io.crypto.aes.[1mTestCommonsAES[m
[[1;34mINFO[m] [1;32mTests run: [0;1;32m2[m, Failures: 0, Errors: 0, Skipped: 0, Time elapsed: 0.493 s - in org.apache.hadoop.hbase.io.crypto.aes.[1mTestCommonsAES[m
[[1;34mINFO[m] Running org.apache.hadoop.hbase.io.crypto.aes.[1mTestAES[m
[[1;34mINFO[m] [1;32mTests run: [0;1;32m2[m, Failures: 0, Errors: 0, Skipped: 0, Time elapsed: 0.477 s - in org.apache.hadoop.hbase.io.crypto.aes.[1mTestAES[m
[[1;34mINFO[m] Running org.apache.hadoop.hbase.io.crypto.[1mTestKeyStoreKeyProvider[m
[[1;34mINFO[m] [1;32mTests run: [0;1;32m2[m, Failures: 0, Errors: 0, Skipped: 0, Time elapsed: 0.327 s - in org.apache.hadoop.hbase.io.crypto.[1mTestKeyStoreKeyProvider[m
[[1;34mINFO[m] Running org.apache.hadoop.hbase.io.crypto.[1mTestCipherProvider[m
[[1;34mINFO[m] [1;32mTests run: [0;1;32m2[m, Failures: 0, Errors: 0, Skipped: 0, Time elapsed: 0.403 s - in org.apache.hadoop.hbase.io.crypto.[1mTestCipherProvider[m
[[1;34mINFO[m] Running org.apache.hadoop.hbase.io.[1mTestMultiByteBuffInputStream[m
[[1;34mINFO[m] [1;32mTests run: [0;1;32m1[m, Failures: 0, Errors: 0, Skipped: 0, Time elapsed: 0.183 s - in org.apache.hadoop.hbase.io.[1mTestMultiByteBuffInputStream[m
[[1;34mINFO[m] Running org.apache.hadoop.hbase.io.[1mTestTagCompressionContext[m
[[1;34mINFO[m] [1;32mTests run: [0;1;32m4[m, Failures: 0, Errors: 0, Skipped: 0, Time elapsed: 0.175 s - in org.apache.hadoop.hbase.io.[1mTestTagCompressionContext[m
[[1;34mINFO[m] Running org.apache.hadoop.hbase.io.util.[1mTestLRUDictionary[m
[[1;34mINFO[m] [1;32mTests run: [0;1;32m5[m, Failures: 0, Errors: 0, Skipped: 0, Time elapsed: 0.39 s - in org.apache.hadoop.hbase.io.util.[1mTestLRUDictionary[m
[[1;34mINFO[m] Running org.apache.hadoop.hbase.io.hadoopbackport.[1mTestThrottledInputStream[m
[[1;34mINFO[m] [1;32mTests run: [0;1;32m1[m, Failures: 0, Errors: 0, Skipped: 0, Time elapsed: 0.163 s - in org.apache.hadoop.hbase.io.hadoopbackport.[1mTestThrottledInputStream[m
[[1;34mINFO[m] Running org.apache.hadoop.hbase.io.[1mTestByteBufferPool[m
[[1;34mINFO[m] [1;32mTests run: [0;1;32m2[m, Failures: 0, Errors: 0, Skipped: 0, Time elapsed: 0.186 s - in org.apache.hadoop.hbase.io.[1mTestByteBufferPool[m
[[1;34mINFO[m] Running org.apache.hadoop.hbase.io.[1mTestByteBufferListOutputStream[m
[[1;34mINFO[m] [1;32mTests run: [0;1;32m1[m, Failures: 0, Errors: 0, Skipped: 0, Time elapsed: 0.182 s - in org.apache.hadoop.hbase.io.[1mTestByteBufferListOutputStream[m
[[1;34mINFO[m] Running org.apache.hadoop.hbase.[1mTestIndividualBytesFieldCell[m
[[1;34mINFO[m] [1;32mTests run: [0;1;32m12[m, Failures: 0, Errors: 0, Skipped: 0, Time elapsed: 0.215 s - in org.apache.hadoop.hbase.[1mTestIndividualBytesFieldCell[m
[[1;34mINFO[m] Running org.apache.hadoop.hbase.[1mTestTimeout[m
[[1;33mWARNING[m] [1;33mTests [0;1mrun: [0;1m2[m, Failures: 0, Errors: 0, [1;33mSkipped: [0;1;33m1[m, Time elapsed: 0.264 s - in org.apache.hadoop.hbase.[1mTestTimeout[m
[[1;34mINFO[m] Running org.apache.hadoop.hbase.util.[1mTestMovingAverage[m
[[1;34mINFO[m] [1;32mTests run: [0;1;32m4[m, Failures: 0, Errors: 0, Skipped: 0, Time elapsed: 0.176 s - in org.apache.hadoop.hbase.util.[1mTestMovingAverage[m
[[1;34mINFO[m] Running org.apache.hadoop.hbase.util.[1mTestCoprocessorClassLoader[m
[[1;34mINFO[m] [1;32mTests run: [0;1;32m4[m, Failures: 0, Errors: 0, Skipped: 0, Time elapsed: 0.991 s - in org.apache.hadoop.hbase.util.[1mTestCoprocessorClassLoader[m
[[1;34mINFO[m] Running org.apache.hadoop.hbase.util.[1mTestRetryCounter[m
[[1;34mINFO[m] [1;32mTests run: [0;1;32m1[m, Failures: 0, Errors: 0, Skipped: 0, Time elapsed: 4.382 s - in org.apache.hadoop.hbase.util.[1mTestRetryCounter[m
[[1;34mINFO[m] Running org.apache.hadoop.hbase.util.[1mTestDynamicClassLoader[m
[[1;34mINFO[m] [1;32mTests run: [0;1;32m3[m, Failures: 0, Errors: 0, Skipped: 0, Time elapsed: 0.859 s - in org.apache.hadoop.hbase.util.[1mTestDynamicClassLoader[m
[[1;34mINFO[m] Running org.apache.hadoop.hbase.util.[1mTestLoadTestKVGenerator[m
[[1;34mINFO[m] [1;32mTests run: [0;1;32m3[m, Failures: 0, Errors: 0, Skipped: 0, Time elapsed: 0.278 s - in org.apache.hadoop.hbase.util.[1mTestLoadTestKVGenerator[m
[[1;34mINFO[m] Running org.apache.hadoop.hbase.util.[1mTestVersionInfo[m
[[1;34mINFO[m] [1;32mTests run: [0;1;32m1[m, Failures: 0, Errors: 0, Skipped: 0, Time elapsed: 0.162 s - in org.apache.hadoop.hbase.util.[1mTestVersionInfo[m
[[1;34mINFO[m] Running org.apache.hadoop.hbase.util.[1mTestKeyLocker[m
[[1;34mINFO[m] [1;32mTests run: [0;1;32m1[m, Failures: 0, Errors: 0, Skipped: 0, Time elapsed: 0.274 s - in org.apache.hadoop.hbase.util.[1mTestKeyLocker[m
[[1;34mINFO[m] Running org.apache.hadoop.hbase.util.[1mTestOrder[m
[[1;34mINFO[m] [1;32mTests run: [0;1;32m2[m, Failures: 0, Errors: 0, Skipped: 0, Time elapsed: 0.132 s - in org.apache.hadoop.hbase.util.[1mTestOrder[m
[[1;34mINFO[m] Running org.apache.hadoop.hbase.util.[1mTestThreads[m
[[1;34mINFO[m] [1;32mTests run: [0;1;32m1[m, Failures: 0, Errors: 0, Skipped: 0, Time elapsed: 3.103 s - in org.apache.hadoop.hbase.util.[1mTestThreads[m
[[1;34mINFO[m] Running org.apache.hadoop.hbase.util.[1mTestSimplePositionedMutableByteRange[m
[[1;34mINFO[m] [1;32mTests run: [0;1;32m3[m, Failures: 0, Errors: 0, Skipped: 0, Time elapsed: 0.184 s - in org.apache.hadoop.hbase.util.[1mTestSimplePositionedMutableByteRange[m
[[1;34mINFO[m] Running org.apache.hadoop.hbase.util.[1mTestByteBufferUtils[m
[[1;34mINFO[m] [1;32mTests run: [0;1;32m38[m, Failures: 0, Errors: 0, Skipped: 0, Time elapsed: 0.526 s - in org.apache.hadoop.hbase.util.[1mTestByteBufferUtils[m
[[1;34mINFO[m] Running org.apache.hadoop.hbase.util.[1mTestByteRangeWithKVSerialization[m
[[1;34mINFO[m] [1;32mTests run: [0;1;32m1[m, Failures: 0, Errors: 0, Skipped: 0, Time elapsed: 0.91 s - in org.apache.hadoop.hbase.util.[1mTestByteRangeWithKVSerialization[m
[[1;34mINFO[m] Running org.apache.hadoop.hbase.util.[1mTestSimpleMutableByteRange[m
[[1;34mINFO[m] [1;32mTests run: [0;1;32m3[m, Failures: 0, Errors: 0, Skipped: 0, Time elapsed: 0.211 s - in org.apache.hadoop.hbase.util.[1mTestSimpleMutableByteRange[m
[[1;34mINFO[m] Running org.apache.hadoop.hbase.util.[1mTestBytes[m
[[1;34mINFO[m] [1;32mTests run: [0;1;32m33[m, Failures: 0, Errors: 0, Skipped: 0, Time elapsed: 0.653 s - in org.apache.hadoop.hbase.util.[1mTestBytes[m
[[1;34mINFO[m] Running org.apache.hadoop.hbase.util.[1mTestOrderedBytes[m
[[1;34mINFO[m] [1;32mTests run: [0;1;32m20[m, Failures: 0, Errors: 0, Skipped: 0, Time elapsed: 0.444 s - in org.apache.hadoop.hbase.util.[1mTestOrderedBytes[m
[[1;34mINFO[m] Running org.apache.hadoop.hbase.util.[1mTestByteBufferArray[m
[[1;34mINFO[m] [1;32mTests run: [0;1;32m3[m, Failures: 0, Errors: 0, Skipped: 0, Time elapsed: 0.445 s - in org.apache.hadoop.hbase.util.[1mTestByteBufferArray[m
[[1;34mINFO[m] Running org.apache.hadoop.hbase.util.[1mTestFutureUtils[m
[[1;34mINFO[m] [1;32mTests run: [0;1;32m1[m, Failures: 0, Errors: 0, Skipped: 0, Time elapsed: 0.181 s - in org.apache.hadoop.hbase.util.[1mTestFutureUtils[m
[[1;34mINFO[m] Running org.apache.hadoop.hbase.util.[1mTestAvlUtil[m
[[1;34mINFO[m] [1;32mTests run: [0;1;32m5[m, Failures: 0, Errors: 0, Skipped: 0, Time elapsed: 5.224 s - in org.apache.hadoop.hbase.util.[1mTestAvlUtil[m
[[1;34mINFO[m] Running org.apache.hadoop.hbase.util.[1mTestByteRangeUtils[m
[[1;34mINFO[m] [1;32mTests run: [0;1;32m3[m, Failures: 0, Errors: 0, Skipped: 0, Time elapsed: 0.192 s - in org.apache.hadoop.hbase.util.[1mTestByteRangeUtils[m
[[1;34mINFO[m] Running org.apache.hadoop.hbase.util.[1mTestJRubyFormat[m
[[1;34mINFO[m] [1;32mTests run: [0;1;32m2[m, Failures: 0, Errors: 0, Skipped: 0, Time elapsed: 0.191 s - in org.apache.hadoop.hbase.util.[1mTestJRubyFormat[m
[[1;34mINFO[m] Running org.apache.hadoop.hbase.util.[1mTestShowProperties[m
[[1;34mINFO[m] [1;32mTests run: [0;1;32m1[m, Failures: 0, Errors: 0, Skipped: 0, Time elapsed: 0.116 s - in org.apache.hadoop.hbase.util.[1mTestShowProperties[m
[[1;34mINFO[m] Running org.apache.hadoop.hbase.util.[1mTestStrings[m
[[1;34mINFO[m] [1;32mTests run: [0;1;32m3[m, Failures: 0, Errors: 0, Skipped: 0, Time elapsed: 0.192 s - in org.apache.hadoop.hbase.util.[1mTestStrings[m
[[1;34mINFO[m] Running org.apache.hadoop.hbase.util.[1mTestConcatenatedLists[m
[[1;34mINFO[m] [1;32mTests run: [0;1;32m6[m, Failures: 0, Errors: 0, Skipped: 0, Time elapsed: 0.225 s - in org.apache.hadoop.hbase.util.[1mTestConcatenatedLists[m
[[1;34mINFO[m] Running org.apache.hadoop.hbase.util.[1mTestWeakObjectPool[m
[[1;34mINFO[m] [1;32mTests run: [0;1;32m3[m, Failures: 0, Errors: 0, Skipped: 0, Time elapsed: 0.366 s - in org.apache.hadoop.hbase.util.[1mTestWeakObjectPool[m
[[1;34mINFO[m] Running org.apache.hadoop.hbase.util.[1mTestClasses[m
[[1;34mINFO[m] [1;32mTests run: [0;1;32m2[m, Failures: 0, Errors: 0, Skipped: 0, Time elapsed: 0.184 s - in org.apache.hadoop.hbase.util.[1mTestClasses[m
[[1;34mINFO[m] Running org.apache.hadoop.hbase.[1mTestChoreService[m
[[1;34mINFO[m] [1;32mTests run: [0;1;32m16[m, Failures: 0, Errors: 0, Skipped: 0, Time elapsed: 20.924 s - in org.apache.hadoop.hbase.[1mTestChoreService[m
[[1;34mINFO[m] Running org.apache.hadoop.hbase.[1mTestCellUtil[m
[[1;34mINFO[m] [1;32mTests run: [0;1;32m10[m, Failures: 0, Errors: 0, Skipped: 0, Time elapsed: 0.777 s - in org.apache.hadoop.hbase.[1mTestCellUtil[m
[[1;34mINFO[m] Running org.apache.hadoop.hbase.[1mTestTagUtil[m
[[1;34mINFO[m] [1;32mTests run: [0;1;32m1[m, Failures: 0, Errors: 0, Skipped: 0, Time elapsed: 0.177 s - in org.apache.hadoop.hbase.[1mTestTagUtil[m
[[1;34mINFO[m] Running org.apache.hadoop.hbase.codec.[1mTestCellCodec[m
[[1;34mINFO[m] [1;32mTests run: [0;1;32m3[m, Failures: 0, Errors: 0, Skipped: 0, Time elapsed: 0.221 s - in org.apache.hadoop.hbase.codec.[1mTestCellCodec[m
[[1;34mINFO[m] Running org.apache.hadoop.hbase.codec.[1mTestKeyValueCodecWithTags[m
[[1;34mINFO[m] [1;32mTests run: [0;1;32m1[m, Failures: 0, Errors: 0, Skipped: 0, Time elapsed: 0.198 s - in org.apache.hadoop.hbase.codec.[1mTestKeyValueCodecWithTags[m
[[1;34mINFO[m] Running org.apache.hadoop.hbase.codec.[1mTestKeyValueCodec[m
[[1;34mINFO[m] [1;32mTests run: [0;1;32m3[m, Failures: 0, Errors: 0, Skipped: 0, Time elapsed: 0.207 s - in org.apache.hadoop.hbase.codec.[1mTestKeyValueCodec[m
[[1;34mINFO[m] Running org.apache.hadoop.hbase.codec.[1mTestCellCodecWithTags[m
[[1;34mINFO[m] [1;32mTests run: [0;1;32m1[m, Failures: 0, Errors: 0, Skipped: 0, Time elapsed: 0.229 s - in org.apache.hadoop.hbase.codec.[1mTestCellCodecWithTags[m
[[1;34mINFO[m] 
[[1;34mINFO[m] Results:
[[1;34mINFO[m] 
[[1;33mWARNING[m] [1;33mTests run: 341, Failures: 0, Errors: 0, Skipped: 1[m
[[1;34mINFO[m] 
[[1;34mINFO[m] 
[[1;34mINFO[m] [1m--- [0;32mmaven-surefire-plugin:3.0.0-M4:test[m [1m(secondPartTestsExecution)[m @ [36mhbase-common[0;1m ---[m
[[1;34mINFO[m] 
[[1;34mINFO[m] -------------------------------------------------------
[[1;34mINFO[m]  T E S T S
[[1;34mINFO[m] -------------------------------------------------------
[[1;34mINFO[m] Running org.apache.hadoop.hbase.util.[1mTestCounter[m
[[1;34mINFO[m] Running org.apache.hadoop.hbase.util.[1mTestCommonFSUtils[m
[[1;34mINFO[m] [1;32mTests run: [0;1;32m7[m, Failures: 0, Errors: 0, Skipped: 0, Time elapsed: 1.074 s - in org.apache.hadoop.hbase.util.[1mTestCommonFSUtils[m
[[1;34mINFO[m] [1;32mTests run: [0;1;32m2[m, Failures: 0, Errors: 0, Skipped: 0, Time elapsed: 8.295 s - in org.apache.hadoop.hbase.util.[1mTestCounter[m
[[1;34mINFO[m] Running org.apache.hadoop.hbase.util.[1mTestEnvironmentEdgeManager[m
[[1;34mINFO[m] [1;32mTests run: [0;1;32m2[m, Failures: 0, Errors: 0, Skipped: 0, Time elapsed: 0.524 s - in org.apache.hadoop.hbase.util.[1mTestEnvironmentEdgeManager[m
[[1;34mINFO[m] Running org.apache.hadoop.hbase.[1mTestTableName[m
[[1;34mINFO[m] [1;32mTests run: [0;1;32m6[m, Failures: 0, Errors: 0, Skipped: 0, Time elapsed: 0.156 s - in org.apache.hadoop.hbase.[1mTestTableName[m
[[1;34mINFO[m] 
[[1;34mINFO[m] Results:
[[1;34mINFO[m] 
[[1;34mINFO[m] [1;32mTests run: 17, Failures: 0, Errors: 0, Skipped: 0[m
[[1;34mINFO[m] 
[[1;34mINFO[m] [1m------------------------------------------------------------------------[m
[[1;34mINFO[m] [1;32mBUILD SUCCESS[m
[[1;34mINFO[m] [1m------------------------------------------------------------------------[m
[[1;34mINFO[m] Total time:  02:46 min
[[1;34mINFO[m] Finished at: 2020-04-08T21:59:58Z
[[1;34mINFO[m] [1m------------------------------------------------------------------------[m
