[[1;34mINFO[m] Scanning for projects...
[[1;34mINFO[m] ------------------------------------------------------------------------
[[1;34mINFO[m] Detecting the operating system and CPU architecture
[[1;34mINFO[m] ------------------------------------------------------------------------
[[1;34mINFO[m] os.detected.name: linux
[[1;34mINFO[m] os.detected.arch: x86_64
[[1;34mINFO[m] os.detected.version: 4.4
[[1;34mINFO[m] os.detected.version.major: 4
[[1;34mINFO[m] os.detected.version.minor: 4
[[1;34mINFO[m] os.detected.release: ubuntu
[[1;34mINFO[m] os.detected.release.version: 18.04
[[1;34mINFO[m] os.detected.release.like.ubuntu: true
[[1;34mINFO[m] os.detected.release.like.debian: true
[[1;34mINFO[m] os.detected.classifier: linux-x86_64
[[1;34mINFO[m] 
[[1;34mINFO[m] [1m-------------------< [0;36morg.apache.hbase:hbase-client[0;1m >--------------------[m
[[1;34mINFO[m] [1mBuilding Apache HBase - Client 2.2.4[m
[[1;34mINFO[m] [1m--------------------------------[ jar ]---------------------------------[m
[[1;34mINFO[m] 
[[1;34mINFO[m] [1m--- [0;32mbuild-helper-maven-plugin:3.0.0:bsh-property[m [1m(negate-license-bundles-property)[m @ [36mhbase-client[0;1m ---[m
[[1;34mINFO[m] 
[[1;34mINFO[m] [1m--- [0;32mbuild-helper-maven-plugin:3.0.0:regex-property[m [1m(create-license-file-path-property)[m @ [36mhbase-client[0;1m ---[m
[[1;34mINFO[m] No match to regex '\\' found in '/root/hbase-2.2.4/hbase-client/target/maven-shared-archive-resources/META-INF/LICENSE'. The initial value '/root/hbase-2.2.4/hbase-client/target/maven-shared-archive-resources/META-INF/LICENSE' is left as-is...
[[1;34mINFO[m] 
[[1;34mINFO[m] [1m--- [0;32mmaven-enforcer-plugin:3.0.0-M2:enforce[m [1m(enforce-maven-version)[m @ [36mhbase-client[0;1m ---[m
[[1;34mINFO[m] 
[[1;34mINFO[m] [1m--- [0;32mmaven-enforcer-plugin:3.0.0-M2:enforce[m [1m(hadoop-profile-min-maven-min-java-banned-xerces)[m @ [36mhbase-client[0;1m ---[m
[[1;34mINFO[m] 
[[1;34mINFO[m] [1m--- [0;32mmaven-enforcer-plugin:3.0.0-M2:enforce[m [1m(banned-jsr305)[m @ [36mhbase-client[0;1m ---[m
[[1;34mINFO[m] 
[[1;34mINFO[m] [1m--- [0;32mbuildnumber-maven-plugin:1.4:create-timestamp[m [1m(default)[m @ [36mhbase-client[0;1m ---[m
[[1;34mINFO[m] 
[[1;34mINFO[m] [1m--- [0;32mmaven-enforcer-plugin:3.0.0-M2:enforce[m [1m(banned-illegal-imports)[m @ [36mhbase-client[0;1m ---[m
[[1;34mINFO[m] 
[[1;34mINFO[m] [1m--- [0;32mmaven-remote-resources-plugin:1.5:process[m [1m(process-resource-bundles)[m @ [36mhbase-client[0;1m ---[m
[[1;34mINFO[m] 
[[1;34mINFO[m] [1m--- [0;32mmaven-resources-plugin:3.1.0:resources[m [1m(default-resources)[m @ [36mhbase-client[0;1m ---[m
[[1;34mINFO[m] Using 'UTF-8' encoding to copy filtered resources.
[[1;34mINFO[m] Copying 1 resource
[[1;34mINFO[m] Copying 3 resources
[[1;34mINFO[m] 
[[1;34mINFO[m] [1m--- [0;32mmaven-enforcer-plugin:3.0.0-M2:enforce[m [1m(check-aggregate-license)[m @ [36mhbase-client[0;1m ---[m
[[1;34mINFO[m] Skipping Rule Enforcement.
[[1;34mINFO[m] 
[[1;34mINFO[m] [1m--- [0;32mmaven-compiler-plugin:3.7.0:compile[m [1m(default-compile)[m @ [36mhbase-client[0;1m ---[m
[[1;34mINFO[m] Compiling 3 source files to /root/hbase-2.2.4/hbase-client/target/classes
[[1;34mINFO[m] 
[[1;34mINFO[m] [1m--- [0;32mmaven-resources-plugin:3.1.0:testResources[m [1m(default-testResources)[m @ [36mhbase-client[0;1m ---[m
[[1;34mINFO[m] Using 'UTF-8' encoding to copy filtered resources.
[[1;34mINFO[m] Copying 2 resources
[[1;34mINFO[m] Copying 3 resources
[[1;34mINFO[m] 
[[1;34mINFO[m] [1m--- [0;32mmaven-compiler-plugin:3.7.0:testCompile[m [1m(default-testCompile)[m @ [36mhbase-client[0;1m ---[m
[[1;34mINFO[m] Nothing to compile - all classes are up to date
[[1;34mINFO[m] 
[[1;34mINFO[m] [1m--- [0;32mwarbucks-maven-plugin:1.1.0:check[m [1m(run-warbucks)[m @ [36mhbase-client[0;1m ---[m
[[1;34mINFO[m] Rule 0: Class Matches: 377
[[1;34mINFO[m] Rule 0: Class Failures: 0
[[1;34mINFO[m] Total class failures: 0
[[1;34mINFO[m] 
[[1;34mINFO[m] [1m--- [0;32mmaven-surefire-plugin:3.0.0-M4:test[m [1m(default-test)[m @ [36mhbase-client[0;1m ---[m
[[1;34mINFO[m] 
[[1;34mINFO[m] -------------------------------------------------------
[[1;34mINFO[m]  T E S T S
[[1;34mINFO[m] -------------------------------------------------------
[[1;34mINFO[m] Running org.apache.hadoop.hbase.zookeeper.[1mTestZNodePaths[m
[[1;34mINFO[m] [1;32mTests run: [0;1;32m1[m, Failures: 0, Errors: 0, Skipped: 0, Time elapsed: 0.357 s - in org.apache.hadoop.hbase.zookeeper.[1mTestZNodePaths[m
[[1;34mINFO[m] Running org.apache.hadoop.hbase.ipc.[1mTestConnectionId[m
[[1;34mINFO[m] [1;32mTests run: [0;1;32m6[m, Failures: 0, Errors: 0, Skipped: 0, Time elapsed: 0.168 s - in org.apache.hadoop.hbase.ipc.[1mTestConnectionId[m
[[1;34mINFO[m] Running org.apache.hadoop.hbase.ipc.[1mTestIPCUtil[m
[[1;34mINFO[m] [1;32mTests run: [0;1;32m1[m, Failures: 0, Errors: 0, Skipped: 0, Time elapsed: 0.192 s - in org.apache.hadoop.hbase.ipc.[1mTestIPCUtil[m
[[1;34mINFO[m] Running org.apache.hadoop.hbase.ipc.[1mTestHBaseRpcControllerImpl[m
[[1;34mINFO[m] [1;32mTests run: [0;1;32m1[m, Failures: 0, Errors: 0, Skipped: 0, Time elapsed: 0.191 s - in org.apache.hadoop.hbase.ipc.[1mTestHBaseRpcControllerImpl[m
[[1;34mINFO[m] Running org.apache.hadoop.hbase.ipc.[1mTestRpcClientDeprecatedNameMapping[m
[[1;34mINFO[m] [1;32mTests run: [0;1;32m1[m, Failures: 0, Errors: 0, Skipped: 0, Time elapsed: 0.596 s - in org.apache.hadoop.hbase.ipc.[1mTestRpcClientDeprecatedNameMapping[m
[[1;34mINFO[m] Running org.apache.hadoop.hbase.ipc.[1mTestFailedServersLog[m
[[1;34mINFO[m] [1;32mTests run: [0;1;32m1[m, Failures: 0, Errors: 0, Skipped: 0, Time elapsed: 0.675 s - in org.apache.hadoop.hbase.ipc.[1mTestFailedServersLog[m
[[1;34mINFO[m] Running org.apache.hadoop.hbase.ipc.[1mTestCellBlockBuilder[m
[[1;34mINFO[m] [1;32mTests run: [0;1;32m1[m, Failures: 0, Errors: 0, Skipped: 0, Time elapsed: 0.389 s - in org.apache.hadoop.hbase.ipc.[1mTestCellBlockBuilder[m
[[1;34mINFO[m] Running org.apache.hadoop.hbase.shaded.protobuf.[1mTestProtobufUtil[m
[[1;34mINFO[m] [1;32mTests run: [0;1;32m13[m, Failures: 0, Errors: 0, Skipped: 0, Time elapsed: 1.002 s - in org.apache.hadoop.hbase.shaded.protobuf.[1mTestProtobufUtil[m
[[1;34mINFO[m] Running org.apache.hadoop.hbase.quotas.[1mTestQuotaSettingsFactory[m
[[1;34mINFO[m] [1;32mTests run: [0;1;32m5[m, Failures: 0, Errors: 0, Skipped: 0, Time elapsed: 0.312 s - in org.apache.hadoop.hbase.quotas.[1mTestQuotaSettingsFactory[m
[[1;34mINFO[m] Running org.apache.hadoop.hbase.quotas.[1mTestQuotaGlobalsSettingsBypass[m
[[1;34mINFO[m] [1;32mTests run: [0;1;32m2[m, Failures: 0, Errors: 0, Skipped: 0, Time elapsed: 0.182 s - in org.apache.hadoop.hbase.quotas.[1mTestQuotaGlobalsSettingsBypass[m
[[1;34mINFO[m] Running org.apache.hadoop.hbase.quotas.[1mTestSpaceLimitSettings[m
[[1;34mINFO[m] [1;32mTests run: [0;1;32m9[m, Failures: 0, Errors: 0, Skipped: 0, Time elapsed: 0.413 s - in org.apache.hadoop.hbase.quotas.[1mTestSpaceLimitSettings[m
[[1;34mINFO[m] Running org.apache.hadoop.hbase.quotas.[1mTestThrottleSettings[m
[[1;34mINFO[m] [1;32mTests run: [0;1;32m3[m, Failures: 0, Errors: 0, Skipped: 0, Time elapsed: 0.219 s - in org.apache.hadoop.hbase.quotas.[1mTestThrottleSettings[m
[[1;34mINFO[m] Running org.apache.hadoop.hbase.quotas.[1mTestQuotaFilter[m
[[1;34mINFO[m] [1;32mTests run: [0;1;32m1[m, Failures: 0, Errors: 0, Skipped: 0, Time elapsed: 0.164 s - in org.apache.hadoop.hbase.quotas.[1mTestQuotaFilter[m
[[1;34mINFO[m] Running org.apache.hadoop.hbase.security.[1mTestSaslUtil[m
[[1;34mINFO[m] [1;32mTests run: [0;1;32m1[m, Failures: 0, Errors: 0, Skipped: 0, Time elapsed: 0.177 s - in org.apache.hadoop.hbase.security.[1mTestSaslUtil[m
[[1;34mINFO[m] Running org.apache.hadoop.hbase.security.[1mTestEncryptionUtil[m
[[1;34mINFO[m] [1;32mTests run: [0;1;32m3[m, Failures: 0, Errors: 0, Skipped: 0, Time elapsed: 0.679 s - in org.apache.hadoop.hbase.security.[1mTestEncryptionUtil[m
[[1;34mINFO[m] Running org.apache.hadoop.hbase.security.[1mTestHBaseSaslRpcClient[m
[[1;34mINFO[m] [1;32mTests run: [0;1;32m5[m, Failures: 0, Errors: 0, Skipped: 0, Time elapsed: 0.783 s - in org.apache.hadoop.hbase.security.[1mTestHBaseSaslRpcClient[m
[[1;34mINFO[m] Running org.apache.hadoop.hbase.[1mTestRegionLocations[m
[[1;34mINFO[m] [1;32mTests run: [0;1;32m8[m, Failures: 0, Errors: 0, Skipped: 0, Time elapsed: 0.117 s - in org.apache.hadoop.hbase.[1mTestRegionLocations[m
[[1;34mINFO[m] Running org.apache.hadoop.hbase.exceptions.[1mTestClientExceptionsUtil[m
[[1;34mINFO[m] [1;32mTests run: [0;1;32m1[m, Failures: 0, Errors: 0, Skipped: 0, Time elapsed: 0.178 s - in org.apache.hadoop.hbase.exceptions.[1mTestClientExceptionsUtil[m
[[1;34mINFO[m] Running org.apache.hadoop.hbase.[1mTestHTableDescriptor[m
[[1;34mINFO[m] [1;32mTests run: [0;1;32m19[m, Failures: 0, Errors: 0, Skipped: 0, Time elapsed: 0.679 s - in org.apache.hadoop.hbase.[1mTestHTableDescriptor[m
[[1;34mINFO[m] Running org.apache.hadoop.hbase.replication.[1mTestReplicationPeerConfig[m
[[1;34mINFO[m] [1;32mTests run: [0;1;32m3[m, Failures: 0, Errors: 0, Skipped: 0, Time elapsed: 0.114 s - in org.apache.hadoop.hbase.replication.[1mTestReplicationPeerConfig[m
[[1;34mINFO[m] Running org.apache.hadoop.hbase.[1mTestHColumnDescriptor[m
[[1;34mINFO[m] [1;32mTests run: [0;1;32m6[m, Failures: 0, Errors: 0, Skipped: 0, Time elapsed: 0.522 s - in org.apache.hadoop.hbase.[1mTestHColumnDescriptor[m
[[1;34mINFO[m] Running org.apache.hadoop.hbase.client.[1mTestMetricsConnection[m
[[1;34mINFO[m] [1;32mTests run: [0;1;32m1[m, Failures: 0, Errors: 0, Skipped: 0, Time elapsed: 0.11 s - in org.apache.hadoop.hbase.client.[1mTestMetricsConnection[m
[[1;34mINFO[m] Running org.apache.hadoop.hbase.client.[1mTestImmutableHRegionInfo[m
[[1;34mINFO[m] [1;32mTests run: [0;1;32m1[m, Failures: 0, Errors: 0, Skipped: 0, Time elapsed: 0.133 s - in org.apache.hadoop.hbase.client.[1mTestImmutableHRegionInfo[m
[[1;34mINFO[m] Running org.apache.hadoop.hbase.client.[1mTestRetriesExhaustedWithDetailsException[m
[[1;34mINFO[m] [1;32mTests run: [0;1;32m1[m, Failures: 0, Errors: 0, Skipped: 0, Time elapsed: 0.512 s - in org.apache.hadoop.hbase.client.[1mTestRetriesExhaustedWithDetailsException[m
[[1;34mINFO[m] Running org.apache.hadoop.hbase.client.[1mTestImmutableHTableDescriptor[m
[[1;34mINFO[m] [1;32mTests run: [0;1;32m3[m, Failures: 0, Errors: 0, Skipped: 0, Time elapsed: 0.369 s - in org.apache.hadoop.hbase.client.[1mTestImmutableHTableDescriptor[m
[[1;34mINFO[m] Running org.apache.hadoop.hbase.client.[1mTestBufferedMutatorParams[m
[[1;34mINFO[m] [1;32mTests run: [0;1;32m1[m, Failures: 0, Errors: 0, Skipped: 0, Time elapsed: 0.186 s - in org.apache.hadoop.hbase.client.[1mTestBufferedMutatorParams[m
[[1;34mINFO[m] Running org.apache.hadoop.hbase.client.[1mTestResultStatsUtil[m
[[1;34mINFO[m] [1;32mTests run: [0;1;32m4[m, Failures: 0, Errors: 0, Skipped: 0, Time elapsed: 0.121 s - in org.apache.hadoop.hbase.client.[1mTestResultStatsUtil[m
[[1;34mINFO[m] Running org.apache.hadoop.hbase.client.[1mTestBufferedMutator[m
[[1;34mINFO[m] [1;32mTests run: [0;1;32m1[m, Failures: 0, Errors: 0, Skipped: 0, Time elapsed: 0.73 s - in org.apache.hadoop.hbase.client.[1mTestBufferedMutator[m
[[1;34mINFO[m] Running org.apache.hadoop.hbase.client.[1mTestProcedureFuture[m
[[1;34mINFO[m] [1;32mTests run: [0;1;32m4[m, Failures: 0, Errors: 0, Skipped: 0, Time elapsed: 1.126 s - in org.apache.hadoop.hbase.client.[1mTestProcedureFuture[m
[[1;34mINFO[m] Running org.apache.hadoop.hbase.client.[1mTestAsyncRegistryLeak[m
[[1;34mINFO[m] [1;32mTests run: [0;1;32m1[m, Failures: 0, Errors: 0, Skipped: 0, Time elapsed: 0.233 s - in org.apache.hadoop.hbase.client.[1mTestAsyncRegistryLeak[m
[[1;34mINFO[m] Running org.apache.hadoop.hbase.client.[1mTestAsyncProcessWithRegionException[m
[[1;34mINFO[m] [1;32mTests run: [0;1;32m3[m, Failures: 0, Errors: 0, Skipped: 0, Time elapsed: 3.645 s - in org.apache.hadoop.hbase.client.[1mTestAsyncProcessWithRegionException[m
[[1;34mINFO[m] Running org.apache.hadoop.hbase.client.[1mTestImmutableHColumnDescriptor[m
[[1;34mINFO[m] [1;32mTests run: [0;1;32m2[m, Failures: 0, Errors: 0, Skipped: 0, Time elapsed: 0.359 s - in org.apache.hadoop.hbase.client.[1mTestImmutableHColumnDescriptor[m
[[1;34mINFO[m] Running org.apache.hadoop.hbase.client.[1mTestClientNoCluster[m
[[1;33mWARNING[m] [1;33mTests [0;1mrun: [0;1m6[m, Failures: 0, Errors: 0, [1;33mSkipped: [0;1;33m1[m, Time elapsed: 1.436 s - in org.apache.hadoop.hbase.client.[1mTestClientNoCluster[m
[[1;34mINFO[m] Running org.apache.hadoop.hbase.client.[1mTestTableDescriptorUtils[m
[[1;34mINFO[m] [1;32mTests run: [0;1;32m1[m, Failures: 0, Errors: 0, Skipped: 0, Time elapsed: 0.401 s - in org.apache.hadoop.hbase.client.[1mTestTableDescriptorUtils[m
[[1;34mINFO[m] Running org.apache.hadoop.hbase.client.[1mTestRegionInfoDisplay[m
[[1;34mINFO[m] [1;32mTests run: [0;1;32m1[m, Failures: 0, Errors: 0, Skipped: 0, Time elapsed: 0.349 s - in org.apache.hadoop.hbase.client.[1mTestRegionInfoDisplay[m
[[1;34mINFO[m] Running org.apache.hadoop.hbase.client.[1mTestMutation[m
[[1;34mINFO[m] [1;32mTests run: [0;1;32m6[m, Failures: 0, Errors: 0, Skipped: 0, Time elapsed: 0.296 s - in org.apache.hadoop.hbase.client.[1mTestMutation[m
[[1;34mINFO[m] Running org.apache.hadoop.hbase.client.[1mTestReversedScannerCallable[m
[[1;34mINFO[m] [1;32mTests run: [0;1;32m2[m, Failures: 0, Errors: 0, Skipped: 0, Time elapsed: 0.997 s - in org.apache.hadoop.hbase.client.[1mTestReversedScannerCallable[m
[[1;34mINFO[m] Running org.apache.hadoop.hbase.client.[1mTestPutDotHas[m
[[1;34mINFO[m] [1;32mTests run: [0;1;32m4[m, Failures: 0, Errors: 0, Skipped: 0, Time elapsed: 0.094 s - in org.apache.hadoop.hbase.client.[1mTestPutDotHas[m
[[1;34mINFO[m] Running org.apache.hadoop.hbase.client.[1mTestSimpleRequestController[m
[[1;34mINFO[m] [1;32mTests run: [0;1;32m11[m, Failures: 0, Errors: 0, Skipped: 0, Time elapsed: 0.493 s - in org.apache.hadoop.hbase.client.[1mTestSimpleRequestController[m
[[1;34mINFO[m] Running org.apache.hadoop.hbase.client.[1mTestOperation[m
[[1;34mINFO[m] [1;32mTests run: [0;1;32m3[m, Failures: 0, Errors: 0, Skipped: 0, Time elapsed: 0.171 s - in org.apache.hadoop.hbase.client.[1mTestOperation[m
[[1;34mINFO[m] Running org.apache.hadoop.hbase.client.[1mTestAsyncMetaRegionLocatorFailFast[m
[[1;34mINFO[m] [1;32mTests run: [0;1;32m1[m, Failures: 0, Errors: 0, Skipped: 0, Time elapsed: 0.087 s - in org.apache.hadoop.hbase.client.[1mTestAsyncMetaRegionLocatorFailFast[m
[[1;34mINFO[m] Running org.apache.hadoop.hbase.client.[1mTestHTableMultiplexerViaMocks[m
[[1;34mINFO[m] [1;32mTests run: [0;1;32m2[m, Failures: 0, Errors: 0, Skipped: 0, Time elapsed: 0.737 s - in org.apache.hadoop.hbase.client.[1mTestHTableMultiplexerViaMocks[m
[[1;34mINFO[m] Running org.apache.hadoop.hbase.client.[1mTestClientExponentialBackoff[m
[[1;34mINFO[m] [1;32mTests run: [0;1;32m5[m, Failures: 0, Errors: 0, Skipped: 0, Time elapsed: 0.231 s - in org.apache.hadoop.hbase.client.[1mTestClientExponentialBackoff[m
[[1;34mINFO[m] Running org.apache.hadoop.hbase.client.[1mTestAttributes[m
[[1;34mINFO[m] [1;32mTests run: [0;1;32m7[m, Failures: 0, Errors: 0, Skipped: 0, Time elapsed: 0.261 s - in org.apache.hadoop.hbase.client.[1mTestAttributes[m
[[1;34mINFO[m] Running org.apache.hadoop.hbase.client.[1mTestInterfaceAlign[m
[[1;34mINFO[m] [1;32mTests run: [0;1;32m1[m, Failures: 0, Errors: 0, Skipped: 0, Time elapsed: 0.136 s - in org.apache.hadoop.hbase.client.[1mTestInterfaceAlign[m
[[1;34mINFO[m] Running org.apache.hadoop.hbase.client.[1mTestIncrement[m
[[1;34mINFO[m] [1;32mTests run: [0;1;32m1[m, Failures: 0, Errors: 0, Skipped: 0, Time elapsed: 0.2 s - in org.apache.hadoop.hbase.client.[1mTestIncrement[m
[[1;34mINFO[m] Running org.apache.hadoop.hbase.client.[1mTestGet[m
[[1;34mINFO[m] [1;32mTests run: [0;1;32m6[m, Failures: 0, Errors: 0, Skipped: 0, Time elapsed: 0.786 s - in org.apache.hadoop.hbase.client.[1mTestGet[m
[[1;34mINFO[m] Running org.apache.hadoop.hbase.client.[1mTestScan[m
[[1;34mINFO[m] [1;32mTests run: [0;1;32m7[m, Failures: 0, Errors: 0, Skipped: 0, Time elapsed: 0.372 s - in org.apache.hadoop.hbase.client.[1mTestScan[m
[[1;34mINFO[m] Running org.apache.hadoop.hbase.client.[1mTestCoprocessorDescriptor[m
[[1;34mINFO[m] [1;32mTests run: [0;1;32m2[m, Failures: 0, Errors: 0, Skipped: 0, Time elapsed: 0.386 s - in org.apache.hadoop.hbase.client.[1mTestCoprocessorDescriptor[m
[[1;34mINFO[m] Running org.apache.hadoop.hbase.client.[1mTestClientScanner[m
[[1;34mINFO[m] [1;32mTests run: [0;1;32m6[m, Failures: 0, Errors: 0, Skipped: 0, Time elapsed: 1.069 s - in org.apache.hadoop.hbase.client.[1mTestClientScanner[m
[[1;34mINFO[m] Running org.apache.hadoop.hbase.client.[1mTestRowComparator[m
[[1;34mINFO[m] [1;32mTests run: [0;1;32m5[m, Failures: 0, Errors: 0, Skipped: 0, Time elapsed: 0.107 s - in org.apache.hadoop.hbase.client.[1mTestRowComparator[m
[[1;34mINFO[m] Running org.apache.hadoop.hbase.client.[1mTestColumnFamilyDescriptorLowerCaseEnum[m
[[1;34mINFO[m] [1;32mTests run: [0;1;32m1[m, Failures: 0, Errors: 0, Skipped: 0, Time elapsed: 0.382 s - in org.apache.hadoop.hbase.client.[1mTestColumnFamilyDescriptorLowerCaseEnum[m
[[1;34mINFO[m] Running org.apache.hadoop.hbase.client.[1mTestSnapshotFromAdmin[m
[[1;34mINFO[m] [1;32mTests run: [0;1;32m2[m, Failures: 0, Errors: 0, Skipped: 0, Time elapsed: 4.835 s - in org.apache.hadoop.hbase.client.[1mTestSnapshotFromAdmin[m
[[1;34mINFO[m] Running org.apache.hadoop.hbase.client.[1mTestDelayingRunner[m
[[1;34mINFO[m] [1;32mTests run: [0;1;32m1[m, Failures: 0, Errors: 0, Skipped: 0, Time elapsed: 1.059 s - in org.apache.hadoop.hbase.client.[1mTestDelayingRunner[m
[[1;34mINFO[m] Running org.apache.hadoop.hbase.client.[1mTestTableDescriptorBuilder[m
[[1;34mINFO[m] [1;32mTests run: [0;1;32m17[m, Failures: 0, Errors: 0, Skipped: 0, Time elapsed: 0.613 s - in org.apache.hadoop.hbase.client.[1mTestTableDescriptorBuilder[m
[[1;34mINFO[m] Running org.apache.hadoop.hbase.client.[1mTestColumnFamilyDescriptorBuilder[m
[[1;34mINFO[m] [1;32mTests run: [0;1;32m6[m, Failures: 0, Errors: 0, Skipped: 0, Time elapsed: 0.565 s - in org.apache.hadoop.hbase.client.[1mTestColumnFamilyDescriptorBuilder[m
[[1;34mINFO[m] Running org.apache.hadoop.hbase.client.[1mTestDeleteTimeStamp[m
[[1;34mINFO[m] [1;32mTests run: [0;1;32m1[m, Failures: 0, Errors: 0, Skipped: 0, Time elapsed: 0.12 s - in org.apache.hadoop.hbase.client.[1mTestDeleteTimeStamp[m
[[1;34mINFO[m] Running org.apache.hadoop.hbase.filter.[1mTestComparators[m
[[1;34mINFO[m] [1;32mTests run: [0;1;32m1[m, Failures: 0, Errors: 0, Skipped: 0, Time elapsed: 0.209 s - in org.apache.hadoop.hbase.filter.[1mTestComparators[m
[[1;34mINFO[m] Running org.apache.hadoop.hbase.filter.[1mTestLongComparator[m
[[1;34mINFO[m] [1;32mTests run: [0;1;32m1[m, Failures: 0, Errors: 0, Skipped: 0, Time elapsed: 0.196 s - in org.apache.hadoop.hbase.filter.[1mTestLongComparator[m
[[1;34mINFO[m] Running org.apache.hadoop.hbase.filter.[1mTestKeyOnlyFilter[m
[[1;34mINFO[m] [1;32mTests run: [0;1;32m2[m, Failures: 0, Errors: 0, Skipped: 0, Time elapsed: 0.144 s - in org.apache.hadoop.hbase.filter.[1mTestKeyOnlyFilter[m
[[1;34mINFO[m] Running org.apache.hadoop.hbase.util.[1mTestReusablePoolMap[m
[[1;34mINFO[m] [1;32mTests run: [0;1;32m3[m, Failures: 0, Errors: 0, Skipped: 0, Time elapsed: 0.203 s - in org.apache.hadoop.hbase.util.[1mTestReusablePoolMap[m
[[1;34mINFO[m] Running org.apache.hadoop.hbase.util.[1mTestRoundRobinPoolMap[m
[[1;34mINFO[m] [1;32mTests run: [0;1;32m3[m, Failures: 0, Errors: 0, Skipped: 0, Time elapsed: 0.188 s - in org.apache.hadoop.hbase.util.[1mTestRoundRobinPoolMap[m
[[1;34mINFO[m] Running org.apache.hadoop.hbase.util.[1mTestThreadLocalPoolMap[m
[[1;34mINFO[m] [1;32mTests run: [0;1;32m3[m, Failures: 0, Errors: 0, Skipped: 0, Time elapsed: 0.193 s - in org.apache.hadoop.hbase.util.[1mTestThreadLocalPoolMap[m
[[1;34mINFO[m] 
[[1;34mINFO[m] Results:
[[1;34mINFO[m] 
[[1;33mWARNING[m] [1;33mTests run: 231, Failures: 0, Errors: 0, Skipped: 1[m
[[1;34mINFO[m] 
[[1;34mINFO[m] 
[[1;34mINFO[m] [1m--- [0;32mmaven-surefire-plugin:3.0.0-M4:test[m [1m(secondPartTestsExecution)[m @ [36mhbase-client[0;1m ---[m
[[1;34mINFO[m] 
[[1;34mINFO[m] -------------------------------------------------------
[[1;34mINFO[m]  T E S T S
[[1;34mINFO[m] -------------------------------------------------------
[[1;34mINFO[m] Running org.apache.hadoop.hbase.client.[1mTestAsyncProcess[m
[[1;34mINFO[m] Running org.apache.hadoop.hbase.client.[1mTestAsyncTableRpcPriority[m
[[1;34mINFO[m] [1;32mTests run: [0;1;32m39[m, Failures: 0, Errors: 0, Skipped: 0, Time elapsed: 9.964 s - in org.apache.hadoop.hbase.client.[1mTestAsyncTableRpcPriority[m
[[1;34mINFO[m] Running org.apache.hadoop.hbase.client.[1mTestAsyncAdminRpcPriority[m
[[1;34mINFO[m] [1;32mTests run: [0;1;32m6[m, Failures: 0, Errors: 0, Skipped: 0, Time elapsed: 1.476 s - in org.apache.hadoop.hbase.client.[1mTestAsyncAdminRpcPriority[m
[[1;34mINFO[m] [1;32mTests run: [0;1;32m40[m, Failures: 0, Errors: 0, Skipped: 0, Time elapsed: 69.358 s - in org.apache.hadoop.hbase.client.[1mTestAsyncProcess[m
[[1;34mINFO[m] 
[[1;34mINFO[m] Results:
[[1;34mINFO[m] 
[[1;34mINFO[m] [1;32mTests run: 85, Failures: 0, Errors: 0, Skipped: 0[m
[[1;34mINFO[m] 
[[1;34mINFO[m] [1m------------------------------------------------------------------------[m
[[1;34mINFO[m] [1;32mBUILD SUCCESS[m
[[1;34mINFO[m] [1m------------------------------------------------------------------------[m
[[1;34mINFO[m] Total time:  02:53 min
[[1;34mINFO[m] Finished at: 2020-04-08T21:57:11Z
[[1;34mINFO[m] [1m------------------------------------------------------------------------[m
