[[1;34mINFO[m] Scanning for projects...
[[1;34mINFO[m] ------------------------------------------------------------------------
[[1;34mINFO[m] Detecting the operating system and CPU architecture
[[1;34mINFO[m] ------------------------------------------------------------------------
[[1;34mINFO[m] os.detected.name: linux
[[1;34mINFO[m] os.detected.arch: x86_64
[[1;34mINFO[m] os.detected.version: 4.4
[[1;34mINFO[m] os.detected.version.major: 4
[[1;34mINFO[m] os.detected.version.minor: 4
[[1;34mINFO[m] os.detected.release: ubuntu
[[1;34mINFO[m] os.detected.release.version: 18.04
[[1;34mINFO[m] os.detected.release.like.ubuntu: true
[[1;34mINFO[m] os.detected.release.like.debian: true
[[1;34mINFO[m] os.detected.classifier: linux-x86_64
[[1;34mINFO[m] 
[[1;34mINFO[m] [1m-------------------< [0;36morg.apache.hbase:hbase-rsgroup[0;1m >-------------------[m
[[1;34mINFO[m] [1mBuilding Apache HBase - RSGroup 2.2.4[m
[[1;34mINFO[m] [1m--------------------------------[ jar ]---------------------------------[m
Downloading from central: https://repo.maven.apache.org/maven2/org/apache/hbase/hbase-procedure/2.2.4/hbase-procedure-2.2.4-tests.jar
Progress (1): 2.2/227 kBProgress (1): 5.0/227 kBProgress (1): 7.7/227 kBProgress (1): 10/227 kB Progress (1): 13/227 kBProgress (1): 16/227 kBProgress (1): 19/227 kBProgress (1): 21/227 kBProgress (1): 24/227 kBProgress (1): 27/227 kBProgress (1): 30/227 kBProgress (1): 32/227 kBProgress (1): 36/227 kBProgress (1): 40/227 kBProgress (1): 45/227 kBProgress (1): 49/227 kBProgress (1): 53/227 kBProgress (1): 57/227 kBProgress (1): 61/227 kBProgress (1): 65/227 kBProgress (1): 69/227 kBProgress (1): 73/227 kBProgress (1): 77/227 kBProgress (1): 81/227 kBProgress (1): 85/227 kBProgress (1): 90/227 kBProgress (1): 94/227 kBProgress (1): 98/227 kBProgress (1): 102/227 kBProgress (1): 106/227 kBProgress (1): 110/227 kBProgress (1): 114/227 kBProgress (1): 118/227 kBProgress (1): 122/227 kBProgress (1): 126/227 kBProgress (1): 131/227 kBProgress (1): 135/227 kBProgress (1): 139/227 kBProgress (1): 143/227 kBProgress (1): 147/227 kBProgress (1): 151/227 kBProgress (1): 155/227 kBProgress (1): 159/227 kBProgress (1): 163/227 kBProgress (1): 167/227 kBProgress (1): 171/227 kBProgress (1): 176/227 kBProgress (1): 180/227 kBProgress (1): 184/227 kBProgress (1): 188/227 kBProgress (1): 192/227 kBProgress (1): 196/227 kBProgress (1): 200/227 kBProgress (1): 204/227 kBProgress (1): 208/227 kBProgress (1): 212/227 kBProgress (1): 217/227 kBProgress (1): 221/227 kBProgress (1): 225/227 kBProgress (1): 227 kB                        Downloaded from central: https://repo.maven.apache.org/maven2/org/apache/hbase/hbase-procedure/2.2.4/hbase-procedure-2.2.4-tests.jar (227 kB at 422 kB/s)
[[1;34mINFO[m] 
[[1;34mINFO[m] [1m--- [0;32mbuild-helper-maven-plugin:3.0.0:bsh-property[m [1m(negate-license-bundles-property)[m @ [36mhbase-rsgroup[0;1m ---[m
[[1;34mINFO[m] 
[[1;34mINFO[m] [1m--- [0;32mbuild-helper-maven-plugin:3.0.0:regex-property[m [1m(create-license-file-path-property)[m @ [36mhbase-rsgroup[0;1m ---[m
[[1;34mINFO[m] No match to regex '\\' found in '/root/hbase-2.2.4/hbase-rsgroup/target/maven-shared-archive-resources/META-INF/LICENSE'. The initial value '/root/hbase-2.2.4/hbase-rsgroup/target/maven-shared-archive-resources/META-INF/LICENSE' is left as-is...
[[1;34mINFO[m] 
[[1;34mINFO[m] [1m--- [0;32mmaven-enforcer-plugin:3.0.0-M2:enforce[m [1m(enforce-maven-version)[m @ [36mhbase-rsgroup[0;1m ---[m
[[1;34mINFO[m] 
[[1;34mINFO[m] [1m--- [0;32mmaven-enforcer-plugin:3.0.0-M2:enforce[m [1m(hadoop-profile-min-maven-min-java-banned-xerces)[m @ [36mhbase-rsgroup[0;1m ---[m
[[1;34mINFO[m] 
[[1;34mINFO[m] [1m--- [0;32mmaven-enforcer-plugin:3.0.0-M2:enforce[m [1m(banned-jsr305)[m @ [36mhbase-rsgroup[0;1m ---[m
[[1;34mINFO[m] 
[[1;34mINFO[m] [1m--- [0;32mbuildnumber-maven-plugin:1.4:create-timestamp[m [1m(default)[m @ [36mhbase-rsgroup[0;1m ---[m
[[1;34mINFO[m] 
[[1;34mINFO[m] [1m--- [0;32mprotobuf-maven-plugin:0.5.0:compile[m [1m(compile-protoc)[m @ [36mhbase-rsgroup[0;1m ---[m
[[1;34mINFO[m] Skipping compilation because target directory newer than sources.
[[1;34mINFO[m] 
[[1;34mINFO[m] [1m--- [0;32mmaven-enforcer-plugin:3.0.0-M2:enforce[m [1m(banned-illegal-imports)[m @ [36mhbase-rsgroup[0;1m ---[m
[[1;34mINFO[m] 
[[1;34mINFO[m] [1m--- [0;32mmaven-remote-resources-plugin:1.5:process[m [1m(process-resource-bundles)[m @ [36mhbase-rsgroup[0;1m ---[m
[[1;34mINFO[m] 
[[1;34mINFO[m] [1m--- [0;32mmaven-resources-plugin:3.1.0:resources[m [1m(default-resources)[m @ [36mhbase-rsgroup[0;1m ---[m
[[1;34mINFO[m] Using 'UTF-8' encoding to copy filtered resources.
[[1;34mINFO[m] skip non existing resourceDirectory /root/hbase-2.2.4/hbase-rsgroup/src/main/resources
[[1;34mINFO[m] Copying 1 resource
[[1;34mINFO[m] Copying 3 resources
[[1;34mINFO[m] 
[[1;34mINFO[m] [1m--- [0;32mmaven-enforcer-plugin:3.0.0-M2:enforce[m [1m(check-aggregate-license)[m @ [36mhbase-rsgroup[0;1m ---[m
[[1;34mINFO[m] Skipping Rule Enforcement.
[[1;34mINFO[m] 
[[1;34mINFO[m] [1m--- [0;32mmaven-compiler-plugin:3.7.0:compile[m [1m(default-compile)[m @ [36mhbase-rsgroup[0;1m ---[m
[[1;34mINFO[m] Nothing to compile - all classes are up to date
[[1;34mINFO[m] 
[[1;34mINFO[m] [1m--- [0;32mmaven-resources-plugin:3.1.0:testResources[m [1m(default-testResources)[m @ [36mhbase-rsgroup[0;1m ---[m
[[1;34mINFO[m] Using 'UTF-8' encoding to copy filtered resources.
[[1;34mINFO[m] Copying 2 resources
[[1;34mINFO[m] Copying 3 resources
[[1;34mINFO[m] 
[[1;34mINFO[m] [1m--- [0;32mmaven-compiler-plugin:3.7.0:testCompile[m [1m(default-testCompile)[m @ [36mhbase-rsgroup[0;1m ---[m
[[1;34mINFO[m] Nothing to compile - all classes are up to date
[[1;34mINFO[m] 
[[1;34mINFO[m] [1m--- [0;32mwarbucks-maven-plugin:1.1.0:check[m [1m(run-warbucks)[m @ [36mhbase-rsgroup[0;1m ---[m
[[1;34mINFO[m] Rule 0: Class Matches: 7
[[1;34mINFO[m] Rule 0: Class Failures: 0
[[1;34mINFO[m] Total class failures: 0
[[1;34mINFO[m] 
[[1;34mINFO[m] [1m--- [0;32mmaven-surefire-plugin:3.0.0-M4:test[m [1m(default-test)[m @ [36mhbase-rsgroup[0;1m ---[m
[[1;34mINFO[m] 
[[1;34mINFO[m] -------------------------------------------------------
[[1;34mINFO[m]  T E S T S
[[1;34mINFO[m] -------------------------------------------------------
[[1;34mINFO[m] 
[[1;34mINFO[m] Results:
[[1;34mINFO[m] 
[[1;34mINFO[m] Tests run: 0, Failures: 0, Errors: 0, Skipped: 0
[[1;34mINFO[m] 
[[1;34mINFO[m] 
[[1;34mINFO[m] [1m--- [0;32mmaven-surefire-plugin:3.0.0-M4:test[m [1m(secondPartTestsExecution)[m @ [36mhbase-rsgroup[0;1m ---[m
[[1;34mINFO[m] 
[[1;34mINFO[m] -------------------------------------------------------
[[1;34mINFO[m]  T E S T S
[[1;34mINFO[m] -------------------------------------------------------
[[1;34mINFO[m] Running org.apache.hadoop.hbase.rsgroup.[1mTestRSGroupsBasics[m
[[1;34mINFO[m] Running org.apache.hadoop.hbase.rsgroup.[1mTestRSGroupsOfflineMode[m
[[1;34mINFO[m] [1;32mTests run: [0;1;32m1[m, Failures: 0, Errors: 0, Skipped: 0, Time elapsed: 14.51 s - in org.apache.hadoop.hbase.rsgroup.[1mTestRSGroupsOfflineMode[m
[[1;34mINFO[m] Running org.apache.hadoop.hbase.rsgroup.[1mTestEnableRSGroups[m
[[1;34mINFO[m] [1;32mTests run: [0;1;32m1[m, Failures: 0, Errors: 0, Skipped: 0, Time elapsed: 4.268 s - in org.apache.hadoop.hbase.rsgroup.[1mTestEnableRSGroups[m
[[1;34mINFO[m] Running org.apache.hadoop.hbase.rsgroup.[1mTestRSGroupsWithACL[m
[[1;34mINFO[m] [1;32mTests run: [0;1;32m10[m, Failures: 0, Errors: 0, Skipped: 0, Time elapsed: 4.663 s - in org.apache.hadoop.hbase.rsgroup.[1mTestRSGroupsWithACL[m
[[1;34mINFO[m] [1;32mTests run: [0;1;32m10[m, Failures: 0, Errors: 0, Skipped: 0, Time elapsed: 65.057 s - in org.apache.hadoop.hbase.rsgroup.[1mTestRSGroupsBasics[m
[[1;34mINFO[m] Running org.apache.hadoop.hbase.rsgroup.[1mTestRSGroupsAdmin1[m
[[1;34mINFO[m] Running org.apache.hadoop.hbase.rsgroup.[1mTestRSGroupsAdmin2[m
[[1;34mINFO[m] [1;32mTests run: [0;1;32m6[m, Failures: 0, Errors: 0, Skipped: 0, Time elapsed: 44.235 s - in org.apache.hadoop.hbase.rsgroup.[1mTestRSGroupsAdmin2[m
[[1;34mINFO[m] Running org.apache.hadoop.hbase.rsgroup.[1mTestRSGroupsBalance[m
[[1;34mINFO[m] [1;32mTests run: [0;1;32m11[m, Failures: 0, Errors: 0, Skipped: 0, Time elapsed: 70.635 s - in org.apache.hadoop.hbase.rsgroup.[1mTestRSGroupsAdmin1[m
[[1;34mINFO[m] Running org.apache.hadoop.hbase.master.procedure.[1mTestSCPWithReplicasWithRSGroup[m
[[1;34mINFO[m] [1;32mTests run: [0;1;32m1[m, Failures: 0, Errors: 0, Skipped: 0, Time elapsed: 27.548 s - in org.apache.hadoop.hbase.master.procedure.[1mTestSCPWithReplicasWithRSGroup[m
[[1;34mINFO[m] [1;32mTests run: [0;1;32m2[m, Failures: 0, Errors: 0, Skipped: 0, Time elapsed: 38.891 s - in org.apache.hadoop.hbase.rsgroup.[1mTestRSGroupsBalance[m
[[1;34mINFO[m] 
[[1;34mINFO[m] Results:
[[1;34mINFO[m] 
[[1;34mINFO[m] [1;32mTests run: 42, Failures: 0, Errors: 0, Skipped: 0[m
[[1;34mINFO[m] 
[[1;34mINFO[m] [1m------------------------------------------------------------------------[m
[[1;34mINFO[m] [1;32mBUILD SUCCESS[m
[[1;34mINFO[m] [1m------------------------------------------------------------------------[m
[[1;34mINFO[m] Total time:  03:38 min
[[1;34mINFO[m] Finished at: 2020-04-08T22:31:24Z
[[1;34mINFO[m] [1m------------------------------------------------------------------------[m
