[[1;34mINFO[m] Scanning for projects...
[[1;34mINFO[m] 
[[1;34mINFO[m] [1m-------------< [0;36morg.apache.hadoop:hadoop-resourceestimator[0;1m >-------------[m
[[1;34mINFO[m] [1mBuilding Apache Hadoop Resource Estimator Service 3.2.1[m
[[1;34mINFO[m] [1m--------------------------------[ jar ]---------------------------------[m
[[1;34mINFO[m] 
[[1;34mINFO[m] [1m--- [0;32mmaven-antrun-plugin:1.7:run[m [1m(create-testdirs)[m @ [36mhadoop-resourceestimator[0;1m ---[m
[[1;34mINFO[m] Executing tasks

main:
[[1;34mINFO[m] Executed tasks
[[1;34mINFO[m] 
[[1;34mINFO[m] [1m--- [0;32mmaven-resources-plugin:2.6:resources[m [1m(default-resources)[m @ [36mhadoop-resourceestimator[0;1m ---[m
[[1;34mINFO[m] Using 'UTF-8' encoding to copy filtered resources.
[[1;34mINFO[m] Copying 0 resource
[[1;34mINFO[m] 
[[1;34mINFO[m] [1m--- [0;32mmaven-compiler-plugin:3.1:compile[m [1m(default-compile)[m @ [36mhadoop-resourceestimator[0;1m ---[m
[[1;34mINFO[m] Compiling 17 source files to /root/hadoop-3.2.1-src/hadoop-tools/hadoop-resourceestimator/target/classes
[[1;34mINFO[m] 
[[1;34mINFO[m] [1m--- [0;32mmaven-resources-plugin:2.6:testResources[m [1m(default-testResources)[m @ [36mhadoop-resourceestimator[0;1m ---[m
[[1;34mINFO[m] Using 'UTF-8' encoding to copy filtered resources.
[[1;34mINFO[m] Copying 17 resources
[[1;34mINFO[m] 
[[1;34mINFO[m] [1m--- [0;32mmaven-compiler-plugin:3.1:testCompile[m [1m(default-testCompile)[m @ [36mhadoop-resourceestimator[0;1m ---[m
[[1;34mINFO[m] Compiling 1 source file to /root/hadoop-3.2.1-src/hadoop-tools/hadoop-resourceestimator/target/test-classes
[[1;34mINFO[m] 
[[1;34mINFO[m] [1m--- [0;32mmaven-surefire-plugin:3.0.0-M1:test[m [1m(default-test)[m @ [36mhadoop-resourceestimator[0;1m ---[m
[[1;34mINFO[m] 
[[1;34mINFO[m] -------------------------------------------------------
[[1;34mINFO[m]  T E S T S
[[1;34mINFO[m] -------------------------------------------------------
[[1;34mINFO[m] Running org.apache.hadoop.resourceestimator.common.serialization.[1mTestResourceSkylineSerDe[m
[[1;34mINFO[m] [1;32mTests run: [0;1;32m1[m, Failures: 0, Errors: 0, Skipped: 0, Time elapsed: 0.315 s - in org.apache.hadoop.resourceestimator.common.serialization.[1mTestResourceSkylineSerDe[m
[[1;34mINFO[m] Running org.apache.hadoop.resourceestimator.common.serialization.[1mTestHistorySkylineSerDe[m
[[1;34mINFO[m] [1;32mTests run: [0;1;32m1[m, Failures: 0, Errors: 0, Skipped: 0, Time elapsed: 0.355 s - in org.apache.hadoop.resourceestimator.common.serialization.[1mTestHistorySkylineSerDe[m
[[1;34mINFO[m] Running org.apache.hadoop.resourceestimator.common.serialization.[1mTestResourceSerDe[m
[[1;34mINFO[m] [1;32mTests run: [0;1;32m1[m, Failures: 0, Errors: 0, Skipped: 0, Time elapsed: 0.314 s - in org.apache.hadoop.resourceestimator.common.serialization.[1mTestResourceSerDe[m
[[1;34mINFO[m] Running org.apache.hadoop.resourceestimator.common.api.[1mTestResourceSkyline[m
[[1;34mINFO[m] [1;32mTests run: [0;1;32m4[m, Failures: 0, Errors: 0, Skipped: 0, Time elapsed: 0.291 s - in org.apache.hadoop.resourceestimator.common.api.[1mTestResourceSkyline[m
[[1;34mINFO[m] Running org.apache.hadoop.resourceestimator.skylinestore.impl.[1mTestInMemoryStore[m
[[1;34mINFO[m] [1;32mTests run: [0;1;32m18[m, Failures: 0, Errors: 0, Skipped: 0, Time elapsed: 0.333 s - in org.apache.hadoop.resourceestimator.skylinestore.impl.[1mTestInMemoryStore[m
[[1;34mINFO[m] Running org.apache.hadoop.resourceestimator.solver.impl.[1mTestLpSolver[m
[[1;34mINFO[m] [1;32mTests run: [0;1;32m3[m, Failures: 0, Errors: 0, Skipped: 0, Time elapsed: 0.911 s - in org.apache.hadoop.resourceestimator.solver.impl.[1mTestLpSolver[m
[[1;34mINFO[m] Running org.apache.hadoop.resourceestimator.service.[1mTestResourceEstimatorService[m
[[1;34mINFO[m] [1;32mTests run: [0;1;32m1[m, Failures: 0, Errors: 0, Skipped: 0, Time elapsed: 1.944 s - in org.apache.hadoop.resourceestimator.service.[1mTestResourceEstimatorService[m
[[1;34mINFO[m] Running org.apache.hadoop.resourceestimator.translator.api.[1mTestJobMetaData[m
[[1;34mINFO[m] [1;32mTests run: [0;1;32m6[m, Failures: 0, Errors: 0, Skipped: 0, Time elapsed: 0.312 s - in org.apache.hadoop.resourceestimator.translator.api.[1mTestJobMetaData[m
[[1;34mINFO[m] Running org.apache.hadoop.resourceestimator.translator.impl.[1mTestNativeParser[m
[[1;34mINFO[m] [1;32mTests run: [0;1;32m1[m, Failures: 0, Errors: 0, Skipped: 0, Time elapsed: 0.355 s - in org.apache.hadoop.resourceestimator.translator.impl.[1mTestNativeParser[m
[[1;34mINFO[m] Running org.apache.hadoop.resourceestimator.translator.impl.[1mTestRmParser[m
[[1;34mINFO[m] [1;32mTests run: [0;1;32m11[m, Failures: 0, Errors: 0, Skipped: 0, Time elapsed: 0.497 s - in org.apache.hadoop.resourceestimator.translator.impl.[1mTestRmParser[m
[[1;34mINFO[m] 
[[1;34mINFO[m] Results:
[[1;34mINFO[m] 
[[1;34mINFO[m] [1;32mTests run: 47, Failures: 0, Errors: 0, Skipped: 0[m
[[1;34mINFO[m] 
[[1;34mINFO[m] [1m------------------------------------------------------------------------[m
[[1;34mINFO[m] [1;32mBUILD SUCCESS[m
[[1;34mINFO[m] [1m------------------------------------------------------------------------[m
[[1;34mINFO[m] Total time:  16.018 s
[[1;34mINFO[m] Finished at: 2020-04-12T05:35:53Z
[[1;34mINFO[m] [1m------------------------------------------------------------------------[m
