[[1;34mINFO[m] Scanning for projects...
[[1;34mINFO[m] 
[[1;34mINFO[m] [1m--------------------< [0;36morg.apache.hadoop:hadoop-aws[0;1m >--------------------[m
[[1;34mINFO[m] [1mBuilding Apache Hadoop Amazon Web Services support 3.2.1[m
[[1;34mINFO[m] [1m--------------------------------[ jar ]---------------------------------[m
Downloading from apache.snapshots.https: https://repository.apache.org/content/repositories/snapshots/org/apache/hadoop/hadoop-mapreduce-client-app/3.2.1/hadoop-mapreduce-client-app-3.2.1-tests.jar
Downloading from repository.jboss.org: https://repository.jboss.org/nexus/content/groups/public/org/apache/hadoop/hadoop-mapreduce-client-app/3.2.1/hadoop-mapreduce-client-app-3.2.1-tests.jar
Downloading from central: https://repo.maven.apache.org/maven2/org/apache/hadoop/hadoop-mapreduce-client-app/3.2.1/hadoop-mapreduce-client-app-3.2.1-tests.jar
Progress (1): 2.2/588 kBProgress (1): 5.0/588 kBProgress (1): 7.7/588 kBProgress (1): 10/588 kB Progress (1): 13/588 kBProgress (1): 16/588 kBProgress (1): 19/588 kBProgress (1): 21/588 kBProgress (1): 24/588 kBProgress (1): 27/588 kBProgress (1): 30/588 kBProgress (1): 32/588 kBProgress (1): 36/588 kBProgress (1): 40/588 kBProgress (1): 45/588 kBProgress (1): 49/588 kBProgress (1): 53/588 kBProgress (1): 57/588 kBProgress (1): 61/588 kBProgress (1): 65/588 kBProgress (1): 69/588 kBProgress (1): 73/588 kBProgress (1): 77/588 kBProgress (1): 81/588 kBProgress (1): 85/588 kBProgress (1): 90/588 kBProgress (1): 94/588 kBProgress (1): 98/588 kBProgress (1): 102/588 kBProgress (1): 106/588 kBProgress (1): 110/588 kBProgress (1): 114/588 kBProgress (1): 118/588 kBProgress (1): 122/588 kBProgress (1): 126/588 kBProgress (1): 131/588 kBProgress (1): 135/588 kBProgress (1): 139/588 kBProgress (1): 143/588 kBProgress (1): 147/588 kBProgress (1): 151/588 kBProgress (1): 155/588 kBProgress (1): 159/588 kBProgress (1): 163/588 kBProgress (1): 167/588 kBProgress (1): 171/588 kBProgress (1): 176/588 kBProgress (1): 180/588 kBProgress (1): 184/588 kBProgress (1): 188/588 kBProgress (1): 192/588 kBProgress (1): 196/588 kBProgress (1): 200/588 kBProgress (1): 204/588 kBProgress (1): 208/588 kBProgress (1): 212/588 kBProgress (1): 217/588 kBProgress (1): 221/588 kBProgress (1): 225/588 kBProgress (1): 229/588 kBProgress (1): 233/588 kBProgress (1): 237/588 kBProgress (1): 241/588 kBProgress (1): 245/588 kBProgress (1): 249/588 kBProgress (1): 253/588 kBProgress (1): 258/588 kBProgress (1): 262/588 kBProgress (1): 266/588 kBProgress (1): 270/588 kBProgress (1): 274/588 kBProgress (1): 278/588 kBProgress (1): 282/588 kBProgress (1): 286/588 kBProgress (1): 290/588 kBProgress (1): 294/588 kBProgress (1): 298/588 kBProgress (1): 303/588 kBProgress (1): 307/588 kBProgress (1): 311/588 kBProgress (1): 315/588 kBProgress (1): 319/588 kBProgress (1): 323/588 kBProgress (1): 327/588 kBProgress (1): 331/588 kBProgress (1): 335/588 kBProgress (1): 339/588 kBProgress (1): 344/588 kBProgress (1): 348/588 kBProgress (1): 352/588 kBProgress (1): 356/588 kBProgress (1): 360/588 kBProgress (1): 364/588 kBProgress (1): 368/588 kBProgress (1): 372/588 kBProgress (1): 376/588 kBProgress (1): 380/588 kBProgress (1): 384/588 kBProgress (1): 389/588 kBProgress (1): 393/588 kBProgress (1): 397/588 kBProgress (1): 401/588 kBProgress (1): 405/588 kBProgress (1): 409/588 kBProgress (1): 413/588 kBProgress (1): 417/588 kBProgress (1): 421/588 kBProgress (1): 425/588 kBProgress (1): 430/588 kBProgress (1): 434/588 kBProgress (1): 438/588 kBProgress (1): 442/588 kBProgress (1): 446/588 kBProgress (1): 450/588 kBProgress (1): 454/588 kBProgress (1): 458/588 kBProgress (1): 462/588 kBProgress (1): 466/588 kBProgress (1): 471/588 kBProgress (1): 475/588 kBProgress (1): 479/588 kBProgress (1): 483/588 kBProgress (1): 487/588 kBProgress (1): 491/588 kBProgress (1): 495/588 kBProgress (1): 499/588 kBProgress (1): 503/588 kBProgress (1): 507/588 kBProgress (1): 511/588 kBProgress (1): 516/588 kBProgress (1): 520/588 kBProgress (1): 524/588 kBProgress (1): 528/588 kBProgress (1): 532/588 kBProgress (1): 536/588 kBProgress (1): 540/588 kBProgress (1): 544/588 kBProgress (1): 548/588 kBProgress (1): 552/588 kBProgress (1): 557/588 kBProgress (1): 561/588 kBProgress (1): 565/588 kBProgress (1): 569/588 kBProgress (1): 573/588 kBProgress (1): 577/588 kBProgress (1): 581/588 kBProgress (1): 585/588 kBProgress (1): 588 kB                        Downloaded from central: https://repo.maven.apache.org/maven2/org/apache/hadoop/hadoop-mapreduce-client-app/3.2.1/hadoop-mapreduce-client-app-3.2.1-tests.jar (588 kB at 2.2 MB/s)
[[1;34mINFO[m] 
[[1;34mINFO[m] [1m--- [0;32mmaven-antrun-plugin:1.7:run[m [1m(create-testdirs)[m @ [36mhadoop-aws[0;1m ---[m
[[1;34mINFO[m] Executing tasks

main:
[[1;34mINFO[m] Executed tasks
[[1;34mINFO[m] 
[[1;34mINFO[m] [1m--- [0;32mmaven-resources-plugin:2.6:resources[m [1m(default-resources)[m @ [36mhadoop-aws[0;1m ---[m
[[1;34mINFO[m] Using 'UTF-8' encoding to copy filtered resources.
[[1;34mINFO[m] Copying 3 resources
[[1;34mINFO[m] 
[[1;34mINFO[m] [1m--- [0;32mmaven-compiler-plugin:3.1:compile[m [1m(default-compile)[m @ [36mhadoop-aws[0;1m ---[m
[[1;34mINFO[m] Nothing to compile - all classes are up to date
[[1;34mINFO[m] 
[[1;34mINFO[m] [1m--- [0;32mmaven-dependency-plugin:3.0.2:list[m [1m(deplist1)[m @ [36mhadoop-aws[0;1m ---[m
[[1;34mINFO[m] 
[[1;34mINFO[m] [1m--- [0;32mmaven-dependency-plugin:3.0.2:list[m [1m(deplist2)[m @ [36mhadoop-aws[0;1m ---[m
[[1;34mINFO[m] 
[[1;34mINFO[m] [1m--- [0;32mmaven-resources-plugin:2.6:testResources[m [1m(default-testResources)[m @ [36mhadoop-aws[0;1m ---[m
[[1;34mINFO[m] Using 'UTF-8' encoding to copy filtered resources.
[[1;34mINFO[m] Copying 3 resources
[[1;34mINFO[m] 
[[1;34mINFO[m] [1m--- [0;32mmaven-compiler-plugin:3.1:testCompile[m [1m(default-testCompile)[m @ [36mhadoop-aws[0;1m ---[m
[[1;34mINFO[m] Nothing to compile - all classes are up to date
[[1;34mINFO[m] 
[[1;34mINFO[m] [1m--- [0;32mmaven-dependency-plugin:3.0.2:copy-dependencies[m [1m(copy)[m @ [36mhadoop-aws[0;1m ---[m
[[1;34mINFO[m] 
[[1;34mINFO[m] [1m--- [0;32mmaven-surefire-plugin:3.0.0-M1:test[m [1m(default-test)[m @ [36mhadoop-aws[0;1m ---[m
[[1;34mINFO[m] 
[[1;34mINFO[m] -------------------------------------------------------
[[1;34mINFO[m]  T E S T S
[[1;34mINFO[m] -------------------------------------------------------
[[1;34mINFO[m] Running org.apache.hadoop.fs.s3native.[1mTestS3xLoginHelper[m
[[1;34mINFO[m] [1;32mTests run: [0;1;32m16[m, Failures: 0, Errors: 0, Skipped: 0, Time elapsed: 0.098 s - in org.apache.hadoop.fs.s3native.[1mTestS3xLoginHelper[m
[[1;34mINFO[m] Running org.apache.hadoop.fs.s3a.[1mTestS3AAWSCredentialsProvider[m
[[1;34mINFO[m] [1;32mTests run: [0;1;32m13[m, Failures: 0, Errors: 0, Skipped: 0, Time elapsed: 0.35 s - in org.apache.hadoop.fs.s3a.[1mTestS3AAWSCredentialsProvider[m
[[1;34mINFO[m] Running org.apache.hadoop.fs.s3a.[1mTestS3AInputPolicies[m
[[1;34mINFO[m] [1;32mTests run: [0;1;32m14[m, Failures: 0, Errors: 0, Skipped: 0, Time elapsed: 0.119 s - in org.apache.hadoop.fs.s3a.[1mTestS3AInputPolicies[m
[[1;34mINFO[m] Running org.apache.hadoop.fs.s3a.s3guard.[1mTestS3Guard[m
[[1;34mINFO[m] [1;32mTests run: [0;1;32m1[m, Failures: 0, Errors: 0, Skipped: 0, Time elapsed: 0.107 s - in org.apache.hadoop.fs.s3a.s3guard.[1mTestS3Guard[m
[[1;34mINFO[m] Running org.apache.hadoop.fs.s3a.s3guard.[1mTestDynamoDBMiscOperations[m
[[1;34mINFO[m] [1;32mTests run: [0;1;32m4[m, Failures: 0, Errors: 0, Skipped: 0, Time elapsed: 0.165 s - in org.apache.hadoop.fs.s3a.s3guard.[1mTestDynamoDBMiscOperations[m
[[1;34mINFO[m] Running org.apache.hadoop.fs.s3a.s3guard.[1mTestPathMetadataDynamoDBTranslation[m
[[1;34mINFO[m] [1;32mTests run: [0;1;32m10[m, Failures: 0, Errors: 0, Skipped: 0, Time elapsed: 0.601 s - in org.apache.hadoop.fs.s3a.s3guard.[1mTestPathMetadataDynamoDBTranslation[m
[[1;34mINFO[m] Running org.apache.hadoop.fs.s3a.s3guard.[1mTestS3GuardCLI[m
[[1;34mINFO[m] [1;32mTests run: [0;1;32m10[m, Failures: 0, Errors: 0, Skipped: 0, Time elapsed: 0.196 s - in org.apache.hadoop.fs.s3a.s3guard.[1mTestS3GuardCLI[m
[[1;34mINFO[m] Running org.apache.hadoop.fs.s3a.s3guard.[1mTestLocalMetadataStore[m
[[1;34mINFO[m] [1;32mTests run: [0;1;32m28[m, Failures: 0, Errors: 0, Skipped: 0, Time elapsed: 1.103 s - in org.apache.hadoop.fs.s3a.s3guard.[1mTestLocalMetadataStore[m
[[1;34mINFO[m] Running org.apache.hadoop.fs.s3a.s3guard.[1mTestNullMetadataStore[m
[[1;33mWARNING[m] [1;33mTests [0;1mrun: [0;1m26[m, Failures: 0, Errors: 0, [1;33mSkipped: [0;1;33m1[m, Time elapsed: 3.642 s - in org.apache.hadoop.fs.s3a.s3guard.[1mTestNullMetadataStore[m
[[1;34mINFO[m] Running org.apache.hadoop.fs.s3a.s3guard.[1mTestDirListingMetadata[m
[[1;34mINFO[m] [1;32mTests run: [0;1;32m20[m, Failures: 0, Errors: 0, Skipped: 0, Time elapsed: 0.145 s - in org.apache.hadoop.fs.s3a.s3guard.[1mTestDirListingMetadata[m
[[1;34mINFO[m] Running org.apache.hadoop.fs.s3a.[1mTestStreamChangeTracker[m
[[1;34mINFO[m] [1;32mTests run: [0;1;32m5[m, Failures: 0, Errors: 0, Skipped: 0, Time elapsed: 0.161 s - in org.apache.hadoop.fs.s3a.[1mTestStreamChangeTracker[m
[[1;34mINFO[m] Running org.apache.hadoop.fs.s3a.[1mTestSSEConfiguration[m
[[1;34mINFO[m] [1;32mTests run: [0;1;32m12[m, Failures: 0, Errors: 0, Skipped: 0, Time elapsed: 2.018 s - in org.apache.hadoop.fs.s3a.[1mTestSSEConfiguration[m
[[1;34mINFO[m] Running org.apache.hadoop.fs.s3a.[1mTestS3AMultipartUploaderSupport[m
[[1;34mINFO[m] [1;32mTests run: [0;1;32m6[m, Failures: 0, Errors: 0, Skipped: 0, Time elapsed: 0.14 s - in org.apache.hadoop.fs.s3a.[1mTestS3AMultipartUploaderSupport[m
[[1;34mINFO[m] Running org.apache.hadoop.fs.s3a.[1mTestS3AExceptionTranslation[m
[[1;34mINFO[m] [1;32mTests run: [0;1;32m13[m, Failures: 0, Errors: 0, Skipped: 0, Time elapsed: 0.13 s - in org.apache.hadoop.fs.s3a.[1mTestS3AExceptionTranslation[m
[[1;34mINFO[m] Running org.apache.hadoop.fs.s3a.commit.staging.[1mTestStagingPartitionedJobCommit[m
[[1;34mINFO[m] [1;32mTests run: [0;1;32m4[m, Failures: 0, Errors: 0, Skipped: 0, Time elapsed: 1.609 s - in org.apache.hadoop.fs.s3a.commit.staging.[1mTestStagingPartitionedJobCommit[m
[[1;34mINFO[m] Running org.apache.hadoop.fs.s3a.commit.staging.[1mTestStagingDirectoryOutputCommitter[m
[[1;34mINFO[m] [1;32mTests run: [0;1;32m5[m, Failures: 0, Errors: 0, Skipped: 0, Time elapsed: 1.31 s - in org.apache.hadoop.fs.s3a.commit.staging.[1mTestStagingDirectoryOutputCommitter[m
[[1;34mINFO[m] Running org.apache.hadoop.fs.s3a.commit.staging.[1mTestStagingCommitter[m
[[1;34mINFO[m] [1;32mTests run: [0;1;32m48[m, Failures: 0, Errors: 0, Skipped: 0, Time elapsed: 235.8 s - in org.apache.hadoop.fs.s3a.commit.staging.[1mTestStagingCommitter[m
[[1;34mINFO[m] Running org.apache.hadoop.fs.s3a.commit.staging.[1mTestStagingPartitionedTaskCommit[m
[[1;34mINFO[m] [1;32mTests run: [0;1;32m5[m, Failures: 0, Errors: 0, Skipped: 0, Time elapsed: 1.809 s - in org.apache.hadoop.fs.s3a.commit.staging.[1mTestStagingPartitionedTaskCommit[m
[[1;34mINFO[m] Running org.apache.hadoop.fs.s3a.commit.staging.[1mTestPaths[m
[[1;34mINFO[m] [1;32mTests run: [0;1;32m14[m, Failures: 0, Errors: 0, Skipped: 0, Time elapsed: 0.603 s - in org.apache.hadoop.fs.s3a.commit.staging.[1mTestPaths[m
[[1;34mINFO[m] Running org.apache.hadoop.fs.s3a.commit.staging.[1mTestStagingPartitionedFileListing[m
[[1;34mINFO[m] [1;32mTests run: [0;1;32m3[m, Failures: 0, Errors: 0, Skipped: 0, Time elapsed: 1.256 s - in org.apache.hadoop.fs.s3a.commit.staging.[1mTestStagingPartitionedFileListing[m
[[1;34mINFO[m] Running org.apache.hadoop.fs.s3a.commit.[1mTestTasks[m
[[1;34mINFO[m] [1;32mTests run: [0;1;32m60[m, Failures: 0, Errors: 0, Skipped: 0, Time elapsed: 1.165 s - in org.apache.hadoop.fs.s3a.commit.[1mTestTasks[m
[[1;34mINFO[m] Running org.apache.hadoop.fs.s3a.commit.[1mTestMagicCommitPaths[m
[[1;34mINFO[m] [1;32mTests run: [0;1;32m28[m, Failures: 0, Errors: 0, Skipped: 0, Time elapsed: 0.127 s - in org.apache.hadoop.fs.s3a.commit.[1mTestMagicCommitPaths[m
[[1;34mINFO[m] Running org.apache.hadoop.fs.s3a.[1mTestInvoker[m
[[1;34mINFO[m] [1;32mTests run: [0;1;32m22[m, Failures: 0, Errors: 0, Skipped: 0, Time elapsed: 0.864 s - in org.apache.hadoop.fs.s3a.[1mTestInvoker[m
[[1;34mINFO[m] Running org.apache.hadoop.fs.s3a.[1mTestDataBlocks[m
[[1;34mINFO[m] [1;32mTests run: [0;1;32m1[m, Failures: 0, Errors: 0, Skipped: 0, Time elapsed: 0.133 s - in org.apache.hadoop.fs.s3a.[1mTestDataBlocks[m
[[1;34mINFO[m] Running org.apache.hadoop.fs.s3a.[1mTestListing[m
[[1;34mINFO[m] [1;32mTests run: [0;1;32m2[m, Failures: 0, Errors: 0, Skipped: 0, Time elapsed: 0.893 s - in org.apache.hadoop.fs.s3a.[1mTestListing[m
[[1;34mINFO[m] Running org.apache.hadoop.fs.s3a.[1mTestS3AGetFileStatus[m
[[1;34mINFO[m] [1;32mTests run: [0;1;32m5[m, Failures: 0, Errors: 0, Skipped: 0, Time elapsed: 0.995 s - in org.apache.hadoop.fs.s3a.[1mTestS3AGetFileStatus[m
[[1;34mINFO[m] Running org.apache.hadoop.fs.s3a.[1mTestS3ABlockOutputStream[m
[[1;34mINFO[m] [1;32mTests run: [0;1;32m1[m, Failures: 0, Errors: 0, Skipped: 0, Time elapsed: 0.92 s - in org.apache.hadoop.fs.s3a.[1mTestS3ABlockOutputStream[m
[[1;34mINFO[m] Running org.apache.hadoop.mapreduce.filecache.[1mTestS3AResourceScope[m
[[1;34mINFO[m] [1;32mTests run: [0;1;32m2[m, Failures: 0, Errors: 0, Skipped: 0, Time elapsed: 0.129 s - in org.apache.hadoop.mapreduce.filecache.[1mTestS3AResourceScope[m
[[1;34mINFO[m] 
[[1;34mINFO[m] Results:
[[1;34mINFO[m] 
[[1;33mWARNING[m] [1;33mTests run: 378, Failures: 0, Errors: 0, Skipped: 1[m
[[1;34mINFO[m] 
[[1;34mINFO[m] [1m------------------------------------------------------------------------[m
[[1;34mINFO[m] [1;32mBUILD SUCCESS[m
[[1;34mINFO[m] [1m------------------------------------------------------------------------[m
[[1;34mINFO[m] Total time:  04:42 min
[[1;34mINFO[m] Finished at: 2020-04-12T05:13:34Z
[[1;34mINFO[m] [1m------------------------------------------------------------------------[m
