[[1;34mINFO[m] Scanning for projects...
[[1;34mINFO[m] 
[[1;34mINFO[m] [1m--------------< [0;36morg.apache.hadoop:hadoop-azure-datalake[0;1m >---------------[m
[[1;34mINFO[m] [1mBuilding Apache Hadoop Azure Data Lake support 3.2.1[m
[[1;34mINFO[m] [1m--------------------------------[ jar ]---------------------------------[m
[[1;34mINFO[m] 
[[1;34mINFO[m] [1m--- [0;32mmaven-antrun-plugin:1.7:run[m [1m(create-testdirs)[m @ [36mhadoop-azure-datalake[0;1m ---[m
[[1;34mINFO[m] Executing tasks

main:
[[1;34mINFO[m] Executed tasks
[[1;34mINFO[m] 
[[1;34mINFO[m] [1m--- [0;32mmaven-resources-plugin:2.6:resources[m [1m(default-resources)[m @ [36mhadoop-azure-datalake[0;1m ---[m
[[1;34mINFO[m] Using 'UTF-8' encoding to copy filtered resources.
[[1;34mINFO[m] skip non existing resourceDirectory /root/hadoop-3.2.1-src/hadoop-tools/hadoop-azure-datalake/src/main/resources
[[1;34mINFO[m] 
[[1;34mINFO[m] [1m--- [0;32mmaven-compiler-plugin:3.1:compile[m [1m(default-compile)[m @ [36mhadoop-azure-datalake[0;1m ---[m
[[1;34mINFO[m] Compiling 2 source files to /root/hadoop-3.2.1-src/hadoop-tools/hadoop-azure-datalake/target/classes
[[1;34mINFO[m] 
[[1;34mINFO[m] [1m--- [0;32mmaven-dependency-plugin:3.0.2:list[m [1m(deplist)[m @ [36mhadoop-azure-datalake[0;1m ---[m
[[1;34mINFO[m] 
[[1;34mINFO[m] [1m--- [0;32mmaven-resources-plugin:2.6:testResources[m [1m(default-testResources)[m @ [36mhadoop-azure-datalake[0;1m ---[m
[[1;34mINFO[m] Using 'UTF-8' encoding to copy filtered resources.
[[1;34mINFO[m] Copying 2 resources
[[1;34mINFO[m] 
[[1;34mINFO[m] [1m--- [0;32mmaven-compiler-plugin:3.1:testCompile[m [1m(default-testCompile)[m @ [36mhadoop-azure-datalake[0;1m ---[m
[[1;34mINFO[m] Nothing to compile - all classes are up to date
[[1;34mINFO[m] 
[[1;34mINFO[m] [1m--- [0;32mmaven-surefire-plugin:3.0.0-M1:test[m [1m(default-test)[m @ [36mhadoop-azure-datalake[0;1m ---[m
[[1;34mINFO[m] 
[[1;34mINFO[m] -------------------------------------------------------
[[1;34mINFO[m]  T E S T S
[[1;34mINFO[m] -------------------------------------------------------
[[1;34mINFO[m] Running org.apache.hadoop.fs.adl.live.[1mTestAdlFileContextMainOperationsLive[m
[[1;33mWARNING[m] [1;33mTests [0;1mrun: [0;1m1[m, Failures: 0, Errors: 0, [1;33mSkipped: [0;1;33m1[m, Time elapsed: 0.22 s - in org.apache.hadoop.fs.adl.live.[1mTestAdlFileContextMainOperationsLive[m
[[1;34mINFO[m] Running org.apache.hadoop.fs.adl.live.[1mTestAdlContractRenameLive[m
[[1;33mWARNING[m] [1;33mTests [0;1mrun: [0;1m8[m, Failures: 0, Errors: 0, [1;33mSkipped: [0;1;33m8[m, Time elapsed: 0.253 s - in org.apache.hadoop.fs.adl.live.[1mTestAdlContractRenameLive[m
[[1;34mINFO[m] Running org.apache.hadoop.fs.adl.live.[1mTestAdlContractDeleteLive[m
[[1;33mWARNING[m] [1;33mTests [0;1mrun: [0;1m8[m, Failures: 0, Errors: 0, [1;33mSkipped: [0;1;33m8[m, Time elapsed: 0.268 s - in org.apache.hadoop.fs.adl.live.[1mTestAdlContractDeleteLive[m
[[1;34mINFO[m] Running org.apache.hadoop.fs.adl.live.[1mTestAdlInternalCreateNonRecursive[m
[[1;33mWARNING[m] [1;33mTests [0;1mrun: [0;1m3[m, Failures: 0, Errors: 0, [1;33mSkipped: [0;1;33m3[m, Time elapsed: 0.267 s - in org.apache.hadoop.fs.adl.live.[1mTestAdlInternalCreateNonRecursive[m
[[1;34mINFO[m] Running org.apache.hadoop.fs.adl.live.[1mTestAdlDifferentSizeWritesLive[m
[[1;33mWARNING[m] [1;33mTests [0;1mrun: [0;1m12[m, Failures: 0, Errors: 0, [1;33mSkipped: [0;1;33m12[m, Time elapsed: 0.22 s - in org.apache.hadoop.fs.adl.live.[1mTestAdlDifferentSizeWritesLive[m
[[1;34mINFO[m] Running org.apache.hadoop.fs.adl.live.[1mTestAdlContractSeekLive[m
[[1;33mWARNING[m] [1;33mTests [0;1mrun: [0;1m18[m, Failures: 0, Errors: 0, [1;33mSkipped: [0;1;33m18[m, Time elapsed: 0.402 s - in org.apache.hadoop.fs.adl.live.[1mTestAdlContractSeekLive[m
[[1;34mINFO[m] Running org.apache.hadoop.fs.adl.live.[1mTestAdlContractRootDirLive[m
[[1;33mWARNING[m] [1;33mTests [0;1mrun: [0;1m9[m, Failures: 0, Errors: 0, [1;33mSkipped: [0;1;33m9[m, Time elapsed: 0.254 s - in org.apache.hadoop.fs.adl.live.[1mTestAdlContractRootDirLive[m
[[1;34mINFO[m] Running org.apache.hadoop.fs.adl.live.[1mTestAdlFileContextCreateMkdirLive[m
[[1;33mWARNING[m] [1;33mTests [0;1mrun: [0;1m1[m, Failures: 0, Errors: 0, [1;33mSkipped: [0;1;33m1[m, Time elapsed: 0.231 s - in org.apache.hadoop.fs.adl.live.[1mTestAdlFileContextCreateMkdirLive[m
[[1;34mINFO[m] Running org.apache.hadoop.fs.adl.live.[1mTestAdlContractConcatLive[m
[[1;33mWARNING[m] [1;33mTests [0;1mrun: [0;1m4[m, Failures: 0, Errors: 0, [1;33mSkipped: [0;1;33m4[m, Time elapsed: 0.252 s - in org.apache.hadoop.fs.adl.live.[1mTestAdlContractConcatLive[m
[[1;34mINFO[m] Running org.apache.hadoop.fs.adl.live.[1mTestAdlSupportedCharsetInPath[m
[[1;33mWARNING[m] [1;33mTests [0;1mrun: [0;1m470[m, Failures: 0, Errors: 0, [1;33mSkipped: [0;1;33m470[m, Time elapsed: 0.393 s - in org.apache.hadoop.fs.adl.live.[1mTestAdlSupportedCharsetInPath[m
[[1;34mINFO[m] Running org.apache.hadoop.fs.adl.live.[1mTestAdlContractMkdirLive[m
[[1;33mWARNING[m] [1;33mTests [0;1mrun: [0;1m8[m, Failures: 0, Errors: 0, [1;33mSkipped: [0;1;33m8[m, Time elapsed: 0.261 s - in org.apache.hadoop.fs.adl.live.[1mTestAdlContractMkdirLive[m
[[1;34mINFO[m] Running org.apache.hadoop.fs.adl.live.[1mTestAdlContractCreateLive[m
[[1;33mWARNING[m] [1;33mTests [0;1mrun: [0;1m11[m, Failures: 0, Errors: 0, [1;33mSkipped: [0;1;33m11[m, Time elapsed: 0.273 s - in org.apache.hadoop.fs.adl.live.[1mTestAdlContractCreateLive[m
[[1;34mINFO[m] Running org.apache.hadoop.fs.adl.live.[1mTestAdlSdkConfiguration[m
[[1;33mWARNING[m] [1;33mTests [0;1mrun: [0;1m1[m, Failures: 0, Errors: 0, [1;33mSkipped: [0;1;33m1[m, Time elapsed: 0.214 s - in org.apache.hadoop.fs.adl.live.[1mTestAdlSdkConfiguration[m
[[1;34mINFO[m] Running org.apache.hadoop.fs.adl.live.[1mTestAdlContractOpenLive[m
[[1;33mWARNING[m] [1;33mTests [0;1mrun: [0;1m6[m, Failures: 0, Errors: 0, [1;33mSkipped: [0;1;33m6[m, Time elapsed: 0.318 s - in org.apache.hadoop.fs.adl.live.[1mTestAdlContractOpenLive[m
[[1;34mINFO[m] Running org.apache.hadoop.fs.adl.live.[1mTestMetadata[m
[[1;33mWARNING[m] [1;33mTests [0;1mrun: [0;1m4[m, Failures: 0, Errors: 0, [1;33mSkipped: [0;1;33m4[m, Time elapsed: 0.216 s - in org.apache.hadoop.fs.adl.live.[1mTestMetadata[m
[[1;34mINFO[m] Running org.apache.hadoop.fs.adl.live.[1mTestAdlPermissionLive[m
[[1;33mWARNING[m] [1;33mTests [0;1mrun: [0;1m128[m, Failures: 0, Errors: 0, [1;33mSkipped: [0;1;33m128[m, Time elapsed: 0.291 s - in org.apache.hadoop.fs.adl.live.[1mTestAdlPermissionLive[m
[[1;34mINFO[m] Running org.apache.hadoop.fs.adl.live.[1mTestAdlContractGetFileStatusLive[m
[[1;33mWARNING[m] [1;33mTests [0;1mrun: [0;1m18[m, Failures: 0, Errors: 0, [1;33mSkipped: [0;1;33m18[m, Time elapsed: 0.279 s - in org.apache.hadoop.fs.adl.live.[1mTestAdlContractGetFileStatusLive[m
[[1;34mINFO[m] Running org.apache.hadoop.fs.adl.live.[1mTestAdlContractAppendLive[m
[[1;33mWARNING[m] [1;33mTests [0;1mrun: [0;1m7[m, Failures: 0, Errors: 0, [1;33mSkipped: [0;1;33m7[m, Time elapsed: 0.261 s - in org.apache.hadoop.fs.adl.live.[1mTestAdlContractAppendLive[m
[[1;34mINFO[m] Running org.apache.hadoop.fs.adl.live.[1mTestAdlFileSystemContractLive[m
[[1;33mWARNING[m] [1;33mTests [0;1mrun: [0;1m43[m, Failures: 0, Errors: 0, [1;33mSkipped: [0;1;33m43[m, Time elapsed: 0.312 s - in org.apache.hadoop.fs.adl.live.[1mTestAdlFileSystemContractLive[m
[[1;34mINFO[m] Running org.apache.hadoop.fs.adl.live.[1mTestAdlContractDistCpLive[m
[[1;33mWARNING[m] [1;33mTests [0;1mrun: [0;1m8[m, Failures: 0, Errors: 0, [1;33mSkipped: [0;1;33m8[m, Time elapsed: 0.34 s - in org.apache.hadoop.fs.adl.live.[1mTestAdlContractDistCpLive[m
[[1;34mINFO[m] Running org.apache.hadoop.fs.adl.[1mTestRelativePathFormation[m
[[1;34mINFO[m] [1;32mTests run: [0;1;32m1[m, Failures: 0, Errors: 0, Skipped: 0, Time elapsed: 0.412 s - in org.apache.hadoop.fs.adl.[1mTestRelativePathFormation[m
[[1;34mINFO[m] Running org.apache.hadoop.fs.adl.[1mTestAzureADTokenProvider[m
[[1;34mINFO[m] [1;32mTests run: [0;1;32m13[m, Failures: 0, Errors: 0, Skipped: 0, Time elapsed: 2.094 s - in org.apache.hadoop.fs.adl.[1mTestAzureADTokenProvider[m
[[1;34mINFO[m] Running org.apache.hadoop.fs.adl.[1mTestValidateConfiguration[m
[[1;34mINFO[m] [1;32mTests run: [0;1;32m7[m, Failures: 0, Errors: 0, Skipped: 0, Time elapsed: 0.375 s - in org.apache.hadoop.fs.adl.[1mTestValidateConfiguration[m
[[1;34mINFO[m] 
[[1;34mINFO[m] Results:
[[1;34mINFO[m] 
[[1;33mWARNING[m] [1;33mTests run: 777, Failures: 0, Errors: 0, Skipped: 756[m
[[1;34mINFO[m] 
[[1;34mINFO[m] [1m------------------------------------------------------------------------[m
[[1;34mINFO[m] [1;32mBUILD SUCCESS[m
[[1;34mINFO[m] [1m------------------------------------------------------------------------[m
[[1;34mINFO[m] Total time:  28.660 s
[[1;34mINFO[m] Finished at: 2020-04-12T05:14:04Z
[[1;34mINFO[m] [1m------------------------------------------------------------------------[m
