[[1;34mINFO[m] Scanning for projects...
[[1;34mINFO[m] 
[[1;34mINFO[m] [1m-------------------< [0;36morg.apache.hadoop:hadoop-azure[0;1m >-------------------[m
[[1;34mINFO[m] [1mBuilding Apache Hadoop Azure support 3.2.1[m
[[1;34mINFO[m] [1m--------------------------------[ jar ]---------------------------------[m
[[1;34mINFO[m] 
[[1;34mINFO[m] [1m--- [0;32mmaven-antrun-plugin:1.7:run[m [1m(create-testdirs)[m @ [36mhadoop-azure[0;1m ---[m
[[1;34mINFO[m] Executing tasks

main:
[[1;34mINFO[m] Executed tasks
[[1;34mINFO[m] 
[[1;34mINFO[m] [1m--- [0;32mmaven-resources-plugin:2.6:resources[m [1m(default-resources)[m @ [36mhadoop-azure[0;1m ---[m
[[1;34mINFO[m] Using 'UTF-8' encoding to copy filtered resources.
[[1;34mINFO[m] Copying 2 resources
[[1;34mINFO[m] 
[[1;34mINFO[m] [1m--- [0;32mmaven-compiler-plugin:3.1:compile[m [1m(default-compile)[m @ [36mhadoop-azure[0;1m ---[m
[[1;34mINFO[m] Compiling 1 source file to /root/hadoop-3.2.1-src/hadoop-tools/hadoop-azure/target/classes
[[1;34mINFO[m] 
[[1;34mINFO[m] [1m--- [0;32mmaven-dependency-plugin:3.0.2:list[m [1m(deplist)[m @ [36mhadoop-azure[0;1m ---[m
[[1;34mINFO[m] 
[[1;34mINFO[m] [1m--- [0;32mmaven-resources-plugin:2.6:testResources[m [1m(default-testResources)[m @ [36mhadoop-azure[0;1m ---[m
[[1;34mINFO[m] Using 'UTF-8' encoding to copy filtered resources.
[[1;34mINFO[m] Copying 5 resources
[[1;34mINFO[m] 
[[1;34mINFO[m] [1m--- [0;32mmaven-compiler-plugin:3.1:testCompile[m [1m(default-testCompile)[m @ [36mhadoop-azure[0;1m ---[m
[[1;34mINFO[m] Nothing to compile - all classes are up to date
[[1;34mINFO[m] 
[[1;34mINFO[m] [1m--- [0;32mmaven-surefire-plugin:3.0.0-M1:test[m [1m(default-test)[m @ [36mhadoop-azure[0;1m ---[m
[[1;34mINFO[m] 
[[1;34mINFO[m] -------------------------------------------------------
[[1;34mINFO[m]  T E S T S
[[1;34mINFO[m] -------------------------------------------------------
[[1;34mINFO[m] Running org.apache.hadoop.fs.azure.[1mTestNativeAzureFileSystemOperationsMocked[m
[[1;34mINFO[m] [1;32mTests run: [0;1;32m50[m, Failures: 0, Errors: 0, Skipped: 0, Time elapsed: 2.118 s - in org.apache.hadoop.fs.azure.[1mTestNativeAzureFileSystemOperationsMocked[m
[[1;34mINFO[m] Running org.apache.hadoop.fs.azure.[1mTestNativeAzureFileSystemConcurrency[m
[[1;34mINFO[m] [1;32mTests run: [0;1;32m3[m, Failures: 0, Errors: 0, Skipped: 0, Time elapsed: 1.248 s - in org.apache.hadoop.fs.azure.[1mTestNativeAzureFileSystemConcurrency[m
[[1;34mINFO[m] Running org.apache.hadoop.fs.azure.[1mTestShellDecryptionKeyProvider[m
[[1;33mWARNING[m] [1;33mTests [0;1mrun: [0;1m2[m, Failures: 0, Errors: 0, [1;33mSkipped: [0;1;33m2[m, Time elapsed: 0.12 s - in org.apache.hadoop.fs.azure.[1mTestShellDecryptionKeyProvider[m
[[1;34mINFO[m] Running org.apache.hadoop.fs.azure.[1mTestWasbFsck[m
[[1;33mWARNING[m] [1;33mTests [0;1mrun: [0;1m2[m, Failures: 0, Errors: 0, [1;33mSkipped: [0;1;33m1[m, Time elapsed: 0.759 s - in org.apache.hadoop.fs.azure.[1mTestWasbFsck[m
[[1;34mINFO[m] Running org.apache.hadoop.fs.azure.[1mTestNativeAzureFileSystemFileNameCheck[m
[[1;34mINFO[m] [1;32mTests run: [0;1;32m4[m, Failures: 0, Errors: 0, Skipped: 0, Time elapsed: 0.939 s - in org.apache.hadoop.fs.azure.[1mTestNativeAzureFileSystemFileNameCheck[m
[[1;34mINFO[m] Running org.apache.hadoop.fs.azure.[1mTestOutOfBandAzureBlobOperations[m
[[1;34mINFO[m] [1;32mTests run: [0;1;32m7[m, Failures: 0, Errors: 0, Skipped: 0, Time elapsed: 0.987 s - in org.apache.hadoop.fs.azure.[1mTestOutOfBandAzureBlobOperations[m
[[1;34mINFO[m] Running org.apache.hadoop.fs.azure.[1mTestNativeAzureFileSystemAuthorization[m
[[1;33mWARNING[m] [1;33mTests [0;1mrun: [0;1m59[m, Failures: 0, Errors: 0, [1;33mSkipped: [0;1;33m59[m, Time elapsed: 1.12 s - in org.apache.hadoop.fs.azure.[1mTestNativeAzureFileSystemAuthorization[m
[[1;34mINFO[m] Running org.apache.hadoop.fs.azure.[1mTestNativeAzureFileSystemContractMocked[m
[[1;33mWARNING[m] [1;33mTests [0;1mrun: [0;1m43[m, Failures: 0, Errors: 0, [1;33mSkipped: [0;1;33m5[m, Time elapsed: 1.908 s - in org.apache.hadoop.fs.azure.[1mTestNativeAzureFileSystemContractMocked[m
[[1;34mINFO[m] Running org.apache.hadoop.fs.azure.[1mTestBlobOperationDescriptor[m
[[1;33mWARNING[m] [1;33mTests [0;1mrun: [0;1m4[m, Failures: 0, Errors: 0, [1;33mSkipped: [0;1;33m4[m, Time elapsed: 0.436 s - in org.apache.hadoop.fs.azure.[1mTestBlobOperationDescriptor[m
[[1;34mINFO[m] Running org.apache.hadoop.fs.azure.[1mTestClientThrottlingAnalyzer[m
[[1;34mINFO[m] [1;32mTests run: [0;1;32m5[m, Failures: 0, Errors: 0, Skipped: 0, Time elapsed: 35.78 s - in org.apache.hadoop.fs.azure.[1mTestClientThrottlingAnalyzer[m
[[1;34mINFO[m] Running org.apache.hadoop.fs.azure.metrics.[1mTestNativeAzureFileSystemMetricsSystem[m
[[1;34mINFO[m] [1;32mTests run: [0;1;32m3[m, Failures: 0, Errors: 0, Skipped: 0, Time elapsed: 0.876 s - in org.apache.hadoop.fs.azure.metrics.[1mTestNativeAzureFileSystemMetricsSystem[m
[[1;34mINFO[m] Running org.apache.hadoop.fs.azure.metrics.[1mTestBandwidthGaugeUpdater[m
[[1;34mINFO[m] [1;32mTests run: [0;1;32m2[m, Failures: 0, Errors: 0, Skipped: 0, Time elapsed: 0.431 s - in org.apache.hadoop.fs.azure.metrics.[1mTestBandwidthGaugeUpdater[m
[[1;34mINFO[m] Running org.apache.hadoop.fs.azure.metrics.[1mTestRollingWindowAverage[m
[[1;34mINFO[m] [1;32mTests run: [0;1;32m1[m, Failures: 0, Errors: 0, Skipped: 0, Time elapsed: 0.216 s - in org.apache.hadoop.fs.azure.metrics.[1mTestRollingWindowAverage[m
[[1;34mINFO[m] Running org.apache.hadoop.fs.azure.[1mTestNativeAzureFileSystemMocked[m
[[1;34mINFO[m] [1;32mTests run: [0;1;32m45[m, Failures: 0, Errors: 0, Skipped: 0, Time elapsed: 17.745 s - in org.apache.hadoop.fs.azure.[1mTestNativeAzureFileSystemMocked[m
[[1;34mINFO[m] Running org.apache.hadoop.fs.azure.[1mTestNativeAzureFileSystemUploadLogic[m
[[1;33mWARNING[m] [1;33mTests [0;1mrun: [0;1m3[m, Failures: 0, Errors: 0, [1;33mSkipped: [0;1;33m3[m, Time elapsed: 0.084 s - in org.apache.hadoop.fs.azure.[1mTestNativeAzureFileSystemUploadLogic[m
[[1;34mINFO[m] Running org.apache.hadoop.fs.azure.[1mTestKeyPageBlobDirectories[m
[[1;33mWARNING[m] [1;33mTests [0;1mrun: [0;1m5[m, Failures: 0, Errors: 0, [1;33mSkipped: [0;1;33m5[m, Time elapsed: 0.443 s - in org.apache.hadoop.fs.azure.[1mTestKeyPageBlobDirectories[m
[[1;34mINFO[m] Running org.apache.hadoop.fs.azure.[1mTestNativeAzureFileSystemBlockCompaction[m
[[1;33mWARNING[m] [1;33mTests [0;1mrun: [0;1m2[m, Failures: 0, Errors: 0, [1;33mSkipped: [0;1;33m2[m, Time elapsed: 0.411 s - in org.apache.hadoop.fs.azure.[1mTestNativeAzureFileSystemBlockCompaction[m
[[1;34mINFO[m] Running org.apache.hadoop.fs.azure.[1mTestBlobMetadata[m
[[1;34mINFO[m] [1;32mTests run: [0;1;32m6[m, Failures: 0, Errors: 0, Skipped: 0, Time elapsed: 0.958 s - in org.apache.hadoop.fs.azure.[1mTestBlobMetadata[m
[[1;34mINFO[m] Running org.apache.hadoop.fs.azurebfs.[1mTestAccountConfiguration[m
[[1;34mINFO[m] [1;32mTests run: [0;1;32m6[m, Failures: 0, Errors: 0, Skipped: 0, Time elapsed: 0.292 s - in org.apache.hadoop.fs.azurebfs.[1mTestAccountConfiguration[m
[[1;34mINFO[m] Running org.apache.hadoop.fs.azurebfs.services.[1mTestShellDecryptionKeyProvider[m
[[1;34mINFO[m] [1;32mTests run: [0;1;32m2[m, Failures: 0, Errors: 0, Skipped: 0, Time elapsed: 0.128 s - in org.apache.hadoop.fs.azurebfs.services.[1mTestShellDecryptionKeyProvider[m
[[1;34mINFO[m] Running org.apache.hadoop.fs.azurebfs.services.[1mTestAbfsClient[m
[[1;34mINFO[m] [1;32mTests run: [0;1;32m3[m, Failures: 0, Errors: 0, Skipped: 0, Time elapsed: 0.403 s - in org.apache.hadoop.fs.azurebfs.services.[1mTestAbfsClient[m
[[1;34mINFO[m] Running org.apache.hadoop.fs.azurebfs.services.[1mTestQueryParams[m
[[1;34mINFO[m] [1;32mTests run: [0;1;32m2[m, Failures: 0, Errors: 0, Skipped: 0, Time elapsed: 0.068 s - in org.apache.hadoop.fs.azurebfs.services.[1mTestQueryParams[m
[[1;34mINFO[m] Running org.apache.hadoop.fs.azurebfs.services.[1mTestAbfsClientThrottlingAnalyzer[m
[[1;34mINFO[m] [1;32mTests run: [0;1;32m5[m, Failures: 0, Errors: 0, Skipped: 0, Time elapsed: 35.752 s - in org.apache.hadoop.fs.azurebfs.services.[1mTestAbfsClientThrottlingAnalyzer[m
[[1;34mINFO[m] Running org.apache.hadoop.fs.azurebfs.diagnostics.[1mTestConfigurationValidators[m
[[1;34mINFO[m] [1;32mTests run: [0;1;32m10[m, Failures: 0, Errors: 0, Skipped: 0, Time elapsed: 0.063 s - in org.apache.hadoop.fs.azurebfs.diagnostics.[1mTestConfigurationValidators[m
[[1;34mINFO[m] Running org.apache.hadoop.fs.azurebfs.[1mTestAbfsCrc64[m
[[1;34mINFO[m] [1;32mTests run: [0;1;32m1[m, Failures: 0, Errors: 0, Skipped: 0, Time elapsed: 0.048 s - in org.apache.hadoop.fs.azurebfs.[1mTestAbfsCrc64[m
[[1;34mINFO[m] Running org.apache.hadoop.fs.azurebfs.utils.[1mTestUriUtils[m
[[1;34mINFO[m] [1;32mTests run: [0;1;32m2[m, Failures: 0, Errors: 0, Skipped: 0, Time elapsed: 0.064 s - in org.apache.hadoop.fs.azurebfs.utils.[1mTestUriUtils[m
[[1;34mINFO[m] Running org.apache.hadoop.fs.azurebfs.[1mTestAbfsConfigurationFieldsValidation[m
[[1;34mINFO[m] [1;32mTests run: [0;1;32m6[m, Failures: 0, Errors: 0, Skipped: 0, Time elapsed: 0.324 s - in org.apache.hadoop.fs.azurebfs.[1mTestAbfsConfigurationFieldsValidation[m
[[1;34mINFO[m] 
[[1;34mINFO[m] Results:
[[1;34mINFO[m] 
[[1;33mWARNING[m] [1;33mTests run: 283, Failures: 0, Errors: 0, Skipped: 81[m
[[1;34mINFO[m] 
[[1;34mINFO[m] [1m------------------------------------------------------------------------[m
[[1;34mINFO[m] [1;32mBUILD SUCCESS[m
[[1;34mINFO[m] [1m------------------------------------------------------------------------[m
[[1;34mINFO[m] Total time:  02:06 min
[[1;34mINFO[m] Finished at: 2020-04-12T05:16:12Z
[[1;34mINFO[m] [1m------------------------------------------------------------------------[m
