[[1;34mINFO[m] Scanning for projects...
[[1;34mINFO[m] 
[[1;34mINFO[m] [1m-----------------< [0;36morg.apache.hadoop:hadoop-hdfs-nfs[0;1m >------------------[m
[[1;34mINFO[m] [1mBuilding Apache Hadoop HDFS-NFS 3.2.1[m
[[1;34mINFO[m] [1m--------------------------------[ jar ]---------------------------------[m
Downloading from apache.snapshots.https: https://repository.apache.org/content/repositories/snapshots/org/apache/hadoop/hadoop-nfs/3.2.1/hadoop-nfs-3.2.1.pom
Downloading from repository.jboss.org: https://repository.jboss.org/nexus/content/groups/public/org/apache/hadoop/hadoop-nfs/3.2.1/hadoop-nfs-3.2.1.pom
Downloading from central: https://repo.maven.apache.org/maven2/org/apache/hadoop/hadoop-nfs/3.2.1/hadoop-nfs-3.2.1.pom
Progress (1): 2.2/5.1 kBProgress (1): 5.0/5.1 kBProgress (1): 5.1 kB                        Downloaded from central: https://repo.maven.apache.org/maven2/org/apache/hadoop/hadoop-nfs/3.2.1/hadoop-nfs-3.2.1.pom (5.1 kB at 32 kB/s)
Downloading from apache.snapshots.https: https://repository.apache.org/content/repositories/snapshots/org/apache/hadoop/hadoop-hdfs/3.2.1/hadoop-hdfs-3.2.1.pom
Downloading from repository.jboss.org: https://repository.jboss.org/nexus/content/groups/public/org/apache/hadoop/hadoop-hdfs/3.2.1/hadoop-hdfs-3.2.1.pom
Downloading from central: https://repo.maven.apache.org/maven2/org/apache/hadoop/hadoop-hdfs/3.2.1/hadoop-hdfs-3.2.1.pom
Progress (1): 2.2/23 kBProgress (1): 5.0/23 kBProgress (1): 7.8/23 kBProgress (1): 11/23 kB Progress (1): 13/23 kBProgress (1): 16/23 kBProgress (1): 19/23 kBProgress (1): 21/23 kBProgress (1): 23 kB                      Downloaded from central: https://repo.maven.apache.org/maven2/org/apache/hadoop/hadoop-hdfs/3.2.1/hadoop-hdfs-3.2.1.pom (23 kB at 325 kB/s)
Downloading from apache.snapshots.https: https://repository.apache.org/content/repositories/snapshots/org/apache/hadoop/hadoop-nfs/3.2.1/hadoop-nfs-3.2.1.jar
Downloading from apache.snapshots.https: https://repository.apache.org/content/repositories/snapshots/org/apache/hadoop/hadoop-hdfs/3.2.1/hadoop-hdfs-3.2.1.jar
Downloading from apache.snapshots.https: https://repository.apache.org/content/repositories/snapshots/org/apache/hadoop/hadoop-hdfs/3.2.1/hadoop-hdfs-3.2.1-tests.jar
Downloading from repository.jboss.org: https://repository.jboss.org/nexus/content/groups/public/org/apache/hadoop/hadoop-nfs/3.2.1/hadoop-nfs-3.2.1.jar
Downloading from repository.jboss.org: https://repository.jboss.org/nexus/content/groups/public/org/apache/hadoop/hadoop-hdfs/3.2.1/hadoop-hdfs-3.2.1.jar
Downloading from repository.jboss.org: https://repository.jboss.org/nexus/content/groups/public/org/apache/hadoop/hadoop-hdfs/3.2.1/hadoop-hdfs-3.2.1-tests.jar
Downloading from central: https://repo.maven.apache.org/maven2/org/apache/hadoop/hadoop-nfs/3.2.1/hadoop-nfs-3.2.1.jar
Downloading from central: https://repo.maven.apache.org/maven2/org/apache/hadoop/hadoop-hdfs/3.2.1/hadoop-hdfs-3.2.1.jar
Downloading from central: https://repo.maven.apache.org/maven2/org/apache/hadoop/hadoop-hdfs/3.2.1/hadoop-hdfs-3.2.1-tests.jar
Progress (1): 2.2/202 kBProgress (1): 5.0/202 kBProgress (1): 7.7/202 kBProgress (1): 10/202 kB Progress (1): 13/202 kBProgress (1): 16/202 kBProgress (1): 19/202 kBProgress (1): 21/202 kBProgress (1): 24/202 kBProgress (1): 27/202 kBProgress (1): 30/202 kBProgress (1): 32/202 kBProgress (1): 36/202 kBProgress (1): 40/202 kBProgress (1): 45/202 kBProgress (1): 49/202 kBProgress (1): 53/202 kBProgress (1): 57/202 kBProgress (1): 61/202 kBProgress (1): 65/202 kBProgress (1): 69/202 kBProgress (1): 73/202 kBProgress (1): 77/202 kBProgress (1): 81/202 kBProgress (1): 85/202 kBProgress (1): 90/202 kBProgress (1): 94/202 kBProgress (1): 98/202 kBProgress (1): 102/202 kBProgress (1): 106/202 kBProgress (1): 110/202 kBProgress (1): 114/202 kBProgress (1): 118/202 kBProgress (1): 122/202 kBProgress (1): 126/202 kBProgress (1): 131/202 kBProgress (1): 135/202 kBProgress (1): 139/202 kBProgress (1): 143/202 kBProgress (1): 147/202 kBProgress (1): 151/202 kBProgress (1): 155/202 kBProgress (1): 159/202 kBProgress (1): 163/202 kBProgress (1): 167/202 kBProgress (1): 171/202 kBProgress (1): 176/202 kBProgress (2): 176/202 kB | 0/6.0 MBProgress (3): 176/202 kB | 0/6.0 MB | 0/5.7 MBProgress (3): 180/202 kB | 0/6.0 MB | 0/5.7 MBProgress (3): 180/202 kB | 0/6.0 MB | 0/5.7 MBProgress (3): 180/202 kB | 0/6.0 MB | 0/5.7 MBProgress (3): 180/202 kB | 0/6.0 MB | 0/5.7 MBProgress (3): 180/202 kB | 0/6.0 MB | 0/5.7 MBProgress (3): 184/202 kB | 0/6.0 MB | 0/5.7 MBProgress (3): 184/202 kB | 0/6.0 MB | 0/5.7 MBProgress (3): 188/202 kB | 0/6.0 MB | 0/5.7 MBProgress (3): 192/202 kB | 0/6.0 MB | 0/5.7 MBProgress (3): 196/202 kB | 0/6.0 MB | 0/5.7 MBProgress (3): 200/202 kB | 0/6.0 MB | 0/5.7 MBProgress (3): 202 kB | 0/6.0 MB | 0/5.7 MB    Progress (3): 202 kB | 0/6.0 MB | 0/5.7 MBProgress (3): 202 kB | 0/6.0 MB | 0/5.7 MBProgress (3): 202 kB | 0/6.0 MB | 0/5.7 MBProgress (3): 202 kB | 0/6.0 MB | 0/5.7 MBProgress (3): 202 kB | 0/6.0 MB | 0/5.7 MBProgress (3): 202 kB | 0/6.0 MB | 0/5.7 MBProgress (3): 202 kB | 0/6.0 MB | 0/5.7 MBProgress (3): 202 kB | 0/6.0 MB | 0/5.7 MBProgress (3): 202 kB | 0/6.0 MB | 0/5.7 MBProgress (3): 202 kB | 0/6.0 MB | 0/5.7 MBProgress (3): 202 kB | 0/6.0 MB | 0/5.7 MBProgress (3): 202 kB | 0/6.0 MB | 0/5.7 MBProgress (3): 202 kB | 0/6.0 MB | 0/5.7 MBProgress (3): 202 kB | 0/6.0 MB | 0/5.7 MBProgress (3): 202 kB | 0/6.0 MB | 0/5.7 MB                                          Downloaded from central: https://repo.maven.apache.org/maven2/org/apache/hadoop/hadoop-nfs/3.2.1/hadoop-nfs-3.2.1.jar (202 kB at 2.0 MB/s)
Progress (2): 0/6.0 MB | 0/5.7 MBProgress (2): 0/6.0 MB | 0/5.7 MBProgress (2): 0/6.0 MB | 0/5.7 MBProgress (2): 0/6.0 MB | 0/5.7 MBProgress (2): 0/6.0 MB | 0/5.7 MBProgress (2): 0/6.0 MB | 0/5.7 MBProgress (2): 0.1/6.0 MB | 0/5.7 MBProgress (2): 0.1/6.0 MB | 0/5.7 MBProgress (2): 0.1/6.0 MB | 0/5.7 MBProgress (2): 0.1/6.0 MB | 0/5.7 MBProgress (2): 0.1/6.0 MB | 0/5.7 MBProgress (2): 0.1/6.0 MB | 0/5.7 MBProgress (2): 0.1/6.0 MB | 0/5.7 MBProgress (2): 0.1/6.0 MB | 0/5.7 MBProgress (2): 0.1/6.0 MB | 0/5.7 MBProgress (2): 0.1/6.0 MB | 0/5.7 MBProgress (2): 0.1/6.0 MB | 0.1/5.7 MBProgress (2): 0.1/6.0 MB | 0.1/5.7 MBProgress (2): 0.1/6.0 MB | 0.1/5.7 MBProgress (2): 0.1/6.0 MB | 0.1/5.7 MBProgress (2): 0.1/6.0 MB | 0.1/5.7 MBProgress (2): 0.1/6.0 MB | 0.1/5.7 MBProgress (2): 0.1/6.0 MB | 0.1/5.7 MBProgress (2): 0.1/6.0 MB | 0.1/5.7 MBProgress (2): 0.1/6.0 MB | 0.1/5.7 MBProgress (2): 0.1/6.0 MB | 0.1/5.7 MBProgress (2): 0.1/6.0 MB | 0.1/5.7 MBProgress (2): 0.1/6.0 MB | 0.1/5.7 MBProgress (2): 0.1/6.0 MB | 0.1/5.7 MBProgress (2): 0.1/6.0 MB | 0.1/5.7 MBProgress (2): 0.1/6.0 MB | 0.1/5.7 MBProgress (2): 0.1/6.0 MB | 0.1/5.7 MBProgress (2): 0.1/6.0 MB | 0.1/5.7 MBProgress (2): 0.1/6.0 MB | 0.1/5.7 MBProgress (2): 0.1/6.0 MB | 0.1/5.7 MBProgress (2): 0.1/6.0 MB | 0.1/5.7 MBProgress (2): 0.1/6.0 MB | 0.1/5.7 MBProgress (2): 0.1/6.0 MB | 0.1/5.7 MBProgress (2): 0.1/6.0 MB | 0.1/5.7 MBProgress (2): 0.1/6.0 MB | 0.1/5.7 MBProgress (2): 0.1/6.0 MB | 0.1/5.7 MBProgress (2): 0.1/6.0 MB | 0.1/5.7 MBProgress (2): 0.1/6.0 MB | 0.1/5.7 MBProgress (2): 0.1/6.0 MB | 0.1/5.7 MBProgress (2): 0.1/6.0 MB | 0.1/5.7 MBProgress (2): 0.1/6.0 MB | 0.1/5.7 MBProgress (2): 0.1/6.0 MB | 0.1/5.7 MBProgress (2): 0.1/6.0 MB | 0.1/5.7 MBProgress (2): 0.1/6.0 MB | 0.1/5.7 MBProgress (2): 0.1/6.0 MB | 0.1/5.7 MBProgress (2): 0.1/6.0 MB | 0.1/5.7 MBProgress (2): 0.1/6.0 MB | 0.1/5.7 MBProgress (2): 0.2/6.0 MB | 0.1/5.7 MBProgress (2): 0.2/6.0 MB | 0.1/5.7 MBProgress (2): 0.2/6.0 MB | 0.1/5.7 MBProgress (2): 0.2/6.0 MB | 0.1/5.7 MBProgress (2): 0.2/6.0 MB | 0.1/5.7 MBProgress (2): 0.2/6.0 MB | 0.1/5.7 MBProgress (2): 0.2/6.0 MB | 0.1/5.7 MBProgress (2): 0.2/6.0 MB | 0.1/5.7 MBProgress (2): 0.2/6.0 MB | 0.1/5.7 MBProgress (2): 0.2/6.0 MB | 0.1/5.7 MBProgress (2): 0.2/6.0 MB | 0.1/5.7 MBProgress (2): 0.2/6.0 MB | 0.1/5.7 MBProgress (2): 0.2/6.0 MB | 0.1/5.7 MBProgress (2): 0.2/6.0 MB | 0.1/5.7 MBProgress (2): 0.2/6.0 MB | 0.1/5.7 MBProgress (2): 0.2/6.0 MB | 0.1/5.7 MBProgress (2): 0.2/6.0 MB | 0.2/5.7 MBProgress (2): 0.2/6.0 MB | 0.2/5.7 MBProgress (2): 0.2/6.0 MB | 0.2/5.7 MBProgress (2): 0.2/6.0 MB | 0.2/5.7 MBProgress (2): 0.2/6.0 MB | 0.2/5.7 MBProgress (2): 0.2/6.0 MB | 0.2/5.7 MBProgress (2): 0.2/6.0 MB | 0.2/5.7 MBProgress (2): 0.2/6.0 MB | 0.2/5.7 MBProgress (2): 0.2/6.0 MB | 0.2/5.7 MBProgress (2): 0.2/6.0 MB | 0.2/5.7 MBProgress (2): 0.2/6.0 MB | 0.2/5.7 MBProgress (2): 0.2/6.0 MB | 0.2/5.7 MBProgress (2): 0.2/6.0 MB | 0.2/5.7 MBProgress (2): 0.2/6.0 MB | 0.2/5.7 MBProgress (2): 0.2/6.0 MB | 0.2/5.7 MBProgress (2): 0.2/6.0 MB | 0.2/5.7 MBProgress (2): 0.2/6.0 MB | 0.2/5.7 MBProgress (2): 0.2/6.0 MB | 0.2/5.7 MBProgress (2): 0.2/6.0 MB | 0.2/5.7 MBProgress (2): 0.2/6.0 MB | 0.2/5.7 MBProgress (2): 0.2/6.0 MB | 0.2/5.7 MBProgress (2): 0.2/6.0 MB | 0.2/5.7 MBProgress (2): 0.2/6.0 MB | 0.2/5.7 MBProgress (2): 0.2/6.0 MB | 0.2/5.7 MBProgress (2): 0.2/6.0 MB | 0.2/5.7 MBProgress (2): 0.2/6.0 MB | 0.2/5.7 MBProgress (2): 0.3/6.0 MB | 0.2/5.7 MBProgress (2): 0.3/6.0 MB | 0.2/5.7 MBProgress (2): 0.3/6.0 MB | 0.2/5.7 MBProgress (2): 0.3/6.0 MB | 0.2/5.7 MBProgress (2): 0.3/6.0 MB | 0.2/5.7 MBProgress (2): 0.3/6.0 MB | 0.2/5.7 MBProgress (2): 0.3/6.0 MB | 0.2/5.7 MBProgress (2): 0.3/6.0 MB | 0.2/5.7 MBProgress (2): 0.3/6.0 MB | 0.2/5.7 MBProgress (2): 0.3/6.0 MB | 0.2/5.7 MBProgress (2): 0.3/6.0 MB | 0.2/5.7 MBProgress (2): 0.3/6.0 MB | 0.2/5.7 MBProgress (2): 0.3/6.0 MB | 0.2/5.7 MBProgress (2): 0.3/6.0 MB | 0.2/5.7 MBProgress (2): 0.3/6.0 MB | 0.2/5.7 MBProgress (2): 0.3/6.0 MB | 0.2/5.7 MBProgress (2): 0.3/6.0 MB | 0.2/5.7 MBProgress (2): 0.3/6.0 MB | 0.2/5.7 MBProgress (2): 0.3/6.0 MB | 0.2/5.7 MBProgress (2): 0.3/6.0 MB | 0.2/5.7 MBProgress (2): 0.3/6.0 MB | 0.2/5.7 MBProgress (2): 0.3/6.0 MB | 0.2/5.7 MBProgress (2): 0.3/6.0 MB | 0.2/5.7 MBProgress (2): 0.3/6.0 MB | 0.2/5.7 MBProgress (2): 0.3/6.0 MB | 0.2/5.7 MBProgress (2): 0.3/6.0 MB | 0.2/5.7 MBProgress (2): 0.3/6.0 MB | 0.2/5.7 MBProgress (2): 0.3/6.0 MB | 0.2/5.7 MBProgress (2): 0.3/6.0 MB | 0.2/5.7 MBProgress (2): 0.3/6.0 MB | 0.2/5.7 MBProgress (2): 0.3/6.0 MB | 0.3/5.7 MBProgress (2): 0.3/6.0 MB | 0.3/5.7 MBProgress (2): 0.3/6.0 MB | 0.3/5.7 MBProgress (2): 0.3/6.0 MB | 0.3/5.7 MBProgress (2): 0.3/6.0 MB | 0.3/5.7 MBProgress (2): 0.3/6.0 MB | 0.3/5.7 MBProgress (2): 0.3/6.0 MB | 0.3/5.7 MBProgress (2): 0.3/6.0 MB | 0.3/5.7 MBProgress (2): 0.3/6.0 MB | 0.3/5.7 MBProgress (2): 0.3/6.0 MB | 0.3/5.7 MBProgress (2): 0.3/6.0 MB | 0.3/5.7 MBProgress (2): 0.3/6.0 MB | 0.3/5.7 MBProgress (2): 0.3/6.0 MB | 0.3/5.7 MBProgress (2): 0.3/6.0 MB | 0.3/5.7 MBProgress (2): 0.3/6.0 MB | 0.3/5.7 MBProgress (2): 0.4/6.0 MB | 0.3/5.7 MBProgress (2): 0.4/6.0 MB | 0.3/5.7 MBProgress (2): 0.4/6.0 MB | 0.3/5.7 MBProgress (2): 0.4/6.0 MB | 0.3/5.7 MBProgress (2): 0.4/6.0 MB | 0.3/5.7 MBProgress (2): 0.4/6.0 MB | 0.3/5.7 MBProgress (2): 0.4/6.0 MB | 0.3/5.7 MBProgress (2): 0.4/6.0 MB | 0.3/5.7 MBProgress (2): 0.4/6.0 MB | 0.3/5.7 MBProgress (2): 0.4/6.0 MB | 0.3/5.7 MBProgress (2): 0.4/6.0 MB | 0.3/5.7 MBProgress (2): 0.4/6.0 MB | 0.3/5.7 MBProgress (2): 0.4/6.0 MB | 0.3/5.7 MBProgress (2): 0.4/6.0 MB | 0.3/5.7 MBProgress (2): 0.4/6.0 MB | 0.3/5.7 MBProgress (2): 0.4/6.0 MB | 0.3/5.7 MBProgress (2): 0.4/6.0 MB | 0.3/5.7 MBProgress (2): 0.4/6.0 MB | 0.3/5.7 MBProgress (2): 0.4/6.0 MB | 0.3/5.7 MBProgress (2): 0.4/6.0 MB | 0.3/5.7 MBProgress (2): 0.4/6.0 MB | 0.3/5.7 MBProgress (2): 0.4/6.0 MB | 0.3/5.7 MBProgress (2): 0.4/6.0 MB | 0.3/5.7 MBProgress (2): 0.4/6.0 MB | 0.3/5.7 MBProgress (2): 0.4/6.0 MB | 0.3/5.7 MBProgress (2): 0.4/6.0 MB | 0.3/5.7 MBProgress (2): 0.4/6.0 MB | 0.3/5.7 MBProgress (2): 0.4/6.0 MB | 0.3/5.7 MBProgress (2): 0.4/6.0 MB | 0.3/5.7 MBProgress (2): 0.4/6.0 MB | 0.3/5.7 MBProgress (2): 0.4/6.0 MB | 0.4/5.7 MBProgress (2): 0.4/6.0 MB | 0.4/5.7 MBProgress (2): 0.4/6.0 MB | 0.4/5.7 MBProgress (2): 0.4/6.0 MB | 0.4/5.7 MBProgress (2): 0.4/6.0 MB | 0.4/5.7 MBProgress (2): 0.4/6.0 MB | 0.4/5.7 MBProgress (2): 0.4/6.0 MB | 0.4/5.7 MBProgress (2): 0.4/6.0 MB | 0.4/5.7 MBProgress (2): 0.4/6.0 MB | 0.4/5.7 MBProgress (2): 0.4/6.0 MB | 0.4/5.7 MBProgress (2): 0.4/6.0 MB | 0.4/5.7 MBProgress (2): 0.4/6.0 MB | 0.4/5.7 MBProgress (2): 0.4/6.0 MB | 0.4/5.7 MBProgress (2): 0.4/6.0 MB | 0.4/5.7 MBProgress (2): 0.4/6.0 MB | 0.4/5.7 MBProgress (2): 0.4/6.0 MB | 0.4/5.7 MBProgress (2): 0.4/6.0 MB | 0.4/5.7 MBProgress (2): 0.4/6.0 MB | 0.4/5.7 MBProgress (2): 0.4/6.0 MB | 0.4/5.7 MBProgress (2): 0.4/6.0 MB | 0.4/5.7 MBProgress (2): 0.4/6.0 MB | 0.4/5.7 MBProgress (2): 0.4/6.0 MB | 0.4/5.7 MBProgress (2): 0.5/6.0 MB | 0.4/5.7 MBProgress (2): 0.5/6.0 MB | 0.4/5.7 MBProgress (2): 0.5/6.0 MB | 0.4/5.7 MBProgress (2): 0.5/6.0 MB | 0.4/5.7 MBProgress (2): 0.5/6.0 MB | 0.4/5.7 MBProgress (2): 0.5/6.0 MB | 0.4/5.7 MBProgress (2): 0.5/6.0 MB | 0.4/5.7 MBProgress (2): 0.5/6.0 MB | 0.4/5.7 MBProgress (2): 0.5/6.0 MB | 0.4/5.7 MBProgress (2): 0.5/6.0 MB | 0.4/5.7 MBProgress (2): 0.5/6.0 MB | 0.4/5.7 MBProgress (2): 0.5/6.0 MB | 0.4/5.7 MBProgress (2): 0.5/6.0 MB | 0.4/5.7 MBProgress (2): 0.5/6.0 MB | 0.4/5.7 MBProgress (2): 0.5/6.0 MB | 0.4/5.7 MBProgress (2): 0.5/6.0 MB | 0.4/5.7 MBProgress (2): 0.5/6.0 MB | 0.4/5.7 MBProgress (2): 0.5/6.0 MB | 0.4/5.7 MBProgress (2): 0.5/6.0 MB | 0.4/5.7 MBProgress (2): 0.5/6.0 MB | 0.4/5.7 MBProgress (2): 0.5/6.0 MB | 0.5/5.7 MBProgress (2): 0.5/6.0 MB | 0.5/5.7 MBProgress (2): 0.5/6.0 MB | 0.5/5.7 MBProgress (2): 0.5/6.0 MB | 0.5/5.7 MBProgress (2): 0.5/6.0 MB | 0.5/5.7 MBProgress (2): 0.5/6.0 MB | 0.5/5.7 MBProgress (2): 0.5/6.0 MB | 0.5/5.7 MBProgress (2): 0.5/6.0 MB | 0.5/5.7 MBProgress (2): 0.5/6.0 MB | 0.5/5.7 MBProgress (2): 0.5/6.0 MB | 0.5/5.7 MBProgress (2): 0.5/6.0 MB | 0.5/5.7 MBProgress (2): 0.5/6.0 MB | 0.5/5.7 MBProgress (2): 0.5/6.0 MB | 0.5/5.7 MBProgress (2): 0.5/6.0 MB | 0.5/5.7 MBProgress (2): 0.5/6.0 MB | 0.5/5.7 MBProgress (2): 0.5/6.0 MB | 0.5/5.7 MBProgress (2): 0.5/6.0 MB | 0.5/5.7 MBProgress (2): 0.5/6.0 MB | 0.5/5.7 MBProgress (2): 0.5/6.0 MB | 0.5/5.7 MBProgress (2): 0.5/6.0 MB | 0.5/5.7 MBProgress (2): 0.5/6.0 MB | 0.5/5.7 MBProgress (2): 0.5/6.0 MB | 0.5/5.7 MBProgress (2): 0.5/6.0 MB | 0.5/5.7 MBProgress (2): 0.5/6.0 MB | 0.5/5.7 MBProgress (2): 0.5/6.0 MB | 0.5/5.7 MBProgress (2): 0.5/6.0 MB | 0.5/5.7 MBProgress (2): 0.5/6.0 MB | 0.5/5.7 MBProgress (2): 0.5/6.0 MB | 0.5/5.7 MBProgress (2): 0.5/6.0 MB | 0.5/5.7 MBProgress (2): 0.5/6.0 MB | 0.5/5.7 MBProgress (2): 0.5/6.0 MB | 0.5/5.7 MBProgress (2): 0.5/6.0 MB | 0.5/5.7 MBProgress (2): 0.5/6.0 MB | 0.5/5.7 MBProgress (2): 0.5/6.0 MB | 0.5/5.7 MBProgress (2): 0.5/6.0 MB | 0.5/5.7 MBProgress (2): 0.5/6.0 MB | 0.5/5.7 MBProgress (2): 0.5/6.0 MB | 0.5/5.7 MBProgress (2): 0.5/6.0 MB | 0.5/5.7 MBProgress (2): 0.5/6.0 MB | 0.5/5.7 MBProgress (2): 0.5/6.0 MB | 0.5/5.7 MBProgress (2): 0.5/6.0 MB | 0.5/5.7 MBProgress (2): 0.5/6.0 MB | 0.5/5.7 MBProgress (2): 0.5/6.0 MB | 0.5/5.7 MBProgress (2): 0.5/6.0 MB | 0.6/5.7 MBProgress (2): 0.5/6.0 MB | 0.6/5.7 MBProgress (2): 0.5/6.0 MB | 0.6/5.7 MBProgress (2): 0.6/6.0 MB | 0.6/5.7 MBProgress (2): 0.6/6.0 MB | 0.6/5.7 MBProgress (2): 0.6/6.0 MB | 0.6/5.7 MBProgress (2): 0.6/6.0 MB | 0.6/5.7 MBProgress (2): 0.6/6.0 MB | 0.6/5.7 MBProgress (2): 0.6/6.0 MB | 0.6/5.7 MBProgress (2): 0.6/6.0 MB | 0.6/5.7 MBProgress (2): 0.6/6.0 MB | 0.6/5.7 MBProgress (2): 0.6/6.0 MB | 0.6/5.7 MBProgress (2): 0.6/6.0 MB | 0.6/5.7 MBProgress (2): 0.6/6.0 MB | 0.6/5.7 MBProgress (2): 0.6/6.0 MB | 0.6/5.7 MBProgress (2): 0.6/6.0 MB | 0.6/5.7 MBProgress (2): 0.6/6.0 MB | 0.6/5.7 MBProgress (2): 0.6/6.0 MB | 0.6/5.7 MBProgress (2): 0.6/6.0 MB | 0.6/5.7 MBProgress (2): 0.6/6.0 MB | 0.6/5.7 MBProgress (2): 0.6/6.0 MB | 0.6/5.7 MBProgress (2): 0.6/6.0 MB | 0.6/5.7 MBProgress (2): 0.6/6.0 MB | 0.6/5.7 MBProgress (2): 0.6/6.0 MB | 0.6/5.7 MBProgress (2): 0.6/6.0 MB | 0.6/5.7 MBProgress (2): 0.6/6.0 MB | 0.6/5.7 MBProgress (2): 0.6/6.0 MB | 0.6/5.7 MBProgress (2): 0.6/6.0 MB | 0.6/5.7 MBProgress (2): 0.6/6.0 MB | 0.6/5.7 MBProgress (2): 0.6/6.0 MB | 0.6/5.7 MBProgress (2): 0.6/6.0 MB | 0.6/5.7 MBProgress (2): 0.6/6.0 MB | 0.6/5.7 MBProgress (2): 0.6/6.0 MB | 0.6/5.7 MBProgress (2): 0.6/6.0 MB | 0.6/5.7 MBProgress (2): 0.6/6.0 MB | 0.6/5.7 MBProgress (2): 0.6/6.0 MB | 0.6/5.7 MBProgress (2): 0.6/6.0 MB | 0.6/5.7 MBProgress (2): 0.6/6.0 MB | 0.6/5.7 MBProgress (2): 0.6/6.0 MB | 0.6/5.7 MBProgress (2): 0.6/6.0 MB | 0.6/5.7 MBProgress (2): 0.6/6.0 MB | 0.6/5.7 MBProgress (2): 0.6/6.0 MB | 0.7/5.7 MBProgress (2): 0.6/6.0 MB | 0.7/5.7 MBProgress (2): 0.6/6.0 MB | 0.7/5.7 MBProgress (2): 0.6/6.0 MB | 0.7/5.7 MBProgress (2): 0.6/6.0 MB | 0.7/5.7 MBProgress (2): 0.6/6.0 MB | 0.7/5.7 MBProgress (2): 0.6/6.0 MB | 0.7/5.7 MBProgress (2): 0.6/6.0 MB | 0.7/5.7 MBProgress (2): 0.6/6.0 MB | 0.7/5.7 MBProgress (2): 0.6/6.0 MB | 0.7/5.7 MBProgress (2): 0.6/6.0 MB | 0.7/5.7 MBProgress (2): 0.6/6.0 MB | 0.7/5.7 MBProgress (2): 0.6/6.0 MB | 0.7/5.7 MBProgress (2): 0.6/6.0 MB | 0.7/5.7 MBProgress (2): 0.6/6.0 MB | 0.7/5.7 MBProgress (2): 0.6/6.0 MB | 0.7/5.7 MBProgress (2): 0.6/6.0 MB | 0.7/5.7 MBProgress (2): 0.6/6.0 MB | 0.7/5.7 MBProgress (2): 0.7/6.0 MB | 0.7/5.7 MBProgress (2): 0.7/6.0 MB | 0.7/5.7 MBProgress (2): 0.7/6.0 MB | 0.7/5.7 MBProgress (2): 0.7/6.0 MB | 0.7/5.7 MBProgress (2): 0.7/6.0 MB | 0.7/5.7 MBProgress (2): 0.7/6.0 MB | 0.7/5.7 MBProgress (2): 0.7/6.0 MB | 0.7/5.7 MBProgress (2): 0.7/6.0 MB | 0.7/5.7 MBProgress (2): 0.7/6.0 MB | 0.7/5.7 MBProgress (2): 0.7/6.0 MB | 0.7/5.7 MBProgress (2): 0.7/6.0 MB | 0.7/5.7 MBProgress (2): 0.7/6.0 MB | 0.7/5.7 MBProgress (2): 0.7/6.0 MB | 0.7/5.7 MBProgress (2): 0.7/6.0 MB | 0.7/5.7 MBProgress (2): 0.7/6.0 MB | 0.7/5.7 MBProgress (2): 0.7/6.0 MB | 0.7/5.7 MBProgress (2): 0.7/6.0 MB | 0.7/5.7 MBProgress (2): 0.7/6.0 MB | 0.7/5.7 MBProgress (2): 0.7/6.0 MB | 0.7/5.7 MBProgress (2): 0.7/6.0 MB | 0.7/5.7 MBProgress (2): 0.7/6.0 MB | 0.7/5.7 MBProgress (2): 0.7/6.0 MB | 0.7/5.7 MBProgress (2): 0.7/6.0 MB | 0.7/5.7 MBProgress (2): 0.7/6.0 MB | 0.7/5.7 MBProgress (2): 0.7/6.0 MB | 0.7/5.7 MBProgress (2): 0.7/6.0 MB | 0.7/5.7 MBProgress (2): 0.7/6.0 MB | 0.8/5.7 MBProgress (2): 0.7/6.0 MB | 0.8/5.7 MBProgress (2): 0.7/6.0 MB | 0.8/5.7 MBProgress (2): 0.7/6.0 MB | 0.8/5.7 MBProgress (2): 0.7/6.0 MB | 0.8/5.7 MBProgress (2): 0.7/6.0 MB | 0.8/5.7 MBProgress (2): 0.7/6.0 MB | 0.8/5.7 MBProgress (2): 0.7/6.0 MB | 0.8/5.7 MBProgress (2): 0.7/6.0 MB | 0.8/5.7 MBProgress (2): 0.7/6.0 MB | 0.8/5.7 MBProgress (2): 0.7/6.0 MB | 0.8/5.7 MBProgress (2): 0.7/6.0 MB | 0.8/5.7 MBProgress (2): 0.7/6.0 MB | 0.8/5.7 MBProgress (2): 0.7/6.0 MB | 0.8/5.7 MBProgress (2): 0.7/6.0 MB | 0.8/5.7 MBProgress (2): 0.7/6.0 MB | 0.8/5.7 MBProgress (2): 0.7/6.0 MB | 0.8/5.7 MBProgress (2): 0.7/6.0 MB | 0.8/5.7 MBProgress (2): 0.7/6.0 MB | 0.8/5.7 MBProgress (2): 0.7/6.0 MB | 0.8/5.7 MBProgress (2): 0.7/6.0 MB | 0.8/5.7 MBProgress (2): 0.7/6.0 MB | 0.8/5.7 MBProgress (2): 0.7/6.0 MB | 0.8/5.7 MBProgress (2): 0.7/6.0 MB | 0.8/5.7 MBProgress (2): 0.7/6.0 MB | 0.8/5.7 MBProgress (2): 0.7/6.0 MB | 0.8/5.7 MBProgress (2): 0.7/6.0 MB | 0.8/5.7 MBProgress (2): 0.7/6.0 MB | 0.8/5.7 MBProgress (2): 0.7/6.0 MB | 0.8/5.7 MBProgress (2): 0.7/6.0 MB | 0.8/5.7 MBProgress (2): 0.7/6.0 MB | 0.8/5.7 MBProgress (2): 0.7/6.0 MB | 0.8/5.7 MBProgress (2): 0.7/6.0 MB | 0.8/5.7 MBProgress (2): 0.7/6.0 MB | 0.8/5.7 MBProgress (2): 0.7/6.0 MB | 0.8/5.7 MBProgress (2): 0.7/6.0 MB | 0.8/5.7 MBProgress (2): 0.7/6.0 MB | 0.9/5.7 MBProgress (2): 0.7/6.0 MB | 0.9/5.7 MBProgress (2): 0.7/6.0 MB | 0.9/5.7 MBProgress (2): 0.8/6.0 MB | 0.9/5.7 MBProgress (2): 0.8/6.0 MB | 0.9/5.7 MBProgress (2): 0.8/6.0 MB | 0.9/5.7 MBProgress (2): 0.8/6.0 MB | 0.9/5.7 MBProgress (2): 0.8/6.0 MB | 0.9/5.7 MBProgress (2): 0.8/6.0 MB | 0.9/5.7 MBProgress (2): 0.8/6.0 MB | 0.9/5.7 MBProgress (2): 0.8/6.0 MB | 0.9/5.7 MBProgress (2): 0.8/6.0 MB | 0.9/5.7 MBProgress (2): 0.8/6.0 MB | 0.9/5.7 MBProgress (2): 0.8/6.0 MB | 0.9/5.7 MBProgress (2): 0.8/6.0 MB | 0.9/5.7 MBProgress (2): 0.8/6.0 MB | 0.9/5.7 MBProgress (2): 0.8/6.0 MB | 0.9/5.7 MBProgress (2): 0.8/6.0 MB | 0.9/5.7 MBProgress (2): 0.8/6.0 MB | 0.9/5.7 MBProgress (2): 0.8/6.0 MB | 0.9/5.7 MBProgress (2): 0.8/6.0 MB | 0.9/5.7 MBProgress (2): 0.8/6.0 MB | 0.9/5.7 MBProgress (2): 0.8/6.0 MB | 0.9/5.7 MBProgress (2): 0.8/6.0 MB | 0.9/5.7 MBProgress (2): 0.8/6.0 MB | 0.9/5.7 MBProgress (2): 0.8/6.0 MB | 0.9/5.7 MBProgress (2): 0.8/6.0 MB | 0.9/5.7 MBProgress (2): 0.8/6.0 MB | 0.9/5.7 MBProgress (2): 0.8/6.0 MB | 0.9/5.7 MBProgress (2): 0.8/6.0 MB | 0.9/5.7 MBProgress (2): 0.8/6.0 MB | 0.9/5.7 MBProgress (2): 0.8/6.0 MB | 0.9/5.7 MBProgress (2): 0.8/6.0 MB | 0.9/5.7 MBProgress (2): 0.8/6.0 MB | 0.9/5.7 MBProgress (2): 0.8/6.0 MB | 0.9/5.7 MBProgress (2): 0.8/6.0 MB | 0.9/5.7 MBProgress (2): 0.8/6.0 MB | 0.9/5.7 MBProgress (2): 0.8/6.0 MB | 0.9/5.7 MBProgress (2): 0.8/6.0 MB | 0.9/5.7 MBProgress (2): 0.8/6.0 MB | 0.9/5.7 MBProgress (2): 0.8/6.0 MB | 0.9/5.7 MBProgress (2): 0.8/6.0 MB | 0.9/5.7 MBProgress (2): 0.8/6.0 MB | 1.0/5.7 MBProgress (2): 0.8/6.0 MB | 1.0/5.7 MBProgress (2): 0.8/6.0 MB | 1.0/5.7 MBProgress (2): 0.8/6.0 MB | 1.0/5.7 MBProgress (2): 0.8/6.0 MB | 1.0/5.7 MBProgress (2): 0.8/6.0 MB | 1.0/5.7 MBProgress (2): 0.8/6.0 MB | 1.0/5.7 MBProgress (2): 0.8/6.0 MB | 1.0/5.7 MBProgress (2): 0.8/6.0 MB | 1.0/5.7 MBProgress (2): 0.8/6.0 MB | 1.0/5.7 MBProgress (2): 0.8/6.0 MB | 1.0/5.7 MBProgress (2): 0.8/6.0 MB | 1.0/5.7 MBProgress (2): 0.8/6.0 MB | 1.0/5.7 MBProgress (2): 0.8/6.0 MB | 1.0/5.7 MBProgress (2): 0.8/6.0 MB | 1.0/5.7 MBProgress (2): 0.8/6.0 MB | 1.0/5.7 MBProgress (2): 0.8/6.0 MB | 1.0/5.7 MBProgress (2): 0.8/6.0 MB | 1.0/5.7 MBProgress (2): 0.9/6.0 MB | 1.0/5.7 MBProgress (2): 0.9/6.0 MB | 1.0/5.7 MBProgress (2): 0.9/6.0 MB | 1.0/5.7 MBProgress (2): 0.9/6.0 MB | 1.0/5.7 MBProgress (2): 0.9/6.0 MB | 1.0/5.7 MBProgress (2): 0.9/6.0 MB | 1.0/5.7 MBProgress (2): 0.9/6.0 MB | 1.0/5.7 MBProgress (2): 0.9/6.0 MB | 1.0/5.7 MBProgress (2): 0.9/6.0 MB | 1.0/5.7 MBProgress (2): 0.9/6.0 MB | 1.0/5.7 MBProgress (2): 0.9/6.0 MB | 1.0/5.7 MBProgress (2): 0.9/6.0 MB | 1.0/5.7 MBProgress (2): 0.9/6.0 MB | 1.0/5.7 MBProgress (2): 0.9/6.0 MB | 1.0/5.7 MBProgress (2): 0.9/6.0 MB | 1.0/5.7 MBProgress (2): 0.9/6.0 MB | 1.0/5.7 MBProgress (2): 0.9/6.0 MB | 1.0/5.7 MBProgress (2): 0.9/6.0 MB | 1.0/5.7 MBProgress (2): 0.9/6.0 MB | 1.0/5.7 MBProgress (2): 0.9/6.0 MB | 1.0/5.7 MBProgress (2): 0.9/6.0 MB | 1.0/5.7 MBProgress (2): 0.9/6.0 MB | 1.0/5.7 MBProgress (2): 0.9/6.0 MB | 1.0/5.7 MBProgress (2): 0.9/6.0 MB | 1.0/5.7 MBProgress (2): 0.9/6.0 MB | 1.0/5.7 MBProgress (2): 0.9/6.0 MB | 1.1/5.7 MBProgress (2): 0.9/6.0 MB | 1.1/5.7 MBProgress (2): 0.9/6.0 MB | 1.1/5.7 MBProgress (2): 0.9/6.0 MB | 1.1/5.7 MBProgress (2): 0.9/6.0 MB | 1.1/5.7 MBProgress (2): 0.9/6.0 MB | 1.1/5.7 MBProgress (2): 0.9/6.0 MB | 1.1/5.7 MBProgress (2): 0.9/6.0 MB | 1.1/5.7 MBProgress (2): 0.9/6.0 MB | 1.1/5.7 MBProgress (2): 0.9/6.0 MB | 1.1/5.7 MBProgress (2): 0.9/6.0 MB | 1.1/5.7 MBProgress (2): 0.9/6.0 MB | 1.1/5.7 MBProgress (2): 0.9/6.0 MB | 1.1/5.7 MBProgress (2): 0.9/6.0 MB | 1.1/5.7 MBProgress (2): 0.9/6.0 MB | 1.1/5.7 MBProgress (2): 0.9/6.0 MB | 1.1/5.7 MBProgress (2): 0.9/6.0 MB | 1.1/5.7 MBProgress (2): 0.9/6.0 MB | 1.1/5.7 MBProgress (2): 0.9/6.0 MB | 1.1/5.7 MBProgress (2): 0.9/6.0 MB | 1.1/5.7 MBProgress (2): 0.9/6.0 MB | 1.1/5.7 MBProgress (2): 0.9/6.0 MB | 1.1/5.7 MBProgress (2): 0.9/6.0 MB | 1.1/5.7 MBProgress (2): 0.9/6.0 MB | 1.1/5.7 MBProgress (2): 0.9/6.0 MB | 1.1/5.7 MBProgress (2): 0.9/6.0 MB | 1.1/5.7 MBProgress (2): 0.9/6.0 MB | 1.1/5.7 MBProgress (2): 0.9/6.0 MB | 1.1/5.7 MBProgress (2): 0.9/6.0 MB | 1.1/5.7 MBProgress (2): 0.9/6.0 MB | 1.1/5.7 MBProgress (2): 0.9/6.0 MB | 1.1/5.7 MBProgress (2): 0.9/6.0 MB | 1.1/5.7 MBProgress (2): 0.9/6.0 MB | 1.1/5.7 MBProgress (2): 0.9/6.0 MB | 1.1/5.7 MBProgress (2): 0.9/6.0 MB | 1.1/5.7 MBProgress (2): 0.9/6.0 MB | 1.1/5.7 MBProgress (2): 0.9/6.0 MB | 1.1/5.7 MBProgress (2): 1.0/6.0 MB | 1.1/5.7 MBProgress (2): 1.0/6.0 MB | 1.1/5.7 MBProgress (2): 1.0/6.0 MB | 1.1/5.7 MBProgress (2): 1.0/6.0 MB | 1.2/5.7 MBProgress (2): 1.0/6.0 MB | 1.2/5.7 MBProgress (2): 1.0/6.0 MB | 1.2/5.7 MBProgress (2): 1.0/6.0 MB | 1.2/5.7 MBProgress (2): 1.0/6.0 MB | 1.2/5.7 MBProgress (2): 1.0/6.0 MB | 1.2/5.7 MBProgress (2): 1.0/6.0 MB | 1.2/5.7 MBProgress (2): 1.0/6.0 MB | 1.2/5.7 MBProgress (2): 1.0/6.0 MB | 1.2/5.7 MBProgress (2): 1.0/6.0 MB | 1.2/5.7 MBProgress (2): 1.0/6.0 MB | 1.2/5.7 MBProgress (2): 1.0/6.0 MB | 1.2/5.7 MBProgress (2): 1.0/6.0 MB | 1.2/5.7 MBProgress (2): 1.0/6.0 MB | 1.2/5.7 MBProgress (2): 1.0/6.0 MB | 1.2/5.7 MBProgress (2): 1.0/6.0 MB | 1.2/5.7 MBProgress (2): 1.0/6.0 MB | 1.2/5.7 MBProgress (2): 1.0/6.0 MB | 1.2/5.7 MBProgress (2): 1.0/6.0 MB | 1.2/5.7 MBProgress (2): 1.0/6.0 MB | 1.2/5.7 MBProgress (2): 1.0/6.0 MB | 1.2/5.7 MBProgress (2): 1.0/6.0 MB | 1.2/5.7 MBProgress (2): 1.0/6.0 MB | 1.2/5.7 MBProgress (2): 1.0/6.0 MB | 1.2/5.7 MBProgress (2): 1.0/6.0 MB | 1.2/5.7 MBProgress (2): 1.0/6.0 MB | 1.2/5.7 MBProgress (2): 1.0/6.0 MB | 1.2/5.7 MBProgress (2): 1.0/6.0 MB | 1.2/5.7 MBProgress (2): 1.0/6.0 MB | 1.2/5.7 MBProgress (2): 1.0/6.0 MB | 1.2/5.7 MBProgress (2): 1.0/6.0 MB | 1.2/5.7 MBProgress (2): 1.0/6.0 MB | 1.2/5.7 MBProgress (2): 1.0/6.0 MB | 1.2/5.7 MBProgress (2): 1.0/6.0 MB | 1.2/5.7 MBProgress (2): 1.0/6.0 MB | 1.2/5.7 MBProgress (2): 1.0/6.0 MB | 1.2/5.7 MBProgress (2): 1.0/6.0 MB | 1.2/5.7 MBProgress (2): 1.0/6.0 MB | 1.2/5.7 MBProgress (2): 1.0/6.0 MB | 1.2/5.7 MBProgress (2): 1.0/6.0 MB | 1.2/5.7 MBProgress (2): 1.0/6.0 MB | 1.2/5.7 MBProgress (2): 1.0/6.0 MB | 1.2/5.7 MBProgress (2): 1.0/6.0 MB | 1.2/5.7 MBProgress (2): 1.0/6.0 MB | 1.2/5.7 MBProgress (2): 1.0/6.0 MB | 1.2/5.7 MBProgress (2): 1.0/6.0 MB | 1.2/5.7 MBProgress (2): 1.0/6.0 MB | 1.2/5.7 MBProgress (2): 1.0/6.0 MB | 1.3/5.7 MBProgress (2): 1.1/6.0 MB | 1.3/5.7 MBProgress (2): 1.1/6.0 MB | 1.3/5.7 MBProgress (2): 1.1/6.0 MB | 1.3/5.7 MBProgress (2): 1.1/6.0 MB | 1.3/5.7 MBProgress (2): 1.1/6.0 MB | 1.3/5.7 MBProgress (2): 1.1/6.0 MB | 1.3/5.7 MBProgress (2): 1.1/6.0 MB | 1.3/5.7 MBProgress (2): 1.1/6.0 MB | 1.3/5.7 MBProgress (2): 1.1/6.0 MB | 1.3/5.7 MBProgress (2): 1.1/6.0 MB | 1.3/5.7 MBProgress (2): 1.1/6.0 MB | 1.3/5.7 MBProgress (2): 1.1/6.0 MB | 1.3/5.7 MBProgress (2): 1.1/6.0 MB | 1.3/5.7 MBProgress (2): 1.1/6.0 MB | 1.3/5.7 MBProgress (2): 1.1/6.0 MB | 1.3/5.7 MBProgress (2): 1.1/6.0 MB | 1.3/5.7 MBProgress (2): 1.1/6.0 MB | 1.3/5.7 MBProgress (2): 1.1/6.0 MB | 1.3/5.7 MBProgress (2): 1.1/6.0 MB | 1.3/5.7 MBProgress (2): 1.1/6.0 MB | 1.3/5.7 MBProgress (2): 1.1/6.0 MB | 1.3/5.7 MBProgress (2): 1.1/6.0 MB | 1.3/5.7 MBProgress (2): 1.1/6.0 MB | 1.3/5.7 MBProgress (2): 1.1/6.0 MB | 1.3/5.7 MBProgress (2): 1.1/6.0 MB | 1.3/5.7 MBProgress (2): 1.1/6.0 MB | 1.3/5.7 MBProgress (2): 1.1/6.0 MB | 1.3/5.7 MBProgress (2): 1.1/6.0 MB | 1.3/5.7 MBProgress (2): 1.1/6.0 MB | 1.3/5.7 MBProgress (2): 1.1/6.0 MB | 1.3/5.7 MBProgress (2): 1.1/6.0 MB | 1.3/5.7 MBProgress (2): 1.1/6.0 MB | 1.3/5.7 MBProgress (2): 1.1/6.0 MB | 1.3/5.7 MBProgress (2): 1.1/6.0 MB | 1.3/5.7 MBProgress (2): 1.1/6.0 MB | 1.3/5.7 MBProgress (2): 1.1/6.0 MB | 1.3/5.7 MBProgress (2): 1.1/6.0 MB | 1.3/5.7 MBProgress (2): 1.1/6.0 MB | 1.4/5.7 MBProgress (2): 1.1/6.0 MB | 1.4/5.7 MBProgress (2): 1.1/6.0 MB | 1.4/5.7 MBProgress (2): 1.1/6.0 MB | 1.4/5.7 MBProgress (2): 1.1/6.0 MB | 1.4/5.7 MBProgress (2): 1.1/6.0 MB | 1.4/5.7 MBProgress (2): 1.1/6.0 MB | 1.4/5.7 MBProgress (2): 1.1/6.0 MB | 1.4/5.7 MBProgress (2): 1.1/6.0 MB | 1.4/5.7 MBProgress (2): 1.1/6.0 MB | 1.4/5.7 MBProgress (2): 1.1/6.0 MB | 1.4/5.7 MBProgress (2): 1.1/6.0 MB | 1.4/5.7 MBProgress (2): 1.1/6.0 MB | 1.4/5.7 MBProgress (2): 1.1/6.0 MB | 1.4/5.7 MBProgress (2): 1.1/6.0 MB | 1.4/5.7 MBProgress (2): 1.1/6.0 MB | 1.4/5.7 MBProgress (2): 1.1/6.0 MB | 1.4/5.7 MBProgress (2): 1.1/6.0 MB | 1.4/5.7 MBProgress (2): 1.1/6.0 MB | 1.4/5.7 MBProgress (2): 1.1/6.0 MB | 1.4/5.7 MBProgress (2): 1.1/6.0 MB | 1.4/5.7 MBProgress (2): 1.1/6.0 MB | 1.4/5.7 MBProgress (2): 1.1/6.0 MB | 1.4/5.7 MBProgress (2): 1.1/6.0 MB | 1.4/5.7 MBProgress (2): 1.1/6.0 MB | 1.4/5.7 MBProgress (2): 1.1/6.0 MB | 1.4/5.7 MBProgress (2): 1.1/6.0 MB | 1.4/5.7 MBProgress (2): 1.1/6.0 MB | 1.4/5.7 MBProgress (2): 1.1/6.0 MB | 1.4/5.7 MBProgress (2): 1.2/6.0 MB | 1.4/5.7 MBProgress (2): 1.2/6.0 MB | 1.4/5.7 MBProgress (2): 1.2/6.0 MB | 1.4/5.7 MBProgress (2): 1.2/6.0 MB | 1.4/5.7 MBProgress (2): 1.2/6.0 MB | 1.4/5.7 MBProgress (2): 1.2/6.0 MB | 1.4/5.7 MBProgress (2): 1.2/6.0 MB | 1.4/5.7 MBProgress (2): 1.2/6.0 MB | 1.4/5.7 MBProgress (2): 1.2/6.0 MB | 1.4/5.7 MBProgress (2): 1.2/6.0 MB | 1.4/5.7 MBProgress (2): 1.2/6.0 MB | 1.4/5.7 MBProgress (2): 1.2/6.0 MB | 1.4/5.7 MBProgress (2): 1.2/6.0 MB | 1.5/5.7 MBProgress (2): 1.2/6.0 MB | 1.5/5.7 MBProgress (2): 1.2/6.0 MB | 1.5/5.7 MBProgress (2): 1.2/6.0 MB | 1.5/5.7 MBProgress (2): 1.2/6.0 MB | 1.5/5.7 MBProgress (2): 1.2/6.0 MB | 1.5/5.7 MBProgress (2): 1.2/6.0 MB | 1.5/5.7 MBProgress (2): 1.2/6.0 MB | 1.5/5.7 MBProgress (2): 1.2/6.0 MB | 1.5/5.7 MBProgress (2): 1.2/6.0 MB | 1.5/5.7 MBProgress (2): 1.2/6.0 MB | 1.5/5.7 MBProgress (2): 1.2/6.0 MB | 1.5/5.7 MBProgress (2): 1.2/6.0 MB | 1.5/5.7 MBProgress (2): 1.2/6.0 MB | 1.5/5.7 MBProgress (2): 1.2/6.0 MB | 1.5/5.7 MBProgress (2): 1.2/6.0 MB | 1.5/5.7 MBProgress (2): 1.2/6.0 MB | 1.5/5.7 MBProgress (2): 1.2/6.0 MB | 1.5/5.7 MBProgress (2): 1.2/6.0 MB | 1.5/5.7 MBProgress (2): 1.2/6.0 MB | 1.5/5.7 MBProgress (2): 1.2/6.0 MB | 1.5/5.7 MBProgress (2): 1.2/6.0 MB | 1.5/5.7 MBProgress (2): 1.2/6.0 MB | 1.5/5.7 MBProgress (2): 1.2/6.0 MB | 1.5/5.7 MBProgress (2): 1.2/6.0 MB | 1.5/5.7 MBProgress (2): 1.2/6.0 MB | 1.5/5.7 MBProgress (2): 1.2/6.0 MB | 1.5/5.7 MBProgress (2): 1.2/6.0 MB | 1.5/5.7 MBProgress (2): 1.2/6.0 MB | 1.5/5.7 MBProgress (2): 1.2/6.0 MB | 1.5/5.7 MBProgress (2): 1.2/6.0 MB | 1.5/5.7 MBProgress (2): 1.2/6.0 MB | 1.5/5.7 MBProgress (2): 1.2/6.0 MB | 1.5/5.7 MBProgress (2): 1.2/6.0 MB | 1.5/5.7 MBProgress (2): 1.2/6.0 MB | 1.5/5.7 MBProgress (2): 1.2/6.0 MB | 1.5/5.7 MBProgress (2): 1.3/6.0 MB | 1.5/5.7 MBProgress (2): 1.3/6.0 MB | 1.5/5.7 MBProgress (2): 1.3/6.0 MB | 1.5/5.7 MBProgress (2): 1.3/6.0 MB | 1.5/5.7 MBProgress (2): 1.3/6.0 MB | 1.5/5.7 MBProgress (2): 1.3/6.0 MB | 1.5/5.7 MBProgress (2): 1.3/6.0 MB | 1.5/5.7 MBProgress (2): 1.3/6.0 MB | 1.5/5.7 MBProgress (2): 1.3/6.0 MB | 1.5/5.7 MBProgress (2): 1.3/6.0 MB | 1.5/5.7 MBProgress (2): 1.3/6.0 MB | 1.5/5.7 MBProgress (2): 1.3/6.0 MB | 1.5/5.7 MBProgress (2): 1.3/6.0 MB | 1.6/5.7 MBProgress (2): 1.3/6.0 MB | 1.6/5.7 MBProgress (2): 1.3/6.0 MB | 1.6/5.7 MBProgress (2): 1.3/6.0 MB | 1.6/5.7 MBProgress (2): 1.3/6.0 MB | 1.6/5.7 MBProgress (2): 1.3/6.0 MB | 1.6/5.7 MBProgress (2): 1.3/6.0 MB | 1.6/5.7 MBProgress (2): 1.3/6.0 MB | 1.6/5.7 MBProgress (2): 1.3/6.0 MB | 1.6/5.7 MBProgress (2): 1.3/6.0 MB | 1.6/5.7 MBProgress (2): 1.3/6.0 MB | 1.6/5.7 MBProgress (2): 1.3/6.0 MB | 1.6/5.7 MBProgress (2): 1.3/6.0 MB | 1.6/5.7 MBProgress (2): 1.3/6.0 MB | 1.6/5.7 MBProgress (2): 1.3/6.0 MB | 1.6/5.7 MBProgress (2): 1.3/6.0 MB | 1.6/5.7 MBProgress (2): 1.3/6.0 MB | 1.6/5.7 MBProgress (2): 1.3/6.0 MB | 1.6/5.7 MBProgress (2): 1.3/6.0 MB | 1.6/5.7 MBProgress (2): 1.3/6.0 MB | 1.6/5.7 MBProgress (2): 1.3/6.0 MB | 1.6/5.7 MBProgress (2): 1.3/6.0 MB | 1.6/5.7 MBProgress (2): 1.3/6.0 MB | 1.6/5.7 MBProgress (2): 1.3/6.0 MB | 1.6/5.7 MBProgress (2): 1.3/6.0 MB | 1.6/5.7 MBProgress (2): 1.3/6.0 MB | 1.6/5.7 MBProgress (2): 1.3/6.0 MB | 1.6/5.7 MBProgress (2): 1.3/6.0 MB | 1.6/5.7 MBProgress (2): 1.3/6.0 MB | 1.6/5.7 MBProgress (2): 1.3/6.0 MB | 1.6/5.7 MBProgress (2): 1.3/6.0 MB | 1.6/5.7 MBProgress (2): 1.3/6.0 MB | 1.6/5.7 MBProgress (2): 1.3/6.0 MB | 1.6/5.7 MBProgress (2): 1.3/6.0 MB | 1.6/5.7 MBProgress (2): 1.3/6.0 MB | 1.6/5.7 MBProgress (2): 1.3/6.0 MB | 1.6/5.7 MBProgress (2): 1.3/6.0 MB | 1.6/5.7 MBProgress (2): 1.3/6.0 MB | 1.6/5.7 MBProgress (2): 1.3/6.0 MB | 1.7/5.7 MBProgress (2): 1.3/6.0 MB | 1.7/5.7 MBProgress (2): 1.3/6.0 MB | 1.7/5.7 MBProgress (2): 1.3/6.0 MB | 1.7/5.7 MBProgress (2): 1.3/6.0 MB | 1.7/5.7 MBProgress (2): 1.3/6.0 MB | 1.7/5.7 MBProgress (2): 1.3/6.0 MB | 1.7/5.7 MBProgress (2): 1.3/6.0 MB | 1.7/5.7 MBProgress (2): 1.3/6.0 MB | 1.7/5.7 MBProgress (2): 1.3/6.0 MB | 1.7/5.7 MBProgress (2): 1.3/6.0 MB | 1.7/5.7 MBProgress (2): 1.4/6.0 MB | 1.7/5.7 MBProgress (2): 1.4/6.0 MB | 1.7/5.7 MBProgress (2): 1.4/6.0 MB | 1.7/5.7 MBProgress (2): 1.4/6.0 MB | 1.7/5.7 MBProgress (2): 1.4/6.0 MB | 1.7/5.7 MBProgress (2): 1.4/6.0 MB | 1.7/5.7 MBProgress (2): 1.4/6.0 MB | 1.7/5.7 MBProgress (2): 1.4/6.0 MB | 1.7/5.7 MBProgress (2): 1.4/6.0 MB | 1.7/5.7 MBProgress (2): 1.4/6.0 MB | 1.7/5.7 MBProgress (2): 1.4/6.0 MB | 1.7/5.7 MBProgress (2): 1.4/6.0 MB | 1.7/5.7 MBProgress (2): 1.4/6.0 MB | 1.7/5.7 MBProgress (2): 1.4/6.0 MB | 1.7/5.7 MBProgress (2): 1.4/6.0 MB | 1.7/5.7 MBProgress (2): 1.4/6.0 MB | 1.7/5.7 MBProgress (2): 1.4/6.0 MB | 1.7/5.7 MBProgress (2): 1.4/6.0 MB | 1.7/5.7 MBProgress (2): 1.4/6.0 MB | 1.7/5.7 MBProgress (2): 1.4/6.0 MB | 1.7/5.7 MBProgress (2): 1.4/6.0 MB | 1.7/5.7 MBProgress (2): 1.4/6.0 MB | 1.7/5.7 MBProgress (2): 1.4/6.0 MB | 1.7/5.7 MBProgress (2): 1.4/6.0 MB | 1.7/5.7 MBProgress (2): 1.4/6.0 MB | 1.7/5.7 MBProgress (2): 1.4/6.0 MB | 1.7/5.7 MBProgress (2): 1.4/6.0 MB | 1.7/5.7 MBProgress (2): 1.4/6.0 MB | 1.7/5.7 MBProgress (2): 1.4/6.0 MB | 1.7/5.7 MBProgress (2): 1.4/6.0 MB | 1.8/5.7 MBProgress (2): 1.4/6.0 MB | 1.8/5.7 MBProgress (2): 1.4/6.0 MB | 1.8/5.7 MBProgress (2): 1.4/6.0 MB | 1.8/5.7 MBProgress (2): 1.4/6.0 MB | 1.8/5.7 MBProgress (2): 1.4/6.0 MB | 1.8/5.7 MBProgress (2): 1.4/6.0 MB | 1.8/5.7 MBProgress (2): 1.4/6.0 MB | 1.8/5.7 MBProgress (2): 1.4/6.0 MB | 1.8/5.7 MBProgress (2): 1.4/6.0 MB | 1.8/5.7 MBProgress (2): 1.4/6.0 MB | 1.8/5.7 MBProgress (2): 1.4/6.0 MB | 1.8/5.7 MBProgress (2): 1.4/6.0 MB | 1.8/5.7 MBProgress (2): 1.4/6.0 MB | 1.8/5.7 MBProgress (2): 1.4/6.0 MB | 1.8/5.7 MBProgress (2): 1.4/6.0 MB | 1.8/5.7 MBProgress (2): 1.4/6.0 MB | 1.8/5.7 MBProgress (2): 1.4/6.0 MB | 1.8/5.7 MBProgress (2): 1.4/6.0 MB | 1.8/5.7 MBProgress (2): 1.4/6.0 MB | 1.8/5.7 MBProgress (2): 1.4/6.0 MB | 1.8/5.7 MBProgress (2): 1.4/6.0 MB | 1.8/5.7 MBProgress (2): 1.4/6.0 MB | 1.8/5.7 MBProgress (2): 1.4/6.0 MB | 1.8/5.7 MBProgress (2): 1.4/6.0 MB | 1.8/5.7 MBProgress (2): 1.4/6.0 MB | 1.8/5.7 MBProgress (2): 1.4/6.0 MB | 1.8/5.7 MBProgress (2): 1.4/6.0 MB | 1.8/5.7 MBProgress (2): 1.4/6.0 MB | 1.8/5.7 MBProgress (2): 1.4/6.0 MB | 1.8/5.7 MBProgress (2): 1.4/6.0 MB | 1.8/5.7 MBProgress (2): 1.5/6.0 MB | 1.8/5.7 MBProgress (2): 1.5/6.0 MB | 1.8/5.7 MBProgress (2): 1.5/6.0 MB | 1.8/5.7 MBProgress (2): 1.5/6.0 MB | 1.8/5.7 MBProgress (2): 1.5/6.0 MB | 1.8/5.7 MBProgress (2): 1.5/6.0 MB | 1.8/5.7 MBProgress (2): 1.5/6.0 MB | 1.8/5.7 MBProgress (2): 1.5/6.0 MB | 1.8/5.7 MBProgress (2): 1.5/6.0 MB | 1.8/5.7 MBProgress (2): 1.5/6.0 MB | 1.8/5.7 MBProgress (2): 1.5/6.0 MB | 1.8/5.7 MBProgress (2): 1.5/6.0 MB | 1.8/5.7 MBProgress (2): 1.5/6.0 MB | 1.8/5.7 MBProgress (2): 1.5/6.0 MB | 1.8/5.7 MBProgress (2): 1.5/6.0 MB | 1.8/5.7 MBProgress (2): 1.5/6.0 MB | 1.8/5.7 MBProgress (2): 1.5/6.0 MB | 1.8/5.7 MBProgress (2): 1.5/6.0 MB | 1.8/5.7 MBProgress (2): 1.5/6.0 MB | 1.8/5.7 MBProgress (2): 1.5/6.0 MB | 1.8/5.7 MBProgress (2): 1.5/6.0 MB | 1.9/5.7 MBProgress (2): 1.5/6.0 MB | 1.9/5.7 MBProgress (2): 1.5/6.0 MB | 1.9/5.7 MBProgress (2): 1.5/6.0 MB | 1.9/5.7 MBProgress (2): 1.5/6.0 MB | 1.9/5.7 MBProgress (2): 1.5/6.0 MB | 1.9/5.7 MBProgress (2): 1.5/6.0 MB | 1.9/5.7 MBProgress (2): 1.5/6.0 MB | 1.9/5.7 MBProgress (2): 1.5/6.0 MB | 1.9/5.7 MBProgress (2): 1.5/6.0 MB | 1.9/5.7 MBProgress (2): 1.5/6.0 MB | 1.9/5.7 MBProgress (2): 1.5/6.0 MB | 1.9/5.7 MBProgress (2): 1.5/6.0 MB | 1.9/5.7 MBProgress (2): 1.5/6.0 MB | 1.9/5.7 MBProgress (2): 1.5/6.0 MB | 1.9/5.7 MBProgress (2): 1.5/6.0 MB | 1.9/5.7 MBProgress (2): 1.5/6.0 MB | 1.9/5.7 MBProgress (2): 1.5/6.0 MB | 1.9/5.7 MBProgress (2): 1.5/6.0 MB | 1.9/5.7 MBProgress (2): 1.5/6.0 MB | 1.9/5.7 MBProgress (2): 1.5/6.0 MB | 1.9/5.7 MBProgress (2): 1.5/6.0 MB | 1.9/5.7 MBProgress (2): 1.5/6.0 MB | 1.9/5.7 MBProgress (2): 1.5/6.0 MB | 1.9/5.7 MBProgress (2): 1.5/6.0 MB | 1.9/5.7 MBProgress (2): 1.5/6.0 MB | 1.9/5.7 MBProgress (2): 1.5/6.0 MB | 1.9/5.7 MBProgress (2): 1.5/6.0 MB | 1.9/5.7 MBProgress (2): 1.5/6.0 MB | 1.9/5.7 MBProgress (2): 1.5/6.0 MB | 1.9/5.7 MBProgress (2): 1.5/6.0 MB | 1.9/5.7 MBProgress (2): 1.5/6.0 MB | 1.9/5.7 MBProgress (2): 1.5/6.0 MB | 1.9/5.7 MBProgress (2): 1.5/6.0 MB | 1.9/5.7 MBProgress (2): 1.6/6.0 MB | 1.9/5.7 MBProgress (2): 1.6/6.0 MB | 1.9/5.7 MBProgress (2): 1.6/6.0 MB | 1.9/5.7 MBProgress (2): 1.6/6.0 MB | 1.9/5.7 MBProgress (2): 1.6/6.0 MB | 1.9/5.7 MBProgress (2): 1.6/6.0 MB | 1.9/5.7 MBProgress (2): 1.6/6.0 MB | 1.9/5.7 MBProgress (2): 1.6/6.0 MB | 2.0/5.7 MBProgress (2): 1.6/6.0 MB | 2.0/5.7 MBProgress (2): 1.6/6.0 MB | 2.0/5.7 MBProgress (2): 1.6/6.0 MB | 2.0/5.7 MBProgress (2): 1.6/6.0 MB | 2.0/5.7 MBProgress (2): 1.6/6.0 MB | 2.0/5.7 MBProgress (2): 1.6/6.0 MB | 2.0/5.7 MBProgress (2): 1.6/6.0 MB | 2.0/5.7 MBProgress (2): 1.6/6.0 MB | 2.0/5.7 MBProgress (2): 1.6/6.0 MB | 2.0/5.7 MBProgress (2): 1.6/6.0 MB | 2.0/5.7 MBProgress (2): 1.6/6.0 MB | 2.0/5.7 MBProgress (2): 1.6/6.0 MB | 2.0/5.7 MBProgress (2): 1.6/6.0 MB | 2.0/5.7 MBProgress (2): 1.6/6.0 MB | 2.0/5.7 MBProgress (2): 1.6/6.0 MB | 2.0/5.7 MBProgress (2): 1.6/6.0 MB | 2.0/5.7 MBProgress (2): 1.6/6.0 MB | 2.0/5.7 MBProgress (2): 1.6/6.0 MB | 2.0/5.7 MBProgress (2): 1.6/6.0 MB | 2.0/5.7 MBProgress (2): 1.6/6.0 MB | 2.0/5.7 MBProgress (2): 1.6/6.0 MB | 2.0/5.7 MBProgress (2): 1.6/6.0 MB | 2.0/5.7 MBProgress (2): 1.6/6.0 MB | 2.0/5.7 MBProgress (2): 1.6/6.0 MB | 2.0/5.7 MBProgress (2): 1.6/6.0 MB | 2.0/5.7 MBProgress (2): 1.6/6.0 MB | 2.0/5.7 MBProgress (2): 1.6/6.0 MB | 2.0/5.7 MBProgress (2): 1.6/6.0 MB | 2.0/5.7 MBProgress (2): 1.6/6.0 MB | 2.0/5.7 MBProgress (2): 1.6/6.0 MB | 2.0/5.7 MBProgress (2): 1.6/6.0 MB | 2.0/5.7 MBProgress (2): 1.6/6.0 MB | 2.0/5.7 MBProgress (2): 1.6/6.0 MB | 2.0/5.7 MBProgress (2): 1.6/6.0 MB | 2.0/5.7 MBProgress (2): 1.6/6.0 MB | 2.0/5.7 MBProgress (2): 1.6/6.0 MB | 2.0/5.7 MBProgress (2): 1.6/6.0 MB | 2.0/5.7 MBProgress (2): 1.6/6.0 MB | 2.0/5.7 MBProgress (2): 1.6/6.0 MB | 2.0/5.7 MBProgress (2): 1.6/6.0 MB | 2.0/5.7 MBProgress (2): 1.6/6.0 MB | 2.0/5.7 MBProgress (2): 1.6/6.0 MB | 2.0/5.7 MBProgress (2): 1.6/6.0 MB | 2.0/5.7 MBProgress (2): 1.6/6.0 MB | 2.1/5.7 MBProgress (2): 1.6/6.0 MB | 2.1/5.7 MBProgress (2): 1.6/6.0 MB | 2.1/5.7 MBProgress (2): 1.6/6.0 MB | 2.1/5.7 MBProgress (2): 1.7/6.0 MB | 2.1/5.7 MBProgress (2): 1.7/6.0 MB | 2.1/5.7 MBProgress (2): 1.7/6.0 MB | 2.1/5.7 MBProgress (2): 1.7/6.0 MB | 2.1/5.7 MBProgress (2): 1.7/6.0 MB | 2.1/5.7 MBProgress (2): 1.7/6.0 MB | 2.1/5.7 MBProgress (2): 1.7/6.0 MB | 2.1/5.7 MBProgress (2): 1.7/6.0 MB | 2.1/5.7 MBProgress (2): 1.7/6.0 MB | 2.1/5.7 MBProgress (2): 1.7/6.0 MB | 2.1/5.7 MBProgress (2): 1.7/6.0 MB | 2.1/5.7 MBProgress (2): 1.7/6.0 MB | 2.1/5.7 MBProgress (2): 1.7/6.0 MB | 2.1/5.7 MBProgress (2): 1.7/6.0 MB | 2.1/5.7 MBProgress (2): 1.7/6.0 MB | 2.1/5.7 MBProgress (2): 1.7/6.0 MB | 2.1/5.7 MBProgress (2): 1.7/6.0 MB | 2.1/5.7 MBProgress (2): 1.7/6.0 MB | 2.1/5.7 MBProgress (2): 1.7/6.0 MB | 2.1/5.7 MBProgress (2): 1.7/6.0 MB | 2.1/5.7 MBProgress (2): 1.7/6.0 MB | 2.1/5.7 MBProgress (2): 1.7/6.0 MB | 2.1/5.7 MBProgress (2): 1.7/6.0 MB | 2.1/5.7 MBProgress (2): 1.7/6.0 MB | 2.1/5.7 MBProgress (2): 1.7/6.0 MB | 2.1/5.7 MBProgress (2): 1.7/6.0 MB | 2.1/5.7 MBProgress (2): 1.7/6.0 MB | 2.1/5.7 MBProgress (2): 1.7/6.0 MB | 2.1/5.7 MBProgress (2): 1.7/6.0 MB | 2.1/5.7 MBProgress (2): 1.7/6.0 MB | 2.1/5.7 MBProgress (2): 1.7/6.0 MB | 2.1/5.7 MBProgress (2): 1.7/6.0 MB | 2.1/5.7 MBProgress (2): 1.7/6.0 MB | 2.1/5.7 MBProgress (2): 1.7/6.0 MB | 2.1/5.7 MBProgress (2): 1.7/6.0 MB | 2.1/5.7 MBProgress (2): 1.7/6.0 MB | 2.1/5.7 MBProgress (2): 1.7/6.0 MB | 2.1/5.7 MBProgress (2): 1.7/6.0 MB | 2.1/5.7 MBProgress (2): 1.7/6.0 MB | 2.1/5.7 MBProgress (2): 1.7/6.0 MB | 2.1/5.7 MBProgress (2): 1.7/6.0 MB | 2.1/5.7 MBProgress (2): 1.7/6.0 MB | 2.1/5.7 MBProgress (2): 1.7/6.0 MB | 2.1/5.7 MBProgress (2): 1.7/6.0 MB | 2.1/5.7 MBProgress (2): 1.7/6.0 MB | 2.2/5.7 MBProgress (2): 1.7/6.0 MB | 2.2/5.7 MBProgress (2): 1.7/6.0 MB | 2.2/5.7 MBProgress (2): 1.7/6.0 MB | 2.2/5.7 MBProgress (2): 1.7/6.0 MB | 2.2/5.7 MBProgress (2): 1.7/6.0 MB | 2.2/5.7 MBProgress (2): 1.8/6.0 MB | 2.2/5.7 MBProgress (2): 1.8/6.0 MB | 2.2/5.7 MBProgress (2): 1.8/6.0 MB | 2.2/5.7 MBProgress (2): 1.8/6.0 MB | 2.2/5.7 MBProgress (2): 1.8/6.0 MB | 2.2/5.7 MBProgress (2): 1.8/6.0 MB | 2.2/5.7 MBProgress (2): 1.8/6.0 MB | 2.2/5.7 MBProgress (2): 1.8/6.0 MB | 2.2/5.7 MBProgress (2): 1.8/6.0 MB | 2.2/5.7 MBProgress (2): 1.8/6.0 MB | 2.2/5.7 MBProgress (2): 1.8/6.0 MB | 2.2/5.7 MBProgress (2): 1.8/6.0 MB | 2.2/5.7 MBProgress (2): 1.8/6.0 MB | 2.2/5.7 MBProgress (2): 1.8/6.0 MB | 2.2/5.7 MBProgress (2): 1.8/6.0 MB | 2.2/5.7 MBProgress (2): 1.8/6.0 MB | 2.2/5.7 MBProgress (2): 1.8/6.0 MB | 2.2/5.7 MBProgress (2): 1.8/6.0 MB | 2.2/5.7 MBProgress (2): 1.8/6.0 MB | 2.2/5.7 MBProgress (2): 1.8/6.0 MB | 2.2/5.7 MBProgress (2): 1.8/6.0 MB | 2.2/5.7 MBProgress (2): 1.8/6.0 MB | 2.2/5.7 MBProgress (2): 1.8/6.0 MB | 2.2/5.7 MBProgress (2): 1.8/6.0 MB | 2.2/5.7 MBProgress (2): 1.8/6.0 MB | 2.2/5.7 MBProgress (2): 1.8/6.0 MB | 2.2/5.7 MBProgress (2): 1.8/6.0 MB | 2.2/5.7 MBProgress (2): 1.8/6.0 MB | 2.2/5.7 MBProgress (2): 1.8/6.0 MB | 2.2/5.7 MBProgress (2): 1.8/6.0 MB | 2.2/5.7 MBProgress (2): 1.8/6.0 MB | 2.2/5.7 MBProgress (2): 1.8/6.0 MB | 2.2/5.7 MBProgress (2): 1.8/6.0 MB | 2.2/5.7 MBProgress (2): 1.8/6.0 MB | 2.2/5.7 MBProgress (2): 1.8/6.0 MB | 2.2/5.7 MBProgress (2): 1.8/6.0 MB | 2.3/5.7 MBProgress (2): 1.8/6.0 MB | 2.3/5.7 MBProgress (2): 1.8/6.0 MB | 2.3/5.7 MBProgress (2): 1.8/6.0 MB | 2.3/5.7 MBProgress (2): 1.8/6.0 MB | 2.3/5.7 MBProgress (2): 1.8/6.0 MB | 2.3/5.7 MBProgress (2): 1.8/6.0 MB | 2.3/5.7 MBProgress (2): 1.8/6.0 MB | 2.3/5.7 MBProgress (2): 1.8/6.0 MB | 2.3/5.7 MBProgress (2): 1.8/6.0 MB | 2.3/5.7 MBProgress (2): 1.8/6.0 MB | 2.3/5.7 MBProgress (2): 1.8/6.0 MB | 2.3/5.7 MBProgress (2): 1.8/6.0 MB | 2.3/5.7 MBProgress (2): 1.8/6.0 MB | 2.3/5.7 MBProgress (2): 1.8/6.0 MB | 2.3/5.7 MBProgress (2): 1.8/6.0 MB | 2.3/5.7 MBProgress (2): 1.8/6.0 MB | 2.3/5.7 MBProgress (2): 1.8/6.0 MB | 2.3/5.7 MBProgress (2): 1.8/6.0 MB | 2.3/5.7 MBProgress (2): 1.8/6.0 MB | 2.3/5.7 MBProgress (2): 1.9/6.0 MB | 2.3/5.7 MBProgress (2): 1.9/6.0 MB | 2.3/5.7 MBProgress (2): 1.9/6.0 MB | 2.3/5.7 MBProgress (2): 1.9/6.0 MB | 2.3/5.7 MBProgress (2): 1.9/6.0 MB | 2.3/5.7 MBProgress (2): 1.9/6.0 MB | 2.3/5.7 MBProgress (2): 1.9/6.0 MB | 2.3/5.7 MBProgress (2): 1.9/6.0 MB | 2.3/5.7 MBProgress (2): 1.9/6.0 MB | 2.3/5.7 MBProgress (2): 1.9/6.0 MB | 2.3/5.7 MBProgress (2): 1.9/6.0 MB | 2.3/5.7 MBProgress (2): 1.9/6.0 MB | 2.3/5.7 MBProgress (2): 1.9/6.0 MB | 2.3/5.7 MBProgress (2): 1.9/6.0 MB | 2.3/5.7 MBProgress (2): 1.9/6.0 MB | 2.3/5.7 MBProgress (2): 1.9/6.0 MB | 2.3/5.7 MBProgress (2): 1.9/6.0 MB | 2.3/5.7 MBProgress (2): 1.9/6.0 MB | 2.3/5.7 MBProgress (2): 1.9/6.0 MB | 2.3/5.7 MBProgress (2): 1.9/6.0 MB | 2.3/5.7 MBProgress (2): 1.9/6.0 MB | 2.3/5.7 MBProgress (2): 1.9/6.0 MB | 2.4/5.7 MBProgress (2): 1.9/6.0 MB | 2.4/5.7 MBProgress (2): 1.9/6.0 MB | 2.4/5.7 MBProgress (2): 1.9/6.0 MB | 2.4/5.7 MBProgress (2): 1.9/6.0 MB | 2.4/5.7 MBProgress (2): 1.9/6.0 MB | 2.4/5.7 MBProgress (2): 1.9/6.0 MB | 2.4/5.7 MBProgress (2): 1.9/6.0 MB | 2.4/5.7 MBProgress (2): 1.9/6.0 MB | 2.4/5.7 MBProgress (2): 1.9/6.0 MB | 2.4/5.7 MBProgress (2): 1.9/6.0 MB | 2.4/5.7 MBProgress (2): 1.9/6.0 MB | 2.4/5.7 MBProgress (2): 1.9/6.0 MB | 2.4/5.7 MBProgress (2): 1.9/6.0 MB | 2.4/5.7 MBProgress (2): 1.9/6.0 MB | 2.4/5.7 MBProgress (2): 1.9/6.0 MB | 2.4/5.7 MBProgress (2): 1.9/6.0 MB | 2.4/5.7 MBProgress (2): 1.9/6.0 MB | 2.4/5.7 MBProgress (2): 1.9/6.0 MB | 2.4/5.7 MBProgress (2): 1.9/6.0 MB | 2.4/5.7 MBProgress (2): 1.9/6.0 MB | 2.4/5.7 MBProgress (2): 1.9/6.0 MB | 2.4/5.7 MBProgress (2): 1.9/6.0 MB | 2.4/5.7 MBProgress (2): 1.9/6.0 MB | 2.4/5.7 MBProgress (2): 1.9/6.0 MB | 2.4/5.7 MBProgress (2): 1.9/6.0 MB | 2.4/5.7 MBProgress (2): 1.9/6.0 MB | 2.4/5.7 MBProgress (2): 1.9/6.0 MB | 2.4/5.7 MBProgress (2): 1.9/6.0 MB | 2.4/5.7 MBProgress (2): 1.9/6.0 MB | 2.4/5.7 MBProgress (2): 1.9/6.0 MB | 2.4/5.7 MBProgress (2): 2.0/6.0 MB | 2.4/5.7 MBProgress (2): 2.0/6.0 MB | 2.4/5.7 MBProgress (2): 2.0/6.0 MB | 2.4/5.7 MBProgress (2): 2.0/6.0 MB | 2.4/5.7 MBProgress (2): 2.0/6.0 MB | 2.4/5.7 MBProgress (2): 2.0/6.0 MB | 2.4/5.7 MBProgress (2): 2.0/6.0 MB | 2.4/5.7 MBProgress (2): 2.0/6.0 MB | 2.4/5.7 MBProgress (2): 2.0/6.0 MB | 2.4/5.7 MBProgress (2): 2.0/6.0 MB | 2.4/5.7 MBProgress (2): 2.0/6.0 MB | 2.4/5.7 MBProgress (2): 2.0/6.0 MB | 2.4/5.7 MBProgress (2): 2.0/6.0 MB | 2.4/5.7 MBProgress (2): 2.0/6.0 MB | 2.4/5.7 MBProgress (2): 2.0/6.0 MB | 2.4/5.7 MBProgress (2): 2.0/6.0 MB | 2.4/5.7 MBProgress (2): 2.0/6.0 MB | 2.4/5.7 MBProgress (2): 2.0/6.0 MB | 2.4/5.7 MBProgress (2): 2.0/6.0 MB | 2.4/5.7 MBProgress (2): 2.0/6.0 MB | 2.4/5.7 MBProgress (2): 2.0/6.0 MB | 2.4/5.7 MBProgress (2): 2.0/6.0 MB | 2.5/5.7 MBProgress (2): 2.0/6.0 MB | 2.5/5.7 MBProgress (2): 2.0/6.0 MB | 2.5/5.7 MBProgress (2): 2.0/6.0 MB | 2.5/5.7 MBProgress (2): 2.0/6.0 MB | 2.5/5.7 MBProgress (2): 2.0/6.0 MB | 2.5/5.7 MBProgress (2): 2.0/6.0 MB | 2.5/5.7 MBProgress (2): 2.0/6.0 MB | 2.5/5.7 MBProgress (2): 2.0/6.0 MB | 2.5/5.7 MBProgress (2): 2.0/6.0 MB | 2.5/5.7 MBProgress (2): 2.0/6.0 MB | 2.5/5.7 MBProgress (2): 2.0/6.0 MB | 2.5/5.7 MBProgress (2): 2.0/6.0 MB | 2.5/5.7 MBProgress (2): 2.0/6.0 MB | 2.5/5.7 MBProgress (2): 2.0/6.0 MB | 2.5/5.7 MBProgress (2): 2.0/6.0 MB | 2.5/5.7 MBProgress (2): 2.0/6.0 MB | 2.5/5.7 MBProgress (2): 2.0/6.0 MB | 2.5/5.7 MBProgress (2): 2.0/6.0 MB | 2.5/5.7 MBProgress (2): 2.0/6.0 MB | 2.5/5.7 MBProgress (2): 2.0/6.0 MB | 2.5/5.7 MBProgress (2): 2.0/6.0 MB | 2.5/5.7 MBProgress (2): 2.0/6.0 MB | 2.5/5.7 MBProgress (2): 2.0/6.0 MB | 2.5/5.7 MBProgress (2): 2.0/6.0 MB | 2.5/5.7 MBProgress (2): 2.0/6.0 MB | 2.5/5.7 MBProgress (2): 2.0/6.0 MB | 2.5/5.7 MBProgress (2): 2.0/6.0 MB | 2.5/5.7 MBProgress (2): 2.0/6.0 MB | 2.5/5.7 MBProgress (2): 2.0/6.0 MB | 2.5/5.7 MBProgress (2): 2.0/6.0 MB | 2.5/5.7 MBProgress (2): 2.0/6.0 MB | 2.5/5.7 MBProgress (2): 2.1/6.0 MB | 2.5/5.7 MBProgress (2): 2.1/6.0 MB | 2.5/5.7 MBProgress (2): 2.1/6.0 MB | 2.5/5.7 MBProgress (2): 2.1/6.0 MB | 2.5/5.7 MBProgress (2): 2.1/6.0 MB | 2.5/5.7 MBProgress (2): 2.1/6.0 MB | 2.5/5.7 MBProgress (2): 2.1/6.0 MB | 2.5/5.7 MBProgress (2): 2.1/6.0 MB | 2.5/5.7 MBProgress (2): 2.1/6.0 MB | 2.5/5.7 MBProgress (2): 2.1/6.0 MB | 2.5/5.7 MBProgress (2): 2.1/6.0 MB | 2.5/5.7 MBProgress (2): 2.1/6.0 MB | 2.5/5.7 MBProgress (2): 2.1/6.0 MB | 2.6/5.7 MBProgress (2): 2.1/6.0 MB | 2.6/5.7 MBProgress (2): 2.1/6.0 MB | 2.6/5.7 MBProgress (2): 2.1/6.0 MB | 2.6/5.7 MBProgress (2): 2.1/6.0 MB | 2.6/5.7 MBProgress (2): 2.1/6.0 MB | 2.6/5.7 MBProgress (2): 2.1/6.0 MB | 2.6/5.7 MBProgress (2): 2.1/6.0 MB | 2.6/5.7 MBProgress (2): 2.1/6.0 MB | 2.6/5.7 MBProgress (2): 2.1/6.0 MB | 2.6/5.7 MBProgress (2): 2.1/6.0 MB | 2.6/5.7 MBProgress (2): 2.1/6.0 MB | 2.6/5.7 MBProgress (2): 2.1/6.0 MB | 2.6/5.7 MBProgress (2): 2.1/6.0 MB | 2.6/5.7 MBProgress (2): 2.1/6.0 MB | 2.6/5.7 MBProgress (2): 2.1/6.0 MB | 2.6/5.7 MBProgress (2): 2.1/6.0 MB | 2.6/5.7 MBProgress (2): 2.1/6.0 MB | 2.6/5.7 MBProgress (2): 2.1/6.0 MB | 2.6/5.7 MBProgress (2): 2.1/6.0 MB | 2.6/5.7 MBProgress (2): 2.1/6.0 MB | 2.6/5.7 MBProgress (2): 2.1/6.0 MB | 2.6/5.7 MBProgress (2): 2.1/6.0 MB | 2.6/5.7 MBProgress (2): 2.1/6.0 MB | 2.6/5.7 MBProgress (2): 2.1/6.0 MB | 2.6/5.7 MBProgress (2): 2.1/6.0 MB | 2.6/5.7 MBProgress (2): 2.1/6.0 MB | 2.6/5.7 MBProgress (2): 2.1/6.0 MB | 2.6/5.7 MBProgress (2): 2.1/6.0 MB | 2.6/5.7 MBProgress (2): 2.1/6.0 MB | 2.6/5.7 MBProgress (2): 2.1/6.0 MB | 2.6/5.7 MBProgress (2): 2.1/6.0 MB | 2.6/5.7 MBProgress (2): 2.1/6.0 MB | 2.6/5.7 MBProgress (2): 2.1/6.0 MB | 2.6/5.7 MBProgress (2): 2.1/6.0 MB | 2.6/5.7 MBProgress (2): 2.1/6.0 MB | 2.6/5.7 MBProgress (2): 2.1/6.0 MB | 2.6/5.7 MBProgress (2): 2.1/6.0 MB | 2.6/5.7 MBProgress (2): 2.1/6.0 MB | 2.6/5.7 MBProgress (2): 2.1/6.0 MB | 2.6/5.7 MBProgress (2): 2.1/6.0 MB | 2.7/5.7 MBProgress (2): 2.1/6.0 MB | 2.7/5.7 MBProgress (2): 2.1/6.0 MB | 2.7/5.7 MBProgress (2): 2.1/6.0 MB | 2.7/5.7 MBProgress (2): 2.2/6.0 MB | 2.7/5.7 MBProgress (2): 2.2/6.0 MB | 2.7/5.7 MBProgress (2): 2.2/6.0 MB | 2.7/5.7 MBProgress (2): 2.2/6.0 MB | 2.7/5.7 MBProgress (2): 2.2/6.0 MB | 2.7/5.7 MBProgress (2): 2.2/6.0 MB | 2.7/5.7 MBProgress (2): 2.2/6.0 MB | 2.7/5.7 MBProgress (2): 2.2/6.0 MB | 2.7/5.7 MBProgress (2): 2.2/6.0 MB | 2.7/5.7 MBProgress (2): 2.2/6.0 MB | 2.7/5.7 MBProgress (2): 2.2/6.0 MB | 2.7/5.7 MBProgress (2): 2.2/6.0 MB | 2.7/5.7 MBProgress (2): 2.2/6.0 MB | 2.7/5.7 MBProgress (2): 2.2/6.0 MB | 2.7/5.7 MBProgress (2): 2.2/6.0 MB | 2.7/5.7 MBProgress (2): 2.2/6.0 MB | 2.7/5.7 MBProgress (2): 2.2/6.0 MB | 2.7/5.7 MBProgress (2): 2.2/6.0 MB | 2.7/5.7 MBProgress (2): 2.2/6.0 MB | 2.7/5.7 MBProgress (2): 2.2/6.0 MB | 2.7/5.7 MBProgress (2): 2.2/6.0 MB | 2.7/5.7 MBProgress (2): 2.2/6.0 MB | 2.7/5.7 MBProgress (2): 2.2/6.0 MB | 2.7/5.7 MBProgress (2): 2.2/6.0 MB | 2.7/5.7 MBProgress (2): 2.2/6.0 MB | 2.7/5.7 MBProgress (2): 2.2/6.0 MB | 2.7/5.7 MBProgress (2): 2.2/6.0 MB | 2.7/5.7 MBProgress (2): 2.2/6.0 MB | 2.7/5.7 MBProgress (2): 2.2/6.0 MB | 2.7/5.7 MBProgress (2): 2.2/6.0 MB | 2.7/5.7 MBProgress (2): 2.2/6.0 MB | 2.7/5.7 MBProgress (2): 2.2/6.0 MB | 2.7/5.7 MBProgress (2): 2.2/6.0 MB | 2.7/5.7 MBProgress (2): 2.2/6.0 MB | 2.7/5.7 MBProgress (2): 2.2/6.0 MB | 2.7/5.7 MBProgress (2): 2.2/6.0 MB | 2.7/5.7 MBProgress (2): 2.2/6.0 MB | 2.7/5.7 MBProgress (2): 2.2/6.0 MB | 2.7/5.7 MBProgress (2): 2.2/6.0 MB | 2.7/5.7 MBProgress (2): 2.2/6.0 MB | 2.7/5.7 MBProgress (2): 2.2/6.0 MB | 2.7/5.7 MBProgress (2): 2.2/6.0 MB | 2.7/5.7 MBProgress (2): 2.2/6.0 MB | 2.7/5.7 MBProgress (2): 2.2/6.0 MB | 2.7/5.7 MBProgress (2): 2.2/6.0 MB | 2.7/5.7 MBProgress (2): 2.3/6.0 MB | 2.7/5.7 MBProgress (2): 2.3/6.0 MB | 2.7/5.7 MBProgress (2): 2.3/6.0 MB | 2.7/5.7 MBProgress (2): 2.3/6.0 MB | 2.7/5.7 MBProgress (2): 2.3/6.0 MB | 2.7/5.7 MBProgress (2): 2.3/6.0 MB | 2.8/5.7 MBProgress (2): 2.3/6.0 MB | 2.8/5.7 MBProgress (2): 2.3/6.0 MB | 2.8/5.7 MBProgress (2): 2.3/6.0 MB | 2.8/5.7 MBProgress (2): 2.3/6.0 MB | 2.8/5.7 MBProgress (2): 2.3/6.0 MB | 2.8/5.7 MBProgress (2): 2.3/6.0 MB | 2.8/5.7 MBProgress (2): 2.3/6.0 MB | 2.8/5.7 MBProgress (2): 2.3/6.0 MB | 2.8/5.7 MBProgress (2): 2.3/6.0 MB | 2.8/5.7 MBProgress (2): 2.3/6.0 MB | 2.8/5.7 MBProgress (2): 2.3/6.0 MB | 2.8/5.7 MBProgress (2): 2.3/6.0 MB | 2.8/5.7 MBProgress (2): 2.3/6.0 MB | 2.8/5.7 MBProgress (2): 2.3/6.0 MB | 2.8/5.7 MBProgress (2): 2.3/6.0 MB | 2.8/5.7 MBProgress (2): 2.3/6.0 MB | 2.8/5.7 MBProgress (2): 2.3/6.0 MB | 2.8/5.7 MBProgress (2): 2.3/6.0 MB | 2.8/5.7 MBProgress (2): 2.3/6.0 MB | 2.8/5.7 MBProgress (2): 2.3/6.0 MB | 2.8/5.7 MBProgress (2): 2.3/6.0 MB | 2.8/5.7 MBProgress (2): 2.3/6.0 MB | 2.8/5.7 MBProgress (2): 2.3/6.0 MB | 2.8/5.7 MBProgress (2): 2.3/6.0 MB | 2.8/5.7 MBProgress (2): 2.3/6.0 MB | 2.8/5.7 MBProgress (2): 2.3/6.0 MB | 2.8/5.7 MBProgress (2): 2.3/6.0 MB | 2.8/5.7 MBProgress (2): 2.3/6.0 MB | 2.8/5.7 MBProgress (2): 2.3/6.0 MB | 2.8/5.7 MBProgress (2): 2.3/6.0 MB | 2.8/5.7 MBProgress (2): 2.3/6.0 MB | 2.8/5.7 MBProgress (2): 2.3/6.0 MB | 2.8/5.7 MBProgress (2): 2.3/6.0 MB | 2.8/5.7 MBProgress (2): 2.3/6.0 MB | 2.8/5.7 MBProgress (2): 2.3/6.0 MB | 2.8/5.7 MBProgress (2): 2.3/6.0 MB | 2.8/5.7 MBProgress (2): 2.3/6.0 MB | 2.8/5.7 MBProgress (2): 2.3/6.0 MB | 2.8/5.7 MBProgress (2): 2.3/6.0 MB | 2.8/5.7 MBProgress (2): 2.3/6.0 MB | 2.8/5.7 MBProgress (2): 2.3/6.0 MB | 2.8/5.7 MBProgress (2): 2.3/6.0 MB | 2.8/5.7 MBProgress (2): 2.3/6.0 MB | 2.8/5.7 MBProgress (2): 2.3/6.0 MB | 2.8/5.7 MBProgress (2): 2.3/6.0 MB | 2.8/5.7 MBProgress (2): 2.3/6.0 MB | 2.9/5.7 MBProgress (2): 2.4/6.0 MB | 2.9/5.7 MBProgress (2): 2.4/6.0 MB | 2.9/5.7 MBProgress (2): 2.4/6.0 MB | 2.9/5.7 MBProgress (2): 2.4/6.0 MB | 2.9/5.7 MBProgress (2): 2.4/6.0 MB | 2.9/5.7 MBProgress (2): 2.4/6.0 MB | 2.9/5.7 MBProgress (2): 2.4/6.0 MB | 2.9/5.7 MBProgress (2): 2.4/6.0 MB | 2.9/5.7 MBProgress (2): 2.4/6.0 MB | 2.9/5.7 MBProgress (2): 2.4/6.0 MB | 2.9/5.7 MBProgress (2): 2.4/6.0 MB | 2.9/5.7 MBProgress (2): 2.4/6.0 MB | 2.9/5.7 MBProgress (2): 2.4/6.0 MB | 2.9/5.7 MBProgress (2): 2.4/6.0 MB | 2.9/5.7 MBProgress (2): 2.4/6.0 MB | 2.9/5.7 MBProgress (2): 2.4/6.0 MB | 2.9/5.7 MBProgress (2): 2.4/6.0 MB | 2.9/5.7 MBProgress (2): 2.4/6.0 MB | 2.9/5.7 MBProgress (2): 2.4/6.0 MB | 2.9/5.7 MBProgress (2): 2.4/6.0 MB | 2.9/5.7 MBProgress (2): 2.4/6.0 MB | 2.9/5.7 MBProgress (2): 2.4/6.0 MB | 2.9/5.7 MBProgress (2): 2.4/6.0 MB | 2.9/5.7 MBProgress (2): 2.4/6.0 MB | 2.9/5.7 MBProgress (2): 2.4/6.0 MB | 2.9/5.7 MBProgress (2): 2.4/6.0 MB | 2.9/5.7 MBProgress (2): 2.4/6.0 MB | 2.9/5.7 MBProgress (2): 2.4/6.0 MB | 2.9/5.7 MBProgress (2): 2.4/6.0 MB | 2.9/5.7 MBProgress (2): 2.4/6.0 MB | 2.9/5.7 MBProgress (2): 2.4/6.0 MB | 2.9/5.7 MBProgress (2): 2.4/6.0 MB | 2.9/5.7 MBProgress (2): 2.4/6.0 MB | 2.9/5.7 MBProgress (2): 2.4/6.0 MB | 2.9/5.7 MBProgress (2): 2.4/6.0 MB | 2.9/5.7 MBProgress (2): 2.4/6.0 MB | 2.9/5.7 MBProgress (2): 2.4/6.0 MB | 2.9/5.7 MBProgress (2): 2.4/6.0 MB | 2.9/5.7 MBProgress (2): 2.4/6.0 MB | 2.9/5.7 MBProgress (2): 2.4/6.0 MB | 2.9/5.7 MBProgress (2): 2.4/6.0 MB | 2.9/5.7 MBProgress (2): 2.4/6.0 MB | 2.9/5.7 MBProgress (2): 2.4/6.0 MB | 2.9/5.7 MBProgress (2): 2.4/6.0 MB | 2.9/5.7 MBProgress (2): 2.4/6.0 MB | 2.9/5.7 MBProgress (2): 2.4/6.0 MB | 2.9/5.7 MBProgress (2): 2.4/6.0 MB | 2.9/5.7 MBProgress (2): 2.4/6.0 MB | 2.9/5.7 MBProgress (2): 2.5/6.0 MB | 2.9/5.7 MBProgress (2): 2.5/6.0 MB | 3.0/5.7 MBProgress (2): 2.5/6.0 MB | 3.0/5.7 MBProgress (2): 2.5/6.0 MB | 3.0/5.7 MBProgress (2): 2.5/6.0 MB | 3.0/5.7 MBProgress (2): 2.5/6.0 MB | 3.0/5.7 MBProgress (2): 2.5/6.0 MB | 3.0/5.7 MBProgress (2): 2.5/6.0 MB | 3.0/5.7 MBProgress (2): 2.5/6.0 MB | 3.0/5.7 MBProgress (2): 2.5/6.0 MB | 3.0/5.7 MBProgress (2): 2.5/6.0 MB | 3.0/5.7 MBProgress (2): 2.5/6.0 MB | 3.0/5.7 MBProgress (2): 2.5/6.0 MB | 3.0/5.7 MBProgress (2): 2.5/6.0 MB | 3.0/5.7 MBProgress (2): 2.5/6.0 MB | 3.0/5.7 MBProgress (2): 2.5/6.0 MB | 3.0/5.7 MBProgress (2): 2.5/6.0 MB | 3.0/5.7 MBProgress (2): 2.5/6.0 MB | 3.0/5.7 MBProgress (2): 2.5/6.0 MB | 3.0/5.7 MBProgress (2): 2.5/6.0 MB | 3.0/5.7 MBProgress (2): 2.5/6.0 MB | 3.0/5.7 MBProgress (2): 2.5/6.0 MB | 3.0/5.7 MBProgress (2): 2.5/6.0 MB | 3.0/5.7 MBProgress (2): 2.5/6.0 MB | 3.0/5.7 MBProgress (2): 2.5/6.0 MB | 3.0/5.7 MBProgress (2): 2.5/6.0 MB | 3.0/5.7 MBProgress (2): 2.5/6.0 MB | 3.0/5.7 MBProgress (2): 2.5/6.0 MB | 3.0/5.7 MBProgress (2): 2.5/6.0 MB | 3.0/5.7 MBProgress (2): 2.5/6.0 MB | 3.0/5.7 MBProgress (2): 2.5/6.0 MB | 3.0/5.7 MBProgress (2): 2.5/6.0 MB | 3.0/5.7 MBProgress (2): 2.5/6.0 MB | 3.0/5.7 MBProgress (2): 2.5/6.0 MB | 3.0/5.7 MBProgress (2): 2.5/6.0 MB | 3.0/5.7 MBProgress (2): 2.5/6.0 MB | 3.0/5.7 MBProgress (2): 2.5/6.0 MB | 3.0/5.7 MBProgress (2): 2.5/6.0 MB | 3.0/5.7 MBProgress (2): 2.5/6.0 MB | 3.0/5.7 MBProgress (2): 2.5/6.0 MB | 3.0/5.7 MBProgress (2): 2.5/6.0 MB | 3.0/5.7 MBProgress (2): 2.5/6.0 MB | 3.0/5.7 MBProgress (2): 2.5/6.0 MB | 3.0/5.7 MBProgress (2): 2.5/6.0 MB | 3.0/5.7 MBProgress (2): 2.5/6.0 MB | 3.0/5.7 MBProgress (2): 2.5/6.0 MB | 3.0/5.7 MBProgress (2): 2.5/6.0 MB | 3.0/5.7 MBProgress (2): 2.5/6.0 MB | 3.0/5.7 MBProgress (2): 2.5/6.0 MB | 3.0/5.7 MBProgress (2): 2.6/6.0 MB | 3.0/5.7 MBProgress (2): 2.6/6.0 MB | 3.0/5.7 MBProgress (2): 2.6/6.0 MB | 3.0/5.7 MBProgress (2): 2.6/6.0 MB | 3.0/5.7 MBProgress (2): 2.6/6.0 MB | 3.1/5.7 MBProgress (2): 2.6/6.0 MB | 3.1/5.7 MBProgress (2): 2.6/6.0 MB | 3.1/5.7 MBProgress (2): 2.6/6.0 MB | 3.1/5.7 MBProgress (2): 2.6/6.0 MB | 3.1/5.7 MBProgress (2): 2.6/6.0 MB | 3.1/5.7 MBProgress (2): 2.6/6.0 MB | 3.1/5.7 MBProgress (2): 2.6/6.0 MB | 3.1/5.7 MBProgress (2): 2.6/6.0 MB | 3.1/5.7 MBProgress (2): 2.6/6.0 MB | 3.1/5.7 MBProgress (2): 2.6/6.0 MB | 3.1/5.7 MBProgress (2): 2.6/6.0 MB | 3.1/5.7 MBProgress (2): 2.6/6.0 MB | 3.1/5.7 MBProgress (2): 2.6/6.0 MB | 3.1/5.7 MBProgress (2): 2.6/6.0 MB | 3.1/5.7 MBProgress (2): 2.6/6.0 MB | 3.1/5.7 MBProgress (2): 2.6/6.0 MB | 3.1/5.7 MBProgress (2): 2.6/6.0 MB | 3.1/5.7 MBProgress (2): 2.6/6.0 MB | 3.1/5.7 MBProgress (2): 2.6/6.0 MB | 3.1/5.7 MBProgress (2): 2.6/6.0 MB | 3.1/5.7 MBProgress (2): 2.6/6.0 MB | 3.1/5.7 MBProgress (2): 2.6/6.0 MB | 3.1/5.7 MBProgress (2): 2.6/6.0 MB | 3.1/5.7 MBProgress (2): 2.6/6.0 MB | 3.1/5.7 MBProgress (2): 2.6/6.0 MB | 3.1/5.7 MBProgress (2): 2.6/6.0 MB | 3.1/5.7 MBProgress (2): 2.6/6.0 MB | 3.1/5.7 MBProgress (2): 2.6/6.0 MB | 3.1/5.7 MBProgress (2): 2.6/6.0 MB | 3.1/5.7 MBProgress (2): 2.6/6.0 MB | 3.1/5.7 MBProgress (2): 2.6/6.0 MB | 3.1/5.7 MBProgress (2): 2.6/6.0 MB | 3.1/5.7 MBProgress (2): 2.6/6.0 MB | 3.1/5.7 MBProgress (2): 2.6/6.0 MB | 3.1/5.7 MBProgress (2): 2.6/6.0 MB | 3.1/5.7 MBProgress (2): 2.6/6.0 MB | 3.1/5.7 MBProgress (2): 2.6/6.0 MB | 3.1/5.7 MBProgress (2): 2.6/6.0 MB | 3.1/5.7 MBProgress (2): 2.6/6.0 MB | 3.1/5.7 MBProgress (2): 2.6/6.0 MB | 3.1/5.7 MBProgress (2): 2.6/6.0 MB | 3.1/5.7 MBProgress (2): 2.6/6.0 MB | 3.1/5.7 MBProgress (2): 2.6/6.0 MB | 3.1/5.7 MBProgress (2): 2.6/6.0 MB | 3.1/5.7 MBProgress (2): 2.6/6.0 MB | 3.2/5.7 MBProgress (2): 2.6/6.0 MB | 3.2/5.7 MBProgress (2): 2.6/6.0 MB | 3.2/5.7 MBProgress (2): 2.7/6.0 MB | 3.2/5.7 MBProgress (2): 2.7/6.0 MB | 3.2/5.7 MBProgress (2): 2.7/6.0 MB | 3.2/5.7 MBProgress (2): 2.7/6.0 MB | 3.2/5.7 MBProgress (2): 2.7/6.0 MB | 3.2/5.7 MBProgress (2): 2.7/6.0 MB | 3.2/5.7 MBProgress (2): 2.7/6.0 MB | 3.2/5.7 MBProgress (2): 2.7/6.0 MB | 3.2/5.7 MBProgress (2): 2.7/6.0 MB | 3.2/5.7 MBProgress (2): 2.7/6.0 MB | 3.2/5.7 MBProgress (2): 2.7/6.0 MB | 3.2/5.7 MBProgress (2): 2.7/6.0 MB | 3.2/5.7 MBProgress (2): 2.7/6.0 MB | 3.2/5.7 MBProgress (2): 2.7/6.0 MB | 3.2/5.7 MBProgress (2): 2.7/6.0 MB | 3.2/5.7 MBProgress (2): 2.7/6.0 MB | 3.2/5.7 MBProgress (2): 2.7/6.0 MB | 3.2/5.7 MBProgress (2): 2.7/6.0 MB | 3.2/5.7 MBProgress (2): 2.7/6.0 MB | 3.2/5.7 MBProgress (2): 2.7/6.0 MB | 3.2/5.7 MBProgress (2): 2.7/6.0 MB | 3.2/5.7 MBProgress (2): 2.7/6.0 MB | 3.2/5.7 MBProgress (2): 2.7/6.0 MB | 3.2/5.7 MBProgress (2): 2.7/6.0 MB | 3.2/5.7 MBProgress (2): 2.7/6.0 MB | 3.2/5.7 MBProgress (2): 2.7/6.0 MB | 3.2/5.7 MBProgress (2): 2.7/6.0 MB | 3.2/5.7 MBProgress (2): 2.7/6.0 MB | 3.2/5.7 MBProgress (2): 2.7/6.0 MB | 3.2/5.7 MBProgress (2): 2.7/6.0 MB | 3.2/5.7 MBProgress (2): 2.7/6.0 MB | 3.2/5.7 MBProgress (2): 2.7/6.0 MB | 3.2/5.7 MBProgress (2): 2.7/6.0 MB | 3.2/5.7 MBProgress (2): 2.7/6.0 MB | 3.2/5.7 MBProgress (2): 2.7/6.0 MB | 3.2/5.7 MBProgress (2): 2.7/6.0 MB | 3.2/5.7 MBProgress (2): 2.7/6.0 MB | 3.2/5.7 MBProgress (2): 2.7/6.0 MB | 3.2/5.7 MBProgress (2): 2.7/6.0 MB | 3.2/5.7 MBProgress (2): 2.7/6.0 MB | 3.2/5.7 MBProgress (2): 2.7/6.0 MB | 3.2/5.7 MBProgress (2): 2.7/6.0 MB | 3.2/5.7 MBProgress (2): 2.7/6.0 MB | 3.2/5.7 MBProgress (2): 2.7/6.0 MB | 3.2/5.7 MBProgress (2): 2.7/6.0 MB | 3.2/5.7 MBProgress (2): 2.7/6.0 MB | 3.3/5.7 MBProgress (2): 2.7/6.0 MB | 3.3/5.7 MBProgress (2): 2.7/6.0 MB | 3.3/5.7 MBProgress (2): 2.7/6.0 MB | 3.3/5.7 MBProgress (2): 2.8/6.0 MB | 3.3/5.7 MBProgress (2): 2.8/6.0 MB | 3.3/5.7 MBProgress (2): 2.8/6.0 MB | 3.3/5.7 MBProgress (2): 2.8/6.0 MB | 3.3/5.7 MBProgress (2): 2.8/6.0 MB | 3.3/5.7 MBProgress (2): 2.8/6.0 MB | 3.3/5.7 MBProgress (2): 2.8/6.0 MB | 3.3/5.7 MBProgress (2): 2.8/6.0 MB | 3.3/5.7 MBProgress (2): 2.8/6.0 MB | 3.3/5.7 MBProgress (2): 2.8/6.0 MB | 3.3/5.7 MBProgress (2): 2.8/6.0 MB | 3.3/5.7 MBProgress (2): 2.8/6.0 MB | 3.3/5.7 MBProgress (2): 2.8/6.0 MB | 3.3/5.7 MBProgress (2): 2.8/6.0 MB | 3.3/5.7 MBProgress (2): 2.8/6.0 MB | 3.3/5.7 MBProgress (2): 2.8/6.0 MB | 3.3/5.7 MBProgress (2): 2.8/6.0 MB | 3.3/5.7 MBProgress (2): 2.8/6.0 MB | 3.3/5.7 MBProgress (2): 2.8/6.0 MB | 3.3/5.7 MBProgress (2): 2.8/6.0 MB | 3.3/5.7 MBProgress (2): 2.8/6.0 MB | 3.3/5.7 MBProgress (2): 2.8/6.0 MB | 3.3/5.7 MBProgress (2): 2.8/6.0 MB | 3.3/5.7 MBProgress (2): 2.8/6.0 MB | 3.3/5.7 MBProgress (2): 2.8/6.0 MB | 3.3/5.7 MBProgress (2): 2.8/6.0 MB | 3.3/5.7 MBProgress (2): 2.8/6.0 MB | 3.3/5.7 MBProgress (2): 2.8/6.0 MB | 3.3/5.7 MBProgress (2): 2.8/6.0 MB | 3.3/5.7 MBProgress (2): 2.8/6.0 MB | 3.3/5.7 MBProgress (2): 2.8/6.0 MB | 3.3/5.7 MBProgress (2): 2.8/6.0 MB | 3.3/5.7 MBProgress (2): 2.8/6.0 MB | 3.3/5.7 MBProgress (2): 2.8/6.0 MB | 3.3/5.7 MBProgress (2): 2.8/6.0 MB | 3.3/5.7 MBProgress (2): 2.8/6.0 MB | 3.3/5.7 MBProgress (2): 2.8/6.0 MB | 3.3/5.7 MBProgress (2): 2.8/6.0 MB | 3.3/5.7 MBProgress (2): 2.8/6.0 MB | 3.3/5.7 MBProgress (2): 2.8/6.0 MB | 3.3/5.7 MBProgress (2): 2.8/6.0 MB | 3.3/5.7 MBProgress (2): 2.8/6.0 MB | 3.3/5.7 MBProgress (2): 2.8/6.0 MB | 3.3/5.7 MBProgress (2): 2.8/6.0 MB | 3.3/5.7 MBProgress (2): 2.8/6.0 MB | 3.4/5.7 MBProgress (2): 2.8/6.0 MB | 3.4/5.7 MBProgress (2): 2.8/6.0 MB | 3.4/5.7 MBProgress (2): 2.9/6.0 MB | 3.4/5.7 MBProgress (2): 2.9/6.0 MB | 3.4/5.7 MBProgress (2): 2.9/6.0 MB | 3.4/5.7 MBProgress (2): 2.9/6.0 MB | 3.4/5.7 MBProgress (2): 2.9/6.0 MB | 3.4/5.7 MBProgress (2): 2.9/6.0 MB | 3.4/5.7 MBProgress (2): 2.9/6.0 MB | 3.4/5.7 MBProgress (2): 2.9/6.0 MB | 3.4/5.7 MBProgress (2): 2.9/6.0 MB | 3.4/5.7 MBProgress (2): 2.9/6.0 MB | 3.4/5.7 MBProgress (2): 2.9/6.0 MB | 3.4/5.7 MBProgress (2): 2.9/6.0 MB | 3.4/5.7 MBProgress (2): 2.9/6.0 MB | 3.4/5.7 MBProgress (2): 2.9/6.0 MB | 3.4/5.7 MBProgress (2): 2.9/6.0 MB | 3.4/5.7 MBProgress (2): 2.9/6.0 MB | 3.4/5.7 MBProgress (2): 2.9/6.0 MB | 3.4/5.7 MBProgress (2): 2.9/6.0 MB | 3.4/5.7 MBProgress (2): 2.9/6.0 MB | 3.4/5.7 MBProgress (2): 2.9/6.0 MB | 3.4/5.7 MBProgress (2): 2.9/6.0 MB | 3.4/5.7 MBProgress (2): 2.9/6.0 MB | 3.4/5.7 MBProgress (2): 2.9/6.0 MB | 3.4/5.7 MBProgress (2): 2.9/6.0 MB | 3.4/5.7 MBProgress (2): 2.9/6.0 MB | 3.4/5.7 MBProgress (2): 2.9/6.0 MB | 3.4/5.7 MBProgress (2): 2.9/6.0 MB | 3.4/5.7 MBProgress (2): 2.9/6.0 MB | 3.4/5.7 MBProgress (2): 2.9/6.0 MB | 3.4/5.7 MBProgress (2): 2.9/6.0 MB | 3.4/5.7 MBProgress (2): 2.9/6.0 MB | 3.4/5.7 MBProgress (2): 2.9/6.0 MB | 3.4/5.7 MBProgress (2): 2.9/6.0 MB | 3.4/5.7 MBProgress (2): 2.9/6.0 MB | 3.4/5.7 MBProgress (2): 2.9/6.0 MB | 3.4/5.7 MBProgress (2): 2.9/6.0 MB | 3.4/5.7 MBProgress (2): 2.9/6.0 MB | 3.4/5.7 MBProgress (2): 2.9/6.0 MB | 3.4/5.7 MBProgress (2): 2.9/6.0 MB | 3.4/5.7 MBProgress (2): 2.9/6.0 MB | 3.4/5.7 MBProgress (2): 2.9/6.0 MB | 3.4/5.7 MBProgress (2): 2.9/6.0 MB | 3.4/5.7 MBProgress (2): 2.9/6.0 MB | 3.4/5.7 MBProgress (2): 2.9/6.0 MB | 3.4/5.7 MBProgress (2): 2.9/6.0 MB | 3.4/5.7 MBProgress (2): 2.9/6.0 MB | 3.4/5.7 MBProgress (2): 2.9/6.0 MB | 3.5/5.7 MBProgress (2): 2.9/6.0 MB | 3.5/5.7 MBProgress (2): 2.9/6.0 MB | 3.5/5.7 MBProgress (2): 2.9/6.0 MB | 3.5/5.7 MBProgress (2): 3.0/6.0 MB | 3.5/5.7 MBProgress (2): 3.0/6.0 MB | 3.5/5.7 MBProgress (2): 3.0/6.0 MB | 3.5/5.7 MBProgress (2): 3.0/6.0 MB | 3.5/5.7 MBProgress (2): 3.0/6.0 MB | 3.5/5.7 MBProgress (2): 3.0/6.0 MB | 3.5/5.7 MBProgress (2): 3.0/6.0 MB | 3.5/5.7 MBProgress (2): 3.0/6.0 MB | 3.5/5.7 MBProgress (2): 3.0/6.0 MB | 3.5/5.7 MBProgress (2): 3.0/6.0 MB | 3.5/5.7 MBProgress (2): 3.0/6.0 MB | 3.5/5.7 MBProgress (2): 3.0/6.0 MB | 3.5/5.7 MBProgress (2): 3.0/6.0 MB | 3.5/5.7 MBProgress (2): 3.0/6.0 MB | 3.5/5.7 MBProgress (2): 3.0/6.0 MB | 3.5/5.7 MBProgress (2): 3.0/6.0 MB | 3.5/5.7 MBProgress (2): 3.0/6.0 MB | 3.5/5.7 MBProgress (2): 3.0/6.0 MB | 3.5/5.7 MBProgress (2): 3.0/6.0 MB | 3.5/5.7 MBProgress (2): 3.0/6.0 MB | 3.5/5.7 MBProgress (2): 3.0/6.0 MB | 3.5/5.7 MBProgress (2): 3.0/6.0 MB | 3.5/5.7 MBProgress (2): 3.0/6.0 MB | 3.5/5.7 MBProgress (2): 3.0/6.0 MB | 3.5/5.7 MBProgress (2): 3.0/6.0 MB | 3.5/5.7 MBProgress (2): 3.0/6.0 MB | 3.5/5.7 MBProgress (2): 3.0/6.0 MB | 3.5/5.7 MBProgress (2): 3.0/6.0 MB | 3.5/5.7 MBProgress (2): 3.0/6.0 MB | 3.5/5.7 MBProgress (2): 3.0/6.0 MB | 3.5/5.7 MBProgress (2): 3.0/6.0 MB | 3.5/5.7 MBProgress (2): 3.0/6.0 MB | 3.5/5.7 MBProgress (2): 3.0/6.0 MB | 3.5/5.7 MBProgress (2): 3.0/6.0 MB | 3.5/5.7 MBProgress (2): 3.0/6.0 MB | 3.5/5.7 MBProgress (2): 3.0/6.0 MB | 3.5/5.7 MBProgress (2): 3.0/6.0 MB | 3.5/5.7 MBProgress (2): 3.0/6.0 MB | 3.5/5.7 MBProgress (2): 3.0/6.0 MB | 3.5/5.7 MBProgress (2): 3.0/6.0 MB | 3.5/5.7 MBProgress (2): 3.0/6.0 MB | 3.5/5.7 MBProgress (2): 3.0/6.0 MB | 3.5/5.7 MBProgress (2): 3.0/6.0 MB | 3.5/5.7 MBProgress (2): 3.0/6.0 MB | 3.5/5.7 MBProgress (2): 3.1/6.0 MB | 3.5/5.7 MBProgress (2): 3.1/6.0 MB | 3.5/5.7 MBProgress (2): 3.1/6.0 MB | 3.5/5.7 MBProgress (2): 3.1/6.0 MB | 3.5/5.7 MBProgress (2): 3.1/6.0 MB | 3.6/5.7 MBProgress (2): 3.1/6.0 MB | 3.6/5.7 MBProgress (2): 3.1/6.0 MB | 3.6/5.7 MBProgress (2): 3.1/6.0 MB | 3.6/5.7 MBProgress (2): 3.1/6.0 MB | 3.6/5.7 MBProgress (2): 3.1/6.0 MB | 3.6/5.7 MBProgress (2): 3.1/6.0 MB | 3.6/5.7 MBProgress (2): 3.1/6.0 MB | 3.6/5.7 MBProgress (2): 3.1/6.0 MB | 3.6/5.7 MBProgress (2): 3.1/6.0 MB | 3.6/5.7 MBProgress (2): 3.1/6.0 MB | 3.6/5.7 MBProgress (2): 3.1/6.0 MB | 3.6/5.7 MBProgress (2): 3.1/6.0 MB | 3.6/5.7 MBProgress (2): 3.1/6.0 MB | 3.6/5.7 MBProgress (2): 3.1/6.0 MB | 3.6/5.7 MBProgress (2): 3.1/6.0 MB | 3.6/5.7 MBProgress (2): 3.1/6.0 MB | 3.6/5.7 MBProgress (2): 3.1/6.0 MB | 3.6/5.7 MBProgress (2): 3.1/6.0 MB | 3.6/5.7 MBProgress (2): 3.1/6.0 MB | 3.6/5.7 MBProgress (2): 3.1/6.0 MB | 3.6/5.7 MBProgress (2): 3.1/6.0 MB | 3.6/5.7 MBProgress (2): 3.1/6.0 MB | 3.6/5.7 MBProgress (2): 3.1/6.0 MB | 3.6/5.7 MBProgress (2): 3.1/6.0 MB | 3.6/5.7 MBProgress (2): 3.1/6.0 MB | 3.6/5.7 MBProgress (2): 3.1/6.0 MB | 3.6/5.7 MBProgress (2): 3.1/6.0 MB | 3.6/5.7 MBProgress (2): 3.1/6.0 MB | 3.6/5.7 MBProgress (2): 3.1/6.0 MB | 3.6/5.7 MBProgress (2): 3.1/6.0 MB | 3.6/5.7 MBProgress (2): 3.1/6.0 MB | 3.6/5.7 MBProgress (2): 3.1/6.0 MB | 3.6/5.7 MBProgress (2): 3.1/6.0 MB | 3.6/5.7 MBProgress (2): 3.1/6.0 MB | 3.6/5.7 MBProgress (2): 3.1/6.0 MB | 3.6/5.7 MBProgress (2): 3.2/6.0 MB | 3.6/5.7 MBProgress (2): 3.2/6.0 MB | 3.6/5.7 MBProgress (2): 3.2/6.0 MB | 3.6/5.7 MBProgress (2): 3.2/6.0 MB | 3.6/5.7 MBProgress (2): 3.2/6.0 MB | 3.6/5.7 MBProgress (2): 3.2/6.0 MB | 3.6/5.7 MBProgress (2): 3.2/6.0 MB | 3.6/5.7 MBProgress (2): 3.2/6.0 MB | 3.6/5.7 MBProgress (2): 3.2/6.0 MB | 3.6/5.7 MBProgress (2): 3.2/6.0 MB | 3.6/5.7 MBProgress (2): 3.2/6.0 MB | 3.6/5.7 MBProgress (2): 3.2/6.0 MB | 3.6/5.7 MBProgress (2): 3.2/6.0 MB | 3.6/5.7 MBProgress (2): 3.2/6.0 MB | 3.6/5.7 MBProgress (2): 3.2/6.0 MB | 3.6/5.7 MBProgress (2): 3.2/6.0 MB | 3.6/5.7 MBProgress (2): 3.2/6.0 MB | 3.6/5.7 MBProgress (2): 3.2/6.0 MB | 3.6/5.7 MBProgress (2): 3.2/6.0 MB | 3.6/5.7 MBProgress (2): 3.2/6.0 MB | 3.6/5.7 MBProgress (2): 3.2/6.0 MB | 3.6/5.7 MBProgress (2): 3.2/6.0 MB | 3.6/5.7 MBProgress (2): 3.2/6.0 MB | 3.6/5.7 MBProgress (2): 3.2/6.0 MB | 3.6/5.7 MBProgress (2): 3.2/6.0 MB | 3.6/5.7 MBProgress (2): 3.2/6.0 MB | 3.6/5.7 MBProgress (2): 3.2/6.0 MB | 3.6/5.7 MBProgress (2): 3.2/6.0 MB | 3.6/5.7 MBProgress (2): 3.2/6.0 MB | 3.6/5.7 MBProgress (2): 3.2/6.0 MB | 3.6/5.7 MBProgress (2): 3.2/6.0 MB | 3.6/5.7 MBProgress (2): 3.2/6.0 MB | 3.6/5.7 MBProgress (2): 3.2/6.0 MB | 3.6/5.7 MBProgress (2): 3.2/6.0 MB | 3.7/5.7 MBProgress (2): 3.2/6.0 MB | 3.7/5.7 MBProgress (2): 3.2/6.0 MB | 3.7/5.7 MBProgress (2): 3.2/6.0 MB | 3.7/5.7 MBProgress (2): 3.3/6.0 MB | 3.7/5.7 MBProgress (2): 3.3/6.0 MB | 3.7/5.7 MBProgress (2): 3.3/6.0 MB | 3.7/5.7 MBProgress (2): 3.3/6.0 MB | 3.7/5.7 MBProgress (2): 3.3/6.0 MB | 3.7/5.7 MBProgress (2): 3.3/6.0 MB | 3.7/5.7 MBProgress (2): 3.3/6.0 MB | 3.7/5.7 MBProgress (2): 3.3/6.0 MB | 3.7/5.7 MBProgress (2): 3.3/6.0 MB | 3.7/5.7 MBProgress (2): 3.3/6.0 MB | 3.7/5.7 MBProgress (2): 3.3/6.0 MB | 3.7/5.7 MBProgress (2): 3.3/6.0 MB | 3.7/5.7 MBProgress (2): 3.3/6.0 MB | 3.7/5.7 MBProgress (2): 3.3/6.0 MB | 3.7/5.7 MBProgress (2): 3.3/6.0 MB | 3.7/5.7 MBProgress (2): 3.3/6.0 MB | 3.7/5.7 MBProgress (2): 3.3/6.0 MB | 3.7/5.7 MBProgress (2): 3.3/6.0 MB | 3.7/5.7 MBProgress (2): 3.3/6.0 MB | 3.7/5.7 MBProgress (2): 3.3/6.0 MB | 3.7/5.7 MBProgress (2): 3.3/6.0 MB | 3.7/5.7 MBProgress (2): 3.3/6.0 MB | 3.7/5.7 MBProgress (2): 3.3/6.0 MB | 3.7/5.7 MBProgress (2): 3.3/6.0 MB | 3.7/5.7 MBProgress (2): 3.3/6.0 MB | 3.7/5.7 MBProgress (2): 3.3/6.0 MB | 3.7/5.7 MBProgress (2): 3.3/6.0 MB | 3.7/5.7 MBProgress (2): 3.3/6.0 MB | 3.7/5.7 MBProgress (2): 3.3/6.0 MB | 3.7/5.7 MBProgress (2): 3.3/6.0 MB | 3.7/5.7 MBProgress (2): 3.3/6.0 MB | 3.7/5.7 MBProgress (2): 3.3/6.0 MB | 3.7/5.7 MBProgress (2): 3.3/6.0 MB | 3.7/5.7 MBProgress (2): 3.3/6.0 MB | 3.7/5.7 MBProgress (2): 3.3/6.0 MB | 3.7/5.7 MBProgress (2): 3.3/6.0 MB | 3.7/5.7 MBProgress (2): 3.3/6.0 MB | 3.7/5.7 MBProgress (2): 3.3/6.0 MB | 3.7/5.7 MBProgress (2): 3.3/6.0 MB | 3.7/5.7 MBProgress (2): 3.3/6.0 MB | 3.7/5.7 MBProgress (2): 3.3/6.0 MB | 3.7/5.7 MBProgress (2): 3.3/6.0 MB | 3.7/5.7 MBProgress (2): 3.3/6.0 MB | 3.7/5.7 MBProgress (2): 3.3/6.0 MB | 3.7/5.7 MBProgress (2): 3.3/6.0 MB | 3.7/5.7 MBProgress (2): 3.3/6.0 MB | 3.7/5.7 MBProgress (2): 3.3/6.0 MB | 3.8/5.7 MBProgress (2): 3.3/6.0 MB | 3.8/5.7 MBProgress (2): 3.4/6.0 MB | 3.8/5.7 MBProgress (2): 3.4/6.0 MB | 3.8/5.7 MBProgress (2): 3.4/6.0 MB | 3.8/5.7 MBProgress (2): 3.4/6.0 MB | 3.8/5.7 MBProgress (2): 3.4/6.0 MB | 3.8/5.7 MBProgress (2): 3.4/6.0 MB | 3.8/5.7 MBProgress (2): 3.4/6.0 MB | 3.8/5.7 MBProgress (2): 3.4/6.0 MB | 3.8/5.7 MBProgress (2): 3.4/6.0 MB | 3.8/5.7 MBProgress (2): 3.4/6.0 MB | 3.8/5.7 MBProgress (2): 3.4/6.0 MB | 3.8/5.7 MBProgress (2): 3.4/6.0 MB | 3.8/5.7 MBProgress (2): 3.4/6.0 MB | 3.8/5.7 MBProgress (2): 3.4/6.0 MB | 3.8/5.7 MBProgress (2): 3.4/6.0 MB | 3.8/5.7 MBProgress (2): 3.4/6.0 MB | 3.8/5.7 MBProgress (2): 3.4/6.0 MB | 3.8/5.7 MBProgress (2): 3.4/6.0 MB | 3.8/5.7 MBProgress (2): 3.4/6.0 MB | 3.8/5.7 MBProgress (2): 3.4/6.0 MB | 3.8/5.7 MBProgress (2): 3.4/6.0 MB | 3.8/5.7 MBProgress (2): 3.4/6.0 MB | 3.8/5.7 MBProgress (2): 3.4/6.0 MB | 3.8/5.7 MBProgress (2): 3.4/6.0 MB | 3.8/5.7 MBProgress (2): 3.4/6.0 MB | 3.8/5.7 MBProgress (2): 3.4/6.0 MB | 3.8/5.7 MBProgress (2): 3.4/6.0 MB | 3.8/5.7 MBProgress (2): 3.4/6.0 MB | 3.8/5.7 MBProgress (2): 3.4/6.0 MB | 3.8/5.7 MBProgress (2): 3.4/6.0 MB | 3.8/5.7 MBProgress (2): 3.4/6.0 MB | 3.8/5.7 MBProgress (2): 3.4/6.0 MB | 3.8/5.7 MBProgress (2): 3.4/6.0 MB | 3.8/5.7 MBProgress (2): 3.4/6.0 MB | 3.8/5.7 MBProgress (2): 3.4/6.0 MB | 3.8/5.7 MBProgress (2): 3.4/6.0 MB | 3.8/5.7 MBProgress (2): 3.4/6.0 MB | 3.8/5.7 MBProgress (2): 3.4/6.0 MB | 3.8/5.7 MBProgress (2): 3.4/6.0 MB | 3.8/5.7 MBProgress (2): 3.4/6.0 MB | 3.8/5.7 MBProgress (2): 3.4/6.0 MB | 3.9/5.7 MBProgress (2): 3.4/6.0 MB | 3.9/5.7 MBProgress (2): 3.4/6.0 MB | 3.9/5.7 MBProgress (2): 3.4/6.0 MB | 3.9/5.7 MBProgress (2): 3.4/6.0 MB | 3.9/5.7 MBProgress (2): 3.4/6.0 MB | 3.9/5.7 MBProgress (2): 3.4/6.0 MB | 3.9/5.7 MBProgress (2): 3.4/6.0 MB | 3.9/5.7 MBProgress (2): 3.4/6.0 MB | 3.9/5.7 MBProgress (2): 3.4/6.0 MB | 3.9/5.7 MBProgress (2): 3.4/6.0 MB | 3.9/5.7 MBProgress (2): 3.4/6.0 MB | 3.9/5.7 MBProgress (2): 3.4/6.0 MB | 3.9/5.7 MBProgress (2): 3.4/6.0 MB | 3.9/5.7 MBProgress (2): 3.4/6.0 MB | 3.9/5.7 MBProgress (2): 3.4/6.0 MB | 3.9/5.7 MBProgress (2): 3.4/6.0 MB | 3.9/5.7 MBProgress (2): 3.5/6.0 MB | 3.9/5.7 MBProgress (2): 3.5/6.0 MB | 3.9/5.7 MBProgress (2): 3.5/6.0 MB | 3.9/5.7 MBProgress (2): 3.5/6.0 MB | 3.9/5.7 MBProgress (2): 3.5/6.0 MB | 3.9/5.7 MBProgress (2): 3.5/6.0 MB | 3.9/5.7 MBProgress (2): 3.5/6.0 MB | 3.9/5.7 MBProgress (2): 3.5/6.0 MB | 3.9/5.7 MBProgress (2): 3.5/6.0 MB | 3.9/5.7 MBProgress (2): 3.5/6.0 MB | 3.9/5.7 MBProgress (2): 3.5/6.0 MB | 3.9/5.7 MBProgress (2): 3.5/6.0 MB | 3.9/5.7 MBProgress (2): 3.5/6.0 MB | 3.9/5.7 MBProgress (2): 3.5/6.0 MB | 3.9/5.7 MBProgress (2): 3.5/6.0 MB | 3.9/5.7 MBProgress (2): 3.5/6.0 MB | 3.9/5.7 MBProgress (2): 3.5/6.0 MB | 3.9/5.7 MBProgress (2): 3.5/6.0 MB | 3.9/5.7 MBProgress (2): 3.5/6.0 MB | 3.9/5.7 MBProgress (2): 3.5/6.0 MB | 3.9/5.7 MBProgress (2): 3.5/6.0 MB | 3.9/5.7 MBProgress (2): 3.5/6.0 MB | 3.9/5.7 MBProgress (2): 3.5/6.0 MB | 3.9/5.7 MBProgress (2): 3.5/6.0 MB | 3.9/5.7 MBProgress (2): 3.5/6.0 MB | 3.9/5.7 MBProgress (2): 3.5/6.0 MB | 3.9/5.7 MBProgress (2): 3.5/6.0 MB | 3.9/5.7 MBProgress (2): 3.5/6.0 MB | 3.9/5.7 MBProgress (2): 3.5/6.0 MB | 3.9/5.7 MBProgress (2): 3.5/6.0 MB | 3.9/5.7 MBProgress (2): 3.5/6.0 MB | 3.9/5.7 MBProgress (2): 3.5/6.0 MB | 3.9/5.7 MBProgress (2): 3.5/6.0 MB | 3.9/5.7 MBProgress (2): 3.5/6.0 MB | 3.9/5.7 MBProgress (2): 3.5/6.0 MB | 3.9/5.7 MBProgress (2): 3.5/6.0 MB | 3.9/5.7 MBProgress (2): 3.5/6.0 MB | 3.9/5.7 MBProgress (2): 3.5/6.0 MB | 3.9/5.7 MBProgress (2): 3.5/6.0 MB | 3.9/5.7 MBProgress (2): 3.5/6.0 MB | 3.9/5.7 MBProgress (2): 3.6/6.0 MB | 3.9/5.7 MBProgress (2): 3.6/6.0 MB | 3.9/5.7 MBProgress (2): 3.6/6.0 MB | 3.9/5.7 MBProgress (2): 3.6/6.0 MB | 3.9/5.7 MBProgress (2): 3.6/6.0 MB | 4.0/5.7 MBProgress (2): 3.6/6.0 MB | 4.0/5.7 MBProgress (2): 3.6/6.0 MB | 4.0/5.7 MBProgress (2): 3.6/6.0 MB | 4.0/5.7 MBProgress (2): 3.6/6.0 MB | 4.0/5.7 MBProgress (2): 3.6/6.0 MB | 4.0/5.7 MBProgress (2): 3.6/6.0 MB | 4.0/5.7 MBProgress (2): 3.6/6.0 MB | 4.0/5.7 MBProgress (2): 3.6/6.0 MB | 4.0/5.7 MBProgress (2): 3.6/6.0 MB | 4.0/5.7 MBProgress (2): 3.6/6.0 MB | 4.0/5.7 MBProgress (2): 3.6/6.0 MB | 4.0/5.7 MBProgress (2): 3.6/6.0 MB | 4.0/5.7 MBProgress (2): 3.6/6.0 MB | 4.0/5.7 MBProgress (2): 3.6/6.0 MB | 4.0/5.7 MBProgress (2): 3.6/6.0 MB | 4.0/5.7 MBProgress (2): 3.6/6.0 MB | 4.0/5.7 MBProgress (2): 3.6/6.0 MB | 4.0/5.7 MBProgress (2): 3.6/6.0 MB | 4.0/5.7 MBProgress (2): 3.6/6.0 MB | 4.0/5.7 MBProgress (2): 3.6/6.0 MB | 4.0/5.7 MBProgress (2): 3.6/6.0 MB | 4.0/5.7 MBProgress (2): 3.6/6.0 MB | 4.0/5.7 MBProgress (2): 3.6/6.0 MB | 4.0/5.7 MBProgress (2): 3.6/6.0 MB | 4.0/5.7 MBProgress (2): 3.6/6.0 MB | 4.0/5.7 MBProgress (2): 3.6/6.0 MB | 4.0/5.7 MBProgress (2): 3.6/6.0 MB | 4.0/5.7 MBProgress (2): 3.6/6.0 MB | 4.0/5.7 MBProgress (2): 3.6/6.0 MB | 4.0/5.7 MBProgress (2): 3.6/6.0 MB | 4.0/5.7 MBProgress (2): 3.6/6.0 MB | 4.0/5.7 MBProgress (2): 3.6/6.0 MB | 4.0/5.7 MBProgress (2): 3.6/6.0 MB | 4.0/5.7 MBProgress (2): 3.6/6.0 MB | 4.0/5.7 MBProgress (2): 3.6/6.0 MB | 4.0/5.7 MBProgress (2): 3.6/6.0 MB | 4.0/5.7 MBProgress (2): 3.6/6.0 MB | 4.0/5.7 MBProgress (2): 3.6/6.0 MB | 4.0/5.7 MBProgress (2): 3.6/6.0 MB | 4.0/5.7 MBProgress (2): 3.6/6.0 MB | 4.0/5.7 MBProgress (2): 3.6/6.0 MB | 4.0/5.7 MBProgress (2): 3.6/6.0 MB | 4.0/5.7 MBProgress (2): 3.6/6.0 MB | 4.0/5.7 MBProgress (2): 3.7/6.0 MB | 4.0/5.7 MBProgress (2): 3.7/6.0 MB | 4.0/5.7 MBProgress (2): 3.7/6.0 MB | 4.0/5.7 MBProgress (2): 3.7/6.0 MB | 4.1/5.7 MBProgress (2): 3.7/6.0 MB | 4.1/5.7 MBProgress (2): 3.7/6.0 MB | 4.1/5.7 MBProgress (2): 3.7/6.0 MB | 4.1/5.7 MBProgress (2): 3.7/6.0 MB | 4.1/5.7 MBProgress (2): 3.7/6.0 MB | 4.1/5.7 MBProgress (2): 3.7/6.0 MB | 4.1/5.7 MBProgress (2): 3.7/6.0 MB | 4.1/5.7 MBProgress (2): 3.7/6.0 MB | 4.1/5.7 MBProgress (2): 3.7/6.0 MB | 4.1/5.7 MBProgress (2): 3.7/6.0 MB | 4.1/5.7 MBProgress (2): 3.7/6.0 MB | 4.1/5.7 MBProgress (2): 3.7/6.0 MB | 4.1/5.7 MBProgress (2): 3.7/6.0 MB | 4.1/5.7 MBProgress (2): 3.7/6.0 MB | 4.1/5.7 MBProgress (2): 3.7/6.0 MB | 4.1/5.7 MBProgress (2): 3.7/6.0 MB | 4.1/5.7 MBProgress (2): 3.7/6.0 MB | 4.1/5.7 MBProgress (2): 3.7/6.0 MB | 4.1/5.7 MBProgress (2): 3.7/6.0 MB | 4.1/5.7 MBProgress (2): 3.7/6.0 MB | 4.1/5.7 MBProgress (2): 3.7/6.0 MB | 4.1/5.7 MBProgress (2): 3.7/6.0 MB | 4.1/5.7 MBProgress (2): 3.7/6.0 MB | 4.1/5.7 MBProgress (2): 3.7/6.0 MB | 4.1/5.7 MBProgress (2): 3.7/6.0 MB | 4.1/5.7 MBProgress (2): 3.7/6.0 MB | 4.1/5.7 MBProgress (2): 3.7/6.0 MB | 4.1/5.7 MBProgress (2): 3.7/6.0 MB | 4.1/5.7 MBProgress (2): 3.7/6.0 MB | 4.1/5.7 MBProgress (2): 3.7/6.0 MB | 4.1/5.7 MBProgress (2): 3.7/6.0 MB | 4.1/5.7 MBProgress (2): 3.7/6.0 MB | 4.1/5.7 MBProgress (2): 3.7/6.0 MB | 4.1/5.7 MBProgress (2): 3.7/6.0 MB | 4.1/5.7 MBProgress (2): 3.7/6.0 MB | 4.1/5.7 MBProgress (2): 3.7/6.0 MB | 4.1/5.7 MBProgress (2): 3.7/6.0 MB | 4.1/5.7 MBProgress (2): 3.7/6.0 MB | 4.1/5.7 MBProgress (2): 3.7/6.0 MB | 4.1/5.7 MBProgress (2): 3.7/6.0 MB | 4.1/5.7 MBProgress (2): 3.7/6.0 MB | 4.1/5.7 MBProgress (2): 3.7/6.0 MB | 4.1/5.7 MBProgress (2): 3.7/6.0 MB | 4.1/5.7 MBProgress (2): 3.7/6.0 MB | 4.1/5.7 MBProgress (2): 3.7/6.0 MB | 4.1/5.7 MBProgress (2): 3.7/6.0 MB | 4.2/5.7 MBProgress (2): 3.7/6.0 MB | 4.2/5.7 MBProgress (2): 3.7/6.0 MB | 4.2/5.7 MBProgress (2): 3.7/6.0 MB | 4.2/5.7 MBProgress (2): 3.8/6.0 MB | 4.2/5.7 MBProgress (2): 3.8/6.0 MB | 4.2/5.7 MBProgress (2): 3.8/6.0 MB | 4.2/5.7 MBProgress (2): 3.8/6.0 MB | 4.2/5.7 MBProgress (2): 3.8/6.0 MB | 4.2/5.7 MBProgress (2): 3.8/6.0 MB | 4.2/5.7 MBProgress (2): 3.8/6.0 MB | 4.2/5.7 MBProgress (2): 3.8/6.0 MB | 4.2/5.7 MBProgress (2): 3.8/6.0 MB | 4.2/5.7 MBProgress (2): 3.8/6.0 MB | 4.2/5.7 MBProgress (2): 3.8/6.0 MB | 4.2/5.7 MBProgress (2): 3.8/6.0 MB | 4.2/5.7 MBProgress (2): 3.8/6.0 MB | 4.2/5.7 MBProgress (2): 3.8/6.0 MB | 4.2/5.7 MBProgress (2): 3.8/6.0 MB | 4.2/5.7 MBProgress (2): 3.8/6.0 MB | 4.2/5.7 MBProgress (2): 3.8/6.0 MB | 4.2/5.7 MBProgress (2): 3.8/6.0 MB | 4.2/5.7 MBProgress (2): 3.8/6.0 MB | 4.2/5.7 MBProgress (2): 3.8/6.0 MB | 4.2/5.7 MBProgress (2): 3.8/6.0 MB | 4.2/5.7 MBProgress (2): 3.8/6.0 MB | 4.2/5.7 MBProgress (2): 3.8/6.0 MB | 4.2/5.7 MBProgress (2): 3.8/6.0 MB | 4.2/5.7 MBProgress (2): 3.8/6.0 MB | 4.2/5.7 MBProgress (2): 3.8/6.0 MB | 4.2/5.7 MBProgress (2): 3.8/6.0 MB | 4.2/5.7 MBProgress (2): 3.8/6.0 MB | 4.2/5.7 MBProgress (2): 3.8/6.0 MB | 4.2/5.7 MBProgress (2): 3.8/6.0 MB | 4.2/5.7 MBProgress (2): 3.8/6.0 MB | 4.2/5.7 MBProgress (2): 3.8/6.0 MB | 4.2/5.7 MBProgress (2): 3.8/6.0 MB | 4.2/5.7 MBProgress (2): 3.8/6.0 MB | 4.2/5.7 MBProgress (2): 3.8/6.0 MB | 4.2/5.7 MBProgress (2): 3.8/6.0 MB | 4.2/5.7 MBProgress (2): 3.8/6.0 MB | 4.2/5.7 MBProgress (2): 3.8/6.0 MB | 4.2/5.7 MBProgress (2): 3.8/6.0 MB | 4.2/5.7 MBProgress (2): 3.8/6.0 MB | 4.2/5.7 MBProgress (2): 3.8/6.0 MB | 4.2/5.7 MBProgress (2): 3.8/6.0 MB | 4.2/5.7 MBProgress (2): 3.8/6.0 MB | 4.2/5.7 MBProgress (2): 3.8/6.0 MB | 4.2/5.7 MBProgress (2): 3.8/6.0 MB | 4.3/5.7 MBProgress (2): 3.8/6.0 MB | 4.3/5.7 MBProgress (2): 3.8/6.0 MB | 4.3/5.7 MBProgress (2): 3.8/6.0 MB | 4.3/5.7 MBProgress (2): 3.8/6.0 MB | 4.3/5.7 MBProgress (2): 3.8/6.0 MB | 4.3/5.7 MBProgress (2): 3.8/6.0 MB | 4.3/5.7 MBProgress (2): 3.8/6.0 MB | 4.3/5.7 MBProgress (2): 3.9/6.0 MB | 4.3/5.7 MBProgress (2): 3.9/6.0 MB | 4.3/5.7 MBProgress (2): 3.9/6.0 MB | 4.3/5.7 MBProgress (2): 3.9/6.0 MB | 4.3/5.7 MBProgress (2): 3.9/6.0 MB | 4.3/5.7 MBProgress (2): 3.9/6.0 MB | 4.3/5.7 MBProgress (2): 3.9/6.0 MB | 4.3/5.7 MBProgress (2): 3.9/6.0 MB | 4.3/5.7 MBProgress (2): 3.9/6.0 MB | 4.3/5.7 MBProgress (2): 3.9/6.0 MB | 4.3/5.7 MBProgress (2): 3.9/6.0 MB | 4.3/5.7 MBProgress (2): 3.9/6.0 MB | 4.3/5.7 MBProgress (2): 3.9/6.0 MB | 4.3/5.7 MBProgress (2): 3.9/6.0 MB | 4.3/5.7 MBProgress (2): 3.9/6.0 MB | 4.3/5.7 MBProgress (2): 3.9/6.0 MB | 4.3/5.7 MBProgress (2): 3.9/6.0 MB | 4.3/5.7 MBProgress (2): 3.9/6.0 MB | 4.3/5.7 MBProgress (2): 3.9/6.0 MB | 4.3/5.7 MBProgress (2): 3.9/6.0 MB | 4.3/5.7 MBProgress (2): 3.9/6.0 MB | 4.3/5.7 MBProgress (2): 3.9/6.0 MB | 4.3/5.7 MBProgress (2): 3.9/6.0 MB | 4.3/5.7 MBProgress (2): 3.9/6.0 MB | 4.3/5.7 MBProgress (2): 3.9/6.0 MB | 4.3/5.7 MBProgress (2): 3.9/6.0 MB | 4.3/5.7 MBProgress (2): 3.9/6.0 MB | 4.3/5.7 MBProgress (2): 3.9/6.0 MB | 4.3/5.7 MBProgress (2): 3.9/6.0 MB | 4.3/5.7 MBProgress (2): 3.9/6.0 MB | 4.3/5.7 MBProgress (2): 3.9/6.0 MB | 4.3/5.7 MBProgress (2): 3.9/6.0 MB | 4.3/5.7 MBProgress (2): 3.9/6.0 MB | 4.3/5.7 MBProgress (2): 3.9/6.0 MB | 4.3/5.7 MBProgress (2): 3.9/6.0 MB | 4.3/5.7 MBProgress (2): 3.9/6.0 MB | 4.3/5.7 MBProgress (2): 3.9/6.0 MB | 4.3/5.7 MBProgress (2): 3.9/6.0 MB | 4.3/5.7 MBProgress (2): 3.9/6.0 MB | 4.3/5.7 MBProgress (2): 3.9/6.0 MB | 4.3/5.7 MBProgress (2): 3.9/6.0 MB | 4.3/5.7 MBProgress (2): 3.9/6.0 MB | 4.4/5.7 MBProgress (2): 3.9/6.0 MB | 4.4/5.7 MBProgress (2): 3.9/6.0 MB | 4.4/5.7 MBProgress (2): 3.9/6.0 MB | 4.4/5.7 MBProgress (2): 4.0/6.0 MB | 4.4/5.7 MBProgress (2): 4.0/6.0 MB | 4.4/5.7 MBProgress (2): 4.0/6.0 MB | 4.4/5.7 MBProgress (2): 4.0/6.0 MB | 4.4/5.7 MBProgress (2): 4.0/6.0 MB | 4.4/5.7 MBProgress (2): 4.0/6.0 MB | 4.4/5.7 MBProgress (2): 4.0/6.0 MB | 4.4/5.7 MBProgress (2): 4.0/6.0 MB | 4.4/5.7 MBProgress (2): 4.0/6.0 MB | 4.4/5.7 MBProgress (2): 4.0/6.0 MB | 4.4/5.7 MBProgress (2): 4.0/6.0 MB | 4.4/5.7 MBProgress (2): 4.0/6.0 MB | 4.4/5.7 MBProgress (2): 4.0/6.0 MB | 4.4/5.7 MBProgress (2): 4.0/6.0 MB | 4.4/5.7 MBProgress (2): 4.0/6.0 MB | 4.4/5.7 MBProgress (2): 4.0/6.0 MB | 4.4/5.7 MBProgress (2): 4.0/6.0 MB | 4.4/5.7 MBProgress (2): 4.0/6.0 MB | 4.4/5.7 MBProgress (2): 4.0/6.0 MB | 4.4/5.7 MBProgress (2): 4.0/6.0 MB | 4.4/5.7 MBProgress (2): 4.0/6.0 MB | 4.4/5.7 MBProgress (2): 4.0/6.0 MB | 4.4/5.7 MBProgress (2): 4.0/6.0 MB | 4.4/5.7 MBProgress (2): 4.0/6.0 MB | 4.4/5.7 MBProgress (2): 4.0/6.0 MB | 4.4/5.7 MBProgress (2): 4.0/6.0 MB | 4.4/5.7 MBProgress (2): 4.0/6.0 MB | 4.4/5.7 MBProgress (2): 4.0/6.0 MB | 4.4/5.7 MBProgress (2): 4.0/6.0 MB | 4.4/5.7 MBProgress (2): 4.0/6.0 MB | 4.4/5.7 MBProgress (2): 4.0/6.0 MB | 4.4/5.7 MBProgress (2): 4.0/6.0 MB | 4.4/5.7 MBProgress (2): 4.0/6.0 MB | 4.4/5.7 MBProgress (2): 4.0/6.0 MB | 4.4/5.7 MBProgress (2): 4.0/6.0 MB | 4.4/5.7 MBProgress (2): 4.0/6.0 MB | 4.4/5.7 MBProgress (2): 4.0/6.0 MB | 4.4/5.7 MBProgress (2): 4.0/6.0 MB | 4.4/5.7 MBProgress (2): 4.0/6.0 MB | 4.4/5.7 MBProgress (2): 4.0/6.0 MB | 4.4/5.7 MBProgress (2): 4.0/6.0 MB | 4.4/5.7 MBProgress (2): 4.0/6.0 MB | 4.4/5.7 MBProgress (2): 4.0/6.0 MB | 4.4/5.7 MBProgress (2): 4.0/6.0 MB | 4.4/5.7 MBProgress (2): 4.0/6.0 MB | 4.4/5.7 MBProgress (2): 4.0/6.0 MB | 4.4/5.7 MBProgress (2): 4.0/6.0 MB | 4.5/5.7 MBProgress (2): 4.1/6.0 MB | 4.5/5.7 MBProgress (2): 4.1/6.0 MB | 4.5/5.7 MBProgress (2): 4.1/6.0 MB | 4.5/5.7 MBProgress (2): 4.1/6.0 MB | 4.5/5.7 MBProgress (2): 4.1/6.0 MB | 4.5/5.7 MBProgress (2): 4.1/6.0 MB | 4.5/5.7 MBProgress (2): 4.1/6.0 MB | 4.5/5.7 MBProgress (2): 4.1/6.0 MB | 4.5/5.7 MBProgress (2): 4.1/6.0 MB | 4.5/5.7 MBProgress (2): 4.1/6.0 MB | 4.5/5.7 MBProgress (2): 4.1/6.0 MB | 4.5/5.7 MBProgress (2): 4.1/6.0 MB | 4.5/5.7 MBProgress (2): 4.1/6.0 MB | 4.5/5.7 MBProgress (2): 4.1/6.0 MB | 4.5/5.7 MBProgress (2): 4.1/6.0 MB | 4.5/5.7 MBProgress (2): 4.1/6.0 MB | 4.5/5.7 MBProgress (2): 4.1/6.0 MB | 4.5/5.7 MBProgress (2): 4.1/6.0 MB | 4.5/5.7 MBProgress (2): 4.1/6.0 MB | 4.5/5.7 MBProgress (2): 4.1/6.0 MB | 4.5/5.7 MBProgress (2): 4.1/6.0 MB | 4.5/5.7 MBProgress (2): 4.1/6.0 MB | 4.5/5.7 MBProgress (2): 4.1/6.0 MB | 4.5/5.7 MBProgress (2): 4.1/6.0 MB | 4.5/5.7 MBProgress (2): 4.1/6.0 MB | 4.5/5.7 MBProgress (2): 4.1/6.0 MB | 4.5/5.7 MBProgress (2): 4.1/6.0 MB | 4.5/5.7 MBProgress (2): 4.1/6.0 MB | 4.5/5.7 MBProgress (2): 4.1/6.0 MB | 4.5/5.7 MBProgress (2): 4.1/6.0 MB | 4.5/5.7 MBProgress (2): 4.1/6.0 MB | 4.5/5.7 MBProgress (2): 4.1/6.0 MB | 4.5/5.7 MBProgress (2): 4.1/6.0 MB | 4.5/5.7 MBProgress (2): 4.1/6.0 MB | 4.5/5.7 MBProgress (2): 4.1/6.0 MB | 4.5/5.7 MBProgress (2): 4.1/6.0 MB | 4.5/5.7 MBProgress (2): 4.1/6.0 MB | 4.5/5.7 MBProgress (2): 4.1/6.0 MB | 4.5/5.7 MBProgress (2): 4.1/6.0 MB | 4.5/5.7 MBProgress (2): 4.1/6.0 MB | 4.5/5.7 MBProgress (2): 4.1/6.0 MB | 4.5/5.7 MBProgress (2): 4.2/6.0 MB | 4.5/5.7 MBProgress (2): 4.2/6.0 MB | 4.5/5.7 MBProgress (2): 4.2/6.0 MB | 4.5/5.7 MBProgress (2): 4.2/6.0 MB | 4.5/5.7 MBProgress (2): 4.2/6.0 MB | 4.5/5.7 MBProgress (2): 4.2/6.0 MB | 4.5/5.7 MBProgress (2): 4.2/6.0 MB | 4.5/5.7 MBProgress (2): 4.2/6.0 MB | 4.5/5.7 MBProgress (2): 4.2/6.0 MB | 4.5/5.7 MBProgress (2): 4.2/6.0 MB | 4.5/5.7 MBProgress (2): 4.2/6.0 MB | 4.5/5.7 MBProgress (2): 4.2/6.0 MB | 4.5/5.7 MBProgress (2): 4.2/6.0 MB | 4.5/5.7 MBProgress (2): 4.2/6.0 MB | 4.5/5.7 MBProgress (2): 4.2/6.0 MB | 4.5/5.7 MBProgress (2): 4.2/6.0 MB | 4.5/5.7 MBProgress (2): 4.2/6.0 MB | 4.5/5.7 MBProgress (2): 4.2/6.0 MB | 4.5/5.7 MBProgress (2): 4.2/6.0 MB | 4.5/5.7 MBProgress (2): 4.2/6.0 MB | 4.5/5.7 MBProgress (2): 4.2/6.0 MB | 4.6/5.7 MBProgress (2): 4.2/6.0 MB | 4.6/5.7 MBProgress (2): 4.2/6.0 MB | 4.6/5.7 MBProgress (2): 4.2/6.0 MB | 4.6/5.7 MBProgress (2): 4.2/6.0 MB | 4.6/5.7 MBProgress (2): 4.2/6.0 MB | 4.6/5.7 MBProgress (2): 4.2/6.0 MB | 4.6/5.7 MBProgress (2): 4.2/6.0 MB | 4.6/5.7 MBProgress (2): 4.2/6.0 MB | 4.6/5.7 MBProgress (2): 4.2/6.0 MB | 4.6/5.7 MBProgress (2): 4.2/6.0 MB | 4.6/5.7 MBProgress (2): 4.2/6.0 MB | 4.6/5.7 MBProgress (2): 4.2/6.0 MB | 4.6/5.7 MBProgress (2): 4.3/6.0 MB | 4.6/5.7 MBProgress (2): 4.3/6.0 MB | 4.6/5.7 MBProgress (2): 4.3/6.0 MB | 4.6/5.7 MBProgress (2): 4.3/6.0 MB | 4.6/5.7 MBProgress (2): 4.3/6.0 MB | 4.6/5.7 MBProgress (2): 4.3/6.0 MB | 4.6/5.7 MBProgress (2): 4.3/6.0 MB | 4.6/5.7 MBProgress (2): 4.3/6.0 MB | 4.6/5.7 MBProgress (2): 4.3/6.0 MB | 4.6/5.7 MBProgress (2): 4.3/6.0 MB | 4.6/5.7 MBProgress (2): 4.3/6.0 MB | 4.6/5.7 MBProgress (2): 4.3/6.0 MB | 4.6/5.7 MBProgress (2): 4.3/6.0 MB | 4.6/5.7 MBProgress (2): 4.3/6.0 MB | 4.6/5.7 MBProgress (2): 4.3/6.0 MB | 4.6/5.7 MBProgress (2): 4.3/6.0 MB | 4.6/5.7 MBProgress (2): 4.3/6.0 MB | 4.6/5.7 MBProgress (2): 4.3/6.0 MB | 4.6/5.7 MBProgress (2): 4.3/6.0 MB | 4.6/5.7 MBProgress (2): 4.3/6.0 MB | 4.6/5.7 MBProgress (2): 4.3/6.0 MB | 4.6/5.7 MBProgress (2): 4.3/6.0 MB | 4.6/5.7 MBProgress (2): 4.3/6.0 MB | 4.6/5.7 MBProgress (2): 4.3/6.0 MB | 4.6/5.7 MBProgress (2): 4.3/6.0 MB | 4.6/5.7 MBProgress (2): 4.3/6.0 MB | 4.6/5.7 MBProgress (2): 4.3/6.0 MB | 4.6/5.7 MBProgress (2): 4.3/6.0 MB | 4.6/5.7 MBProgress (2): 4.3/6.0 MB | 4.6/5.7 MBProgress (2): 4.3/6.0 MB | 4.6/5.7 MBProgress (2): 4.3/6.0 MB | 4.6/5.7 MBProgress (2): 4.3/6.0 MB | 4.6/5.7 MBProgress (2): 4.3/6.0 MB | 4.6/5.7 MBProgress (2): 4.3/6.0 MB | 4.6/5.7 MBProgress (2): 4.3/6.0 MB | 4.6/5.7 MBProgress (2): 4.3/6.0 MB | 4.6/5.7 MBProgress (2): 4.3/6.0 MB | 4.6/5.7 MBProgress (2): 4.3/6.0 MB | 4.6/5.7 MBProgress (2): 4.3/6.0 MB | 4.6/5.7 MBProgress (2): 4.3/6.0 MB | 4.6/5.7 MBProgress (2): 4.4/6.0 MB | 4.6/5.7 MBProgress (2): 4.4/6.0 MB | 4.6/5.7 MBProgress (2): 4.4/6.0 MB | 4.6/5.7 MBProgress (2): 4.4/6.0 MB | 4.6/5.7 MBProgress (2): 4.4/6.0 MB | 4.6/5.7 MBProgress (2): 4.4/6.0 MB | 4.6/5.7 MBProgress (2): 4.4/6.0 MB | 4.6/5.7 MBProgress (2): 4.4/6.0 MB | 4.6/5.7 MBProgress (2): 4.4/6.0 MB | 4.7/5.7 MBProgress (2): 4.4/6.0 MB | 4.7/5.7 MBProgress (2): 4.4/6.0 MB | 4.7/5.7 MBProgress (2): 4.4/6.0 MB | 4.7/5.7 MBProgress (2): 4.4/6.0 MB | 4.7/5.7 MBProgress (2): 4.4/6.0 MB | 4.7/5.7 MBProgress (2): 4.4/6.0 MB | 4.7/5.7 MBProgress (2): 4.4/6.0 MB | 4.7/5.7 MBProgress (2): 4.4/6.0 MB | 4.7/5.7 MBProgress (2): 4.4/6.0 MB | 4.7/5.7 MBProgress (2): 4.4/6.0 MB | 4.7/5.7 MBProgress (2): 4.4/6.0 MB | 4.7/5.7 MBProgress (2): 4.4/6.0 MB | 4.7/5.7 MBProgress (2): 4.4/6.0 MB | 4.7/5.7 MBProgress (2): 4.4/6.0 MB | 4.7/5.7 MBProgress (2): 4.4/6.0 MB | 4.7/5.7 MBProgress (2): 4.4/6.0 MB | 4.7/5.7 MBProgress (2): 4.4/6.0 MB | 4.7/5.7 MBProgress (2): 4.4/6.0 MB | 4.7/5.7 MBProgress (2): 4.4/6.0 MB | 4.7/5.7 MBProgress (2): 4.4/6.0 MB | 4.7/5.7 MBProgress (2): 4.4/6.0 MB | 4.7/5.7 MBProgress (2): 4.4/6.0 MB | 4.7/5.7 MBProgress (2): 4.4/6.0 MB | 4.7/5.7 MBProgress (2): 4.4/6.0 MB | 4.7/5.7 MBProgress (2): 4.4/6.0 MB | 4.7/5.7 MBProgress (2): 4.4/6.0 MB | 4.7/5.7 MBProgress (2): 4.4/6.0 MB | 4.7/5.7 MBProgress (2): 4.4/6.0 MB | 4.7/5.7 MBProgress (2): 4.4/6.0 MB | 4.7/5.7 MBProgress (2): 4.4/6.0 MB | 4.7/5.7 MBProgress (2): 4.4/6.0 MB | 4.7/5.7 MBProgress (2): 4.4/6.0 MB | 4.7/5.7 MBProgress (2): 4.4/6.0 MB | 4.7/5.7 MBProgress (2): 4.4/6.0 MB | 4.7/5.7 MBProgress (2): 4.4/6.0 MB | 4.7/5.7 MBProgress (2): 4.4/6.0 MB | 4.7/5.7 MBProgress (2): 4.4/6.0 MB | 4.7/5.7 MBProgress (2): 4.4/6.0 MB | 4.7/5.7 MBProgress (2): 4.4/6.0 MB | 4.7/5.7 MBProgress (2): 4.4/6.0 MB | 4.7/5.7 MBProgress (2): 4.4/6.0 MB | 4.7/5.7 MBProgress (2): 4.4/6.0 MB | 4.7/5.7 MBProgress (2): 4.4/6.0 MB | 4.7/5.7 MBProgress (2): 4.4/6.0 MB | 4.7/5.7 MBProgress (2): 4.5/6.0 MB | 4.7/5.7 MBProgress (2): 4.5/6.0 MB | 4.7/5.7 MBProgress (2): 4.5/6.0 MB | 4.7/5.7 MBProgress (2): 4.5/6.0 MB | 4.7/5.7 MBProgress (2): 4.5/6.0 MB | 4.7/5.7 MBProgress (2): 4.5/6.0 MB | 4.7/5.7 MBProgress (2): 4.5/6.0 MB | 4.7/5.7 MBProgress (2): 4.5/6.0 MB | 4.8/5.7 MBProgress (2): 4.5/6.0 MB | 4.8/5.7 MBProgress (2): 4.5/6.0 MB | 4.8/5.7 MBProgress (2): 4.5/6.0 MB | 4.8/5.7 MBProgress (2): 4.5/6.0 MB | 4.8/5.7 MBProgress (2): 4.5/6.0 MB | 4.8/5.7 MBProgress (2): 4.5/6.0 MB | 4.8/5.7 MBProgress (2): 4.5/6.0 MB | 4.8/5.7 MBProgress (2): 4.5/6.0 MB | 4.8/5.7 MBProgress (2): 4.5/6.0 MB | 4.8/5.7 MBProgress (2): 4.5/6.0 MB | 4.8/5.7 MBProgress (2): 4.5/6.0 MB | 4.8/5.7 MBProgress (2): 4.5/6.0 MB | 4.8/5.7 MBProgress (2): 4.5/6.0 MB | 4.8/5.7 MBProgress (2): 4.5/6.0 MB | 4.8/5.7 MBProgress (2): 4.5/6.0 MB | 4.8/5.7 MBProgress (2): 4.5/6.0 MB | 4.8/5.7 MBProgress (2): 4.5/6.0 MB | 4.8/5.7 MBProgress (2): 4.5/6.0 MB | 4.8/5.7 MBProgress (2): 4.5/6.0 MB | 4.8/5.7 MBProgress (2): 4.5/6.0 MB | 4.8/5.7 MBProgress (2): 4.5/6.0 MB | 4.8/5.7 MBProgress (2): 4.5/6.0 MB | 4.8/5.7 MBProgress (2): 4.5/6.0 MB | 4.8/5.7 MBProgress (2): 4.5/6.0 MB | 4.8/5.7 MBProgress (2): 4.5/6.0 MB | 4.8/5.7 MBProgress (2): 4.5/6.0 MB | 4.8/5.7 MBProgress (2): 4.5/6.0 MB | 4.8/5.7 MBProgress (2): 4.5/6.0 MB | 4.8/5.7 MBProgress (2): 4.5/6.0 MB | 4.8/5.7 MBProgress (2): 4.5/6.0 MB | 4.8/5.7 MBProgress (2): 4.5/6.0 MB | 4.8/5.7 MBProgress (2): 4.5/6.0 MB | 4.8/5.7 MBProgress (2): 4.5/6.0 MB | 4.8/5.7 MBProgress (2): 4.5/6.0 MB | 4.8/5.7 MBProgress (2): 4.5/6.0 MB | 4.8/5.7 MBProgress (2): 4.5/6.0 MB | 4.8/5.7 MBProgress (2): 4.6/6.0 MB | 4.8/5.7 MBProgress (2): 4.6/6.0 MB | 4.8/5.7 MBProgress (2): 4.6/6.0 MB | 4.8/5.7 MBProgress (2): 4.6/6.0 MB | 4.8/5.7 MBProgress (2): 4.6/6.0 MB | 4.8/5.7 MBProgress (2): 4.6/6.0 MB | 4.8/5.7 MBProgress (2): 4.6/6.0 MB | 4.8/5.7 MBProgress (2): 4.6/6.0 MB | 4.8/5.7 MBProgress (2): 4.6/6.0 MB | 4.8/5.7 MBProgress (2): 4.6/6.0 MB | 4.8/5.7 MBProgress (2): 4.6/6.0 MB | 4.8/5.7 MBProgress (2): 4.6/6.0 MB | 4.8/5.7 MBProgress (2): 4.6/6.0 MB | 4.8/5.7 MBProgress (2): 4.6/6.0 MB | 4.8/5.7 MBProgress (2): 4.6/6.0 MB | 4.8/5.7 MBProgress (2): 4.6/6.0 MB | 4.8/5.7 MBProgress (2): 4.6/6.0 MB | 4.8/5.7 MBProgress (2): 4.6/6.0 MB | 4.8/5.7 MBProgress (2): 4.6/6.0 MB | 4.8/5.7 MBProgress (2): 4.6/6.0 MB | 4.8/5.7 MBProgress (2): 4.6/6.0 MB | 4.8/5.7 MBProgress (2): 4.6/6.0 MB | 4.8/5.7 MBProgress (2): 4.6/6.0 MB | 4.8/5.7 MBProgress (2): 4.6/6.0 MB | 4.8/5.7 MBProgress (2): 4.6/6.0 MB | 4.8/5.7 MBProgress (2): 4.6/6.0 MB | 4.9/5.7 MBProgress (2): 4.6/6.0 MB | 4.9/5.7 MBProgress (2): 4.6/6.0 MB | 4.9/5.7 MBProgress (2): 4.6/6.0 MB | 4.9/5.7 MBProgress (2): 4.6/6.0 MB | 4.9/5.7 MBProgress (2): 4.6/6.0 MB | 4.9/5.7 MBProgress (2): 4.6/6.0 MB | 4.9/5.7 MBProgress (2): 4.6/6.0 MB | 4.9/5.7 MBProgress (2): 4.6/6.0 MB | 4.9/5.7 MBProgress (2): 4.6/6.0 MB | 4.9/5.7 MBProgress (2): 4.6/6.0 MB | 4.9/5.7 MBProgress (2): 4.6/6.0 MB | 4.9/5.7 MBProgress (2): 4.6/6.0 MB | 4.9/5.7 MBProgress (2): 4.6/6.0 MB | 4.9/5.7 MBProgress (2): 4.6/6.0 MB | 4.9/5.7 MBProgress (2): 4.6/6.0 MB | 4.9/5.7 MBProgress (2): 4.7/6.0 MB | 4.9/5.7 MBProgress (2): 4.7/6.0 MB | 4.9/5.7 MBProgress (2): 4.7/6.0 MB | 4.9/5.7 MBProgress (2): 4.7/6.0 MB | 4.9/5.7 MBProgress (2): 4.7/6.0 MB | 4.9/5.7 MBProgress (2): 4.7/6.0 MB | 4.9/5.7 MBProgress (2): 4.7/6.0 MB | 4.9/5.7 MBProgress (2): 4.7/6.0 MB | 4.9/5.7 MBProgress (2): 4.7/6.0 MB | 4.9/5.7 MBProgress (2): 4.7/6.0 MB | 4.9/5.7 MBProgress (2): 4.7/6.0 MB | 4.9/5.7 MBProgress (2): 4.7/6.0 MB | 4.9/5.7 MBProgress (2): 4.7/6.0 MB | 4.9/5.7 MBProgress (2): 4.7/6.0 MB | 4.9/5.7 MBProgress (2): 4.7/6.0 MB | 4.9/5.7 MBProgress (2): 4.7/6.0 MB | 4.9/5.7 MBProgress (2): 4.7/6.0 MB | 4.9/5.7 MBProgress (2): 4.7/6.0 MB | 4.9/5.7 MBProgress (2): 4.7/6.0 MB | 4.9/5.7 MBProgress (2): 4.7/6.0 MB | 4.9/5.7 MBProgress (2): 4.7/6.0 MB | 4.9/5.7 MBProgress (2): 4.7/6.0 MB | 4.9/5.7 MBProgress (2): 4.7/6.0 MB | 4.9/5.7 MBProgress (2): 4.7/6.0 MB | 4.9/5.7 MBProgress (2): 4.7/6.0 MB | 4.9/5.7 MBProgress (2): 4.7/6.0 MB | 4.9/5.7 MBProgress (2): 4.7/6.0 MB | 4.9/5.7 MBProgress (2): 4.7/6.0 MB | 4.9/5.7 MBProgress (2): 4.7/6.0 MB | 4.9/5.7 MBProgress (2): 4.7/6.0 MB | 4.9/5.7 MBProgress (2): 4.7/6.0 MB | 4.9/5.7 MBProgress (2): 4.7/6.0 MB | 4.9/5.7 MBProgress (2): 4.7/6.0 MB | 4.9/5.7 MBProgress (2): 4.7/6.0 MB | 4.9/5.7 MBProgress (2): 4.7/6.0 MB | 4.9/5.7 MBProgress (2): 4.7/6.0 MB | 4.9/5.7 MBProgress (2): 4.7/6.0 MB | 4.9/5.7 MBProgress (2): 4.7/6.0 MB | 4.9/5.7 MBProgress (2): 4.7/6.0 MB | 4.9/5.7 MBProgress (2): 4.7/6.0 MB | 5.0/5.7 MBProgress (2): 4.7/6.0 MB | 5.0/5.7 MBProgress (2): 4.7/6.0 MB | 5.0/5.7 MBProgress (2): 4.7/6.0 MB | 5.0/5.7 MBProgress (2): 4.7/6.0 MB | 5.0/5.7 MBProgress (2): 4.8/6.0 MB | 5.0/5.7 MBProgress (2): 4.8/6.0 MB | 5.0/5.7 MBProgress (2): 4.8/6.0 MB | 5.0/5.7 MBProgress (2): 4.8/6.0 MB | 5.0/5.7 MBProgress (2): 4.8/6.0 MB | 5.0/5.7 MBProgress (2): 4.8/6.0 MB | 5.0/5.7 MBProgress (2): 4.8/6.0 MB | 5.0/5.7 MBProgress (2): 4.8/6.0 MB | 5.0/5.7 MBProgress (2): 4.8/6.0 MB | 5.0/5.7 MBProgress (2): 4.8/6.0 MB | 5.0/5.7 MBProgress (2): 4.8/6.0 MB | 5.0/5.7 MBProgress (2): 4.8/6.0 MB | 5.0/5.7 MBProgress (2): 4.8/6.0 MB | 5.0/5.7 MBProgress (2): 4.8/6.0 MB | 5.0/5.7 MBProgress (2): 4.8/6.0 MB | 5.0/5.7 MBProgress (2): 4.8/6.0 MB | 5.0/5.7 MBProgress (2): 4.8/6.0 MB | 5.0/5.7 MBProgress (2): 4.8/6.0 MB | 5.0/5.7 MBProgress (2): 4.8/6.0 MB | 5.0/5.7 MBProgress (2): 4.8/6.0 MB | 5.0/5.7 MBProgress (2): 4.8/6.0 MB | 5.0/5.7 MBProgress (2): 4.8/6.0 MB | 5.0/5.7 MBProgress (2): 4.8/6.0 MB | 5.0/5.7 MBProgress (2): 4.8/6.0 MB | 5.0/5.7 MBProgress (2): 4.8/6.0 MB | 5.0/5.7 MBProgress (2): 4.8/6.0 MB | 5.0/5.7 MBProgress (2): 4.8/6.0 MB | 5.0/5.7 MBProgress (2): 4.8/6.0 MB | 5.0/5.7 MBProgress (2): 4.8/6.0 MB | 5.0/5.7 MBProgress (2): 4.8/6.0 MB | 5.0/5.7 MBProgress (2): 4.8/6.0 MB | 5.0/5.7 MBProgress (2): 4.8/6.0 MB | 5.0/5.7 MBProgress (2): 4.8/6.0 MB | 5.0/5.7 MBProgress (2): 4.8/6.0 MB | 5.0/5.7 MBProgress (2): 4.8/6.0 MB | 5.0/5.7 MBProgress (2): 4.8/6.0 MB | 5.0/5.7 MBProgress (2): 4.8/6.0 MB | 5.0/5.7 MBProgress (2): 4.8/6.0 MB | 5.0/5.7 MBProgress (2): 4.8/6.0 MB | 5.0/5.7 MBProgress (2): 4.8/6.0 MB | 5.0/5.7 MBProgress (2): 4.9/6.0 MB | 5.0/5.7 MBProgress (2): 4.9/6.0 MB | 5.0/5.7 MBProgress (2): 4.9/6.0 MB | 5.0/5.7 MBProgress (2): 4.9/6.0 MB | 5.0/5.7 MBProgress (2): 4.9/6.0 MB | 5.0/5.7 MBProgress (2): 4.9/6.0 MB | 5.0/5.7 MBProgress (2): 4.9/6.0 MB | 5.0/5.7 MBProgress (2): 4.9/6.0 MB | 5.0/5.7 MBProgress (2): 4.9/6.0 MB | 5.0/5.7 MBProgress (2): 4.9/6.0 MB | 5.0/5.7 MBProgress (2): 4.9/6.0 MB | 5.0/5.7 MBProgress (2): 4.9/6.0 MB | 5.1/5.7 MBProgress (2): 4.9/6.0 MB | 5.1/5.7 MBProgress (2): 4.9/6.0 MB | 5.1/5.7 MBProgress (2): 4.9/6.0 MB | 5.1/5.7 MBProgress (2): 4.9/6.0 MB | 5.1/5.7 MBProgress (2): 4.9/6.0 MB | 5.1/5.7 MBProgress (2): 4.9/6.0 MB | 5.1/5.7 MBProgress (2): 4.9/6.0 MB | 5.1/5.7 MBProgress (2): 4.9/6.0 MB | 5.1/5.7 MBProgress (2): 4.9/6.0 MB | 5.1/5.7 MBProgress (2): 4.9/6.0 MB | 5.1/5.7 MBProgress (2): 4.9/6.0 MB | 5.1/5.7 MBProgress (2): 4.9/6.0 MB | 5.1/5.7 MBProgress (2): 4.9/6.0 MB | 5.1/5.7 MBProgress (2): 4.9/6.0 MB | 5.1/5.7 MBProgress (2): 4.9/6.0 MB | 5.1/5.7 MBProgress (2): 4.9/6.0 MB | 5.1/5.7 MBProgress (2): 4.9/6.0 MB | 5.1/5.7 MBProgress (2): 4.9/6.0 MB | 5.1/5.7 MBProgress (2): 4.9/6.0 MB | 5.1/5.7 MBProgress (2): 4.9/6.0 MB | 5.1/5.7 MBProgress (2): 4.9/6.0 MB | 5.1/5.7 MBProgress (2): 4.9/6.0 MB | 5.1/5.7 MBProgress (2): 4.9/6.0 MB | 5.1/5.7 MBProgress (2): 4.9/6.0 MB | 5.1/5.7 MBProgress (2): 4.9/6.0 MB | 5.1/5.7 MBProgress (2): 4.9/6.0 MB | 5.1/5.7 MBProgress (2): 4.9/6.0 MB | 5.1/5.7 MBProgress (2): 4.9/6.0 MB | 5.1/5.7 MBProgress (2): 4.9/6.0 MB | 5.1/5.7 MBProgress (2): 4.9/6.0 MB | 5.1/5.7 MBProgress (2): 4.9/6.0 MB | 5.1/5.7 MBProgress (2): 4.9/6.0 MB | 5.1/5.7 MBProgress (2): 4.9/6.0 MB | 5.1/5.7 MBProgress (2): 5.0/6.0 MB | 5.1/5.7 MBProgress (2): 5.0/6.0 MB | 5.1/5.7 MBProgress (2): 5.0/6.0 MB | 5.1/5.7 MBProgress (2): 5.0/6.0 MB | 5.1/5.7 MBProgress (2): 5.0/6.0 MB | 5.1/5.7 MBProgress (2): 5.0/6.0 MB | 5.1/5.7 MBProgress (2): 5.0/6.0 MB | 5.1/5.7 MBProgress (2): 5.0/6.0 MB | 5.1/5.7 MBProgress (2): 5.0/6.0 MB | 5.1/5.7 MBProgress (2): 5.0/6.0 MB | 5.1/5.7 MBProgress (2): 5.0/6.0 MB | 5.1/5.7 MBProgress (2): 5.0/6.0 MB | 5.1/5.7 MBProgress (2): 5.0/6.0 MB | 5.1/5.7 MBProgress (2): 5.0/6.0 MB | 5.1/5.7 MBProgress (2): 5.0/6.0 MB | 5.1/5.7 MBProgress (2): 5.0/6.0 MB | 5.1/5.7 MBProgress (2): 5.0/6.0 MB | 5.1/5.7 MBProgress (2): 5.0/6.0 MB | 5.1/5.7 MBProgress (2): 5.0/6.0 MB | 5.1/5.7 MBProgress (2): 5.0/6.0 MB | 5.1/5.7 MBProgress (2): 5.0/6.0 MB | 5.1/5.7 MBProgress (2): 5.0/6.0 MB | 5.1/5.7 MBProgress (2): 5.0/6.0 MB | 5.1/5.7 MBProgress (2): 5.0/6.0 MB | 5.1/5.7 MBProgress (2): 5.0/6.0 MB | 5.1/5.7 MBProgress (2): 5.0/6.0 MB | 5.1/5.7 MBProgress (2): 5.0/6.0 MB | 5.1/5.7 MBProgress (2): 5.0/6.0 MB | 5.1/5.7 MBProgress (2): 5.0/6.0 MB | 5.1/5.7 MBProgress (2): 5.0/6.0 MB | 5.1/5.7 MBProgress (2): 5.0/6.0 MB | 5.2/5.7 MBProgress (2): 5.0/6.0 MB | 5.2/5.7 MBProgress (2): 5.0/6.0 MB | 5.2/5.7 MBProgress (2): 5.0/6.0 MB | 5.2/5.7 MBProgress (2): 5.0/6.0 MB | 5.2/5.7 MBProgress (2): 5.0/6.0 MB | 5.2/5.7 MBProgress (2): 5.1/6.0 MB | 5.2/5.7 MBProgress (2): 5.1/6.0 MB | 5.2/5.7 MBProgress (2): 5.1/6.0 MB | 5.2/5.7 MBProgress (2): 5.1/6.0 MB | 5.2/5.7 MBProgress (2): 5.1/6.0 MB | 5.2/5.7 MBProgress (2): 5.1/6.0 MB | 5.2/5.7 MBProgress (2): 5.1/6.0 MB | 5.2/5.7 MBProgress (2): 5.1/6.0 MB | 5.2/5.7 MBProgress (2): 5.1/6.0 MB | 5.2/5.7 MBProgress (2): 5.1/6.0 MB | 5.2/5.7 MBProgress (2): 5.1/6.0 MB | 5.2/5.7 MBProgress (2): 5.1/6.0 MB | 5.2/5.7 MBProgress (2): 5.1/6.0 MB | 5.2/5.7 MBProgress (2): 5.1/6.0 MB | 5.2/5.7 MBProgress (2): 5.1/6.0 MB | 5.2/5.7 MBProgress (2): 5.1/6.0 MB | 5.2/5.7 MBProgress (2): 5.1/6.0 MB | 5.2/5.7 MBProgress (2): 5.1/6.0 MB | 5.2/5.7 MBProgress (2): 5.1/6.0 MB | 5.2/5.7 MBProgress (2): 5.1/6.0 MB | 5.2/5.7 MBProgress (2): 5.1/6.0 MB | 5.2/5.7 MBProgress (2): 5.1/6.0 MB | 5.2/5.7 MBProgress (2): 5.1/6.0 MB | 5.2/5.7 MBProgress (2): 5.1/6.0 MB | 5.2/5.7 MBProgress (2): 5.1/6.0 MB | 5.2/5.7 MBProgress (2): 5.1/6.0 MB | 5.2/5.7 MBProgress (2): 5.1/6.0 MB | 5.2/5.7 MBProgress (2): 5.1/6.0 MB | 5.2/5.7 MBProgress (2): 5.1/6.0 MB | 5.2/5.7 MBProgress (2): 5.1/6.0 MB | 5.2/5.7 MBProgress (2): 5.1/6.0 MB | 5.2/5.7 MBProgress (2): 5.1/6.0 MB | 5.2/5.7 MBProgress (2): 5.1/6.0 MB | 5.2/5.7 MBProgress (2): 5.1/6.0 MB | 5.2/5.7 MBProgress (2): 5.1/6.0 MB | 5.2/5.7 MBProgress (2): 5.1/6.0 MB | 5.2/5.7 MBProgress (2): 5.1/6.0 MB | 5.2/5.7 MBProgress (2): 5.1/6.0 MB | 5.2/5.7 MBProgress (2): 5.1/6.0 MB | 5.2/5.7 MBProgress (2): 5.2/6.0 MB | 5.2/5.7 MBProgress (2): 5.2/6.0 MB | 5.2/5.7 MBProgress (2): 5.2/6.0 MB | 5.2/5.7 MBProgress (2): 5.2/6.0 MB | 5.2/5.7 MBProgress (2): 5.2/6.0 MB | 5.2/5.7 MBProgress (2): 5.2/6.0 MB | 5.2/5.7 MBProgress (2): 5.2/6.0 MB | 5.2/5.7 MBProgress (2): 5.2/6.0 MB | 5.2/5.7 MBProgress (2): 5.2/6.0 MB | 5.2/5.7 MBProgress (2): 5.2/6.0 MB | 5.2/5.7 MBProgress (2): 5.2/6.0 MB | 5.2/5.7 MBProgress (2): 5.2/6.0 MB | 5.2/5.7 MBProgress (2): 5.2/6.0 MB | 5.2/5.7 MBProgress (2): 5.2/6.0 MB | 5.2/5.7 MBProgress (2): 5.2/6.0 MB | 5.2/5.7 MBProgress (2): 5.2/6.0 MB | 5.2/5.7 MBProgress (2): 5.2/6.0 MB | 5.3/5.7 MBProgress (2): 5.2/6.0 MB | 5.3/5.7 MBProgress (2): 5.2/6.0 MB | 5.3/5.7 MBProgress (2): 5.2/6.0 MB | 5.3/5.7 MBProgress (2): 5.2/6.0 MB | 5.3/5.7 MBProgress (2): 5.2/6.0 MB | 5.3/5.7 MBProgress (2): 5.2/6.0 MB | 5.3/5.7 MBProgress (2): 5.2/6.0 MB | 5.3/5.7 MBProgress (2): 5.2/6.0 MB | 5.3/5.7 MBProgress (2): 5.2/6.0 MB | 5.3/5.7 MBProgress (2): 5.2/6.0 MB | 5.3/5.7 MBProgress (2): 5.2/6.0 MB | 5.3/5.7 MBProgress (2): 5.2/6.0 MB | 5.3/5.7 MBProgress (2): 5.2/6.0 MB | 5.3/5.7 MBProgress (2): 5.2/6.0 MB | 5.3/5.7 MBProgress (2): 5.2/6.0 MB | 5.3/5.7 MBProgress (2): 5.2/6.0 MB | 5.3/5.7 MBProgress (2): 5.2/6.0 MB | 5.3/5.7 MBProgress (2): 5.2/6.0 MB | 5.3/5.7 MBProgress (2): 5.2/6.0 MB | 5.3/5.7 MBProgress (2): 5.2/6.0 MB | 5.3/5.7 MBProgress (2): 5.2/6.0 MB | 5.3/5.7 MBProgress (2): 5.2/6.0 MB | 5.3/5.7 MBProgress (2): 5.2/6.0 MB | 5.3/5.7 MBProgress (2): 5.2/6.0 MB | 5.3/5.7 MBProgress (2): 5.2/6.0 MB | 5.3/5.7 MBProgress (2): 5.3/6.0 MB | 5.3/5.7 MBProgress (2): 5.3/6.0 MB | 5.3/5.7 MBProgress (2): 5.3/6.0 MB | 5.3/5.7 MBProgress (2): 5.3/6.0 MB | 5.3/5.7 MBProgress (2): 5.3/6.0 MB | 5.3/5.7 MBProgress (2): 5.3/6.0 MB | 5.3/5.7 MBProgress (2): 5.3/6.0 MB | 5.3/5.7 MBProgress (2): 5.3/6.0 MB | 5.3/5.7 MBProgress (2): 5.3/6.0 MB | 5.3/5.7 MBProgress (2): 5.3/6.0 MB | 5.3/5.7 MBProgress (2): 5.3/6.0 MB | 5.3/5.7 MBProgress (2): 5.3/6.0 MB | 5.3/5.7 MBProgress (2): 5.3/6.0 MB | 5.3/5.7 MBProgress (2): 5.3/6.0 MB | 5.3/5.7 MBProgress (2): 5.3/6.0 MB | 5.3/5.7 MBProgress (2): 5.3/6.0 MB | 5.3/5.7 MBProgress (2): 5.3/6.0 MB | 5.3/5.7 MBProgress (2): 5.3/6.0 MB | 5.3/5.7 MBProgress (2): 5.3/6.0 MB | 5.3/5.7 MBProgress (2): 5.3/6.0 MB | 5.3/5.7 MBProgress (2): 5.3/6.0 MB | 5.3/5.7 MBProgress (2): 5.3/6.0 MB | 5.3/5.7 MBProgress (2): 5.3/6.0 MB | 5.3/5.7 MBProgress (2): 5.3/6.0 MB | 5.3/5.7 MBProgress (2): 5.3/6.0 MB | 5.3/5.7 MBProgress (2): 5.3/6.0 MB | 5.3/5.7 MBProgress (2): 5.3/6.0 MB | 5.3/5.7 MBProgress (2): 5.3/6.0 MB | 5.3/5.7 MBProgress (2): 5.3/6.0 MB | 5.3/5.7 MBProgress (2): 5.3/6.0 MB | 5.4/5.7 MBProgress (2): 5.3/6.0 MB | 5.4/5.7 MBProgress (2): 5.3/6.0 MB | 5.4/5.7 MBProgress (2): 5.3/6.0 MB | 5.4/5.7 MBProgress (2): 5.3/6.0 MB | 5.4/5.7 MBProgress (2): 5.3/6.0 MB | 5.4/5.7 MBProgress (2): 5.3/6.0 MB | 5.4/5.7 MBProgress (2): 5.3/6.0 MB | 5.4/5.7 MBProgress (2): 5.3/6.0 MB | 5.4/5.7 MBProgress (2): 5.3/6.0 MB | 5.4/5.7 MBProgress (2): 5.3/6.0 MB | 5.4/5.7 MBProgress (2): 5.3/6.0 MB | 5.4/5.7 MBProgress (2): 5.3/6.0 MB | 5.4/5.7 MBProgress (2): 5.3/6.0 MB | 5.4/5.7 MBProgress (2): 5.3/6.0 MB | 5.4/5.7 MBProgress (2): 5.3/6.0 MB | 5.4/5.7 MBProgress (2): 5.3/6.0 MB | 5.4/5.7 MBProgress (2): 5.4/6.0 MB | 5.4/5.7 MBProgress (2): 5.4/6.0 MB | 5.4/5.7 MBProgress (2): 5.4/6.0 MB | 5.4/5.7 MBProgress (2): 5.4/6.0 MB | 5.4/5.7 MBProgress (2): 5.4/6.0 MB | 5.4/5.7 MBProgress (2): 5.4/6.0 MB | 5.4/5.7 MBProgress (2): 5.4/6.0 MB | 5.4/5.7 MBProgress (2): 5.4/6.0 MB | 5.4/5.7 MBProgress (2): 5.4/6.0 MB | 5.4/5.7 MBProgress (2): 5.4/6.0 MB | 5.4/5.7 MBProgress (2): 5.4/6.0 MB | 5.4/5.7 MBProgress (2): 5.4/6.0 MB | 5.4/5.7 MBProgress (2): 5.4/6.0 MB | 5.4/5.7 MBProgress (2): 5.4/6.0 MB | 5.4/5.7 MBProgress (2): 5.4/6.0 MB | 5.4/5.7 MBProgress (2): 5.4/6.0 MB | 5.4/5.7 MBProgress (2): 5.4/6.0 MB | 5.4/5.7 MBProgress (2): 5.4/6.0 MB | 5.4/5.7 MBProgress (2): 5.4/6.0 MB | 5.4/5.7 MBProgress (2): 5.4/6.0 MB | 5.4/5.7 MBProgress (2): 5.4/6.0 MB | 5.4/5.7 MBProgress (2): 5.4/6.0 MB | 5.4/5.7 MBProgress (2): 5.4/6.0 MB | 5.4/5.7 MBProgress (2): 5.4/6.0 MB | 5.4/5.7 MBProgress (2): 5.4/6.0 MB | 5.4/5.7 MBProgress (2): 5.4/6.0 MB | 5.4/5.7 MBProgress (2): 5.4/6.0 MB | 5.4/5.7 MBProgress (2): 5.4/6.0 MB | 5.4/5.7 MBProgress (2): 5.4/6.0 MB | 5.4/5.7 MBProgress (2): 5.4/6.0 MB | 5.4/5.7 MBProgress (2): 5.4/6.0 MB | 5.4/5.7 MBProgress (2): 5.4/6.0 MB | 5.4/5.7 MBProgress (2): 5.4/6.0 MB | 5.4/5.7 MBProgress (2): 5.4/6.0 MB | 5.5/5.7 MBProgress (2): 5.4/6.0 MB | 5.5/5.7 MBProgress (2): 5.4/6.0 MB | 5.5/5.7 MBProgress (2): 5.4/6.0 MB | 5.5/5.7 MBProgress (2): 5.4/6.0 MB | 5.5/5.7 MBProgress (2): 5.4/6.0 MB | 5.5/5.7 MBProgress (2): 5.4/6.0 MB | 5.5/5.7 MBProgress (2): 5.4/6.0 MB | 5.5/5.7 MBProgress (2): 5.4/6.0 MB | 5.5/5.7 MBProgress (2): 5.4/6.0 MB | 5.5/5.7 MBProgress (2): 5.4/6.0 MB | 5.5/5.7 MBProgress (2): 5.4/6.0 MB | 5.5/5.7 MBProgress (2): 5.4/6.0 MB | 5.5/5.7 MBProgress (2): 5.4/6.0 MB | 5.5/5.7 MBProgress (2): 5.4/6.0 MB | 5.5/5.7 MBProgress (2): 5.4/6.0 MB | 5.5/5.7 MBProgress (2): 5.4/6.0 MB | 5.5/5.7 MBProgress (2): 5.4/6.0 MB | 5.5/5.7 MBProgress (2): 5.5/6.0 MB | 5.5/5.7 MBProgress (2): 5.5/6.0 MB | 5.5/5.7 MBProgress (2): 5.5/6.0 MB | 5.5/5.7 MBProgress (2): 5.5/6.0 MB | 5.5/5.7 MBProgress (2): 5.5/6.0 MB | 5.5/5.7 MBProgress (2): 5.5/6.0 MB | 5.5/5.7 MBProgress (2): 5.5/6.0 MB | 5.5/5.7 MBProgress (2): 5.5/6.0 MB | 5.5/5.7 MBProgress (2): 5.5/6.0 MB | 5.5/5.7 MBProgress (2): 5.5/6.0 MB | 5.5/5.7 MBProgress (2): 5.5/6.0 MB | 5.5/5.7 MBProgress (2): 5.5/6.0 MB | 5.5/5.7 MBProgress (2): 5.5/6.0 MB | 5.5/5.7 MBProgress (2): 5.5/6.0 MB | 5.5/5.7 MBProgress (2): 5.5/6.0 MB | 5.5/5.7 MBProgress (2): 5.5/6.0 MB | 5.5/5.7 MBProgress (2): 5.5/6.0 MB | 5.5/5.7 MBProgress (2): 5.5/6.0 MB | 5.5/5.7 MBProgress (2): 5.5/6.0 MB | 5.5/5.7 MBProgress (2): 5.5/6.0 MB | 5.5/5.7 MBProgress (2): 5.5/6.0 MB | 5.5/5.7 MBProgress (2): 5.5/6.0 MB | 5.5/5.7 MBProgress (2): 5.5/6.0 MB | 5.5/5.7 MBProgress (2): 5.5/6.0 MB | 5.5/5.7 MBProgress (2): 5.5/6.0 MB | 5.5/5.7 MBProgress (2): 5.5/6.0 MB | 5.5/5.7 MBProgress (2): 5.5/6.0 MB | 5.5/5.7 MBProgress (2): 5.5/6.0 MB | 5.5/5.7 MBProgress (2): 5.5/6.0 MB | 5.5/5.7 MBProgress (2): 5.5/6.0 MB | 5.5/5.7 MBProgress (2): 5.5/6.0 MB | 5.6/5.7 MBProgress (2): 5.5/6.0 MB | 5.6/5.7 MBProgress (2): 5.5/6.0 MB | 5.6/5.7 MBProgress (2): 5.5/6.0 MB | 5.6/5.7 MBProgress (2): 5.5/6.0 MB | 5.6/5.7 MBProgress (2): 5.5/6.0 MB | 5.6/5.7 MBProgress (2): 5.5/6.0 MB | 5.6/5.7 MBProgress (2): 5.5/6.0 MB | 5.6/5.7 MBProgress (2): 5.5/6.0 MB | 5.6/5.7 MBProgress (2): 5.5/6.0 MB | 5.6/5.7 MBProgress (2): 5.5/6.0 MB | 5.6/5.7 MBProgress (2): 5.5/6.0 MB | 5.6/5.7 MBProgress (2): 5.5/6.0 MB | 5.6/5.7 MBProgress (2): 5.5/6.0 MB | 5.6/5.7 MBProgress (2): 5.5/6.0 MB | 5.6/5.7 MBProgress (2): 5.5/6.0 MB | 5.6/5.7 MBProgress (2): 5.5/6.0 MB | 5.6/5.7 MBProgress (2): 5.5/6.0 MB | 5.6/5.7 MBProgress (2): 5.6/6.0 MB | 5.6/5.7 MBProgress (2): 5.6/6.0 MB | 5.6/5.7 MBProgress (2): 5.6/6.0 MB | 5.6/5.7 MBProgress (2): 5.6/6.0 MB | 5.6/5.7 MBProgress (2): 5.6/6.0 MB | 5.6/5.7 MBProgress (2): 5.6/6.0 MB | 5.6/5.7 MBProgress (2): 5.6/6.0 MB | 5.6/5.7 MBProgress (2): 5.6/6.0 MB | 5.6/5.7 MBProgress (2): 5.6/6.0 MB | 5.6/5.7 MBProgress (2): 5.6/6.0 MB | 5.6/5.7 MBProgress (2): 5.6/6.0 MB | 5.6/5.7 MBProgress (2): 5.6/6.0 MB | 5.6/5.7 MBProgress (2): 5.6/6.0 MB | 5.6/5.7 MBProgress (2): 5.6/6.0 MB | 5.6/5.7 MBProgress (2): 5.6/6.0 MB | 5.6/5.7 MBProgress (2): 5.6/6.0 MB | 5.6/5.7 MBProgress (2): 5.6/6.0 MB | 5.6/5.7 MBProgress (2): 5.6/6.0 MB | 5.6/5.7 MBProgress (2): 5.6/6.0 MB | 5.6/5.7 MBProgress (2): 5.6/6.0 MB | 5.6/5.7 MBProgress (2): 5.6/6.0 MB | 5.6/5.7 MBProgress (2): 5.6/6.0 MB | 5.6/5.7 MBProgress (2): 5.6/6.0 MB | 5.6/5.7 MBProgress (2): 5.6/6.0 MB | 5.6/5.7 MBProgress (2): 5.6/6.0 MB | 5.6/5.7 MBProgress (2): 5.6/6.0 MB | 5.6/5.7 MBProgress (2): 5.6/6.0 MB | 5.6/5.7 MBProgress (2): 5.6/6.0 MB | 5.6/5.7 MBProgress (2): 5.6/6.0 MB | 5.6/5.7 MBProgress (2): 5.6/6.0 MB | 5.6/5.7 MBProgress (2): 5.6/6.0 MB | 5.6/5.7 MBProgress (2): 5.6/6.0 MB | 5.7/5.7 MBProgress (2): 5.6/6.0 MB | 5.7/5.7 MBProgress (2): 5.6/6.0 MB | 5.7/5.7 MBProgress (2): 5.6/6.0 MB | 5.7/5.7 MBProgress (2): 5.6/6.0 MB | 5.7/5.7 MBProgress (2): 5.6/6.0 MB | 5.7/5.7 MBProgress (2): 5.6/6.0 MB | 5.7/5.7 MBProgress (2): 5.6/6.0 MB | 5.7/5.7 MBProgress (2): 5.6/6.0 MB | 5.7/5.7 MBProgress (2): 5.6/6.0 MB | 5.7/5.7 MBProgress (2): 5.6/6.0 MB | 5.7/5.7 MBProgress (2): 5.6/6.0 MB | 5.7/5.7 MBProgress (2): 5.6/6.0 MB | 5.7/5.7 MBProgress (2): 5.6/6.0 MB | 5.7/5.7 MBProgress (2): 5.6/6.0 MB | 5.7/5.7 MBProgress (2): 5.6/6.0 MB | 5.7/5.7 MBProgress (2): 5.6/6.0 MB | 5.7/5.7 MBProgress (2): 5.6/6.0 MB | 5.7/5.7 MBProgress (2): 5.6/6.0 MB | 5.7/5.7 MBProgress (2): 5.6/6.0 MB | 5.7 MB    Progress (2): 5.6/6.0 MB | 5.7 MBProgress (2): 5.7/6.0 MB | 5.7 MBProgress (2): 5.7/6.0 MB | 5.7 MBProgress (2): 5.7/6.0 MB | 5.7 MBProgress (2): 5.7/6.0 MB | 5.7 MBProgress (2): 5.7/6.0 MB | 5.7 MBProgress (2): 5.7/6.0 MB | 5.7 MBProgress (2): 5.7/6.0 MB | 5.7 MBProgress (2): 5.7/6.0 MB | 5.7 MBProgress (2): 5.7/6.0 MB | 5.7 MBProgress (2): 5.7/6.0 MB | 5.7 MBProgress (2): 5.7/6.0 MB | 5.7 MBProgress (2): 5.7/6.0 MB | 5.7 MBProgress (2): 5.7/6.0 MB | 5.7 MBProgress (2): 5.7/6.0 MB | 5.7 MBProgress (2): 5.7/6.0 MB | 5.7 MBProgress (2): 5.7/6.0 MB | 5.7 MBProgress (2): 5.7/6.0 MB | 5.7 MBProgress (2): 5.7/6.0 MB | 5.7 MBProgress (2): 5.7/6.0 MB | 5.7 MBProgress (2): 5.7/6.0 MB | 5.7 MBProgress (2): 5.7/6.0 MB | 5.7 MBProgress (2): 5.7/6.0 MB | 5.7 MBProgress (2): 5.7/6.0 MB | 5.7 MBProgress (2): 5.7/6.0 MB | 5.7 MBProgress (2): 5.8/6.0 MB | 5.7 MBProgress (2): 5.8/6.0 MB | 5.7 MBProgress (2): 5.8/6.0 MB | 5.7 MBProgress (2): 5.8/6.0 MB | 5.7 MBProgress (2): 5.8/6.0 MB | 5.7 MBProgress (2): 5.8/6.0 MB | 5.7 MBProgress (2): 5.8/6.0 MB | 5.7 MBProgress (2): 5.8/6.0 MB | 5.7 MBProgress (2): 5.8/6.0 MB | 5.7 MBProgress (2): 5.8/6.0 MB | 5.7 MBProgress (2): 5.8/6.0 MB | 5.7 MBProgress (2): 5.8/6.0 MB | 5.7 MBProgress (2): 5.8/6.0 MB | 5.7 MBProgress (2): 5.8/6.0 MB | 5.7 MBProgress (2): 5.8/6.0 MB | 5.7 MBProgress (2): 5.8/6.0 MB | 5.7 MBProgress (2): 5.8/6.0 MB | 5.7 MBProgress (2): 5.8/6.0 MB | 5.7 MBProgress (2): 5.8/6.0 MB | 5.7 MBProgress (2): 5.8/6.0 MB | 5.7 MBProgress (2): 5.8/6.0 MB | 5.7 MBProgress (2): 5.8/6.0 MB | 5.7 MBProgress (2): 5.8/6.0 MB | 5.7 MBProgress (2): 5.8/6.0 MB | 5.7 MBProgress (2): 5.8/6.0 MB | 5.7 MBProgress (2): 5.9/6.0 MB | 5.7 MBProgress (2): 5.9/6.0 MB | 5.7 MBProgress (2): 5.9/6.0 MB | 5.7 MBProgress (2): 5.9/6.0 MB | 5.7 MBProgress (2): 5.9/6.0 MB | 5.7 MBProgress (2): 5.9/6.0 MB | 5.7 MBProgress (2): 5.9/6.0 MB | 5.7 MBProgress (2): 5.9/6.0 MB | 5.7 MBProgress (2): 5.9/6.0 MB | 5.7 MBProgress (2): 5.9/6.0 MB | 5.7 MBProgress (2): 5.9/6.0 MB | 5.7 MBProgress (2): 5.9/6.0 MB | 5.7 MBProgress (2): 5.9/6.0 MB | 5.7 MBProgress (2): 5.9/6.0 MB | 5.7 MBProgress (2): 5.9/6.0 MB | 5.7 MBProgress (2): 5.9/6.0 MB | 5.7 MBProgress (2): 5.9/6.0 MB | 5.7 MBProgress (2): 5.9/6.0 MB | 5.7 MBProgress (2): 5.9/6.0 MB | 5.7 MBProgress (2): 5.9/6.0 MB | 5.7 MBProgress (2): 5.9/6.0 MB | 5.7 MBProgress (2): 5.9/6.0 MB | 5.7 MBProgress (2): 5.9/6.0 MB | 5.7 MBProgress (2): 5.9/6.0 MB | 5.7 MBProgress (2): 6.0/6.0 MB | 5.7 MBProgress (2): 6.0/6.0 MB | 5.7 MBProgress (2): 6.0 MB | 5.7 MB                                 Downloaded from central: https://repo.maven.apache.org/maven2/org/apache/hadoop/hadoop-hdfs/3.2.1/hadoop-hdfs-3.2.1-tests.jar (5.7 MB at 11 MB/s)
Downloaded from central: https://repo.maven.apache.org/maven2/org/apache/hadoop/hadoop-hdfs/3.2.1/hadoop-hdfs-3.2.1.jar (6.0 MB at 11 MB/s)
[[1;34mINFO[m] 
[[1;34mINFO[m] [1m--- [0;32mmaven-antrun-plugin:1.7:run[m [1m(create-testdirs)[m @ [36mhadoop-hdfs-nfs[0;1m ---[m
[[1;34mINFO[m] Executing tasks

main:
[[1;34mINFO[m] Executed tasks
[[1;34mINFO[m] 
[[1;34mINFO[m] [1m--- [0;32mmaven-resources-plugin:2.6:resources[m [1m(default-resources)[m @ [36mhadoop-hdfs-nfs[0;1m ---[m
[[1;34mINFO[m] Using 'UTF-8' encoding to copy filtered resources.
[[1;34mINFO[m] skip non existing resourceDirectory /root/hadoop-3.2.1-src/hadoop-hdfs-project/hadoop-hdfs-nfs/src/main/resources
[[1;34mINFO[m] 
[[1;34mINFO[m] [1m--- [0;32mmaven-compiler-plugin:3.1:compile[m [1m(default-compile)[m @ [36mhadoop-hdfs-nfs[0;1m ---[m
[[1;34mINFO[m] Nothing to compile - all classes are up to date
[[1;34mINFO[m] 
[[1;34mINFO[m] [1m--- [0;32mmaven-resources-plugin:2.6:testResources[m [1m(default-testResources)[m @ [36mhadoop-hdfs-nfs[0;1m ---[m
[[1;34mINFO[m] Using 'UTF-8' encoding to copy filtered resources.
[[1;34mINFO[m] Copying 1 resource
[[1;34mINFO[m] 
[[1;34mINFO[m] [1m--- [0;32mmaven-compiler-plugin:3.1:testCompile[m [1m(default-testCompile)[m @ [36mhadoop-hdfs-nfs[0;1m ---[m
[[1;34mINFO[m] Nothing to compile - all classes are up to date
[[1;34mINFO[m] 
[[1;34mINFO[m] [1m--- [0;32mmaven-surefire-plugin:3.0.0-M1:test[m [1m(default-test)[m @ [36mhadoop-hdfs-nfs[0;1m ---[m
[[1;34mINFO[m] 
[[1;34mINFO[m] -------------------------------------------------------
[[1;34mINFO[m]  T E S T S
[[1;34mINFO[m] -------------------------------------------------------
[[1;34mINFO[m] Running org.apache.hadoop.hdfs.nfs.[1mTestMountd[m
[[1;34mINFO[m] [1;32mTests run: [0;1;32m1[m, Failures: 0, Errors: 0, Skipped: 0, Time elapsed: 4.419 s - in org.apache.hadoop.hdfs.nfs.[1mTestMountd[m
[[1;34mINFO[m] Running org.apache.hadoop.hdfs.nfs.nfs3.[1mTestClientAccessPrivilege[m
[[1;34mINFO[m] [1;32mTests run: [0;1;32m1[m, Failures: 0, Errors: 0, Skipped: 0, Time elapsed: 4.561 s - in org.apache.hadoop.hdfs.nfs.nfs3.[1mTestClientAccessPrivilege[m
[[1;34mINFO[m] Running org.apache.hadoop.hdfs.nfs.nfs3.[1mTestExportsTable[m
[[1;34mINFO[m] [1;32mTests run: [0;1;32m6[m, Failures: 0, Errors: 0, Skipped: 0, Time elapsed: 12.667 s - in org.apache.hadoop.hdfs.nfs.nfs3.[1mTestExportsTable[m
[[1;34mINFO[m] Running org.apache.hadoop.hdfs.nfs.nfs3.[1mTestOpenFileCtxCache[m
[[1;34mINFO[m] [1;32mTests run: [0;1;32m2[m, Failures: 0, Errors: 0, Skipped: 0, Time elapsed: 31.639 s - in org.apache.hadoop.hdfs.nfs.nfs3.[1mTestOpenFileCtxCache[m
[[1;34mINFO[m] Running org.apache.hadoop.hdfs.nfs.nfs3.[1mTestDFSClientCache[m
[[1;34mINFO[m] [1;32mTests run: [0;1;32m3[m, Failures: 0, Errors: 0, Skipped: 0, Time elapsed: 1.007 s - in org.apache.hadoop.hdfs.nfs.nfs3.[1mTestDFSClientCache[m
[[1;34mINFO[m] Running org.apache.hadoop.hdfs.nfs.nfs3.[1mTestRpcProgramNfs3[m
[[1;34mINFO[m] [1;32mTests run: [0;1;32m22[m, Failures: 0, Errors: 0, Skipped: 0, Time elapsed: 8.21 s - in org.apache.hadoop.hdfs.nfs.nfs3.[1mTestRpcProgramNfs3[m
[[1;34mINFO[m] Running org.apache.hadoop.hdfs.nfs.nfs3.[1mTestNfs3Utils[m
[[1;34mINFO[m] [1;32mTests run: [0;1;32m1[m, Failures: 0, Errors: 0, Skipped: 0, Time elapsed: 0.189 s - in org.apache.hadoop.hdfs.nfs.nfs3.[1mTestNfs3Utils[m
[[1;34mINFO[m] Running org.apache.hadoop.hdfs.nfs.nfs3.[1mTestWrites[m
[[1;34mINFO[m] [1;32mTests run: [0;1;32m10[m, Failures: 0, Errors: 0, Skipped: 0, Time elapsed: 19.331 s - in org.apache.hadoop.hdfs.nfs.nfs3.[1mTestWrites[m
[[1;34mINFO[m] Running org.apache.hadoop.hdfs.nfs.nfs3.[1mTestOffsetRange[m
[[1;34mINFO[m] [1;32mTests run: [0;1;32m5[m, Failures: 0, Errors: 0, Skipped: 0, Time elapsed: 0.061 s - in org.apache.hadoop.hdfs.nfs.nfs3.[1mTestOffsetRange[m
[[1;34mINFO[m] Running org.apache.hadoop.hdfs.nfs.nfs3.[1mTestViewfsWithNfs3[m
[[1;34mINFO[m] [1;32mTests run: [0;1;32m10[m, Failures: 0, Errors: 0, Skipped: 0, Time elapsed: 5.255 s - in org.apache.hadoop.hdfs.nfs.nfs3.[1mTestViewfsWithNfs3[m
[[1;34mINFO[m] Running org.apache.hadoop.hdfs.nfs.nfs3.[1mTestReaddir[m
[[1;34mINFO[m] [1;32mTests run: [0;1;32m2[m, Failures: 0, Errors: 0, Skipped: 0, Time elapsed: 4.759 s - in org.apache.hadoop.hdfs.nfs.nfs3.[1mTestReaddir[m
[[1;34mINFO[m] Running org.apache.hadoop.hdfs.nfs.nfs3.[1mTestNfs3HttpServer[m
[[1;34mINFO[m] [1;32mTests run: [0;1;32m1[m, Failures: 0, Errors: 0, Skipped: 0, Time elapsed: 5.24 s - in org.apache.hadoop.hdfs.nfs.nfs3.[1mTestNfs3HttpServer[m
[[1;34mINFO[m] 
[[1;34mINFO[m] Results:
[[1;34mINFO[m] 
[[1;34mINFO[m] [1;32mTests run: 64, Failures: 0, Errors: 0, Skipped: 0[m
[[1;34mINFO[m] 
[[1;34mINFO[m] [1m------------------------------------------------------------------------[m
[[1;34mINFO[m] [1;32mBUILD SUCCESS[m
[[1;34mINFO[m] [1m------------------------------------------------------------------------[m
[[1;34mINFO[m] Total time:  01:51 min
[[1;34mINFO[m] Finished at: 2020-04-08T07:10:39Z
[[1;34mINFO[m] [1m------------------------------------------------------------------------[m
