[[1;34mINFO[m] Scanning for projects...
[[1;34mINFO[m] 
[[1;34mINFO[m] [1m----------------< [0;36morg.apache.hadoop:hadoop-hdfs-httpfs[0;1m >----------------[m
[[1;34mINFO[m] [1mBuilding Apache Hadoop HttpFS 3.2.1[m
[[1;34mINFO[m] [1m--------------------------------[ jar ]---------------------------------[m
Downloading from apache.snapshots.https: https://repository.apache.org/content/repositories/snapshots/org/apache/hadoop/hadoop-hdfs/3.2.1/hadoop-hdfs-3.2.1.pom
Downloading from repository.jboss.org: https://repository.jboss.org/nexus/content/groups/public/org/apache/hadoop/hadoop-hdfs/3.2.1/hadoop-hdfs-3.2.1.pom
Downloading from central: https://repo.maven.apache.org/maven2/org/apache/hadoop/hadoop-hdfs/3.2.1/hadoop-hdfs-3.2.1.pom
Progress (1): 2.2/23 kBProgress (1): 5.0/23 kBProgress (1): 7.8/23 kBProgress (1): 11/23 kB Progress (1): 13/23 kBProgress (1): 16/23 kBProgress (1): 19/23 kBProgress (1): 21/23 kBProgress (1): 23 kB                      Downloaded from central: https://repo.maven.apache.org/maven2/org/apache/hadoop/hadoop-hdfs/3.2.1/hadoop-hdfs-3.2.1.pom (23 kB at 115 kB/s)
Downloading from apache.snapshots.https: https://repository.apache.org/content/repositories/snapshots/org/apache/hadoop/hadoop-hdfs/3.2.1/hadoop-hdfs-3.2.1.jar
Downloading from apache.snapshots.https: https://repository.apache.org/content/repositories/snapshots/org/apache/hadoop/hadoop-hdfs/3.2.1/hadoop-hdfs-3.2.1-tests.jar
Downloading from apache.snapshots.https: https://repository.apache.org/content/repositories/snapshots/org/apache/hadoop/hadoop-auth/3.2.1/hadoop-auth-3.2.1-tests.jar
Downloading from repository.jboss.org: https://repository.jboss.org/nexus/content/groups/public/org/apache/hadoop/hadoop-hdfs/3.2.1/hadoop-hdfs-3.2.1.jar
Downloading from repository.jboss.org: https://repository.jboss.org/nexus/content/groups/public/org/apache/hadoop/hadoop-hdfs/3.2.1/hadoop-hdfs-3.2.1-tests.jar
Downloading from repository.jboss.org: https://repository.jboss.org/nexus/content/groups/public/org/apache/hadoop/hadoop-auth/3.2.1/hadoop-auth-3.2.1-tests.jar
Downloading from central: https://repo.maven.apache.org/maven2/org/apache/hadoop/hadoop-hdfs/3.2.1/hadoop-hdfs-3.2.1.jar
Downloading from central: https://repo.maven.apache.org/maven2/org/apache/hadoop/hadoop-hdfs/3.2.1/hadoop-hdfs-3.2.1-tests.jar
Downloading from central: https://repo.maven.apache.org/maven2/org/apache/hadoop/hadoop-auth/3.2.1/hadoop-auth-3.2.1-tests.jar
Progress (1): 0/6.0 MBProgress (1): 0/6.0 MBProgress (1): 0/6.0 MBProgress (1): 0/6.0 MBProgress (1): 0/6.0 MBProgress (1): 0/6.0 MBProgress (1): 0/6.0 MBProgress (1): 0/6.0 MBProgress (1): 0/6.0 MBProgress (1): 0/6.0 MBProgress (1): 0/6.0 MBProgress (1): 0/6.0 MBProgress (1): 0/6.0 MBProgress (1): 0/6.0 MBProgress (1): 0/6.0 MBProgress (1): 0/6.0 MBProgress (1): 0.1/6.0 MBProgress (1): 0.1/6.0 MBProgress (1): 0.1/6.0 MBProgress (1): 0.1/6.0 MBProgress (1): 0.1/6.0 MBProgress (1): 0.1/6.0 MBProgress (1): 0.1/6.0 MBProgress (1): 0.1/6.0 MBProgress (1): 0.1/6.0 MBProgress (1): 0.1/6.0 MBProgress (1): 0.1/6.0 MBProgress (1): 0.1/6.0 MBProgress (1): 0.1/6.0 MBProgress (1): 0.1/6.0 MBProgress (1): 0.1/6.0 MBProgress (1): 0.1/6.0 MBProgress (2): 0.1/6.0 MB | 0/5.7 MBProgress (3): 0.1/6.0 MB | 0/5.7 MB | 2.2/146 kBProgress (3): 0.1/6.0 MB | 0/5.7 MB | 2.2/146 kBProgress (3): 0.1/6.0 MB | 0/5.7 MB | 2.2/146 kBProgress (3): 0.1/6.0 MB | 0/5.7 MB | 2.2/146 kBProgress (3): 0.1/6.0 MB | 0/5.7 MB | 5.0/146 kBProgress (3): 0.1/6.0 MB | 0/5.7 MB | 5.0/146 kBProgress (3): 0.1/6.0 MB | 0/5.7 MB | 7.7/146 kBProgress (3): 0.1/6.0 MB | 0/5.7 MB | 7.7/146 kBProgress (3): 0.1/6.0 MB | 0/5.7 MB | 10/146 kB Progress (3): 0.1/6.0 MB | 0/5.7 MB | 10/146 kBProgress (3): 0.1/6.0 MB | 0/5.7 MB | 10/146 kBProgress (3): 0.1/6.0 MB | 0/5.7 MB | 10/146 kBProgress (3): 0.1/6.0 MB | 0/5.7 MB | 10/146 kBProgress (3): 0.1/6.0 MB | 0/5.7 MB | 10/146 kBProgress (3): 0.1/6.0 MB | 0/5.7 MB | 10/146 kBProgress (3): 0.1/6.0 MB | 0/5.7 MB | 10/146 kBProgress (3): 0.1/6.0 MB | 0/5.7 MB | 13/146 kBProgress (3): 0.2/6.0 MB | 0/5.7 MB | 13/146 kBProgress (3): 0.2/6.0 MB | 0/5.7 MB | 13/146 kBProgress (3): 0.2/6.0 MB | 0/5.7 MB | 13/146 kBProgress (3): 0.2/6.0 MB | 0/5.7 MB | 13/146 kBProgress (3): 0.2/6.0 MB | 0/5.7 MB | 16/146 kBProgress (3): 0.2/6.0 MB | 0/5.7 MB | 16/146 kBProgress (3): 0.2/6.0 MB | 0/5.7 MB | 16/146 kBProgress (3): 0.2/6.0 MB | 0/5.7 MB | 19/146 kBProgress (3): 0.2/6.0 MB | 0/5.7 MB | 19/146 kBProgress (3): 0.2/6.0 MB | 0/5.7 MB | 19/146 kBProgress (3): 0.2/6.0 MB | 0/5.7 MB | 21/146 kBProgress (3): 0.2/6.0 MB | 0/5.7 MB | 21/146 kBProgress (3): 0.2/6.0 MB | 0/5.7 MB | 24/146 kBProgress (3): 0.2/6.0 MB | 0/5.7 MB | 24/146 kBProgress (3): 0.2/6.0 MB | 0/5.7 MB | 24/146 kBProgress (3): 0.2/6.0 MB | 0/5.7 MB | 24/146 kBProgress (3): 0.2/6.0 MB | 0/5.7 MB | 27/146 kBProgress (3): 0.2/6.0 MB | 0/5.7 MB | 27/146 kBProgress (3): 0.2/6.0 MB | 0/5.7 MB | 27/146 kBProgress (3): 0.2/6.0 MB | 0/5.7 MB | 27/146 kBProgress (3): 0.2/6.0 MB | 0/5.7 MB | 30/146 kBProgress (3): 0.2/6.0 MB | 0/5.7 MB | 30/146 kBProgress (3): 0.2/6.0 MB | 0/5.7 MB | 32/146 kBProgress (3): 0.2/6.0 MB | 0/5.7 MB | 32/146 kBProgress (3): 0.2/6.0 MB | 0/5.7 MB | 32/146 kBProgress (3): 0.2/6.0 MB | 0/5.7 MB | 32/146 kBProgress (3): 0.2/6.0 MB | 0/5.7 MB | 32/146 kBProgress (3): 0.2/6.0 MB | 0/5.7 MB | 32/146 kBProgress (3): 0.2/6.0 MB | 0/5.7 MB | 32/146 kBProgress (3): 0.2/6.0 MB | 0/5.7 MB | 32/146 kBProgress (3): 0.2/6.0 MB | 0/5.7 MB | 32/146 kBProgress (3): 0.2/6.0 MB | 0/5.7 MB | 32/146 kBProgress (3): 0.2/6.0 MB | 0/5.7 MB | 32/146 kBProgress (3): 0.2/6.0 MB | 0/5.7 MB | 32/146 kBProgress (3): 0.2/6.0 MB | 0/5.7 MB | 32/146 kBProgress (3): 0.2/6.0 MB | 0/5.7 MB | 32/146 kBProgress (3): 0.2/6.0 MB | 0/5.7 MB | 32/146 kBProgress (3): 0.2/6.0 MB | 0/5.7 MB | 32/146 kBProgress (3): 0.2/6.0 MB | 0/5.7 MB | 32/146 kBProgress (3): 0.3/6.0 MB | 0/5.7 MB | 32/146 kBProgress (3): 0.3/6.0 MB | 0/5.7 MB | 32/146 kBProgress (3): 0.3/6.0 MB | 0/5.7 MB | 32/146 kBProgress (3): 0.3/6.0 MB | 0/5.7 MB | 36/146 kBProgress (3): 0.3/6.0 MB | 0/5.7 MB | 36/146 kBProgress (3): 0.3/6.0 MB | 0/5.7 MB | 40/146 kBProgress (3): 0.3/6.0 MB | 0/5.7 MB | 40/146 kBProgress (3): 0.3/6.0 MB | 0/5.7 MB | 45/146 kBProgress (3): 0.3/6.0 MB | 0/5.7 MB | 45/146 kBProgress (3): 0.3/6.0 MB | 0/5.7 MB | 49/146 kBProgress (3): 0.3/6.0 MB | 0/5.7 MB | 49/146 kBProgress (3): 0.3/6.0 MB | 0/5.7 MB | 49/146 kBProgress (3): 0.3/6.0 MB | 0/5.7 MB | 49/146 kBProgress (3): 0.3/6.0 MB | 0/5.7 MB | 49/146 kBProgress (3): 0.3/6.0 MB | 0/5.7 MB | 49/146 kBProgress (3): 0.3/6.0 MB | 0/5.7 MB | 49/146 kBProgress (3): 0.3/6.0 MB | 0/5.7 MB | 49/146 kBProgress (3): 0.3/6.0 MB | 0/5.7 MB | 53/146 kBProgress (3): 0.3/6.0 MB | 0/5.7 MB | 53/146 kBProgress (3): 0.3/6.0 MB | 0/5.7 MB | 57/146 kBProgress (3): 0.3/6.0 MB | 0.1/5.7 MB | 57/146 kBProgress (3): 0.3/6.0 MB | 0.1/5.7 MB | 57/146 kBProgress (3): 0.3/6.0 MB | 0.1/5.7 MB | 57/146 kBProgress (3): 0.3/6.0 MB | 0.1/5.7 MB | 61/146 kBProgress (3): 0.3/6.0 MB | 0.1/5.7 MB | 61/146 kBProgress (3): 0.3/6.0 MB | 0.1/5.7 MB | 61/146 kBProgress (3): 0.3/6.0 MB | 0.1/5.7 MB | 65/146 kBProgress (3): 0.3/6.0 MB | 0.1/5.7 MB | 65/146 kBProgress (3): 0.3/6.0 MB | 0.1/5.7 MB | 65/146 kBProgress (3): 0.3/6.0 MB | 0.1/5.7 MB | 65/146 kBProgress (3): 0.3/6.0 MB | 0.1/5.7 MB | 65/146 kBProgress (3): 0.3/6.0 MB | 0.1/5.7 MB | 69/146 kBProgress (3): 0.3/6.0 MB | 0.1/5.7 MB | 69/146 kBProgress (3): 0.3/6.0 MB | 0.1/5.7 MB | 69/146 kBProgress (3): 0.3/6.0 MB | 0.1/5.7 MB | 73/146 kBProgress (3): 0.3/6.0 MB | 0.1/5.7 MB | 73/146 kBProgress (3): 0.3/6.0 MB | 0.1/5.7 MB | 73/146 kBProgress (3): 0.3/6.0 MB | 0.1/5.7 MB | 73/146 kBProgress (3): 0.3/6.0 MB | 0.1/5.7 MB | 77/146 kBProgress (3): 0.3/6.0 MB | 0.1/5.7 MB | 77/146 kBProgress (3): 0.3/6.0 MB | 0.1/5.7 MB | 77/146 kBProgress (3): 0.3/6.0 MB | 0.1/5.7 MB | 81/146 kBProgress (3): 0.3/6.0 MB | 0.1/5.7 MB | 81/146 kBProgress (3): 0.3/6.0 MB | 0.1/5.7 MB | 81/146 kBProgress (3): 0.3/6.0 MB | 0.1/5.7 MB | 81/146 kBProgress (3): 0.3/6.0 MB | 0.1/5.7 MB | 81/146 kBProgress (3): 0.3/6.0 MB | 0.1/5.7 MB | 81/146 kBProgress (3): 0.3/6.0 MB | 0.1/5.7 MB | 81/146 kBProgress (3): 0.4/6.0 MB | 0.1/5.7 MB | 81/146 kBProgress (3): 0.4/6.0 MB | 0.1/5.7 MB | 81/146 kBProgress (3): 0.4/6.0 MB | 0.1/5.7 MB | 81/146 kBProgress (3): 0.4/6.0 MB | 0.1/5.7 MB | 81/146 kBProgress (3): 0.4/6.0 MB | 0.1/5.7 MB | 81/146 kBProgress (3): 0.4/6.0 MB | 0.1/5.7 MB | 81/146 kBProgress (3): 0.4/6.0 MB | 0.1/5.7 MB | 81/146 kBProgress (3): 0.4/6.0 MB | 0.1/5.7 MB | 81/146 kBProgress (3): 0.4/6.0 MB | 0.1/5.7 MB | 81/146 kBProgress (3): 0.4/6.0 MB | 0.1/5.7 MB | 81/146 kBProgress (3): 0.4/6.0 MB | 0.1/5.7 MB | 81/146 kBProgress (3): 0.4/6.0 MB | 0.1/5.7 MB | 81/146 kBProgress (3): 0.4/6.0 MB | 0.1/5.7 MB | 81/146 kBProgress (3): 0.4/6.0 MB | 0.1/5.7 MB | 81/146 kBProgress (3): 0.4/6.0 MB | 0.1/5.7 MB | 81/146 kBProgress (3): 0.4/6.0 MB | 0.1/5.7 MB | 81/146 kBProgress (3): 0.4/6.0 MB | 0.1/5.7 MB | 81/146 kBProgress (3): 0.4/6.0 MB | 0.1/5.7 MB | 81/146 kBProgress (3): 0.4/6.0 MB | 0.1/5.7 MB | 81/146 kBProgress (3): 0.4/6.0 MB | 0.1/5.7 MB | 81/146 kBProgress (3): 0.4/6.0 MB | 0.1/5.7 MB | 85/146 kBProgress (3): 0.4/6.0 MB | 0.1/5.7 MB | 85/146 kBProgress (3): 0.4/6.0 MB | 0.1/5.7 MB | 90/146 kBProgress (3): 0.4/6.0 MB | 0.1/5.7 MB | 90/146 kBProgress (3): 0.4/6.0 MB | 0.1/5.7 MB | 94/146 kBProgress (3): 0.4/6.0 MB | 0.1/5.7 MB | 94/146 kBProgress (3): 0.4/6.0 MB | 0.1/5.7 MB | 98/146 kBProgress (3): 0.4/6.0 MB | 0.1/5.7 MB | 98/146 kBProgress (3): 0.4/6.0 MB | 0.1/5.7 MB | 98/146 kBProgress (3): 0.4/6.0 MB | 0.1/5.7 MB | 102/146 kBProgress (3): 0.4/6.0 MB | 0.1/5.7 MB | 102/146 kBProgress (3): 0.4/6.0 MB | 0.1/5.7 MB | 102/146 kBProgress (3): 0.4/6.0 MB | 0.1/5.7 MB | 102/146 kBProgress (3): 0.4/6.0 MB | 0.1/5.7 MB | 106/146 kBProgress (3): 0.4/6.0 MB | 0.1/5.7 MB | 106/146 kBProgress (3): 0.4/6.0 MB | 0.1/5.7 MB | 106/146 kBProgress (3): 0.4/6.0 MB | 0.1/5.7 MB | 110/146 kBProgress (3): 0.4/6.0 MB | 0.1/5.7 MB | 110/146 kBProgress (3): 0.4/6.0 MB | 0.1/5.7 MB | 114/146 kBProgress (3): 0.4/6.0 MB | 0.1/5.7 MB | 114/146 kBProgress (3): 0.4/6.0 MB | 0.1/5.7 MB | 114/146 kBProgress (3): 0.4/6.0 MB | 0.1/5.7 MB | 114/146 kBProgress (3): 0.4/6.0 MB | 0.1/5.7 MB | 118/146 kBProgress (3): 0.4/6.0 MB | 0.1/5.7 MB | 118/146 kBProgress (3): 0.4/6.0 MB | 0.1/5.7 MB | 122/146 kBProgress (3): 0.4/6.0 MB | 0.1/5.7 MB | 122/146 kBProgress (3): 0.5/6.0 MB | 0.1/5.7 MB | 122/146 kBProgress (3): 0.5/6.0 MB | 0.1/5.7 MB | 126/146 kBProgress (3): 0.5/6.0 MB | 0.1/5.7 MB | 126/146 kBProgress (3): 0.5/6.0 MB | 0.1/5.7 MB | 131/146 kBProgress (3): 0.5/6.0 MB | 0.1/5.7 MB | 131/146 kBProgress (3): 0.5/6.0 MB | 0.1/5.7 MB | 131/146 kBProgress (3): 0.5/6.0 MB | 0.1/5.7 MB | 131/146 kBProgress (3): 0.5/6.0 MB | 0.1/5.7 MB | 131/146 kBProgress (3): 0.5/6.0 MB | 0.1/5.7 MB | 131/146 kBProgress (3): 0.5/6.0 MB | 0.1/5.7 MB | 135/146 kBProgress (3): 0.5/6.0 MB | 0.1/5.7 MB | 135/146 kBProgress (3): 0.5/6.0 MB | 0.1/5.7 MB | 135/146 kBProgress (3): 0.5/6.0 MB | 0.1/5.7 MB | 135/146 kBProgress (3): 0.5/6.0 MB | 0.1/5.7 MB | 139/146 kBProgress (3): 0.5/6.0 MB | 0.1/5.7 MB | 139/146 kBProgress (3): 0.5/6.0 MB | 0.1/5.7 MB | 143/146 kBProgress (3): 0.5/6.0 MB | 0.1/5.7 MB | 146 kB    Progress (3): 0.5/6.0 MB | 0.1/5.7 MB | 146 kBProgress (3): 0.5/6.0 MB | 0.1/5.7 MB | 146 kBProgress (3): 0.5/6.0 MB | 0.1/5.7 MB | 146 kBProgress (3): 0.5/6.0 MB | 0.1/5.7 MB | 146 kBProgress (3): 0.5/6.0 MB | 0.2/5.7 MB | 146 kBProgress (3): 0.5/6.0 MB | 0.2/5.7 MB | 146 kBProgress (3): 0.5/6.0 MB | 0.2/5.7 MB | 146 kBProgress (3): 0.5/6.0 MB | 0.2/5.7 MB | 146 kBProgress (3): 0.5/6.0 MB | 0.2/5.7 MB | 146 kBProgress (3): 0.5/6.0 MB | 0.2/5.7 MB | 146 kBProgress (3): 0.5/6.0 MB | 0.2/5.7 MB | 146 kBProgress (3): 0.5/6.0 MB | 0.2/5.7 MB | 146 kBProgress (3): 0.5/6.0 MB | 0.2/5.7 MB | 146 kBProgress (3): 0.5/6.0 MB | 0.2/5.7 MB | 146 kBProgress (3): 0.5/6.0 MB | 0.2/5.7 MB | 146 kBProgress (3): 0.5/6.0 MB | 0.2/5.7 MB | 146 kBProgress (3): 0.5/6.0 MB | 0.2/5.7 MB | 146 kBProgress (3): 0.5/6.0 MB | 0.2/5.7 MB | 146 kBProgress (3): 0.5/6.0 MB | 0.2/5.7 MB | 146 kBProgress (3): 0.5/6.0 MB | 0.2/5.7 MB | 146 kBProgress (3): 0.5/6.0 MB | 0.2/5.7 MB | 146 kBProgress (3): 0.5/6.0 MB | 0.2/5.7 MB | 146 kBProgress (3): 0.5/6.0 MB | 0.2/5.7 MB | 146 kBProgress (3): 0.5/6.0 MB | 0.2/5.7 MB | 146 kBProgress (3): 0.5/6.0 MB | 0.2/5.7 MB | 146 kBProgress (3): 0.5/6.0 MB | 0.2/5.7 MB | 146 kBProgress (3): 0.5/6.0 MB | 0.2/5.7 MB | 146 kBProgress (3): 0.5/6.0 MB | 0.2/5.7 MB | 146 kBProgress (3): 0.5/6.0 MB | 0.2/5.7 MB | 146 kBProgress (3): 0.5/6.0 MB | 0.2/5.7 MB | 146 kBProgress (3): 0.6/6.0 MB | 0.2/5.7 MB | 146 kBProgress (3): 0.6/6.0 MB | 0.2/5.7 MB | 146 kBProgress (3): 0.6/6.0 MB | 0.2/5.7 MB | 146 kBProgress (3): 0.6/6.0 MB | 0.2/5.7 MB | 146 kBProgress (3): 0.6/6.0 MB | 0.2/5.7 MB | 146 kBProgress (3): 0.6/6.0 MB | 0.2/5.7 MB | 146 kBProgress (3): 0.6/6.0 MB | 0.2/5.7 MB | 146 kBProgress (3): 0.6/6.0 MB | 0.2/5.7 MB | 146 kBProgress (3): 0.6/6.0 MB | 0.2/5.7 MB | 146 kBProgress (3): 0.6/6.0 MB | 0.2/5.7 MB | 146 kBProgress (3): 0.6/6.0 MB | 0.2/5.7 MB | 146 kBProgress (3): 0.6/6.0 MB | 0.2/5.7 MB | 146 kBProgress (3): 0.6/6.0 MB | 0.2/5.7 MB | 146 kBProgress (3): 0.6/6.0 MB | 0.2/5.7 MB | 146 kBProgress (3): 0.6/6.0 MB | 0.2/5.7 MB | 146 kBProgress (3): 0.6/6.0 MB | 0.2/5.7 MB | 146 kBProgress (3): 0.6/6.0 MB | 0.2/5.7 MB | 146 kBProgress (3): 0.6/6.0 MB | 0.2/5.7 MB | 146 kBProgress (3): 0.6/6.0 MB | 0.2/5.7 MB | 146 kBProgress (3): 0.6/6.0 MB | 0.2/5.7 MB | 146 kBProgress (3): 0.6/6.0 MB | 0.2/5.7 MB | 146 kBProgress (3): 0.6/6.0 MB | 0.2/5.7 MB | 146 kBProgress (3): 0.6/6.0 MB | 0.3/5.7 MB | 146 kBProgress (3): 0.6/6.0 MB | 0.3/5.7 MB | 146 kBProgress (3): 0.6/6.0 MB | 0.3/5.7 MB | 146 kBProgress (3): 0.6/6.0 MB | 0.3/5.7 MB | 146 kBProgress (3): 0.6/6.0 MB | 0.3/5.7 MB | 146 kBProgress (3): 0.6/6.0 MB | 0.3/5.7 MB | 146 kBProgress (3): 0.6/6.0 MB | 0.3/5.7 MB | 146 kBProgress (3): 0.6/6.0 MB | 0.3/5.7 MB | 146 kBProgress (3): 0.6/6.0 MB | 0.3/5.7 MB | 146 kBProgress (3): 0.6/6.0 MB | 0.3/5.7 MB | 146 kBProgress (3): 0.6/6.0 MB | 0.3/5.7 MB | 146 kBProgress (3): 0.6/6.0 MB | 0.3/5.7 MB | 146 kBProgress (3): 0.6/6.0 MB | 0.3/5.7 MB | 146 kBProgress (3): 0.6/6.0 MB | 0.3/5.7 MB | 146 kBProgress (3): 0.6/6.0 MB | 0.3/5.7 MB | 146 kBProgress (3): 0.6/6.0 MB | 0.3/5.7 MB | 146 kBProgress (3): 0.6/6.0 MB | 0.3/5.7 MB | 146 kBProgress (3): 0.6/6.0 MB | 0.3/5.7 MB | 146 kBProgress (3): 0.6/6.0 MB | 0.3/5.7 MB | 146 kBProgress (3): 0.6/6.0 MB | 0.3/5.7 MB | 146 kBProgress (3): 0.6/6.0 MB | 0.3/5.7 MB | 146 kBProgress (3): 0.6/6.0 MB | 0.3/5.7 MB | 146 kBProgress (3): 0.6/6.0 MB | 0.3/5.7 MB | 146 kBProgress (3): 0.6/6.0 MB | 0.3/5.7 MB | 146 kBProgress (3): 0.6/6.0 MB | 0.3/5.7 MB | 146 kBProgress (3): 0.6/6.0 MB | 0.3/5.7 MB | 146 kBProgress (3): 0.6/6.0 MB | 0.3/5.7 MB | 146 kBProgress (3): 0.6/6.0 MB | 0.3/5.7 MB | 146 kBProgress (3): 0.6/6.0 MB | 0.3/5.7 MB | 146 kBProgress (3): 0.6/6.0 MB | 0.3/5.7 MB | 146 kBProgress (3): 0.6/6.0 MB | 0.3/5.7 MB | 146 kBProgress (3): 0.6/6.0 MB | 0.3/5.7 MB | 146 kBProgress (3): 0.6/6.0 MB | 0.3/5.7 MB | 146 kBProgress (3): 0.6/6.0 MB | 0.3/5.7 MB | 146 kBProgress (3): 0.6/6.0 MB | 0.3/5.7 MB | 146 kBProgress (3): 0.6/6.0 MB | 0.3/5.7 MB | 146 kBProgress (3): 0.6/6.0 MB | 0.4/5.7 MB | 146 kBProgress (3): 0.6/6.0 MB | 0.4/5.7 MB | 146 kB                                              Downloaded from central: https://repo.maven.apache.org/maven2/org/apache/hadoop/hadoop-auth/3.2.1/hadoop-auth-3.2.1-tests.jar (146 kB at 929 kB/s)
Progress (2): 0.6/6.0 MB | 0.4/5.7 MBProgress (2): 0.6/6.0 MB | 0.4/5.7 MBProgress (2): 0.6/6.0 MB | 0.4/5.7 MBProgress (2): 0.6/6.0 MB | 0.4/5.7 MBProgress (2): 0.6/6.0 MB | 0.4/5.7 MBProgress (2): 0.6/6.0 MB | 0.4/5.7 MBProgress (2): 0.6/6.0 MB | 0.4/5.7 MBProgress (2): 0.6/6.0 MB | 0.4/5.7 MBProgress (2): 0.7/6.0 MB | 0.4/5.7 MBProgress (2): 0.7/6.0 MB | 0.4/5.7 MBProgress (2): 0.7/6.0 MB | 0.4/5.7 MBProgress (2): 0.7/6.0 MB | 0.4/5.7 MBProgress (2): 0.7/6.0 MB | 0.4/5.7 MBProgress (2): 0.7/6.0 MB | 0.4/5.7 MBProgress (2): 0.7/6.0 MB | 0.4/5.7 MBProgress (2): 0.7/6.0 MB | 0.4/5.7 MBProgress (2): 0.7/6.0 MB | 0.4/5.7 MBProgress (2): 0.7/6.0 MB | 0.4/5.7 MBProgress (2): 0.7/6.0 MB | 0.4/5.7 MBProgress (2): 0.7/6.0 MB | 0.4/5.7 MBProgress (2): 0.7/6.0 MB | 0.4/5.7 MBProgress (2): 0.7/6.0 MB | 0.4/5.7 MBProgress (2): 0.7/6.0 MB | 0.4/5.7 MBProgress (2): 0.7/6.0 MB | 0.4/5.7 MBProgress (2): 0.7/6.0 MB | 0.4/5.7 MBProgress (2): 0.7/6.0 MB | 0.4/5.7 MBProgress (2): 0.7/6.0 MB | 0.4/5.7 MBProgress (2): 0.7/6.0 MB | 0.4/5.7 MBProgress (2): 0.7/6.0 MB | 0.4/5.7 MBProgress (2): 0.7/6.0 MB | 0.4/5.7 MBProgress (2): 0.7/6.0 MB | 0.4/5.7 MBProgress (2): 0.7/6.0 MB | 0.4/5.7 MBProgress (2): 0.7/6.0 MB | 0.4/5.7 MBProgress (2): 0.7/6.0 MB | 0.4/5.7 MBProgress (2): 0.7/6.0 MB | 0.4/5.7 MBProgress (2): 0.7/6.0 MB | 0.5/5.7 MBProgress (2): 0.7/6.0 MB | 0.5/5.7 MBProgress (2): 0.7/6.0 MB | 0.5/5.7 MBProgress (2): 0.7/6.0 MB | 0.5/5.7 MBProgress (2): 0.7/6.0 MB | 0.5/5.7 MBProgress (2): 0.7/6.0 MB | 0.5/5.7 MBProgress (2): 0.7/6.0 MB | 0.5/5.7 MBProgress (2): 0.7/6.0 MB | 0.5/5.7 MBProgress (2): 0.7/6.0 MB | 0.5/5.7 MBProgress (2): 0.7/6.0 MB | 0.5/5.7 MBProgress (2): 0.7/6.0 MB | 0.5/5.7 MBProgress (2): 0.7/6.0 MB | 0.5/5.7 MBProgress (2): 0.7/6.0 MB | 0.5/5.7 MBProgress (2): 0.7/6.0 MB | 0.5/5.7 MBProgress (2): 0.7/6.0 MB | 0.5/5.7 MBProgress (2): 0.7/6.0 MB | 0.5/5.7 MBProgress (2): 0.7/6.0 MB | 0.5/5.7 MBProgress (2): 0.7/6.0 MB | 0.5/5.7 MBProgress (2): 0.7/6.0 MB | 0.5/5.7 MBProgress (2): 0.7/6.0 MB | 0.5/5.7 MBProgress (2): 0.7/6.0 MB | 0.5/5.7 MBProgress (2): 0.7/6.0 MB | 0.5/5.7 MBProgress (2): 0.7/6.0 MB | 0.5/5.7 MBProgress (2): 0.7/6.0 MB | 0.5/5.7 MBProgress (2): 0.7/6.0 MB | 0.5/5.7 MBProgress (2): 0.7/6.0 MB | 0.5/5.7 MBProgress (2): 0.7/6.0 MB | 0.5/5.7 MBProgress (2): 0.7/6.0 MB | 0.5/5.7 MBProgress (2): 0.7/6.0 MB | 0.5/5.7 MBProgress (2): 0.7/6.0 MB | 0.5/5.7 MBProgress (2): 0.7/6.0 MB | 0.5/5.7 MBProgress (2): 0.7/6.0 MB | 0.5/5.7 MBProgress (2): 0.7/6.0 MB | 0.5/5.7 MBProgress (2): 0.7/6.0 MB | 0.6/5.7 MBProgress (2): 0.7/6.0 MB | 0.6/5.7 MBProgress (2): 0.7/6.0 MB | 0.6/5.7 MBProgress (2): 0.7/6.0 MB | 0.6/5.7 MBProgress (2): 0.7/6.0 MB | 0.6/5.7 MBProgress (2): 0.7/6.0 MB | 0.6/5.7 MBProgress (2): 0.7/6.0 MB | 0.6/5.7 MBProgress (2): 0.7/6.0 MB | 0.6/5.7 MBProgress (2): 0.7/6.0 MB | 0.6/5.7 MBProgress (2): 0.7/6.0 MB | 0.6/5.7 MBProgress (2): 0.7/6.0 MB | 0.6/5.7 MBProgress (2): 0.7/6.0 MB | 0.6/5.7 MBProgress (2): 0.7/6.0 MB | 0.6/5.7 MBProgress (2): 0.7/6.0 MB | 0.6/5.7 MBProgress (2): 0.7/6.0 MB | 0.6/5.7 MBProgress (2): 0.7/6.0 MB | 0.6/5.7 MBProgress (2): 0.7/6.0 MB | 0.6/5.7 MBProgress (2): 0.7/6.0 MB | 0.6/5.7 MBProgress (2): 0.7/6.0 MB | 0.6/5.7 MBProgress (2): 0.7/6.0 MB | 0.6/5.7 MBProgress (2): 0.7/6.0 MB | 0.6/5.7 MBProgress (2): 0.8/6.0 MB | 0.6/5.7 MBProgress (2): 0.8/6.0 MB | 0.6/5.7 MBProgress (2): 0.8/6.0 MB | 0.6/5.7 MBProgress (2): 0.8/6.0 MB | 0.6/5.7 MBProgress (2): 0.8/6.0 MB | 0.6/5.7 MBProgress (2): 0.8/6.0 MB | 0.6/5.7 MBProgress (2): 0.8/6.0 MB | 0.6/5.7 MBProgress (2): 0.8/6.0 MB | 0.6/5.7 MBProgress (2): 0.8/6.0 MB | 0.6/5.7 MBProgress (2): 0.8/6.0 MB | 0.6/5.7 MBProgress (2): 0.8/6.0 MB | 0.6/5.7 MBProgress (2): 0.8/6.0 MB | 0.6/5.7 MBProgress (2): 0.8/6.0 MB | 0.6/5.7 MBProgress (2): 0.8/6.0 MB | 0.7/5.7 MBProgress (2): 0.8/6.0 MB | 0.7/5.7 MBProgress (2): 0.8/6.0 MB | 0.7/5.7 MBProgress (2): 0.8/6.0 MB | 0.7/5.7 MBProgress (2): 0.8/6.0 MB | 0.7/5.7 MBProgress (2): 0.8/6.0 MB | 0.7/5.7 MBProgress (2): 0.8/6.0 MB | 0.7/5.7 MBProgress (2): 0.8/6.0 MB | 0.7/5.7 MBProgress (2): 0.8/6.0 MB | 0.7/5.7 MBProgress (2): 0.8/6.0 MB | 0.7/5.7 MBProgress (2): 0.8/6.0 MB | 0.7/5.7 MBProgress (2): 0.8/6.0 MB | 0.7/5.7 MBProgress (2): 0.8/6.0 MB | 0.7/5.7 MBProgress (2): 0.8/6.0 MB | 0.7/5.7 MBProgress (2): 0.8/6.0 MB | 0.7/5.7 MBProgress (2): 0.8/6.0 MB | 0.7/5.7 MBProgress (2): 0.8/6.0 MB | 0.7/5.7 MBProgress (2): 0.8/6.0 MB | 0.7/5.7 MBProgress (2): 0.8/6.0 MB | 0.7/5.7 MBProgress (2): 0.8/6.0 MB | 0.7/5.7 MBProgress (2): 0.8/6.0 MB | 0.7/5.7 MBProgress (2): 0.8/6.0 MB | 0.7/5.7 MBProgress (2): 0.8/6.0 MB | 0.7/5.7 MBProgress (2): 0.8/6.0 MB | 0.7/5.7 MBProgress (2): 0.8/6.0 MB | 0.7/5.7 MBProgress (2): 0.8/6.0 MB | 0.7/5.7 MBProgress (2): 0.8/6.0 MB | 0.7/5.7 MBProgress (2): 0.8/6.0 MB | 0.7/5.7 MBProgress (2): 0.8/6.0 MB | 0.7/5.7 MBProgress (2): 0.8/6.0 MB | 0.7/5.7 MBProgress (2): 0.8/6.0 MB | 0.7/5.7 MBProgress (2): 0.8/6.0 MB | 0.7/5.7 MBProgress (2): 0.8/6.0 MB | 0.7/5.7 MBProgress (2): 0.8/6.0 MB | 0.7/5.7 MBProgress (2): 0.8/6.0 MB | 0.7/5.7 MBProgress (2): 0.8/6.0 MB | 0.8/5.7 MBProgress (2): 0.8/6.0 MB | 0.8/5.7 MBProgress (2): 0.8/6.0 MB | 0.8/5.7 MBProgress (2): 0.8/6.0 MB | 0.8/5.7 MBProgress (2): 0.8/6.0 MB | 0.8/5.7 MBProgress (2): 0.8/6.0 MB | 0.8/5.7 MBProgress (2): 0.8/6.0 MB | 0.8/5.7 MBProgress (2): 0.8/6.0 MB | 0.8/5.7 MBProgress (2): 0.8/6.0 MB | 0.8/5.7 MBProgress (2): 0.8/6.0 MB | 0.8/5.7 MBProgress (2): 0.8/6.0 MB | 0.8/5.7 MBProgress (2): 0.8/6.0 MB | 0.8/5.7 MBProgress (2): 0.8/6.0 MB | 0.8/5.7 MBProgress (2): 0.8/6.0 MB | 0.8/5.7 MBProgress (2): 0.8/6.0 MB | 0.8/5.7 MBProgress (2): 0.8/6.0 MB | 0.8/5.7 MBProgress (2): 0.8/6.0 MB | 0.8/5.7 MBProgress (2): 0.8/6.0 MB | 0.8/5.7 MBProgress (2): 0.8/6.0 MB | 0.8/5.7 MBProgress (2): 0.8/6.0 MB | 0.8/5.7 MBProgress (2): 0.8/6.0 MB | 0.8/5.7 MBProgress (2): 0.8/6.0 MB | 0.8/5.7 MBProgress (2): 0.8/6.0 MB | 0.8/5.7 MBProgress (2): 0.8/6.0 MB | 0.8/5.7 MBProgress (2): 0.8/6.0 MB | 0.8/5.7 MBProgress (2): 0.8/6.0 MB | 0.8/5.7 MBProgress (2): 0.8/6.0 MB | 0.8/5.7 MBProgress (2): 0.8/6.0 MB | 0.8/5.7 MBProgress (2): 0.8/6.0 MB | 0.8/5.7 MBProgress (2): 0.8/6.0 MB | 0.8/5.7 MBProgress (2): 0.8/6.0 MB | 0.8/5.7 MBProgress (2): 0.8/6.0 MB | 0.8/5.7 MBProgress (2): 0.8/6.0 MB | 0.9/5.7 MBProgress (2): 0.8/6.0 MB | 0.9/5.7 MBProgress (2): 0.8/6.0 MB | 0.9/5.7 MBProgress (2): 0.8/6.0 MB | 0.9/5.7 MBProgress (2): 0.8/6.0 MB | 0.9/5.7 MBProgress (2): 0.8/6.0 MB | 0.9/5.7 MBProgress (2): 0.8/6.0 MB | 0.9/5.7 MBProgress (2): 0.8/6.0 MB | 0.9/5.7 MBProgress (2): 0.8/6.0 MB | 0.9/5.7 MBProgress (2): 0.8/6.0 MB | 0.9/5.7 MBProgress (2): 0.8/6.0 MB | 0.9/5.7 MBProgress (2): 0.8/6.0 MB | 0.9/5.7 MBProgress (2): 0.8/6.0 MB | 0.9/5.7 MBProgress (2): 0.8/6.0 MB | 0.9/5.7 MBProgress (2): 0.8/6.0 MB | 0.9/5.7 MBProgress (2): 0.9/6.0 MB | 0.9/5.7 MBProgress (2): 0.9/6.0 MB | 0.9/5.7 MBProgress (2): 0.9/6.0 MB | 0.9/5.7 MBProgress (2): 0.9/6.0 MB | 0.9/5.7 MBProgress (2): 0.9/6.0 MB | 0.9/5.7 MBProgress (2): 0.9/6.0 MB | 0.9/5.7 MBProgress (2): 0.9/6.0 MB | 0.9/5.7 MBProgress (2): 0.9/6.0 MB | 0.9/5.7 MBProgress (2): 0.9/6.0 MB | 0.9/5.7 MBProgress (2): 0.9/6.0 MB | 0.9/5.7 MBProgress (2): 0.9/6.0 MB | 0.9/5.7 MBProgress (2): 0.9/6.0 MB | 0.9/5.7 MBProgress (2): 0.9/6.0 MB | 0.9/5.7 MBProgress (2): 0.9/6.0 MB | 0.9/5.7 MBProgress (2): 0.9/6.0 MB | 0.9/5.7 MBProgress (2): 0.9/6.0 MB | 0.9/5.7 MBProgress (2): 0.9/6.0 MB | 0.9/5.7 MBProgress (2): 0.9/6.0 MB | 0.9/5.7 MBProgress (2): 0.9/6.0 MB | 1.0/5.7 MBProgress (2): 0.9/6.0 MB | 1.0/5.7 MBProgress (2): 0.9/6.0 MB | 1.0/5.7 MBProgress (2): 0.9/6.0 MB | 1.0/5.7 MBProgress (2): 0.9/6.0 MB | 1.0/5.7 MBProgress (2): 0.9/6.0 MB | 1.0/5.7 MBProgress (2): 0.9/6.0 MB | 1.0/5.7 MBProgress (2): 0.9/6.0 MB | 1.0/5.7 MBProgress (2): 0.9/6.0 MB | 1.0/5.7 MBProgress (2): 0.9/6.0 MB | 1.0/5.7 MBProgress (2): 0.9/6.0 MB | 1.0/5.7 MBProgress (2): 0.9/6.0 MB | 1.0/5.7 MBProgress (2): 0.9/6.0 MB | 1.0/5.7 MBProgress (2): 0.9/6.0 MB | 1.0/5.7 MBProgress (2): 0.9/6.0 MB | 1.0/5.7 MBProgress (2): 0.9/6.0 MB | 1.0/5.7 MBProgress (2): 0.9/6.0 MB | 1.0/5.7 MBProgress (2): 0.9/6.0 MB | 1.0/5.7 MBProgress (2): 0.9/6.0 MB | 1.0/5.7 MBProgress (2): 0.9/6.0 MB | 1.0/5.7 MBProgress (2): 0.9/6.0 MB | 1.0/5.7 MBProgress (2): 0.9/6.0 MB | 1.0/5.7 MBProgress (2): 0.9/6.0 MB | 1.0/5.7 MBProgress (2): 0.9/6.0 MB | 1.0/5.7 MBProgress (2): 0.9/6.0 MB | 1.0/5.7 MBProgress (2): 0.9/6.0 MB | 1.0/5.7 MBProgress (2): 0.9/6.0 MB | 1.0/5.7 MBProgress (2): 0.9/6.0 MB | 1.0/5.7 MBProgress (2): 0.9/6.0 MB | 1.0/5.7 MBProgress (2): 0.9/6.0 MB | 1.0/5.7 MBProgress (2): 0.9/6.0 MB | 1.0/5.7 MBProgress (2): 0.9/6.0 MB | 1.0/5.7 MBProgress (2): 0.9/6.0 MB | 1.0/5.7 MBProgress (2): 0.9/6.0 MB | 1.0/5.7 MBProgress (2): 0.9/6.0 MB | 1.0/5.7 MBProgress (2): 0.9/6.0 MB | 1.0/5.7 MBProgress (2): 0.9/6.0 MB | 1.1/5.7 MBProgress (2): 0.9/6.0 MB | 1.1/5.7 MBProgress (2): 0.9/6.0 MB | 1.1/5.7 MBProgress (2): 0.9/6.0 MB | 1.1/5.7 MBProgress (2): 0.9/6.0 MB | 1.1/5.7 MBProgress (2): 0.9/6.0 MB | 1.1/5.7 MBProgress (2): 0.9/6.0 MB | 1.1/5.7 MBProgress (2): 0.9/6.0 MB | 1.1/5.7 MBProgress (2): 0.9/6.0 MB | 1.1/5.7 MBProgress (2): 0.9/6.0 MB | 1.1/5.7 MBProgress (2): 0.9/6.0 MB | 1.1/5.7 MBProgress (2): 0.9/6.0 MB | 1.1/5.7 MBProgress (2): 0.9/6.0 MB | 1.1/5.7 MBProgress (2): 0.9/6.0 MB | 1.1/5.7 MBProgress (2): 0.9/6.0 MB | 1.1/5.7 MBProgress (2): 0.9/6.0 MB | 1.1/5.7 MBProgress (2): 0.9/6.0 MB | 1.1/5.7 MBProgress (2): 0.9/6.0 MB | 1.1/5.7 MBProgress (2): 0.9/6.0 MB | 1.1/5.7 MBProgress (2): 0.9/6.0 MB | 1.1/5.7 MBProgress (2): 0.9/6.0 MB | 1.1/5.7 MBProgress (2): 0.9/6.0 MB | 1.1/5.7 MBProgress (2): 0.9/6.0 MB | 1.1/5.7 MBProgress (2): 0.9/6.0 MB | 1.1/5.7 MBProgress (2): 0.9/6.0 MB | 1.1/5.7 MBProgress (2): 0.9/6.0 MB | 1.1/5.7 MBProgress (2): 1.0/6.0 MB | 1.1/5.7 MBProgress (2): 1.0/6.0 MB | 1.1/5.7 MBProgress (2): 1.0/6.0 MB | 1.1/5.7 MBProgress (2): 1.0/6.0 MB | 1.1/5.7 MBProgress (2): 1.0/6.0 MB | 1.1/5.7 MBProgress (2): 1.0/6.0 MB | 1.1/5.7 MBProgress (2): 1.0/6.0 MB | 1.1/5.7 MBProgress (2): 1.0/6.0 MB | 1.2/5.7 MBProgress (2): 1.0/6.0 MB | 1.2/5.7 MBProgress (2): 1.0/6.0 MB | 1.2/5.7 MBProgress (2): 1.0/6.0 MB | 1.2/5.7 MBProgress (2): 1.0/6.0 MB | 1.2/5.7 MBProgress (2): 1.0/6.0 MB | 1.2/5.7 MBProgress (2): 1.0/6.0 MB | 1.2/5.7 MBProgress (2): 1.0/6.0 MB | 1.2/5.7 MBProgress (2): 1.0/6.0 MB | 1.2/5.7 MBProgress (2): 1.0/6.0 MB | 1.2/5.7 MBProgress (2): 1.0/6.0 MB | 1.2/5.7 MBProgress (2): 1.0/6.0 MB | 1.2/5.7 MBProgress (2): 1.0/6.0 MB | 1.2/5.7 MBProgress (2): 1.0/6.0 MB | 1.2/5.7 MBProgress (2): 1.0/6.0 MB | 1.2/5.7 MBProgress (2): 1.0/6.0 MB | 1.2/5.7 MBProgress (2): 1.0/6.0 MB | 1.2/5.7 MBProgress (2): 1.0/6.0 MB | 1.2/5.7 MBProgress (2): 1.0/6.0 MB | 1.2/5.7 MBProgress (2): 1.0/6.0 MB | 1.2/5.7 MBProgress (2): 1.0/6.0 MB | 1.2/5.7 MBProgress (2): 1.0/6.0 MB | 1.2/5.7 MBProgress (2): 1.0/6.0 MB | 1.2/5.7 MBProgress (2): 1.0/6.0 MB | 1.2/5.7 MBProgress (2): 1.0/6.0 MB | 1.2/5.7 MBProgress (2): 1.0/6.0 MB | 1.2/5.7 MBProgress (2): 1.0/6.0 MB | 1.2/5.7 MBProgress (2): 1.0/6.0 MB | 1.2/5.7 MBProgress (2): 1.0/6.0 MB | 1.2/5.7 MBProgress (2): 1.0/6.0 MB | 1.2/5.7 MBProgress (2): 1.0/6.0 MB | 1.2/5.7 MBProgress (2): 1.0/6.0 MB | 1.2/5.7 MBProgress (2): 1.0/6.0 MB | 1.3/5.7 MBProgress (2): 1.0/6.0 MB | 1.3/5.7 MBProgress (2): 1.0/6.0 MB | 1.3/5.7 MBProgress (2): 1.0/6.0 MB | 1.3/5.7 MBProgress (2): 1.0/6.0 MB | 1.3/5.7 MBProgress (2): 1.0/6.0 MB | 1.3/5.7 MBProgress (2): 1.0/6.0 MB | 1.3/5.7 MBProgress (2): 1.0/6.0 MB | 1.3/5.7 MBProgress (2): 1.0/6.0 MB | 1.3/5.7 MBProgress (2): 1.0/6.0 MB | 1.3/5.7 MBProgress (2): 1.0/6.0 MB | 1.3/5.7 MBProgress (2): 1.0/6.0 MB | 1.3/5.7 MBProgress (2): 1.0/6.0 MB | 1.3/5.7 MBProgress (2): 1.0/6.0 MB | 1.3/5.7 MBProgress (2): 1.0/6.0 MB | 1.3/5.7 MBProgress (2): 1.0/6.0 MB | 1.3/5.7 MBProgress (2): 1.0/6.0 MB | 1.3/5.7 MBProgress (2): 1.0/6.0 MB | 1.3/5.7 MBProgress (2): 1.0/6.0 MB | 1.3/5.7 MBProgress (2): 1.0/6.0 MB | 1.3/5.7 MBProgress (2): 1.0/6.0 MB | 1.3/5.7 MBProgress (2): 1.0/6.0 MB | 1.3/5.7 MBProgress (2): 1.0/6.0 MB | 1.3/5.7 MBProgress (2): 1.0/6.0 MB | 1.3/5.7 MBProgress (2): 1.0/6.0 MB | 1.3/5.7 MBProgress (2): 1.0/6.0 MB | 1.3/5.7 MBProgress (2): 1.0/6.0 MB | 1.3/5.7 MBProgress (2): 1.0/6.0 MB | 1.3/5.7 MBProgress (2): 1.0/6.0 MB | 1.3/5.7 MBProgress (2): 1.0/6.0 MB | 1.3/5.7 MBProgress (2): 1.0/6.0 MB | 1.3/5.7 MBProgress (2): 1.0/6.0 MB | 1.3/5.7 MBProgress (2): 1.0/6.0 MB | 1.3/5.7 MBProgress (2): 1.0/6.0 MB | 1.3/5.7 MBProgress (2): 1.0/6.0 MB | 1.3/5.7 MBProgress (2): 1.0/6.0 MB | 1.3/5.7 MBProgress (2): 1.0/6.0 MB | 1.4/5.7 MBProgress (2): 1.0/6.0 MB | 1.4/5.7 MBProgress (2): 1.0/6.0 MB | 1.4/5.7 MBProgress (2): 1.0/6.0 MB | 1.4/5.7 MBProgress (2): 1.0/6.0 MB | 1.4/5.7 MBProgress (2): 1.0/6.0 MB | 1.4/5.7 MBProgress (2): 1.0/6.0 MB | 1.4/5.7 MBProgress (2): 1.0/6.0 MB | 1.4/5.7 MBProgress (2): 1.0/6.0 MB | 1.4/5.7 MBProgress (2): 1.0/6.0 MB | 1.4/5.7 MBProgress (2): 1.1/6.0 MB | 1.4/5.7 MBProgress (2): 1.1/6.0 MB | 1.4/5.7 MBProgress (2): 1.1/6.0 MB | 1.4/5.7 MBProgress (2): 1.1/6.0 MB | 1.4/5.7 MBProgress (2): 1.1/6.0 MB | 1.4/5.7 MBProgress (2): 1.1/6.0 MB | 1.4/5.7 MBProgress (2): 1.1/6.0 MB | 1.4/5.7 MBProgress (2): 1.1/6.0 MB | 1.4/5.7 MBProgress (2): 1.1/6.0 MB | 1.4/5.7 MBProgress (2): 1.1/6.0 MB | 1.4/5.7 MBProgress (2): 1.1/6.0 MB | 1.4/5.7 MBProgress (2): 1.1/6.0 MB | 1.4/5.7 MBProgress (2): 1.1/6.0 MB | 1.4/5.7 MBProgress (2): 1.1/6.0 MB | 1.4/5.7 MBProgress (2): 1.1/6.0 MB | 1.4/5.7 MBProgress (2): 1.1/6.0 MB | 1.4/5.7 MBProgress (2): 1.1/6.0 MB | 1.4/5.7 MBProgress (2): 1.1/6.0 MB | 1.4/5.7 MBProgress (2): 1.1/6.0 MB | 1.4/5.7 MBProgress (2): 1.1/6.0 MB | 1.4/5.7 MBProgress (2): 1.1/6.0 MB | 1.4/5.7 MBProgress (2): 1.1/6.0 MB | 1.4/5.7 MBProgress (2): 1.1/6.0 MB | 1.4/5.7 MBProgress (2): 1.1/6.0 MB | 1.4/5.7 MBProgress (2): 1.1/6.0 MB | 1.4/5.7 MBProgress (2): 1.1/6.0 MB | 1.4/5.7 MBProgress (2): 1.1/6.0 MB | 1.4/5.7 MBProgress (2): 1.1/6.0 MB | 1.4/5.7 MBProgress (2): 1.1/6.0 MB | 1.4/5.7 MBProgress (2): 1.1/6.0 MB | 1.4/5.7 MBProgress (2): 1.1/6.0 MB | 1.4/5.7 MBProgress (2): 1.1/6.0 MB | 1.4/5.7 MBProgress (2): 1.1/6.0 MB | 1.4/5.7 MBProgress (2): 1.1/6.0 MB | 1.4/5.7 MBProgress (2): 1.1/6.0 MB | 1.4/5.7 MBProgress (2): 1.1/6.0 MB | 1.5/5.7 MBProgress (2): 1.1/6.0 MB | 1.5/5.7 MBProgress (2): 1.1/6.0 MB | 1.5/5.7 MBProgress (2): 1.1/6.0 MB | 1.5/5.7 MBProgress (2): 1.1/6.0 MB | 1.5/5.7 MBProgress (2): 1.1/6.0 MB | 1.5/5.7 MBProgress (2): 1.1/6.0 MB | 1.5/5.7 MBProgress (2): 1.1/6.0 MB | 1.5/5.7 MBProgress (2): 1.1/6.0 MB | 1.5/5.7 MBProgress (2): 1.1/6.0 MB | 1.5/5.7 MBProgress (2): 1.1/6.0 MB | 1.5/5.7 MBProgress (2): 1.1/6.0 MB | 1.5/5.7 MBProgress (2): 1.1/6.0 MB | 1.5/5.7 MBProgress (2): 1.1/6.0 MB | 1.5/5.7 MBProgress (2): 1.1/6.0 MB | 1.5/5.7 MBProgress (2): 1.1/6.0 MB | 1.5/5.7 MBProgress (2): 1.1/6.0 MB | 1.5/5.7 MBProgress (2): 1.1/6.0 MB | 1.5/5.7 MBProgress (2): 1.1/6.0 MB | 1.5/5.7 MBProgress (2): 1.1/6.0 MB | 1.5/5.7 MBProgress (2): 1.1/6.0 MB | 1.5/5.7 MBProgress (2): 1.1/6.0 MB | 1.5/5.7 MBProgress (2): 1.1/6.0 MB | 1.5/5.7 MBProgress (2): 1.1/6.0 MB | 1.5/5.7 MBProgress (2): 1.1/6.0 MB | 1.5/5.7 MBProgress (2): 1.1/6.0 MB | 1.5/5.7 MBProgress (2): 1.1/6.0 MB | 1.5/5.7 MBProgress (2): 1.1/6.0 MB | 1.5/5.7 MBProgress (2): 1.1/6.0 MB | 1.5/5.7 MBProgress (2): 1.1/6.0 MB | 1.5/5.7 MBProgress (2): 1.1/6.0 MB | 1.5/5.7 MBProgress (2): 1.1/6.0 MB | 1.6/5.7 MBProgress (2): 1.1/6.0 MB | 1.6/5.7 MBProgress (2): 1.1/6.0 MB | 1.6/5.7 MBProgress (2): 1.1/6.0 MB | 1.6/5.7 MBProgress (2): 1.1/6.0 MB | 1.6/5.7 MBProgress (2): 1.1/6.0 MB | 1.6/5.7 MBProgress (2): 1.1/6.0 MB | 1.6/5.7 MBProgress (2): 1.1/6.0 MB | 1.6/5.7 MBProgress (2): 1.1/6.0 MB | 1.6/5.7 MBProgress (2): 1.2/6.0 MB | 1.6/5.7 MBProgress (2): 1.2/6.0 MB | 1.6/5.7 MBProgress (2): 1.2/6.0 MB | 1.6/5.7 MBProgress (2): 1.2/6.0 MB | 1.6/5.7 MBProgress (2): 1.2/6.0 MB | 1.6/5.7 MBProgress (2): 1.2/6.0 MB | 1.6/5.7 MBProgress (2): 1.2/6.0 MB | 1.6/5.7 MBProgress (2): 1.2/6.0 MB | 1.6/5.7 MBProgress (2): 1.2/6.0 MB | 1.6/5.7 MBProgress (2): 1.2/6.0 MB | 1.6/5.7 MBProgress (2): 1.2/6.0 MB | 1.6/5.7 MBProgress (2): 1.2/6.0 MB | 1.6/5.7 MBProgress (2): 1.2/6.0 MB | 1.6/5.7 MBProgress (2): 1.2/6.0 MB | 1.6/5.7 MBProgress (2): 1.2/6.0 MB | 1.6/5.7 MBProgress (2): 1.2/6.0 MB | 1.6/5.7 MBProgress (2): 1.2/6.0 MB | 1.6/5.7 MBProgress (2): 1.2/6.0 MB | 1.6/5.7 MBProgress (2): 1.2/6.0 MB | 1.6/5.7 MBProgress (2): 1.2/6.0 MB | 1.6/5.7 MBProgress (2): 1.2/6.0 MB | 1.6/5.7 MBProgress (2): 1.2/6.0 MB | 1.6/5.7 MBProgress (2): 1.2/6.0 MB | 1.6/5.7 MBProgress (2): 1.2/6.0 MB | 1.6/5.7 MBProgress (2): 1.2/6.0 MB | 1.6/5.7 MBProgress (2): 1.2/6.0 MB | 1.7/5.7 MBProgress (2): 1.2/6.0 MB | 1.7/5.7 MBProgress (2): 1.2/6.0 MB | 1.7/5.7 MBProgress (2): 1.2/6.0 MB | 1.7/5.7 MBProgress (2): 1.2/6.0 MB | 1.7/5.7 MBProgress (2): 1.2/6.0 MB | 1.7/5.7 MBProgress (2): 1.2/6.0 MB | 1.7/5.7 MBProgress (2): 1.2/6.0 MB | 1.7/5.7 MBProgress (2): 1.2/6.0 MB | 1.7/5.7 MBProgress (2): 1.2/6.0 MB | 1.7/5.7 MBProgress (2): 1.2/6.0 MB | 1.7/5.7 MBProgress (2): 1.2/6.0 MB | 1.7/5.7 MBProgress (2): 1.2/6.0 MB | 1.7/5.7 MBProgress (2): 1.2/6.0 MB | 1.7/5.7 MBProgress (2): 1.2/6.0 MB | 1.7/5.7 MBProgress (2): 1.2/6.0 MB | 1.7/5.7 MBProgress (2): 1.2/6.0 MB | 1.7/5.7 MBProgress (2): 1.2/6.0 MB | 1.7/5.7 MBProgress (2): 1.2/6.0 MB | 1.7/5.7 MBProgress (2): 1.2/6.0 MB | 1.7/5.7 MBProgress (2): 1.2/6.0 MB | 1.7/5.7 MBProgress (2): 1.2/6.0 MB | 1.7/5.7 MBProgress (2): 1.2/6.0 MB | 1.7/5.7 MBProgress (2): 1.2/6.0 MB | 1.7/5.7 MBProgress (2): 1.2/6.0 MB | 1.7/5.7 MBProgress (2): 1.2/6.0 MB | 1.7/5.7 MBProgress (2): 1.2/6.0 MB | 1.7/5.7 MBProgress (2): 1.2/6.0 MB | 1.7/5.7 MBProgress (2): 1.2/6.0 MB | 1.7/5.7 MBProgress (2): 1.2/6.0 MB | 1.7/5.7 MBProgress (2): 1.2/6.0 MB | 1.7/5.7 MBProgress (2): 1.2/6.0 MB | 1.7/5.7 MBProgress (2): 1.2/6.0 MB | 1.7/5.7 MBProgress (2): 1.2/6.0 MB | 1.7/5.7 MBProgress (2): 1.2/6.0 MB | 1.7/5.7 MBProgress (2): 1.2/6.0 MB | 1.7/5.7 MBProgress (2): 1.2/6.0 MB | 1.8/5.7 MBProgress (2): 1.2/6.0 MB | 1.8/5.7 MBProgress (2): 1.2/6.0 MB | 1.8/5.7 MBProgress (2): 1.2/6.0 MB | 1.8/5.7 MBProgress (2): 1.2/6.0 MB | 1.8/5.7 MBProgress (2): 1.2/6.0 MB | 1.8/5.7 MBProgress (2): 1.2/6.0 MB | 1.8/5.7 MBProgress (2): 1.2/6.0 MB | 1.8/5.7 MBProgress (2): 1.2/6.0 MB | 1.8/5.7 MBProgress (2): 1.2/6.0 MB | 1.8/5.7 MBProgress (2): 1.2/6.0 MB | 1.8/5.7 MBProgress (2): 1.2/6.0 MB | 1.8/5.7 MBProgress (2): 1.2/6.0 MB | 1.8/5.7 MBProgress (2): 1.2/6.0 MB | 1.8/5.7 MBProgress (2): 1.2/6.0 MB | 1.8/5.7 MBProgress (2): 1.2/6.0 MB | 1.8/5.7 MBProgress (2): 1.2/6.0 MB | 1.8/5.7 MBProgress (2): 1.2/6.0 MB | 1.8/5.7 MBProgress (2): 1.2/6.0 MB | 1.8/5.7 MBProgress (2): 1.2/6.0 MB | 1.8/5.7 MBProgress (2): 1.2/6.0 MB | 1.8/5.7 MBProgress (2): 1.2/6.0 MB | 1.8/5.7 MBProgress (2): 1.2/6.0 MB | 1.8/5.7 MBProgress (2): 1.2/6.0 MB | 1.8/5.7 MBProgress (2): 1.2/6.0 MB | 1.8/5.7 MBProgress (2): 1.2/6.0 MB | 1.8/5.7 MBProgress (2): 1.2/6.0 MB | 1.8/5.7 MBProgress (2): 1.2/6.0 MB | 1.8/5.7 MBProgress (2): 1.2/6.0 MB | 1.8/5.7 MBProgress (2): 1.2/6.0 MB | 1.9/5.7 MBProgress (2): 1.2/6.0 MB | 1.9/5.7 MBProgress (2): 1.2/6.0 MB | 1.9/5.7 MBProgress (2): 1.2/6.0 MB | 1.9/5.7 MBProgress (2): 1.2/6.0 MB | 1.9/5.7 MBProgress (2): 1.2/6.0 MB | 1.9/5.7 MBProgress (2): 1.2/6.0 MB | 1.9/5.7 MBProgress (2): 1.2/6.0 MB | 1.9/5.7 MBProgress (2): 1.2/6.0 MB | 1.9/5.7 MBProgress (2): 1.2/6.0 MB | 1.9/5.7 MBProgress (2): 1.2/6.0 MB | 1.9/5.7 MBProgress (2): 1.3/6.0 MB | 1.9/5.7 MBProgress (2): 1.3/6.0 MB | 1.9/5.7 MBProgress (2): 1.3/6.0 MB | 1.9/5.7 MBProgress (2): 1.3/6.0 MB | 1.9/5.7 MBProgress (2): 1.3/6.0 MB | 1.9/5.7 MBProgress (2): 1.3/6.0 MB | 1.9/5.7 MBProgress (2): 1.3/6.0 MB | 1.9/5.7 MBProgress (2): 1.3/6.0 MB | 1.9/5.7 MBProgress (2): 1.3/6.0 MB | 1.9/5.7 MBProgress (2): 1.3/6.0 MB | 1.9/5.7 MBProgress (2): 1.3/6.0 MB | 1.9/5.7 MBProgress (2): 1.3/6.0 MB | 1.9/5.7 MBProgress (2): 1.3/6.0 MB | 1.9/5.7 MBProgress (2): 1.3/6.0 MB | 1.9/5.7 MBProgress (2): 1.3/6.0 MB | 1.9/5.7 MBProgress (2): 1.3/6.0 MB | 1.9/5.7 MBProgress (2): 1.3/6.0 MB | 1.9/5.7 MBProgress (2): 1.3/6.0 MB | 1.9/5.7 MBProgress (2): 1.3/6.0 MB | 1.9/5.7 MBProgress (2): 1.3/6.0 MB | 1.9/5.7 MBProgress (2): 1.3/6.0 MB | 1.9/5.7 MBProgress (2): 1.3/6.0 MB | 1.9/5.7 MBProgress (2): 1.3/6.0 MB | 1.9/5.7 MBProgress (2): 1.3/6.0 MB | 1.9/5.7 MBProgress (2): 1.3/6.0 MB | 2.0/5.7 MBProgress (2): 1.3/6.0 MB | 2.0/5.7 MBProgress (2): 1.3/6.0 MB | 2.0/5.7 MBProgress (2): 1.3/6.0 MB | 2.0/5.7 MBProgress (2): 1.3/6.0 MB | 2.0/5.7 MBProgress (2): 1.3/6.0 MB | 2.0/5.7 MBProgress (2): 1.3/6.0 MB | 2.0/5.7 MBProgress (2): 1.3/6.0 MB | 2.0/5.7 MBProgress (2): 1.3/6.0 MB | 2.0/5.7 MBProgress (2): 1.3/6.0 MB | 2.0/5.7 MBProgress (2): 1.3/6.0 MB | 2.0/5.7 MBProgress (2): 1.3/6.0 MB | 2.0/5.7 MBProgress (2): 1.3/6.0 MB | 2.0/5.7 MBProgress (2): 1.3/6.0 MB | 2.0/5.7 MBProgress (2): 1.3/6.0 MB | 2.0/5.7 MBProgress (2): 1.3/6.0 MB | 2.0/5.7 MBProgress (2): 1.3/6.0 MB | 2.0/5.7 MBProgress (2): 1.3/6.0 MB | 2.0/5.7 MBProgress (2): 1.3/6.0 MB | 2.0/5.7 MBProgress (2): 1.3/6.0 MB | 2.0/5.7 MBProgress (2): 1.3/6.0 MB | 2.0/5.7 MBProgress (2): 1.3/6.0 MB | 2.0/5.7 MBProgress (2): 1.3/6.0 MB | 2.0/5.7 MBProgress (2): 1.3/6.0 MB | 2.0/5.7 MBProgress (2): 1.3/6.0 MB | 2.0/5.7 MBProgress (2): 1.3/6.0 MB | 2.0/5.7 MBProgress (2): 1.3/6.0 MB | 2.0/5.7 MBProgress (2): 1.3/6.0 MB | 2.0/5.7 MBProgress (2): 1.3/6.0 MB | 2.0/5.7 MBProgress (2): 1.3/6.0 MB | 2.0/5.7 MBProgress (2): 1.3/6.0 MB | 2.0/5.7 MBProgress (2): 1.3/6.0 MB | 2.0/5.7 MBProgress (2): 1.3/6.0 MB | 2.0/5.7 MBProgress (2): 1.3/6.0 MB | 2.1/5.7 MBProgress (2): 1.3/6.0 MB | 2.1/5.7 MBProgress (2): 1.3/6.0 MB | 2.1/5.7 MBProgress (2): 1.3/6.0 MB | 2.1/5.7 MBProgress (2): 1.3/6.0 MB | 2.1/5.7 MBProgress (2): 1.3/6.0 MB | 2.1/5.7 MBProgress (2): 1.3/6.0 MB | 2.1/5.7 MBProgress (2): 1.3/6.0 MB | 2.1/5.7 MBProgress (2): 1.3/6.0 MB | 2.1/5.7 MBProgress (2): 1.3/6.0 MB | 2.1/5.7 MBProgress (2): 1.3/6.0 MB | 2.1/5.7 MBProgress (2): 1.3/6.0 MB | 2.1/5.7 MBProgress (2): 1.3/6.0 MB | 2.1/5.7 MBProgress (2): 1.3/6.0 MB | 2.1/5.7 MBProgress (2): 1.3/6.0 MB | 2.1/5.7 MBProgress (2): 1.3/6.0 MB | 2.1/5.7 MBProgress (2): 1.3/6.0 MB | 2.1/5.7 MBProgress (2): 1.3/6.0 MB | 2.1/5.7 MBProgress (2): 1.3/6.0 MB | 2.1/5.7 MBProgress (2): 1.4/6.0 MB | 2.1/5.7 MBProgress (2): 1.4/6.0 MB | 2.1/5.7 MBProgress (2): 1.4/6.0 MB | 2.1/5.7 MBProgress (2): 1.4/6.0 MB | 2.1/5.7 MBProgress (2): 1.4/6.0 MB | 2.1/5.7 MBProgress (2): 1.4/6.0 MB | 2.1/5.7 MBProgress (2): 1.4/6.0 MB | 2.1/5.7 MBProgress (2): 1.4/6.0 MB | 2.1/5.7 MBProgress (2): 1.4/6.0 MB | 2.1/5.7 MBProgress (2): 1.4/6.0 MB | 2.1/5.7 MBProgress (2): 1.4/6.0 MB | 2.1/5.7 MBProgress (2): 1.4/6.0 MB | 2.1/5.7 MBProgress (2): 1.4/6.0 MB | 2.1/5.7 MBProgress (2): 1.4/6.0 MB | 2.1/5.7 MBProgress (2): 1.4/6.0 MB | 2.2/5.7 MBProgress (2): 1.4/6.0 MB | 2.2/5.7 MBProgress (2): 1.4/6.0 MB | 2.2/5.7 MBProgress (2): 1.4/6.0 MB | 2.2/5.7 MBProgress (2): 1.4/6.0 MB | 2.2/5.7 MBProgress (2): 1.4/6.0 MB | 2.2/5.7 MBProgress (2): 1.4/6.0 MB | 2.2/5.7 MBProgress (2): 1.4/6.0 MB | 2.2/5.7 MBProgress (2): 1.4/6.0 MB | 2.2/5.7 MBProgress (2): 1.4/6.0 MB | 2.2/5.7 MBProgress (2): 1.4/6.0 MB | 2.2/5.7 MBProgress (2): 1.4/6.0 MB | 2.2/5.7 MBProgress (2): 1.4/6.0 MB | 2.2/5.7 MBProgress (2): 1.4/6.0 MB | 2.2/5.7 MBProgress (2): 1.4/6.0 MB | 2.2/5.7 MBProgress (2): 1.4/6.0 MB | 2.2/5.7 MBProgress (2): 1.4/6.0 MB | 2.2/5.7 MBProgress (2): 1.4/6.0 MB | 2.2/5.7 MBProgress (2): 1.4/6.0 MB | 2.2/5.7 MBProgress (2): 1.4/6.0 MB | 2.2/5.7 MBProgress (2): 1.4/6.0 MB | 2.2/5.7 MBProgress (2): 1.4/6.0 MB | 2.2/5.7 MBProgress (2): 1.4/6.0 MB | 2.2/5.7 MBProgress (2): 1.4/6.0 MB | 2.2/5.7 MBProgress (2): 1.4/6.0 MB | 2.2/5.7 MBProgress (2): 1.4/6.0 MB | 2.2/5.7 MBProgress (2): 1.4/6.0 MB | 2.2/5.7 MBProgress (2): 1.4/6.0 MB | 2.2/5.7 MBProgress (2): 1.4/6.0 MB | 2.2/5.7 MBProgress (2): 1.4/6.0 MB | 2.2/5.7 MBProgress (2): 1.4/6.0 MB | 2.2/5.7 MBProgress (2): 1.4/6.0 MB | 2.2/5.7 MBProgress (2): 1.4/6.0 MB | 2.3/5.7 MBProgress (2): 1.4/6.0 MB | 2.3/5.7 MBProgress (2): 1.4/6.0 MB | 2.3/5.7 MBProgress (2): 1.4/6.0 MB | 2.3/5.7 MBProgress (2): 1.4/6.0 MB | 2.3/5.7 MBProgress (2): 1.4/6.0 MB | 2.3/5.7 MBProgress (2): 1.4/6.0 MB | 2.3/5.7 MBProgress (2): 1.4/6.0 MB | 2.3/5.7 MBProgress (2): 1.4/6.0 MB | 2.3/5.7 MBProgress (2): 1.4/6.0 MB | 2.3/5.7 MBProgress (2): 1.4/6.0 MB | 2.3/5.7 MBProgress (2): 1.4/6.0 MB | 2.3/5.7 MBProgress (2): 1.4/6.0 MB | 2.3/5.7 MBProgress (2): 1.4/6.0 MB | 2.3/5.7 MBProgress (2): 1.4/6.0 MB | 2.3/5.7 MBProgress (2): 1.4/6.0 MB | 2.3/5.7 MBProgress (2): 1.4/6.0 MB | 2.3/5.7 MBProgress (2): 1.4/6.0 MB | 2.3/5.7 MBProgress (2): 1.4/6.0 MB | 2.3/5.7 MBProgress (2): 1.4/6.0 MB | 2.3/5.7 MBProgress (2): 1.4/6.0 MB | 2.3/5.7 MBProgress (2): 1.4/6.0 MB | 2.3/5.7 MBProgress (2): 1.4/6.0 MB | 2.3/5.7 MBProgress (2): 1.4/6.0 MB | 2.3/5.7 MBProgress (2): 1.4/6.0 MB | 2.3/5.7 MBProgress (2): 1.4/6.0 MB | 2.3/5.7 MBProgress (2): 1.4/6.0 MB | 2.3/5.7 MBProgress (2): 1.4/6.0 MB | 2.3/5.7 MBProgress (2): 1.4/6.0 MB | 2.3/5.7 MBProgress (2): 1.4/6.0 MB | 2.3/5.7 MBProgress (2): 1.4/6.0 MB | 2.3/5.7 MBProgress (2): 1.4/6.0 MB | 2.3/5.7 MBProgress (2): 1.4/6.0 MB | 2.3/5.7 MBProgress (2): 1.4/6.0 MB | 2.4/5.7 MBProgress (2): 1.4/6.0 MB | 2.4/5.7 MBProgress (2): 1.4/6.0 MB | 2.4/5.7 MBProgress (2): 1.4/6.0 MB | 2.4/5.7 MBProgress (2): 1.4/6.0 MB | 2.4/5.7 MBProgress (2): 1.4/6.0 MB | 2.4/5.7 MBProgress (2): 1.4/6.0 MB | 2.4/5.7 MBProgress (2): 1.4/6.0 MB | 2.4/5.7 MBProgress (2): 1.4/6.0 MB | 2.4/5.7 MBProgress (2): 1.4/6.0 MB | 2.4/5.7 MBProgress (2): 1.4/6.0 MB | 2.4/5.7 MBProgress (2): 1.4/6.0 MB | 2.4/5.7 MBProgress (2): 1.4/6.0 MB | 2.4/5.7 MBProgress (2): 1.4/6.0 MB | 2.4/5.7 MBProgress (2): 1.4/6.0 MB | 2.4/5.7 MBProgress (2): 1.4/6.0 MB | 2.4/5.7 MBProgress (2): 1.4/6.0 MB | 2.4/5.7 MBProgress (2): 1.4/6.0 MB | 2.4/5.7 MBProgress (2): 1.4/6.0 MB | 2.4/5.7 MBProgress (2): 1.4/6.0 MB | 2.4/5.7 MBProgress (2): 1.4/6.0 MB | 2.4/5.7 MBProgress (2): 1.4/6.0 MB | 2.4/5.7 MBProgress (2): 1.4/6.0 MB | 2.4/5.7 MBProgress (2): 1.5/6.0 MB | 2.4/5.7 MBProgress (2): 1.5/6.0 MB | 2.4/5.7 MBProgress (2): 1.5/6.0 MB | 2.4/5.7 MBProgress (2): 1.5/6.0 MB | 2.4/5.7 MBProgress (2): 1.5/6.0 MB | 2.4/5.7 MBProgress (2): 1.5/6.0 MB | 2.4/5.7 MBProgress (2): 1.5/6.0 MB | 2.4/5.7 MBProgress (2): 1.5/6.0 MB | 2.4/5.7 MBProgress (2): 1.5/6.0 MB | 2.4/5.7 MBProgress (2): 1.5/6.0 MB | 2.4/5.7 MBProgress (2): 1.5/6.0 MB | 2.5/5.7 MBProgress (2): 1.5/6.0 MB | 2.5/5.7 MBProgress (2): 1.5/6.0 MB | 2.5/5.7 MBProgress (2): 1.5/6.0 MB | 2.5/5.7 MBProgress (2): 1.5/6.0 MB | 2.5/5.7 MBProgress (2): 1.5/6.0 MB | 2.5/5.7 MBProgress (2): 1.5/6.0 MB | 2.5/5.7 MBProgress (2): 1.5/6.0 MB | 2.5/5.7 MBProgress (2): 1.5/6.0 MB | 2.5/5.7 MBProgress (2): 1.5/6.0 MB | 2.5/5.7 MBProgress (2): 1.5/6.0 MB | 2.5/5.7 MBProgress (2): 1.5/6.0 MB | 2.5/5.7 MBProgress (2): 1.5/6.0 MB | 2.5/5.7 MBProgress (2): 1.5/6.0 MB | 2.5/5.7 MBProgress (2): 1.5/6.0 MB | 2.5/5.7 MBProgress (2): 1.5/6.0 MB | 2.5/5.7 MBProgress (2): 1.5/6.0 MB | 2.5/5.7 MBProgress (2): 1.5/6.0 MB | 2.5/5.7 MBProgress (2): 1.5/6.0 MB | 2.5/5.7 MBProgress (2): 1.5/6.0 MB | 2.5/5.7 MBProgress (2): 1.5/6.0 MB | 2.5/5.7 MBProgress (2): 1.5/6.0 MB | 2.5/5.7 MBProgress (2): 1.5/6.0 MB | 2.5/5.7 MBProgress (2): 1.5/6.0 MB | 2.5/5.7 MBProgress (2): 1.5/6.0 MB | 2.5/5.7 MBProgress (2): 1.5/6.0 MB | 2.5/5.7 MBProgress (2): 1.5/6.0 MB | 2.5/5.7 MBProgress (2): 1.5/6.0 MB | 2.5/5.7 MBProgress (2): 1.5/6.0 MB | 2.5/5.7 MBProgress (2): 1.5/6.0 MB | 2.5/5.7 MBProgress (2): 1.5/6.0 MB | 2.5/5.7 MBProgress (2): 1.5/6.0 MB | 2.5/5.7 MBProgress (2): 1.5/6.0 MB | 2.5/5.7 MBProgress (2): 1.5/6.0 MB | 2.5/5.7 MBProgress (2): 1.5/6.0 MB | 2.5/5.7 MBProgress (2): 1.5/6.0 MB | 2.6/5.7 MBProgress (2): 1.5/6.0 MB | 2.6/5.7 MBProgress (2): 1.5/6.0 MB | 2.6/5.7 MBProgress (2): 1.5/6.0 MB | 2.6/5.7 MBProgress (2): 1.5/6.0 MB | 2.6/5.7 MBProgress (2): 1.5/6.0 MB | 2.6/5.7 MBProgress (2): 1.5/6.0 MB | 2.6/5.7 MBProgress (2): 1.5/6.0 MB | 2.6/5.7 MBProgress (2): 1.5/6.0 MB | 2.6/5.7 MBProgress (2): 1.5/6.0 MB | 2.6/5.7 MBProgress (2): 1.5/6.0 MB | 2.6/5.7 MBProgress (2): 1.5/6.0 MB | 2.6/5.7 MBProgress (2): 1.5/6.0 MB | 2.6/5.7 MBProgress (2): 1.5/6.0 MB | 2.6/5.7 MBProgress (2): 1.5/6.0 MB | 2.6/5.7 MBProgress (2): 1.5/6.0 MB | 2.6/5.7 MBProgress (2): 1.5/6.0 MB | 2.6/5.7 MBProgress (2): 1.5/6.0 MB | 2.6/5.7 MBProgress (2): 1.5/6.0 MB | 2.6/5.7 MBProgress (2): 1.5/6.0 MB | 2.6/5.7 MBProgress (2): 1.5/6.0 MB | 2.6/5.7 MBProgress (2): 1.5/6.0 MB | 2.6/5.7 MBProgress (2): 1.5/6.0 MB | 2.6/5.7 MBProgress (2): 1.5/6.0 MB | 2.6/5.7 MBProgress (2): 1.5/6.0 MB | 2.6/5.7 MBProgress (2): 1.5/6.0 MB | 2.6/5.7 MBProgress (2): 1.5/6.0 MB | 2.6/5.7 MBProgress (2): 1.5/6.0 MB | 2.6/5.7 MBProgress (2): 1.5/6.0 MB | 2.6/5.7 MBProgress (2): 1.5/6.0 MB | 2.6/5.7 MBProgress (2): 1.5/6.0 MB | 2.6/5.7 MBProgress (2): 1.5/6.0 MB | 2.6/5.7 MBProgress (2): 1.5/6.0 MB | 2.6/5.7 MBProgress (2): 1.5/6.0 MB | 2.7/5.7 MBProgress (2): 1.5/6.0 MB | 2.7/5.7 MBProgress (2): 1.5/6.0 MB | 2.7/5.7 MBProgress (2): 1.5/6.0 MB | 2.7/5.7 MBProgress (2): 1.5/6.0 MB | 2.7/5.7 MBProgress (2): 1.5/6.0 MB | 2.7/5.7 MBProgress (2): 1.5/6.0 MB | 2.7/5.7 MBProgress (2): 1.5/6.0 MB | 2.7/5.7 MBProgress (2): 1.5/6.0 MB | 2.7/5.7 MBProgress (2): 1.5/6.0 MB | 2.7/5.7 MBProgress (2): 1.5/6.0 MB | 2.7/5.7 MBProgress (2): 1.5/6.0 MB | 2.7/5.7 MBProgress (2): 1.5/6.0 MB | 2.7/5.7 MBProgress (2): 1.5/6.0 MB | 2.7/5.7 MBProgress (2): 1.6/6.0 MB | 2.7/5.7 MBProgress (2): 1.6/6.0 MB | 2.7/5.7 MBProgress (2): 1.6/6.0 MB | 2.7/5.7 MBProgress (2): 1.6/6.0 MB | 2.7/5.7 MBProgress (2): 1.6/6.0 MB | 2.7/5.7 MBProgress (2): 1.6/6.0 MB | 2.7/5.7 MBProgress (2): 1.6/6.0 MB | 2.7/5.7 MBProgress (2): 1.6/6.0 MB | 2.7/5.7 MBProgress (2): 1.6/6.0 MB | 2.7/5.7 MBProgress (2): 1.6/6.0 MB | 2.7/5.7 MBProgress (2): 1.6/6.0 MB | 2.7/5.7 MBProgress (2): 1.6/6.0 MB | 2.7/5.7 MBProgress (2): 1.6/6.0 MB | 2.7/5.7 MBProgress (2): 1.6/6.0 MB | 2.7/5.7 MBProgress (2): 1.6/6.0 MB | 2.7/5.7 MBProgress (2): 1.6/6.0 MB | 2.7/5.7 MBProgress (2): 1.6/6.0 MB | 2.7/5.7 MBProgress (2): 1.6/6.0 MB | 2.7/5.7 MBProgress (2): 1.6/6.0 MB | 2.8/5.7 MBProgress (2): 1.6/6.0 MB | 2.8/5.7 MBProgress (2): 1.6/6.0 MB | 2.8/5.7 MBProgress (2): 1.6/6.0 MB | 2.8/5.7 MBProgress (2): 1.6/6.0 MB | 2.8/5.7 MBProgress (2): 1.6/6.0 MB | 2.8/5.7 MBProgress (2): 1.6/6.0 MB | 2.8/5.7 MBProgress (2): 1.6/6.0 MB | 2.8/5.7 MBProgress (2): 1.6/6.0 MB | 2.8/5.7 MBProgress (2): 1.6/6.0 MB | 2.8/5.7 MBProgress (2): 1.6/6.0 MB | 2.8/5.7 MBProgress (2): 1.6/6.0 MB | 2.8/5.7 MBProgress (2): 1.6/6.0 MB | 2.8/5.7 MBProgress (2): 1.6/6.0 MB | 2.8/5.7 MBProgress (2): 1.6/6.0 MB | 2.8/5.7 MBProgress (2): 1.6/6.0 MB | 2.8/5.7 MBProgress (2): 1.6/6.0 MB | 2.8/5.7 MBProgress (2): 1.6/6.0 MB | 2.8/5.7 MBProgress (2): 1.6/6.0 MB | 2.8/5.7 MBProgress (2): 1.6/6.0 MB | 2.8/5.7 MBProgress (2): 1.6/6.0 MB | 2.8/5.7 MBProgress (2): 1.6/6.0 MB | 2.8/5.7 MBProgress (2): 1.6/6.0 MB | 2.8/5.7 MBProgress (2): 1.6/6.0 MB | 2.8/5.7 MBProgress (2): 1.6/6.0 MB | 2.8/5.7 MBProgress (2): 1.6/6.0 MB | 2.8/5.7 MBProgress (2): 1.6/6.0 MB | 2.8/5.7 MBProgress (2): 1.6/6.0 MB | 2.8/5.7 MBProgress (2): 1.6/6.0 MB | 2.8/5.7 MBProgress (2): 1.6/6.0 MB | 2.8/5.7 MBProgress (2): 1.6/6.0 MB | 2.8/5.7 MBProgress (2): 1.6/6.0 MB | 2.8/5.7 MBProgress (2): 1.6/6.0 MB | 2.8/5.7 MBProgress (2): 1.6/6.0 MB | 2.9/5.7 MBProgress (2): 1.6/6.0 MB | 2.9/5.7 MBProgress (2): 1.6/6.0 MB | 2.9/5.7 MBProgress (2): 1.6/6.0 MB | 2.9/5.7 MBProgress (2): 1.6/6.0 MB | 2.9/5.7 MBProgress (2): 1.6/6.0 MB | 2.9/5.7 MBProgress (2): 1.6/6.0 MB | 2.9/5.7 MBProgress (2): 1.6/6.0 MB | 2.9/5.7 MBProgress (2): 1.6/6.0 MB | 2.9/5.7 MBProgress (2): 1.6/6.0 MB | 2.9/5.7 MBProgress (2): 1.6/6.0 MB | 2.9/5.7 MBProgress (2): 1.6/6.0 MB | 2.9/5.7 MBProgress (2): 1.6/6.0 MB | 2.9/5.7 MBProgress (2): 1.6/6.0 MB | 2.9/5.7 MBProgress (2): 1.6/6.0 MB | 2.9/5.7 MBProgress (2): 1.6/6.0 MB | 2.9/5.7 MBProgress (2): 1.6/6.0 MB | 2.9/5.7 MBProgress (2): 1.6/6.0 MB | 2.9/5.7 MBProgress (2): 1.6/6.0 MB | 2.9/5.7 MBProgress (2): 1.6/6.0 MB | 2.9/5.7 MBProgress (2): 1.6/6.0 MB | 2.9/5.7 MBProgress (2): 1.6/6.0 MB | 2.9/5.7 MBProgress (2): 1.6/6.0 MB | 2.9/5.7 MBProgress (2): 1.6/6.0 MB | 2.9/5.7 MBProgress (2): 1.6/6.0 MB | 2.9/5.7 MBProgress (2): 1.6/6.0 MB | 2.9/5.7 MBProgress (2): 1.6/6.0 MB | 2.9/5.7 MBProgress (2): 1.6/6.0 MB | 2.9/5.7 MBProgress (2): 1.6/6.0 MB | 2.9/5.7 MBProgress (2): 1.6/6.0 MB | 2.9/5.7 MBProgress (2): 1.6/6.0 MB | 2.9/5.7 MBProgress (2): 1.6/6.0 MB | 2.9/5.7 MBProgress (2): 1.6/6.0 MB | 2.9/5.7 MBProgress (2): 1.6/6.0 MB | 3.0/5.7 MBProgress (2): 1.6/6.0 MB | 3.0/5.7 MBProgress (2): 1.6/6.0 MB | 3.0/5.7 MBProgress (2): 1.7/6.0 MB | 3.0/5.7 MBProgress (2): 1.7/6.0 MB | 3.0/5.7 MBProgress (2): 1.7/6.0 MB | 3.0/5.7 MBProgress (2): 1.7/6.0 MB | 3.0/5.7 MBProgress (2): 1.7/6.0 MB | 3.0/5.7 MBProgress (2): 1.7/6.0 MB | 3.0/5.7 MBProgress (2): 1.7/6.0 MB | 3.0/5.7 MBProgress (2): 1.7/6.0 MB | 3.0/5.7 MBProgress (2): 1.7/6.0 MB | 3.0/5.7 MBProgress (2): 1.7/6.0 MB | 3.0/5.7 MBProgress (2): 1.7/6.0 MB | 3.0/5.7 MBProgress (2): 1.7/6.0 MB | 3.0/5.7 MBProgress (2): 1.7/6.0 MB | 3.0/5.7 MBProgress (2): 1.7/6.0 MB | 3.0/5.7 MBProgress (2): 1.7/6.0 MB | 3.0/5.7 MBProgress (2): 1.7/6.0 MB | 3.0/5.7 MBProgress (2): 1.7/6.0 MB | 3.0/5.7 MBProgress (2): 1.7/6.0 MB | 3.0/5.7 MBProgress (2): 1.7/6.0 MB | 3.0/5.7 MBProgress (2): 1.7/6.0 MB | 3.0/5.7 MBProgress (2): 1.7/6.0 MB | 3.0/5.7 MBProgress (2): 1.7/6.0 MB | 3.0/5.7 MBProgress (2): 1.7/6.0 MB | 3.0/5.7 MBProgress (2): 1.7/6.0 MB | 3.0/5.7 MBProgress (2): 1.7/6.0 MB | 3.0/5.7 MBProgress (2): 1.7/6.0 MB | 3.0/5.7 MBProgress (2): 1.7/6.0 MB | 3.0/5.7 MBProgress (2): 1.7/6.0 MB | 3.0/5.7 MBProgress (2): 1.7/6.0 MB | 3.0/5.7 MBProgress (2): 1.7/6.0 MB | 3.0/5.7 MBProgress (2): 1.7/6.0 MB | 3.0/5.7 MBProgress (2): 1.7/6.0 MB | 3.0/5.7 MBProgress (2): 1.7/6.0 MB | 3.0/5.7 MBProgress (2): 1.7/6.0 MB | 3.0/5.7 MBProgress (2): 1.7/6.0 MB | 3.0/5.7 MBProgress (2): 1.7/6.0 MB | 3.0/5.7 MBProgress (2): 1.7/6.0 MB | 3.1/5.7 MBProgress (2): 1.7/6.0 MB | 3.1/5.7 MBProgress (2): 1.7/6.0 MB | 3.1/5.7 MBProgress (2): 1.7/6.0 MB | 3.1/5.7 MBProgress (2): 1.7/6.0 MB | 3.1/5.7 MBProgress (2): 1.7/6.0 MB | 3.1/5.7 MBProgress (2): 1.7/6.0 MB | 3.1/5.7 MBProgress (2): 1.7/6.0 MB | 3.1/5.7 MBProgress (2): 1.7/6.0 MB | 3.1/5.7 MBProgress (2): 1.7/6.0 MB | 3.1/5.7 MBProgress (2): 1.7/6.0 MB | 3.1/5.7 MBProgress (2): 1.7/6.0 MB | 3.1/5.7 MBProgress (2): 1.7/6.0 MB | 3.1/5.7 MBProgress (2): 1.7/6.0 MB | 3.1/5.7 MBProgress (2): 1.7/6.0 MB | 3.1/5.7 MBProgress (2): 1.7/6.0 MB | 3.1/5.7 MBProgress (2): 1.7/6.0 MB | 3.1/5.7 MBProgress (2): 1.7/6.0 MB | 3.1/5.7 MBProgress (2): 1.7/6.0 MB | 3.1/5.7 MBProgress (2): 1.7/6.0 MB | 3.1/5.7 MBProgress (2): 1.7/6.0 MB | 3.1/5.7 MBProgress (2): 1.7/6.0 MB | 3.1/5.7 MBProgress (2): 1.7/6.0 MB | 3.1/5.7 MBProgress (2): 1.7/6.0 MB | 3.1/5.7 MBProgress (2): 1.7/6.0 MB | 3.1/5.7 MBProgress (2): 1.7/6.0 MB | 3.1/5.7 MBProgress (2): 1.7/6.0 MB | 3.1/5.7 MBProgress (2): 1.7/6.0 MB | 3.1/5.7 MBProgress (2): 1.7/6.0 MB | 3.1/5.7 MBProgress (2): 1.7/6.0 MB | 3.1/5.7 MBProgress (2): 1.7/6.0 MB | 3.1/5.7 MBProgress (2): 1.7/6.0 MB | 3.1/5.7 MBProgress (2): 1.7/6.0 MB | 3.1/5.7 MBProgress (2): 1.8/6.0 MB | 3.1/5.7 MBProgress (2): 1.8/6.0 MB | 3.1/5.7 MBProgress (2): 1.8/6.0 MB | 3.1/5.7 MBProgress (2): 1.8/6.0 MB | 3.1/5.7 MBProgress (2): 1.8/6.0 MB | 3.2/5.7 MBProgress (2): 1.8/6.0 MB | 3.2/5.7 MBProgress (2): 1.8/6.0 MB | 3.2/5.7 MBProgress (2): 1.8/6.0 MB | 3.2/5.7 MBProgress (2): 1.8/6.0 MB | 3.2/5.7 MBProgress (2): 1.8/6.0 MB | 3.2/5.7 MBProgress (2): 1.8/6.0 MB | 3.2/5.7 MBProgress (2): 1.8/6.0 MB | 3.2/5.7 MBProgress (2): 1.8/6.0 MB | 3.2/5.7 MBProgress (2): 1.8/6.0 MB | 3.2/5.7 MBProgress (2): 1.8/6.0 MB | 3.2/5.7 MBProgress (2): 1.8/6.0 MB | 3.2/5.7 MBProgress (2): 1.8/6.0 MB | 3.2/5.7 MBProgress (2): 1.8/6.0 MB | 3.2/5.7 MBProgress (2): 1.8/6.0 MB | 3.2/5.7 MBProgress (2): 1.8/6.0 MB | 3.2/5.7 MBProgress (2): 1.8/6.0 MB | 3.2/5.7 MBProgress (2): 1.8/6.0 MB | 3.2/5.7 MBProgress (2): 1.8/6.0 MB | 3.2/5.7 MBProgress (2): 1.8/6.0 MB | 3.2/5.7 MBProgress (2): 1.8/6.0 MB | 3.2/5.7 MBProgress (2): 1.8/6.0 MB | 3.2/5.7 MBProgress (2): 1.8/6.0 MB | 3.2/5.7 MBProgress (2): 1.8/6.0 MB | 3.2/5.7 MBProgress (2): 1.8/6.0 MB | 3.2/5.7 MBProgress (2): 1.8/6.0 MB | 3.2/5.7 MBProgress (2): 1.8/6.0 MB | 3.2/5.7 MBProgress (2): 1.8/6.0 MB | 3.2/5.7 MBProgress (2): 1.8/6.0 MB | 3.2/5.7 MBProgress (2): 1.8/6.0 MB | 3.2/5.7 MBProgress (2): 1.8/6.0 MB | 3.2/5.7 MBProgress (2): 1.8/6.0 MB | 3.2/5.7 MBProgress (2): 1.8/6.0 MB | 3.2/5.7 MBProgress (2): 1.8/6.0 MB | 3.2/5.7 MBProgress (2): 1.8/6.0 MB | 3.2/5.7 MBProgress (2): 1.8/6.0 MB | 3.2/5.7 MBProgress (2): 1.8/6.0 MB | 3.3/5.7 MBProgress (2): 1.8/6.0 MB | 3.3/5.7 MBProgress (2): 1.8/6.0 MB | 3.3/5.7 MBProgress (2): 1.8/6.0 MB | 3.3/5.7 MBProgress (2): 1.8/6.0 MB | 3.3/5.7 MBProgress (2): 1.8/6.0 MB | 3.3/5.7 MBProgress (2): 1.8/6.0 MB | 3.3/5.7 MBProgress (2): 1.8/6.0 MB | 3.3/5.7 MBProgress (2): 1.8/6.0 MB | 3.3/5.7 MBProgress (2): 1.8/6.0 MB | 3.3/5.7 MBProgress (2): 1.8/6.0 MB | 3.3/5.7 MBProgress (2): 1.8/6.0 MB | 3.3/5.7 MBProgress (2): 1.8/6.0 MB | 3.3/5.7 MBProgress (2): 1.8/6.0 MB | 3.3/5.7 MBProgress (2): 1.8/6.0 MB | 3.3/5.7 MBProgress (2): 1.8/6.0 MB | 3.3/5.7 MBProgress (2): 1.8/6.0 MB | 3.3/5.7 MBProgress (2): 1.8/6.0 MB | 3.3/5.7 MBProgress (2): 1.8/6.0 MB | 3.3/5.7 MBProgress (2): 1.8/6.0 MB | 3.3/5.7 MBProgress (2): 1.8/6.0 MB | 3.3/5.7 MBProgress (2): 1.8/6.0 MB | 3.3/5.7 MBProgress (2): 1.8/6.0 MB | 3.3/5.7 MBProgress (2): 1.8/6.0 MB | 3.3/5.7 MBProgress (2): 1.8/6.0 MB | 3.3/5.7 MBProgress (2): 1.8/6.0 MB | 3.3/5.7 MBProgress (2): 1.8/6.0 MB | 3.3/5.7 MBProgress (2): 1.8/6.0 MB | 3.3/5.7 MBProgress (2): 1.8/6.0 MB | 3.3/5.7 MBProgress (2): 1.8/6.0 MB | 3.3/5.7 MBProgress (2): 1.8/6.0 MB | 3.3/5.7 MBProgress (2): 1.8/6.0 MB | 3.3/5.7 MBProgress (2): 1.9/6.0 MB | 3.3/5.7 MBProgress (2): 1.9/6.0 MB | 3.3/5.7 MBProgress (2): 1.9/6.0 MB | 3.3/5.7 MBProgress (2): 1.9/6.0 MB | 3.3/5.7 MBProgress (2): 1.9/6.0 MB | 3.3/5.7 MBProgress (2): 1.9/6.0 MB | 3.4/5.7 MBProgress (2): 1.9/6.0 MB | 3.4/5.7 MBProgress (2): 1.9/6.0 MB | 3.4/5.7 MBProgress (2): 1.9/6.0 MB | 3.4/5.7 MBProgress (2): 1.9/6.0 MB | 3.4/5.7 MBProgress (2): 1.9/6.0 MB | 3.4/5.7 MBProgress (2): 1.9/6.0 MB | 3.4/5.7 MBProgress (2): 1.9/6.0 MB | 3.4/5.7 MBProgress (2): 1.9/6.0 MB | 3.4/5.7 MBProgress (2): 1.9/6.0 MB | 3.4/5.7 MBProgress (2): 1.9/6.0 MB | 3.4/5.7 MBProgress (2): 1.9/6.0 MB | 3.4/5.7 MBProgress (2): 1.9/6.0 MB | 3.4/5.7 MBProgress (2): 1.9/6.0 MB | 3.4/5.7 MBProgress (2): 1.9/6.0 MB | 3.4/5.7 MBProgress (2): 1.9/6.0 MB | 3.4/5.7 MBProgress (2): 1.9/6.0 MB | 3.4/5.7 MBProgress (2): 1.9/6.0 MB | 3.4/5.7 MBProgress (2): 1.9/6.0 MB | 3.4/5.7 MBProgress (2): 1.9/6.0 MB | 3.4/5.7 MBProgress (2): 1.9/6.0 MB | 3.4/5.7 MBProgress (2): 1.9/6.0 MB | 3.4/5.7 MBProgress (2): 1.9/6.0 MB | 3.4/5.7 MBProgress (2): 1.9/6.0 MB | 3.4/5.7 MBProgress (2): 1.9/6.0 MB | 3.4/5.7 MBProgress (2): 1.9/6.0 MB | 3.4/5.7 MBProgress (2): 1.9/6.0 MB | 3.4/5.7 MBProgress (2): 1.9/6.0 MB | 3.4/5.7 MBProgress (2): 1.9/6.0 MB | 3.4/5.7 MBProgress (2): 1.9/6.0 MB | 3.4/5.7 MBProgress (2): 1.9/6.0 MB | 3.4/5.7 MBProgress (2): 1.9/6.0 MB | 3.4/5.7 MBProgress (2): 1.9/6.0 MB | 3.5/5.7 MBProgress (2): 1.9/6.0 MB | 3.5/5.7 MBProgress (2): 1.9/6.0 MB | 3.5/5.7 MBProgress (2): 1.9/6.0 MB | 3.5/5.7 MBProgress (2): 1.9/6.0 MB | 3.5/5.7 MBProgress (2): 1.9/6.0 MB | 3.5/5.7 MBProgress (2): 1.9/6.0 MB | 3.5/5.7 MBProgress (2): 1.9/6.0 MB | 3.5/5.7 MBProgress (2): 1.9/6.0 MB | 3.5/5.7 MBProgress (2): 1.9/6.0 MB | 3.5/5.7 MBProgress (2): 1.9/6.0 MB | 3.5/5.7 MBProgress (2): 1.9/6.0 MB | 3.5/5.7 MBProgress (2): 1.9/6.0 MB | 3.5/5.7 MBProgress (2): 1.9/6.0 MB | 3.5/5.7 MBProgress (2): 1.9/6.0 MB | 3.5/5.7 MBProgress (2): 1.9/6.0 MB | 3.5/5.7 MBProgress (2): 1.9/6.0 MB | 3.5/5.7 MBProgress (2): 1.9/6.0 MB | 3.5/5.7 MBProgress (2): 1.9/6.0 MB | 3.5/5.7 MBProgress (2): 1.9/6.0 MB | 3.5/5.7 MBProgress (2): 1.9/6.0 MB | 3.5/5.7 MBProgress (2): 1.9/6.0 MB | 3.5/5.7 MBProgress (2): 1.9/6.0 MB | 3.5/5.7 MBProgress (2): 1.9/6.0 MB | 3.5/5.7 MBProgress (2): 1.9/6.0 MB | 3.5/5.7 MBProgress (2): 1.9/6.0 MB | 3.5/5.7 MBProgress (2): 1.9/6.0 MB | 3.5/5.7 MBProgress (2): 1.9/6.0 MB | 3.5/5.7 MBProgress (2): 1.9/6.0 MB | 3.5/5.7 MBProgress (2): 1.9/6.0 MB | 3.6/5.7 MBProgress (2): 1.9/6.0 MB | 3.6/5.7 MBProgress (2): 1.9/6.0 MB | 3.6/5.7 MBProgress (2): 1.9/6.0 MB | 3.6/5.7 MBProgress (2): 1.9/6.0 MB | 3.6/5.7 MBProgress (2): 1.9/6.0 MB | 3.6/5.7 MBProgress (2): 1.9/6.0 MB | 3.6/5.7 MBProgress (2): 1.9/6.0 MB | 3.6/5.7 MBProgress (2): 1.9/6.0 MB | 3.6/5.7 MBProgress (2): 1.9/6.0 MB | 3.6/5.7 MBProgress (2): 1.9/6.0 MB | 3.6/5.7 MBProgress (2): 1.9/6.0 MB | 3.6/5.7 MBProgress (2): 1.9/6.0 MB | 3.6/5.7 MBProgress (2): 1.9/6.0 MB | 3.6/5.7 MBProgress (2): 1.9/6.0 MB | 3.6/5.7 MBProgress (2): 1.9/6.0 MB | 3.6/5.7 MBProgress (2): 1.9/6.0 MB | 3.6/5.7 MBProgress (2): 1.9/6.0 MB | 3.6/5.7 MBProgress (2): 1.9/6.0 MB | 3.6/5.7 MBProgress (2): 1.9/6.0 MB | 3.6/5.7 MBProgress (2): 1.9/6.0 MB | 3.6/5.7 MBProgress (2): 1.9/6.0 MB | 3.6/5.7 MBProgress (2): 1.9/6.0 MB | 3.6/5.7 MBProgress (2): 1.9/6.0 MB | 3.6/5.7 MBProgress (2): 1.9/6.0 MB | 3.6/5.7 MBProgress (2): 1.9/6.0 MB | 3.6/5.7 MBProgress (2): 1.9/6.0 MB | 3.6/5.7 MBProgress (2): 1.9/6.0 MB | 3.6/5.7 MBProgress (2): 1.9/6.0 MB | 3.6/5.7 MBProgress (2): 1.9/6.0 MB | 3.6/5.7 MBProgress (2): 1.9/6.0 MB | 3.6/5.7 MBProgress (2): 1.9/6.0 MB | 3.6/5.7 MBProgress (2): 1.9/6.0 MB | 3.7/5.7 MBProgress (2): 1.9/6.0 MB | 3.7/5.7 MBProgress (2): 1.9/6.0 MB | 3.7/5.7 MBProgress (2): 1.9/6.0 MB | 3.7/5.7 MBProgress (2): 1.9/6.0 MB | 3.7/5.7 MBProgress (2): 1.9/6.0 MB | 3.7/5.7 MBProgress (2): 1.9/6.0 MB | 3.7/5.7 MBProgress (2): 1.9/6.0 MB | 3.7/5.7 MBProgress (2): 1.9/6.0 MB | 3.7/5.7 MBProgress (2): 1.9/6.0 MB | 3.7/5.7 MBProgress (2): 1.9/6.0 MB | 3.7/5.7 MBProgress (2): 1.9/6.0 MB | 3.7/5.7 MBProgress (2): 1.9/6.0 MB | 3.7/5.7 MBProgress (2): 1.9/6.0 MB | 3.7/5.7 MBProgress (2): 1.9/6.0 MB | 3.7/5.7 MBProgress (2): 1.9/6.0 MB | 3.7/5.7 MBProgress (2): 1.9/6.0 MB | 3.7/5.7 MBProgress (2): 1.9/6.0 MB | 3.7/5.7 MBProgress (2): 1.9/6.0 MB | 3.7/5.7 MBProgress (2): 2.0/6.0 MB | 3.7/5.7 MBProgress (2): 2.0/6.0 MB | 3.7/5.7 MBProgress (2): 2.0/6.0 MB | 3.7/5.7 MBProgress (2): 2.0/6.0 MB | 3.7/5.7 MBProgress (2): 2.0/6.0 MB | 3.7/5.7 MBProgress (2): 2.0/6.0 MB | 3.7/5.7 MBProgress (2): 2.0/6.0 MB | 3.7/5.7 MBProgress (2): 2.0/6.0 MB | 3.7/5.7 MBProgress (2): 2.0/6.0 MB | 3.7/5.7 MBProgress (2): 2.0/6.0 MB | 3.7/5.7 MBProgress (2): 2.0/6.0 MB | 3.7/5.7 MBProgress (2): 2.0/6.0 MB | 3.7/5.7 MBProgress (2): 2.0/6.0 MB | 3.7/5.7 MBProgress (2): 2.0/6.0 MB | 3.8/5.7 MBProgress (2): 2.0/6.0 MB | 3.8/5.7 MBProgress (2): 2.0/6.0 MB | 3.8/5.7 MBProgress (2): 2.0/6.0 MB | 3.8/5.7 MBProgress (2): 2.0/6.0 MB | 3.8/5.7 MBProgress (2): 2.0/6.0 MB | 3.8/5.7 MBProgress (2): 2.0/6.0 MB | 3.8/5.7 MBProgress (2): 2.0/6.0 MB | 3.8/5.7 MBProgress (2): 2.0/6.0 MB | 3.8/5.7 MBProgress (2): 2.0/6.0 MB | 3.8/5.7 MBProgress (2): 2.0/6.0 MB | 3.8/5.7 MBProgress (2): 2.0/6.0 MB | 3.8/5.7 MBProgress (2): 2.0/6.0 MB | 3.8/5.7 MBProgress (2): 2.0/6.0 MB | 3.8/5.7 MBProgress (2): 2.0/6.0 MB | 3.8/5.7 MBProgress (2): 2.0/6.0 MB | 3.8/5.7 MBProgress (2): 2.0/6.0 MB | 3.8/5.7 MBProgress (2): 2.0/6.0 MB | 3.8/5.7 MBProgress (2): 2.0/6.0 MB | 3.8/5.7 MBProgress (2): 2.0/6.0 MB | 3.8/5.7 MBProgress (2): 2.0/6.0 MB | 3.8/5.7 MBProgress (2): 2.0/6.0 MB | 3.8/5.7 MBProgress (2): 2.0/6.0 MB | 3.8/5.7 MBProgress (2): 2.0/6.0 MB | 3.8/5.7 MBProgress (2): 2.0/6.0 MB | 3.8/5.7 MBProgress (2): 2.0/6.0 MB | 3.8/5.7 MBProgress (2): 2.0/6.0 MB | 3.8/5.7 MBProgress (2): 2.0/6.0 MB | 3.8/5.7 MBProgress (2): 2.0/6.0 MB | 3.8/5.7 MBProgress (2): 2.0/6.0 MB | 3.8/5.7 MBProgress (2): 2.0/6.0 MB | 3.8/5.7 MBProgress (2): 2.0/6.0 MB | 3.8/5.7 MBProgress (2): 2.0/6.0 MB | 3.8/5.7 MBProgress (2): 2.0/6.0 MB | 3.8/5.7 MBProgress (2): 2.0/6.0 MB | 3.8/5.7 MBProgress (2): 2.0/6.0 MB | 3.8/5.7 MBProgress (2): 2.0/6.0 MB | 3.9/5.7 MBProgress (2): 2.0/6.0 MB | 3.9/5.7 MBProgress (2): 2.0/6.0 MB | 3.9/5.7 MBProgress (2): 2.0/6.0 MB | 3.9/5.7 MBProgress (2): 2.0/6.0 MB | 3.9/5.7 MBProgress (2): 2.0/6.0 MB | 3.9/5.7 MBProgress (2): 2.0/6.0 MB | 3.9/5.7 MBProgress (2): 2.0/6.0 MB | 3.9/5.7 MBProgress (2): 2.0/6.0 MB | 3.9/5.7 MBProgress (2): 2.0/6.0 MB | 3.9/5.7 MBProgress (2): 2.0/6.0 MB | 3.9/5.7 MBProgress (2): 2.0/6.0 MB | 3.9/5.7 MBProgress (2): 2.0/6.0 MB | 3.9/5.7 MBProgress (2): 2.0/6.0 MB | 3.9/5.7 MBProgress (2): 2.0/6.0 MB | 3.9/5.7 MBProgress (2): 2.0/6.0 MB | 3.9/5.7 MBProgress (2): 2.0/6.0 MB | 3.9/5.7 MBProgress (2): 2.0/6.0 MB | 3.9/5.7 MBProgress (2): 2.0/6.0 MB | 3.9/5.7 MBProgress (2): 2.0/6.0 MB | 3.9/5.7 MBProgress (2): 2.0/6.0 MB | 3.9/5.7 MBProgress (2): 2.0/6.0 MB | 3.9/5.7 MBProgress (2): 2.0/6.0 MB | 3.9/5.7 MBProgress (2): 2.0/6.0 MB | 3.9/5.7 MBProgress (2): 2.0/6.0 MB | 3.9/5.7 MBProgress (2): 2.0/6.0 MB | 3.9/5.7 MBProgress (2): 2.0/6.0 MB | 3.9/5.7 MBProgress (2): 2.0/6.0 MB | 3.9/5.7 MBProgress (2): 2.0/6.0 MB | 3.9/5.7 MBProgress (2): 2.0/6.0 MB | 3.9/5.7 MBProgress (2): 2.0/6.0 MB | 3.9/5.7 MBProgress (2): 2.0/6.0 MB | 3.9/5.7 MBProgress (2): 2.0/6.0 MB | 3.9/5.7 MBProgress (2): 2.0/6.0 MB | 4.0/5.7 MBProgress (2): 2.0/6.0 MB | 4.0/5.7 MBProgress (2): 2.0/6.0 MB | 4.0/5.7 MBProgress (2): 2.0/6.0 MB | 4.0/5.7 MBProgress (2): 2.0/6.0 MB | 4.0/5.7 MBProgress (2): 2.1/6.0 MB | 4.0/5.7 MBProgress (2): 2.1/6.0 MB | 4.0/5.7 MBProgress (2): 2.1/6.0 MB | 4.0/5.7 MBProgress (2): 2.1/6.0 MB | 4.0/5.7 MBProgress (2): 2.1/6.0 MB | 4.0/5.7 MBProgress (2): 2.1/6.0 MB | 4.0/5.7 MBProgress (2): 2.1/6.0 MB | 4.0/5.7 MBProgress (2): 2.1/6.0 MB | 4.0/5.7 MBProgress (2): 2.1/6.0 MB | 4.0/5.7 MBProgress (2): 2.1/6.0 MB | 4.0/5.7 MBProgress (2): 2.1/6.0 MB | 4.0/5.7 MBProgress (2): 2.1/6.0 MB | 4.0/5.7 MBProgress (2): 2.1/6.0 MB | 4.0/5.7 MBProgress (2): 2.1/6.0 MB | 4.0/5.7 MBProgress (2): 2.1/6.0 MB | 4.0/5.7 MBProgress (2): 2.1/6.0 MB | 4.0/5.7 MBProgress (2): 2.1/6.0 MB | 4.0/5.7 MBProgress (2): 2.1/6.0 MB | 4.0/5.7 MBProgress (2): 2.1/6.0 MB | 4.0/5.7 MBProgress (2): 2.1/6.0 MB | 4.0/5.7 MBProgress (2): 2.1/6.0 MB | 4.0/5.7 MBProgress (2): 2.1/6.0 MB | 4.0/5.7 MBProgress (2): 2.1/6.0 MB | 4.0/5.7 MBProgress (2): 2.1/6.0 MB | 4.0/5.7 MBProgress (2): 2.1/6.0 MB | 4.0/5.7 MBProgress (2): 2.1/6.0 MB | 4.0/5.7 MBProgress (2): 2.1/6.0 MB | 4.0/5.7 MBProgress (2): 2.1/6.0 MB | 4.0/5.7 MBProgress (2): 2.1/6.0 MB | 4.1/5.7 MBProgress (2): 2.1/6.0 MB | 4.1/5.7 MBProgress (2): 2.1/6.0 MB | 4.1/5.7 MBProgress (2): 2.1/6.0 MB | 4.1/5.7 MBProgress (2): 2.1/6.0 MB | 4.1/5.7 MBProgress (2): 2.1/6.0 MB | 4.1/5.7 MBProgress (2): 2.1/6.0 MB | 4.1/5.7 MBProgress (2): 2.1/6.0 MB | 4.1/5.7 MBProgress (2): 2.1/6.0 MB | 4.1/5.7 MBProgress (2): 2.1/6.0 MB | 4.1/5.7 MBProgress (2): 2.1/6.0 MB | 4.1/5.7 MBProgress (2): 2.1/6.0 MB | 4.1/5.7 MBProgress (2): 2.1/6.0 MB | 4.1/5.7 MBProgress (2): 2.1/6.0 MB | 4.1/5.7 MBProgress (2): 2.1/6.0 MB | 4.1/5.7 MBProgress (2): 2.1/6.0 MB | 4.1/5.7 MBProgress (2): 2.1/6.0 MB | 4.1/5.7 MBProgress (2): 2.1/6.0 MB | 4.1/5.7 MBProgress (2): 2.1/6.0 MB | 4.1/5.7 MBProgress (2): 2.1/6.0 MB | 4.1/5.7 MBProgress (2): 2.1/6.0 MB | 4.1/5.7 MBProgress (2): 2.1/6.0 MB | 4.1/5.7 MBProgress (2): 2.1/6.0 MB | 4.1/5.7 MBProgress (2): 2.1/6.0 MB | 4.1/5.7 MBProgress (2): 2.1/6.0 MB | 4.1/5.7 MBProgress (2): 2.1/6.0 MB | 4.1/5.7 MBProgress (2): 2.1/6.0 MB | 4.1/5.7 MBProgress (2): 2.1/6.0 MB | 4.1/5.7 MBProgress (2): 2.1/6.0 MB | 4.1/5.7 MBProgress (2): 2.1/6.0 MB | 4.1/5.7 MBProgress (2): 2.1/6.0 MB | 4.1/5.7 MBProgress (2): 2.1/6.0 MB | 4.1/5.7 MBProgress (2): 2.1/6.0 MB | 4.2/5.7 MBProgress (2): 2.1/6.0 MB | 4.2/5.7 MBProgress (2): 2.1/6.0 MB | 4.2/5.7 MBProgress (2): 2.1/6.0 MB | 4.2/5.7 MBProgress (2): 2.1/6.0 MB | 4.2/5.7 MBProgress (2): 2.1/6.0 MB | 4.2/5.7 MBProgress (2): 2.1/6.0 MB | 4.2/5.7 MBProgress (2): 2.1/6.0 MB | 4.2/5.7 MBProgress (2): 2.1/6.0 MB | 4.2/5.7 MBProgress (2): 2.1/6.0 MB | 4.2/5.7 MBProgress (2): 2.1/6.0 MB | 4.2/5.7 MBProgress (2): 2.1/6.0 MB | 4.2/5.7 MBProgress (2): 2.1/6.0 MB | 4.2/5.7 MBProgress (2): 2.1/6.0 MB | 4.2/5.7 MBProgress (2): 2.1/6.0 MB | 4.2/5.7 MBProgress (2): 2.1/6.0 MB | 4.2/5.7 MBProgress (2): 2.1/6.0 MB | 4.2/5.7 MBProgress (2): 2.1/6.0 MB | 4.2/5.7 MBProgress (2): 2.1/6.0 MB | 4.2/5.7 MBProgress (2): 2.1/6.0 MB | 4.2/5.7 MBProgress (2): 2.1/6.0 MB | 4.2/5.7 MBProgress (2): 2.1/6.0 MB | 4.2/5.7 MBProgress (2): 2.1/6.0 MB | 4.2/5.7 MBProgress (2): 2.1/6.0 MB | 4.2/5.7 MBProgress (2): 2.1/6.0 MB | 4.2/5.7 MBProgress (2): 2.1/6.0 MB | 4.2/5.7 MBProgress (2): 2.1/6.0 MB | 4.2/5.7 MBProgress (2): 2.1/6.0 MB | 4.2/5.7 MBProgress (2): 2.1/6.0 MB | 4.2/5.7 MBProgress (2): 2.1/6.0 MB | 4.2/5.7 MBProgress (2): 2.1/6.0 MB | 4.2/5.7 MBProgress (2): 2.1/6.0 MB | 4.2/5.7 MBProgress (2): 2.1/6.0 MB | 4.3/5.7 MBProgress (2): 2.1/6.0 MB | 4.3/5.7 MBProgress (2): 2.1/6.0 MB | 4.3/5.7 MBProgress (2): 2.1/6.0 MB | 4.3/5.7 MBProgress (2): 2.2/6.0 MB | 4.3/5.7 MBProgress (2): 2.2/6.0 MB | 4.3/5.7 MBProgress (2): 2.2/6.0 MB | 4.3/5.7 MBProgress (2): 2.2/6.0 MB | 4.3/5.7 MBProgress (2): 2.2/6.0 MB | 4.3/5.7 MBProgress (2): 2.2/6.0 MB | 4.3/5.7 MBProgress (2): 2.2/6.0 MB | 4.3/5.7 MBProgress (2): 2.2/6.0 MB | 4.3/5.7 MBProgress (2): 2.2/6.0 MB | 4.3/5.7 MBProgress (2): 2.2/6.0 MB | 4.3/5.7 MBProgress (2): 2.2/6.0 MB | 4.3/5.7 MBProgress (2): 2.2/6.0 MB | 4.3/5.7 MBProgress (2): 2.2/6.0 MB | 4.3/5.7 MBProgress (2): 2.2/6.0 MB | 4.3/5.7 MBProgress (2): 2.2/6.0 MB | 4.3/5.7 MBProgress (2): 2.2/6.0 MB | 4.3/5.7 MBProgress (2): 2.2/6.0 MB | 4.3/5.7 MBProgress (2): 2.2/6.0 MB | 4.3/5.7 MBProgress (2): 2.2/6.0 MB | 4.3/5.7 MBProgress (2): 2.2/6.0 MB | 4.3/5.7 MBProgress (2): 2.2/6.0 MB | 4.3/5.7 MBProgress (2): 2.2/6.0 MB | 4.3/5.7 MBProgress (2): 2.2/6.0 MB | 4.3/5.7 MBProgress (2): 2.2/6.0 MB | 4.3/5.7 MBProgress (2): 2.2/6.0 MB | 4.3/5.7 MBProgress (2): 2.2/6.0 MB | 4.3/5.7 MBProgress (2): 2.2/6.0 MB | 4.3/5.7 MBProgress (2): 2.2/6.0 MB | 4.3/5.7 MBProgress (2): 2.2/6.0 MB | 4.3/5.7 MBProgress (2): 2.2/6.0 MB | 4.4/5.7 MBProgress (2): 2.2/6.0 MB | 4.4/5.7 MBProgress (2): 2.2/6.0 MB | 4.4/5.7 MBProgress (2): 2.2/6.0 MB | 4.4/5.7 MBProgress (2): 2.2/6.0 MB | 4.4/5.7 MBProgress (2): 2.2/6.0 MB | 4.4/5.7 MBProgress (2): 2.2/6.0 MB | 4.4/5.7 MBProgress (2): 2.2/6.0 MB | 4.4/5.7 MBProgress (2): 2.2/6.0 MB | 4.4/5.7 MBProgress (2): 2.2/6.0 MB | 4.4/5.7 MBProgress (2): 2.2/6.0 MB | 4.4/5.7 MBProgress (2): 2.2/6.0 MB | 4.4/5.7 MBProgress (2): 2.2/6.0 MB | 4.4/5.7 MBProgress (2): 2.2/6.0 MB | 4.4/5.7 MBProgress (2): 2.2/6.0 MB | 4.4/5.7 MBProgress (2): 2.2/6.0 MB | 4.4/5.7 MBProgress (2): 2.2/6.0 MB | 4.4/5.7 MBProgress (2): 2.2/6.0 MB | 4.4/5.7 MBProgress (2): 2.2/6.0 MB | 4.4/5.7 MBProgress (2): 2.2/6.0 MB | 4.4/5.7 MBProgress (2): 2.2/6.0 MB | 4.4/5.7 MBProgress (2): 2.2/6.0 MB | 4.4/5.7 MBProgress (2): 2.2/6.0 MB | 4.4/5.7 MBProgress (2): 2.2/6.0 MB | 4.4/5.7 MBProgress (2): 2.2/6.0 MB | 4.4/5.7 MBProgress (2): 2.2/6.0 MB | 4.4/5.7 MBProgress (2): 2.2/6.0 MB | 4.4/5.7 MBProgress (2): 2.2/6.0 MB | 4.4/5.7 MBProgress (2): 2.2/6.0 MB | 4.4/5.7 MBProgress (2): 2.2/6.0 MB | 4.4/5.7 MBProgress (2): 2.2/6.0 MB | 4.4/5.7 MBProgress (2): 2.2/6.0 MB | 4.4/5.7 MBProgress (2): 2.2/6.0 MB | 4.4/5.7 MBProgress (2): 2.2/6.0 MB | 4.4/5.7 MBProgress (2): 2.2/6.0 MB | 4.4/5.7 MBProgress (2): 2.2/6.0 MB | 4.4/5.7 MBProgress (2): 2.2/6.0 MB | 4.5/5.7 MBProgress (2): 2.2/6.0 MB | 4.5/5.7 MBProgress (2): 2.2/6.0 MB | 4.5/5.7 MBProgress (2): 2.2/6.0 MB | 4.5/5.7 MBProgress (2): 2.2/6.0 MB | 4.5/5.7 MBProgress (2): 2.2/6.0 MB | 4.5/5.7 MBProgress (2): 2.2/6.0 MB | 4.5/5.7 MBProgress (2): 2.2/6.0 MB | 4.5/5.7 MBProgress (2): 2.2/6.0 MB | 4.5/5.7 MBProgress (2): 2.2/6.0 MB | 4.5/5.7 MBProgress (2): 2.2/6.0 MB | 4.5/5.7 MBProgress (2): 2.2/6.0 MB | 4.5/5.7 MBProgress (2): 2.2/6.0 MB | 4.5/5.7 MBProgress (2): 2.2/6.0 MB | 4.5/5.7 MBProgress (2): 2.2/6.0 MB | 4.5/5.7 MBProgress (2): 2.2/6.0 MB | 4.5/5.7 MBProgress (2): 2.2/6.0 MB | 4.5/5.7 MBProgress (2): 2.2/6.0 MB | 4.5/5.7 MBProgress (2): 2.2/6.0 MB | 4.5/5.7 MBProgress (2): 2.2/6.0 MB | 4.5/5.7 MBProgress (2): 2.2/6.0 MB | 4.5/5.7 MBProgress (2): 2.2/6.0 MB | 4.5/5.7 MBProgress (2): 2.2/6.0 MB | 4.5/5.7 MBProgress (2): 2.2/6.0 MB | 4.5/5.7 MBProgress (2): 2.2/6.0 MB | 4.5/5.7 MBProgress (2): 2.2/6.0 MB | 4.5/5.7 MBProgress (2): 2.2/6.0 MB | 4.5/5.7 MBProgress (2): 2.2/6.0 MB | 4.5/5.7 MBProgress (2): 2.2/6.0 MB | 4.5/5.7 MBProgress (2): 2.3/6.0 MB | 4.5/5.7 MBProgress (2): 2.3/6.0 MB | 4.5/5.7 MBProgress (2): 2.3/6.0 MB | 4.5/5.7 MBProgress (2): 2.3/6.0 MB | 4.5/5.7 MBProgress (2): 2.3/6.0 MB | 4.6/5.7 MBProgress (2): 2.3/6.0 MB | 4.6/5.7 MBProgress (2): 2.3/6.0 MB | 4.6/5.7 MBProgress (2): 2.3/6.0 MB | 4.6/5.7 MBProgress (2): 2.3/6.0 MB | 4.6/5.7 MBProgress (2): 2.3/6.0 MB | 4.6/5.7 MBProgress (2): 2.3/6.0 MB | 4.6/5.7 MBProgress (2): 2.3/6.0 MB | 4.6/5.7 MBProgress (2): 2.3/6.0 MB | 4.6/5.7 MBProgress (2): 2.3/6.0 MB | 4.6/5.7 MBProgress (2): 2.3/6.0 MB | 4.6/5.7 MBProgress (2): 2.3/6.0 MB | 4.6/5.7 MBProgress (2): 2.3/6.0 MB | 4.6/5.7 MBProgress (2): 2.3/6.0 MB | 4.6/5.7 MBProgress (2): 2.3/6.0 MB | 4.6/5.7 MBProgress (2): 2.3/6.0 MB | 4.6/5.7 MBProgress (2): 2.3/6.0 MB | 4.6/5.7 MBProgress (2): 2.3/6.0 MB | 4.6/5.7 MBProgress (2): 2.3/6.0 MB | 4.6/5.7 MBProgress (2): 2.3/6.0 MB | 4.6/5.7 MBProgress (2): 2.3/6.0 MB | 4.6/5.7 MBProgress (2): 2.3/6.0 MB | 4.6/5.7 MBProgress (2): 2.3/6.0 MB | 4.6/5.7 MBProgress (2): 2.3/6.0 MB | 4.6/5.7 MBProgress (2): 2.3/6.0 MB | 4.6/5.7 MBProgress (2): 2.3/6.0 MB | 4.6/5.7 MBProgress (2): 2.3/6.0 MB | 4.6/5.7 MBProgress (2): 2.3/6.0 MB | 4.6/5.7 MBProgress (2): 2.3/6.0 MB | 4.6/5.7 MBProgress (2): 2.3/6.0 MB | 4.6/5.7 MBProgress (2): 2.3/6.0 MB | 4.6/5.7 MBProgress (2): 2.3/6.0 MB | 4.6/5.7 MBProgress (2): 2.3/6.0 MB | 4.7/5.7 MBProgress (2): 2.3/6.0 MB | 4.7/5.7 MBProgress (2): 2.3/6.0 MB | 4.7/5.7 MBProgress (2): 2.3/6.0 MB | 4.7/5.7 MBProgress (2): 2.3/6.0 MB | 4.7/5.7 MBProgress (2): 2.3/6.0 MB | 4.7/5.7 MBProgress (2): 2.3/6.0 MB | 4.7/5.7 MBProgress (2): 2.3/6.0 MB | 4.7/5.7 MBProgress (2): 2.3/6.0 MB | 4.7/5.7 MBProgress (2): 2.3/6.0 MB | 4.7/5.7 MBProgress (2): 2.3/6.0 MB | 4.7/5.7 MBProgress (2): 2.3/6.0 MB | 4.7/5.7 MBProgress (2): 2.3/6.0 MB | 4.7/5.7 MBProgress (2): 2.3/6.0 MB | 4.7/5.7 MBProgress (2): 2.3/6.0 MB | 4.7/5.7 MBProgress (2): 2.3/6.0 MB | 4.7/5.7 MBProgress (2): 2.3/6.0 MB | 4.7/5.7 MBProgress (2): 2.3/6.0 MB | 4.7/5.7 MBProgress (2): 2.3/6.0 MB | 4.7/5.7 MBProgress (2): 2.3/6.0 MB | 4.7/5.7 MBProgress (2): 2.3/6.0 MB | 4.7/5.7 MBProgress (2): 2.3/6.0 MB | 4.7/5.7 MBProgress (2): 2.3/6.0 MB | 4.7/5.7 MBProgress (2): 2.3/6.0 MB | 4.7/5.7 MBProgress (2): 2.3/6.0 MB | 4.7/5.7 MBProgress (2): 2.3/6.0 MB | 4.7/5.7 MBProgress (2): 2.3/6.0 MB | 4.7/5.7 MBProgress (2): 2.3/6.0 MB | 4.7/5.7 MBProgress (2): 2.3/6.0 MB | 4.7/5.7 MBProgress (2): 2.3/6.0 MB | 4.7/5.7 MBProgress (2): 2.3/6.0 MB | 4.7/5.7 MBProgress (2): 2.3/6.0 MB | 4.8/5.7 MBProgress (2): 2.3/6.0 MB | 4.8/5.7 MBProgress (2): 2.3/6.0 MB | 4.8/5.7 MBProgress (2): 2.3/6.0 MB | 4.8/5.7 MBProgress (2): 2.3/6.0 MB | 4.8/5.7 MBProgress (2): 2.3/6.0 MB | 4.8/5.7 MBProgress (2): 2.3/6.0 MB | 4.8/5.7 MBProgress (2): 2.3/6.0 MB | 4.8/5.7 MBProgress (2): 2.3/6.0 MB | 4.8/5.7 MBProgress (2): 2.3/6.0 MB | 4.8/5.7 MBProgress (2): 2.3/6.0 MB | 4.8/5.7 MBProgress (2): 2.3/6.0 MB | 4.8/5.7 MBProgress (2): 2.3/6.0 MB | 4.8/5.7 MBProgress (2): 2.3/6.0 MB | 4.8/5.7 MBProgress (2): 2.3/6.0 MB | 4.8/5.7 MBProgress (2): 2.3/6.0 MB | 4.8/5.7 MBProgress (2): 2.3/6.0 MB | 4.8/5.7 MBProgress (2): 2.3/6.0 MB | 4.8/5.7 MBProgress (2): 2.3/6.0 MB | 4.8/5.7 MBProgress (2): 2.3/6.0 MB | 4.8/5.7 MBProgress (2): 2.3/6.0 MB | 4.8/5.7 MBProgress (2): 2.3/6.0 MB | 4.8/5.7 MBProgress (2): 2.3/6.0 MB | 4.8/5.7 MBProgress (2): 2.3/6.0 MB | 4.8/5.7 MBProgress (2): 2.3/6.0 MB | 4.8/5.7 MBProgress (2): 2.3/6.0 MB | 4.8/5.7 MBProgress (2): 2.3/6.0 MB | 4.8/5.7 MBProgress (2): 2.3/6.0 MB | 4.8/5.7 MBProgress (2): 2.3/6.0 MB | 4.8/5.7 MBProgress (2): 2.3/6.0 MB | 4.8/5.7 MBProgress (2): 2.3/6.0 MB | 4.9/5.7 MBProgress (2): 2.3/6.0 MB | 4.9/5.7 MBProgress (2): 2.3/6.0 MB | 4.9/5.7 MBProgress (2): 2.4/6.0 MB | 4.9/5.7 MBProgress (2): 2.4/6.0 MB | 4.9/5.7 MBProgress (2): 2.4/6.0 MB | 4.9/5.7 MBProgress (2): 2.4/6.0 MB | 4.9/5.7 MBProgress (2): 2.4/6.0 MB | 4.9/5.7 MBProgress (2): 2.4/6.0 MB | 4.9/5.7 MBProgress (2): 2.4/6.0 MB | 4.9/5.7 MBProgress (2): 2.4/6.0 MB | 4.9/5.7 MBProgress (2): 2.4/6.0 MB | 4.9/5.7 MBProgress (2): 2.4/6.0 MB | 4.9/5.7 MBProgress (2): 2.4/6.0 MB | 4.9/5.7 MBProgress (2): 2.4/6.0 MB | 4.9/5.7 MBProgress (2): 2.4/6.0 MB | 4.9/5.7 MBProgress (2): 2.4/6.0 MB | 4.9/5.7 MBProgress (2): 2.4/6.0 MB | 4.9/5.7 MBProgress (2): 2.4/6.0 MB | 4.9/5.7 MBProgress (2): 2.4/6.0 MB | 4.9/5.7 MBProgress (2): 2.4/6.0 MB | 4.9/5.7 MBProgress (2): 2.4/6.0 MB | 4.9/5.7 MBProgress (2): 2.4/6.0 MB | 4.9/5.7 MBProgress (2): 2.4/6.0 MB | 4.9/5.7 MBProgress (2): 2.4/6.0 MB | 4.9/5.7 MBProgress (2): 2.4/6.0 MB | 4.9/5.7 MBProgress (2): 2.4/6.0 MB | 4.9/5.7 MBProgress (2): 2.4/6.0 MB | 4.9/5.7 MBProgress (2): 2.4/6.0 MB | 4.9/5.7 MBProgress (2): 2.4/6.0 MB | 4.9/5.7 MBProgress (2): 2.4/6.0 MB | 4.9/5.7 MBProgress (2): 2.4/6.0 MB | 4.9/5.7 MBProgress (2): 2.4/6.0 MB | 5.0/5.7 MBProgress (2): 2.4/6.0 MB | 5.0/5.7 MBProgress (2): 2.4/6.0 MB | 5.0/5.7 MBProgress (2): 2.4/6.0 MB | 5.0/5.7 MBProgress (2): 2.4/6.0 MB | 5.0/5.7 MBProgress (2): 2.4/6.0 MB | 5.0/5.7 MBProgress (2): 2.4/6.0 MB | 5.0/5.7 MBProgress (2): 2.4/6.0 MB | 5.0/5.7 MBProgress (2): 2.4/6.0 MB | 5.0/5.7 MBProgress (2): 2.4/6.0 MB | 5.0/5.7 MBProgress (2): 2.4/6.0 MB | 5.0/5.7 MBProgress (2): 2.4/6.0 MB | 5.0/5.7 MBProgress (2): 2.4/6.0 MB | 5.0/5.7 MBProgress (2): 2.4/6.0 MB | 5.0/5.7 MBProgress (2): 2.4/6.0 MB | 5.0/5.7 MBProgress (2): 2.4/6.0 MB | 5.0/5.7 MBProgress (2): 2.4/6.0 MB | 5.0/5.7 MBProgress (2): 2.4/6.0 MB | 5.0/5.7 MBProgress (2): 2.4/6.0 MB | 5.0/5.7 MBProgress (2): 2.4/6.0 MB | 5.0/5.7 MBProgress (2): 2.4/6.0 MB | 5.0/5.7 MBProgress (2): 2.4/6.0 MB | 5.0/5.7 MBProgress (2): 2.4/6.0 MB | 5.0/5.7 MBProgress (2): 2.4/6.0 MB | 5.0/5.7 MBProgress (2): 2.4/6.0 MB | 5.0/5.7 MBProgress (2): 2.4/6.0 MB | 5.0/5.7 MBProgress (2): 2.4/6.0 MB | 5.0/5.7 MBProgress (2): 2.4/6.0 MB | 5.0/5.7 MBProgress (2): 2.4/6.0 MB | 5.0/5.7 MBProgress (2): 2.4/6.0 MB | 5.0/5.7 MBProgress (2): 2.4/6.0 MB | 5.0/5.7 MBProgress (2): 2.4/6.0 MB | 5.0/5.7 MBProgress (2): 2.4/6.0 MB | 5.0/5.7 MBProgress (2): 2.4/6.0 MB | 5.0/5.7 MBProgress (2): 2.4/6.0 MB | 5.0/5.7 MBProgress (2): 2.4/6.0 MB | 5.0/5.7 MBProgress (2): 2.4/6.0 MB | 5.0/5.7 MBProgress (2): 2.4/6.0 MB | 5.0/5.7 MBProgress (2): 2.4/6.0 MB | 5.1/5.7 MBProgress (2): 2.4/6.0 MB | 5.1/5.7 MBProgress (2): 2.4/6.0 MB | 5.1/5.7 MBProgress (2): 2.4/6.0 MB | 5.1/5.7 MBProgress (2): 2.4/6.0 MB | 5.1/5.7 MBProgress (2): 2.4/6.0 MB | 5.1/5.7 MBProgress (2): 2.4/6.0 MB | 5.1/5.7 MBProgress (2): 2.4/6.0 MB | 5.1/5.7 MBProgress (2): 2.4/6.0 MB | 5.1/5.7 MBProgress (2): 2.4/6.0 MB | 5.1/5.7 MBProgress (2): 2.4/6.0 MB | 5.1/5.7 MBProgress (2): 2.4/6.0 MB | 5.1/5.7 MBProgress (2): 2.4/6.0 MB | 5.1/5.7 MBProgress (2): 2.4/6.0 MB | 5.1/5.7 MBProgress (2): 2.4/6.0 MB | 5.1/5.7 MBProgress (2): 2.4/6.0 MB | 5.1/5.7 MBProgress (2): 2.4/6.0 MB | 5.1/5.7 MBProgress (2): 2.4/6.0 MB | 5.1/5.7 MBProgress (2): 2.4/6.0 MB | 5.1/5.7 MBProgress (2): 2.4/6.0 MB | 5.1/5.7 MBProgress (2): 2.4/6.0 MB | 5.1/5.7 MBProgress (2): 2.4/6.0 MB | 5.1/5.7 MBProgress (2): 2.5/6.0 MB | 5.1/5.7 MBProgress (2): 2.5/6.0 MB | 5.1/5.7 MBProgress (2): 2.5/6.0 MB | 5.1/5.7 MBProgress (2): 2.5/6.0 MB | 5.1/5.7 MBProgress (2): 2.5/6.0 MB | 5.1/5.7 MBProgress (2): 2.5/6.0 MB | 5.1/5.7 MBProgress (2): 2.5/6.0 MB | 5.1/5.7 MBProgress (2): 2.5/6.0 MB | 5.1/5.7 MBProgress (2): 2.5/6.0 MB | 5.1/5.7 MBProgress (2): 2.5/6.0 MB | 5.2/5.7 MBProgress (2): 2.5/6.0 MB | 5.2/5.7 MBProgress (2): 2.5/6.0 MB | 5.2/5.7 MBProgress (2): 2.5/6.0 MB | 5.2/5.7 MBProgress (2): 2.5/6.0 MB | 5.2/5.7 MBProgress (2): 2.5/6.0 MB | 5.2/5.7 MBProgress (2): 2.5/6.0 MB | 5.2/5.7 MBProgress (2): 2.5/6.0 MB | 5.2/5.7 MBProgress (2): 2.5/6.0 MB | 5.2/5.7 MBProgress (2): 2.5/6.0 MB | 5.2/5.7 MBProgress (2): 2.5/6.0 MB | 5.2/5.7 MBProgress (2): 2.5/6.0 MB | 5.2/5.7 MBProgress (2): 2.5/6.0 MB | 5.2/5.7 MBProgress (2): 2.5/6.0 MB | 5.2/5.7 MBProgress (2): 2.5/6.0 MB | 5.2/5.7 MBProgress (2): 2.5/6.0 MB | 5.2/5.7 MBProgress (2): 2.5/6.0 MB | 5.2/5.7 MBProgress (2): 2.5/6.0 MB | 5.2/5.7 MBProgress (2): 2.5/6.0 MB | 5.2/5.7 MBProgress (2): 2.5/6.0 MB | 5.2/5.7 MBProgress (2): 2.5/6.0 MB | 5.2/5.7 MBProgress (2): 2.5/6.0 MB | 5.2/5.7 MBProgress (2): 2.5/6.0 MB | 5.2/5.7 MBProgress (2): 2.5/6.0 MB | 5.2/5.7 MBProgress (2): 2.5/6.0 MB | 5.2/5.7 MBProgress (2): 2.5/6.0 MB | 5.2/5.7 MBProgress (2): 2.5/6.0 MB | 5.2/5.7 MBProgress (2): 2.5/6.0 MB | 5.2/5.7 MBProgress (2): 2.5/6.0 MB | 5.2/5.7 MBProgress (2): 2.5/6.0 MB | 5.2/5.7 MBProgress (2): 2.5/6.0 MB | 5.2/5.7 MBProgress (2): 2.5/6.0 MB | 5.2/5.7 MBProgress (2): 2.5/6.0 MB | 5.2/5.7 MBProgress (2): 2.5/6.0 MB | 5.3/5.7 MBProgress (2): 2.5/6.0 MB | 5.3/5.7 MBProgress (2): 2.5/6.0 MB | 5.3/5.7 MBProgress (2): 2.5/6.0 MB | 5.3/5.7 MBProgress (2): 2.5/6.0 MB | 5.3/5.7 MBProgress (2): 2.5/6.0 MB | 5.3/5.7 MBProgress (2): 2.5/6.0 MB | 5.3/5.7 MBProgress (2): 2.5/6.0 MB | 5.3/5.7 MBProgress (2): 2.5/6.0 MB | 5.3/5.7 MBProgress (2): 2.5/6.0 MB | 5.3/5.7 MBProgress (2): 2.5/6.0 MB | 5.3/5.7 MBProgress (2): 2.5/6.0 MB | 5.3/5.7 MBProgress (2): 2.5/6.0 MB | 5.3/5.7 MBProgress (2): 2.5/6.0 MB | 5.3/5.7 MBProgress (2): 2.5/6.0 MB | 5.3/5.7 MBProgress (2): 2.5/6.0 MB | 5.3/5.7 MBProgress (2): 2.5/6.0 MB | 5.3/5.7 MBProgress (2): 2.5/6.0 MB | 5.3/5.7 MBProgress (2): 2.5/6.0 MB | 5.3/5.7 MBProgress (2): 2.5/6.0 MB | 5.3/5.7 MBProgress (2): 2.5/6.0 MB | 5.3/5.7 MBProgress (2): 2.5/6.0 MB | 5.3/5.7 MBProgress (2): 2.5/6.0 MB | 5.3/5.7 MBProgress (2): 2.5/6.0 MB | 5.3/5.7 MBProgress (2): 2.5/6.0 MB | 5.3/5.7 MBProgress (2): 2.5/6.0 MB | 5.3/5.7 MBProgress (2): 2.5/6.0 MB | 5.3/5.7 MBProgress (2): 2.5/6.0 MB | 5.3/5.7 MBProgress (2): 2.5/6.0 MB | 5.3/5.7 MBProgress (2): 2.5/6.0 MB | 5.4/5.7 MBProgress (2): 2.5/6.0 MB | 5.4/5.7 MBProgress (2): 2.5/6.0 MB | 5.4/5.7 MBProgress (2): 2.5/6.0 MB | 5.4/5.7 MBProgress (2): 2.5/6.0 MB | 5.4/5.7 MBProgress (2): 2.5/6.0 MB | 5.4/5.7 MBProgress (2): 2.5/6.0 MB | 5.4/5.7 MBProgress (2): 2.5/6.0 MB | 5.4/5.7 MBProgress (2): 2.5/6.0 MB | 5.4/5.7 MBProgress (2): 2.5/6.0 MB | 5.4/5.7 MBProgress (2): 2.5/6.0 MB | 5.4/5.7 MBProgress (2): 2.5/6.0 MB | 5.4/5.7 MBProgress (2): 2.5/6.0 MB | 5.4/5.7 MBProgress (2): 2.5/6.0 MB | 5.4/5.7 MBProgress (2): 2.5/6.0 MB | 5.4/5.7 MBProgress (2): 2.5/6.0 MB | 5.4/5.7 MBProgress (2): 2.5/6.0 MB | 5.4/5.7 MBProgress (2): 2.5/6.0 MB | 5.4/5.7 MBProgress (2): 2.5/6.0 MB | 5.4/5.7 MBProgress (2): 2.5/6.0 MB | 5.4/5.7 MBProgress (2): 2.5/6.0 MB | 5.4/5.7 MBProgress (2): 2.5/6.0 MB | 5.4/5.7 MBProgress (2): 2.5/6.0 MB | 5.4/5.7 MBProgress (2): 2.5/6.0 MB | 5.4/5.7 MBProgress (2): 2.5/6.0 MB | 5.4/5.7 MBProgress (2): 2.5/6.0 MB | 5.4/5.7 MBProgress (2): 2.5/6.0 MB | 5.4/5.7 MBProgress (2): 2.5/6.0 MB | 5.4/5.7 MBProgress (2): 2.5/6.0 MB | 5.4/5.7 MBProgress (2): 2.5/6.0 MB | 5.4/5.7 MBProgress (2): 2.5/6.0 MB | 5.4/5.7 MBProgress (2): 2.5/6.0 MB | 5.5/5.7 MBProgress (2): 2.5/6.0 MB | 5.5/5.7 MBProgress (2): 2.5/6.0 MB | 5.5/5.7 MBProgress (2): 2.5/6.0 MB | 5.5/5.7 MBProgress (2): 2.5/6.0 MB | 5.5/5.7 MBProgress (2): 2.5/6.0 MB | 5.5/5.7 MBProgress (2): 2.6/6.0 MB | 5.5/5.7 MBProgress (2): 2.6/6.0 MB | 5.5/5.7 MBProgress (2): 2.6/6.0 MB | 5.5/5.7 MBProgress (2): 2.6/6.0 MB | 5.5/5.7 MBProgress (2): 2.6/6.0 MB | 5.5/5.7 MBProgress (2): 2.6/6.0 MB | 5.5/5.7 MBProgress (2): 2.6/6.0 MB | 5.5/5.7 MBProgress (2): 2.6/6.0 MB | 5.5/5.7 MBProgress (2): 2.6/6.0 MB | 5.5/5.7 MBProgress (2): 2.6/6.0 MB | 5.5/5.7 MBProgress (2): 2.6/6.0 MB | 5.5/5.7 MBProgress (2): 2.6/6.0 MB | 5.5/5.7 MBProgress (2): 2.6/6.0 MB | 5.5/5.7 MBProgress (2): 2.6/6.0 MB | 5.5/5.7 MBProgress (2): 2.6/6.0 MB | 5.5/5.7 MBProgress (2): 2.6/6.0 MB | 5.5/5.7 MBProgress (2): 2.6/6.0 MB | 5.5/5.7 MBProgress (2): 2.6/6.0 MB | 5.5/5.7 MBProgress (2): 2.6/6.0 MB | 5.5/5.7 MBProgress (2): 2.6/6.0 MB | 5.5/5.7 MBProgress (2): 2.6/6.0 MB | 5.5/5.7 MBProgress (2): 2.6/6.0 MB | 5.5/5.7 MBProgress (2): 2.6/6.0 MB | 5.5/5.7 MBProgress (2): 2.6/6.0 MB | 5.5/5.7 MBProgress (2): 2.6/6.0 MB | 5.5/5.7 MBProgress (2): 2.6/6.0 MB | 5.5/5.7 MBProgress (2): 2.6/6.0 MB | 5.5/5.7 MBProgress (2): 2.6/6.0 MB | 5.6/5.7 MBProgress (2): 2.6/6.0 MB | 5.6/5.7 MBProgress (2): 2.6/6.0 MB | 5.6/5.7 MBProgress (2): 2.6/6.0 MB | 5.6/5.7 MBProgress (2): 2.6/6.0 MB | 5.6/5.7 MBProgress (2): 2.6/6.0 MB | 5.6/5.7 MBProgress (2): 2.6/6.0 MB | 5.6/5.7 MBProgress (2): 2.6/6.0 MB | 5.6/5.7 MBProgress (2): 2.6/6.0 MB | 5.6/5.7 MBProgress (2): 2.6/6.0 MB | 5.6/5.7 MBProgress (2): 2.6/6.0 MB | 5.6/5.7 MBProgress (2): 2.6/6.0 MB | 5.6/5.7 MBProgress (2): 2.6/6.0 MB | 5.6/5.7 MBProgress (2): 2.6/6.0 MB | 5.6/5.7 MBProgress (2): 2.6/6.0 MB | 5.6/5.7 MBProgress (2): 2.6/6.0 MB | 5.6/5.7 MBProgress (2): 2.6/6.0 MB | 5.6/5.7 MBProgress (2): 2.6/6.0 MB | 5.6/5.7 MBProgress (2): 2.6/6.0 MB | 5.6/5.7 MBProgress (2): 2.6/6.0 MB | 5.6/5.7 MBProgress (2): 2.6/6.0 MB | 5.6/5.7 MBProgress (2): 2.6/6.0 MB | 5.6/5.7 MBProgress (2): 2.6/6.0 MB | 5.6/5.7 MBProgress (2): 2.6/6.0 MB | 5.6/5.7 MBProgress (2): 2.6/6.0 MB | 5.6/5.7 MBProgress (2): 2.6/6.0 MB | 5.6/5.7 MBProgress (2): 2.6/6.0 MB | 5.6/5.7 MBProgress (2): 2.6/6.0 MB | 5.6/5.7 MBProgress (2): 2.6/6.0 MB | 5.6/5.7 MBProgress (2): 2.6/6.0 MB | 5.6/5.7 MBProgress (2): 2.6/6.0 MB | 5.6/5.7 MBProgress (2): 2.6/6.0 MB | 5.6/5.7 MBProgress (2): 2.6/6.0 MB | 5.7/5.7 MBProgress (2): 2.6/6.0 MB | 5.7/5.7 MBProgress (2): 2.6/6.0 MB | 5.7/5.7 MBProgress (2): 2.6/6.0 MB | 5.7/5.7 MBProgress (2): 2.6/6.0 MB | 5.7/5.7 MBProgress (2): 2.6/6.0 MB | 5.7/5.7 MBProgress (2): 2.6/6.0 MB | 5.7/5.7 MBProgress (2): 2.6/6.0 MB | 5.7/5.7 MBProgress (2): 2.6/6.0 MB | 5.7/5.7 MBProgress (2): 2.6/6.0 MB | 5.7/5.7 MBProgress (2): 2.6/6.0 MB | 5.7/5.7 MBProgress (2): 2.6/6.0 MB | 5.7/5.7 MBProgress (2): 2.6/6.0 MB | 5.7/5.7 MBProgress (2): 2.6/6.0 MB | 5.7/5.7 MBProgress (2): 2.6/6.0 MB | 5.7/5.7 MBProgress (2): 2.6/6.0 MB | 5.7 MB    Progress (2): 2.6/6.0 MB | 5.7 MBProgress (2): 2.6/6.0 MB | 5.7 MBProgress (2): 2.6/6.0 MB | 5.7 MBProgress (2): 2.6/6.0 MB | 5.7 MBProgress (2): 2.6/6.0 MB | 5.7 MBProgress (2): 2.6/6.0 MB | 5.7 MBProgress (2): 2.7/6.0 MB | 5.7 MBProgress (2): 2.7/6.0 MB | 5.7 MBProgress (2): 2.7/6.0 MB | 5.7 MBProgress (2): 2.7/6.0 MB | 5.7 MBProgress (2): 2.7/6.0 MB | 5.7 MBProgress (2): 2.7/6.0 MB | 5.7 MBProgress (2): 2.7/6.0 MB | 5.7 MBProgress (2): 2.7/6.0 MB | 5.7 MBProgress (2): 2.7/6.0 MB | 5.7 MBProgress (2): 2.7/6.0 MB | 5.7 MBProgress (2): 2.7/6.0 MB | 5.7 MBProgress (2): 2.7/6.0 MB | 5.7 MBProgress (2): 2.7/6.0 MB | 5.7 MBProgress (2): 2.7/6.0 MB | 5.7 MBProgress (2): 2.7/6.0 MB | 5.7 MBProgress (2): 2.7/6.0 MB | 5.7 MBProgress (2): 2.7/6.0 MB | 5.7 MBProgress (2): 2.7/6.0 MB | 5.7 MBProgress (2): 2.7/6.0 MB | 5.7 MBProgress (2): 2.7/6.0 MB | 5.7 MBProgress (2): 2.7/6.0 MB | 5.7 MBProgress (2): 2.7/6.0 MB | 5.7 MBProgress (2): 2.7/6.0 MB | 5.7 MBProgress (2): 2.7/6.0 MB | 5.7 MBProgress (2): 2.7/6.0 MB | 5.7 MBProgress (2): 2.8/6.0 MB | 5.7 MBProgress (2): 2.8/6.0 MB | 5.7 MBProgress (2): 2.8/6.0 MB | 5.7 MBProgress (2): 2.8/6.0 MB | 5.7 MBProgress (2): 2.8/6.0 MB | 5.7 MBProgress (2): 2.8/6.0 MB | 5.7 MBProgress (2): 2.8/6.0 MB | 5.7 MBProgress (2): 2.8/6.0 MB | 5.7 MBProgress (2): 2.8/6.0 MB | 5.7 MBProgress (2): 2.8/6.0 MB | 5.7 MBProgress (2): 2.8/6.0 MB | 5.7 MBProgress (2): 2.8/6.0 MB | 5.7 MBProgress (2): 2.8/6.0 MB | 5.7 MB                                 Downloaded from central: https://repo.maven.apache.org/maven2/org/apache/hadoop/hadoop-hdfs/3.2.1/hadoop-hdfs-3.2.1-tests.jar (5.7 MB at 12 MB/s)
Progress (1): 2.8/6.0 MBProgress (1): 2.8/6.0 MBProgress (1): 2.8/6.0 MBProgress (1): 2.8/6.0 MBProgress (1): 2.8/6.0 MBProgress (1): 2.8/6.0 MBProgress (1): 2.8/6.0 MBProgress (1): 2.8/6.0 MBProgress (1): 2.8/6.0 MBProgress (1): 2.8/6.0 MBProgress (1): 2.8/6.0 MBProgress (1): 2.9/6.0 MBProgress (1): 2.9/6.0 MBProgress (1): 2.9/6.0 MBProgress (1): 2.9/6.0 MBProgress (1): 2.9/6.0 MBProgress (1): 2.9/6.0 MBProgress (1): 2.9/6.0 MBProgress (1): 2.9/6.0 MBProgress (1): 2.9/6.0 MBProgress (1): 2.9/6.0 MBProgress (1): 2.9/6.0 MBProgress (1): 2.9/6.0 MBProgress (1): 2.9/6.0 MBProgress (1): 2.9/6.0 MBProgress (1): 2.9/6.0 MBProgress (1): 2.9/6.0 MBProgress (1): 2.9/6.0 MBProgress (1): 2.9/6.0 MBProgress (1): 2.9/6.0 MBProgress (1): 2.9/6.0 MBProgress (1): 2.9/6.0 MBProgress (1): 2.9/6.0 MBProgress (1): 2.9/6.0 MBProgress (1): 2.9/6.0 MBProgress (1): 2.9/6.0 MBProgress (1): 3.0/6.0 MBProgress (1): 3.0/6.0 MBProgress (1): 3.0/6.0 MBProgress (1): 3.0/6.0 MBProgress (1): 3.0/6.0 MBProgress (1): 3.0/6.0 MBProgress (1): 3.0/6.0 MBProgress (1): 3.0/6.0 MBProgress (1): 3.0/6.0 MBProgress (1): 3.0/6.0 MBProgress (1): 3.0/6.0 MBProgress (1): 3.0/6.0 MBProgress (1): 3.0/6.0 MBProgress (1): 3.0/6.0 MBProgress (1): 3.0/6.0 MBProgress (1): 3.0/6.0 MBProgress (1): 3.0/6.0 MBProgress (1): 3.0/6.0 MBProgress (1): 3.0/6.0 MBProgress (1): 3.0/6.0 MBProgress (1): 3.0/6.0 MBProgress (1): 3.0/6.0 MBProgress (1): 3.0/6.0 MBProgress (1): 3.0/6.0 MBProgress (1): 3.1/6.0 MBProgress (1): 3.1/6.0 MBProgress (1): 3.1/6.0 MBProgress (1): 3.1/6.0 MBProgress (1): 3.1/6.0 MBProgress (1): 3.1/6.0 MBProgress (1): 3.1/6.0 MBProgress (1): 3.1/6.0 MBProgress (1): 3.1/6.0 MBProgress (1): 3.1/6.0 MBProgress (1): 3.1/6.0 MBProgress (1): 3.1/6.0 MBProgress (1): 3.1/6.0 MBProgress (1): 3.1/6.0 MBProgress (1): 3.1/6.0 MBProgress (1): 3.1/6.0 MBProgress (1): 3.1/6.0 MBProgress (1): 3.1/6.0 MBProgress (1): 3.1/6.0 MBProgress (1): 3.1/6.0 MBProgress (1): 3.1/6.0 MBProgress (1): 3.1/6.0 MBProgress (1): 3.1/6.0 MBProgress (1): 3.1/6.0 MBProgress (1): 3.1/6.0 MBProgress (1): 3.2/6.0 MBProgress (1): 3.2/6.0 MBProgress (1): 3.2/6.0 MBProgress (1): 3.2/6.0 MBProgress (1): 3.2/6.0 MBProgress (1): 3.2/6.0 MBProgress (1): 3.2/6.0 MBProgress (1): 3.2/6.0 MBProgress (1): 3.2/6.0 MBProgress (1): 3.2/6.0 MBProgress (1): 3.2/6.0 MBProgress (1): 3.2/6.0 MBProgress (1): 3.2/6.0 MBProgress (1): 3.2/6.0 MBProgress (1): 3.2/6.0 MBProgress (1): 3.2/6.0 MBProgress (1): 3.2/6.0 MBProgress (1): 3.2/6.0 MBProgress (1): 3.2/6.0 MBProgress (1): 3.2/6.0 MBProgress (1): 3.2/6.0 MBProgress (1): 3.2/6.0 MBProgress (1): 3.2/6.0 MBProgress (1): 3.2/6.0 MBProgress (1): 3.3/6.0 MBProgress (1): 3.3/6.0 MBProgress (1): 3.3/6.0 MBProgress (1): 3.3/6.0 MBProgress (1): 3.3/6.0 MBProgress (1): 3.3/6.0 MBProgress (1): 3.3/6.0 MBProgress (1): 3.3/6.0 MBProgress (1): 3.3/6.0 MBProgress (1): 3.3/6.0 MBProgress (1): 3.3/6.0 MBProgress (1): 3.3/6.0 MBProgress (1): 3.3/6.0 MBProgress (1): 3.3/6.0 MBProgress (1): 3.3/6.0 MBProgress (1): 3.3/6.0 MBProgress (1): 3.3/6.0 MBProgress (1): 3.3/6.0 MBProgress (1): 3.3/6.0 MBProgress (1): 3.3/6.0 MBProgress (1): 3.3/6.0 MBProgress (1): 3.3/6.0 MBProgress (1): 3.3/6.0 MBProgress (1): 3.3/6.0 MBProgress (1): 3.4/6.0 MBProgress (1): 3.4/6.0 MBProgress (1): 3.4/6.0 MBProgress (1): 3.4/6.0 MBProgress (1): 3.4/6.0 MBProgress (1): 3.4/6.0 MBProgress (1): 3.4/6.0 MBProgress (1): 3.4/6.0 MBProgress (1): 3.4/6.0 MBProgress (1): 3.4/6.0 MBProgress (1): 3.4/6.0 MBProgress (1): 3.4/6.0 MBProgress (1): 3.4/6.0 MBProgress (1): 3.4/6.0 MBProgress (1): 3.4/6.0 MBProgress (1): 3.4/6.0 MBProgress (1): 3.4/6.0 MBProgress (1): 3.4/6.0 MBProgress (1): 3.4/6.0 MBProgress (1): 3.4/6.0 MBProgress (1): 3.4/6.0 MBProgress (1): 3.4/6.0 MBProgress (1): 3.4/6.0 MBProgress (1): 3.4/6.0 MBProgress (1): 3.4/6.0 MBProgress (1): 3.5/6.0 MBProgress (1): 3.5/6.0 MBProgress (1): 3.5/6.0 MBProgress (1): 3.5/6.0 MBProgress (1): 3.5/6.0 MBProgress (1): 3.5/6.0 MBProgress (1): 3.5/6.0 MBProgress (1): 3.5/6.0 MBProgress (1): 3.5/6.0 MBProgress (1): 3.5/6.0 MBProgress (1): 3.5/6.0 MBProgress (1): 3.5/6.0 MBProgress (1): 3.5/6.0 MBProgress (1): 3.5/6.0 MBProgress (1): 3.5/6.0 MBProgress (1): 3.5/6.0 MBProgress (1): 3.5/6.0 MBProgress (1): 3.5/6.0 MBProgress (1): 3.5/6.0 MBProgress (1): 3.5/6.0 MBProgress (1): 3.5/6.0 MBProgress (1): 3.5/6.0 MBProgress (1): 3.5/6.0 MBProgress (1): 3.5/6.0 MBProgress (1): 3.6/6.0 MBProgress (1): 3.6/6.0 MBProgress (1): 3.6/6.0 MBProgress (1): 3.6/6.0 MBProgress (1): 3.6/6.0 MBProgress (1): 3.6/6.0 MBProgress (1): 3.6/6.0 MBProgress (1): 3.6/6.0 MBProgress (1): 3.6/6.0 MBProgress (1): 3.6/6.0 MBProgress (1): 3.6/6.0 MBProgress (1): 3.6/6.0 MBProgress (1): 3.6/6.0 MBProgress (1): 3.6/6.0 MBProgress (1): 3.6/6.0 MBProgress (1): 3.6/6.0 MBProgress (1): 3.6/6.0 MBProgress (1): 3.6/6.0 MBProgress (1): 3.6/6.0 MBProgress (1): 3.6/6.0 MBProgress (1): 3.6/6.0 MBProgress (1): 3.6/6.0 MBProgress (1): 3.6/6.0 MBProgress (1): 3.6/6.0 MBProgress (1): 3.6/6.0 MBProgress (1): 3.7/6.0 MBProgress (1): 3.7/6.0 MBProgress (1): 3.7/6.0 MBProgress (1): 3.7/6.0 MBProgress (1): 3.7/6.0 MBProgress (1): 3.7/6.0 MBProgress (1): 3.7/6.0 MBProgress (1): 3.7/6.0 MBProgress (1): 3.7/6.0 MBProgress (1): 3.7/6.0 MBProgress (1): 3.7/6.0 MBProgress (1): 3.7/6.0 MBProgress (1): 3.7/6.0 MBProgress (1): 3.7/6.0 MBProgress (1): 3.7/6.0 MBProgress (1): 3.7/6.0 MBProgress (1): 3.7/6.0 MBProgress (1): 3.7/6.0 MBProgress (1): 3.7/6.0 MBProgress (1): 3.7/6.0 MBProgress (1): 3.7/6.0 MBProgress (1): 3.7/6.0 MBProgress (1): 3.7/6.0 MBProgress (1): 3.7/6.0 MBProgress (1): 3.8/6.0 MBProgress (1): 3.8/6.0 MBProgress (1): 3.8/6.0 MBProgress (1): 3.8/6.0 MBProgress (1): 3.8/6.0 MBProgress (1): 3.8/6.0 MBProgress (1): 3.8/6.0 MBProgress (1): 3.8/6.0 MBProgress (1): 3.8/6.0 MBProgress (1): 3.8/6.0 MBProgress (1): 3.8/6.0 MBProgress (1): 3.8/6.0 MBProgress (1): 3.8/6.0 MBProgress (1): 3.8/6.0 MBProgress (1): 3.8/6.0 MBProgress (1): 3.8/6.0 MBProgress (1): 3.8/6.0 MBProgress (1): 3.8/6.0 MBProgress (1): 3.8/6.0 MBProgress (1): 3.8/6.0 MBProgress (1): 3.8/6.0 MBProgress (1): 3.8/6.0 MBProgress (1): 3.8/6.0 MBProgress (1): 3.8/6.0 MBProgress (1): 3.9/6.0 MBProgress (1): 3.9/6.0 MBProgress (1): 3.9/6.0 MBProgress (1): 3.9/6.0 MBProgress (1): 3.9/6.0 MBProgress (1): 3.9/6.0 MBProgress (1): 3.9/6.0 MBProgress (1): 3.9/6.0 MBProgress (1): 3.9/6.0 MBProgress (1): 3.9/6.0 MBProgress (1): 3.9/6.0 MBProgress (1): 3.9/6.0 MBProgress (1): 3.9/6.0 MBProgress (1): 3.9/6.0 MBProgress (1): 3.9/6.0 MBProgress (1): 3.9/6.0 MBProgress (1): 3.9/6.0 MBProgress (1): 3.9/6.0 MBProgress (1): 3.9/6.0 MBProgress (1): 3.9/6.0 MBProgress (1): 3.9/6.0 MBProgress (1): 3.9/6.0 MBProgress (1): 3.9/6.0 MBProgress (1): 3.9/6.0 MBProgress (1): 3.9/6.0 MBProgress (1): 4.0/6.0 MBProgress (1): 4.0/6.0 MBProgress (1): 4.0/6.0 MBProgress (1): 4.0/6.0 MBProgress (1): 4.0/6.0 MBProgress (1): 4.0/6.0 MBProgress (1): 4.0/6.0 MBProgress (1): 4.0/6.0 MBProgress (1): 4.0/6.0 MBProgress (1): 4.0/6.0 MBProgress (1): 4.0/6.0 MBProgress (1): 4.0/6.0 MBProgress (1): 4.0/6.0 MBProgress (1): 4.0/6.0 MBProgress (1): 4.0/6.0 MBProgress (1): 4.0/6.0 MBProgress (1): 4.0/6.0 MBProgress (1): 4.0/6.0 MBProgress (1): 4.0/6.0 MBProgress (1): 4.0/6.0 MBProgress (1): 4.0/6.0 MBProgress (1): 4.0/6.0 MBProgress (1): 4.0/6.0 MBProgress (1): 4.0/6.0 MBProgress (1): 4.1/6.0 MBProgress (1): 4.1/6.0 MBProgress (1): 4.1/6.0 MBProgress (1): 4.1/6.0 MBProgress (1): 4.1/6.0 MBProgress (1): 4.1/6.0 MBProgress (1): 4.1/6.0 MBProgress (1): 4.1/6.0 MBProgress (1): 4.1/6.0 MBProgress (1): 4.1/6.0 MBProgress (1): 4.1/6.0 MBProgress (1): 4.1/6.0 MBProgress (1): 4.1/6.0 MBProgress (1): 4.1/6.0 MBProgress (1): 4.1/6.0 MBProgress (1): 4.1/6.0 MBProgress (1): 4.1/6.0 MBProgress (1): 4.1/6.0 MBProgress (1): 4.1/6.0 MBProgress (1): 4.1/6.0 MBProgress (1): 4.1/6.0 MBProgress (1): 4.1/6.0 MBProgress (1): 4.1/6.0 MBProgress (1): 4.1/6.0 MBProgress (1): 4.1/6.0 MBProgress (1): 4.2/6.0 MBProgress (1): 4.2/6.0 MBProgress (1): 4.2/6.0 MBProgress (1): 4.2/6.0 MBProgress (1): 4.2/6.0 MBProgress (1): 4.2/6.0 MBProgress (1): 4.2/6.0 MBProgress (1): 4.2/6.0 MBProgress (1): 4.2/6.0 MBProgress (1): 4.2/6.0 MBProgress (1): 4.2/6.0 MBProgress (1): 4.2/6.0 MBProgress (1): 4.2/6.0 MBProgress (1): 4.2/6.0 MBProgress (1): 4.2/6.0 MBProgress (1): 4.2/6.0 MBProgress (1): 4.2/6.0 MBProgress (1): 4.2/6.0 MBProgress (1): 4.2/6.0 MBProgress (1): 4.2/6.0 MBProgress (1): 4.2/6.0 MBProgress (1): 4.2/6.0 MBProgress (1): 4.2/6.0 MBProgress (1): 4.2/6.0 MBProgress (1): 4.3/6.0 MBProgress (1): 4.3/6.0 MBProgress (1): 4.3/6.0 MBProgress (1): 4.3/6.0 MBProgress (1): 4.3/6.0 MBProgress (1): 4.3/6.0 MBProgress (1): 4.3/6.0 MBProgress (1): 4.3/6.0 MBProgress (1): 4.3/6.0 MBProgress (1): 4.3/6.0 MBProgress (1): 4.3/6.0 MBProgress (1): 4.3/6.0 MBProgress (1): 4.3/6.0 MBProgress (1): 4.3/6.0 MBProgress (1): 4.3/6.0 MBProgress (1): 4.3/6.0 MBProgress (1): 4.3/6.0 MBProgress (1): 4.3/6.0 MBProgress (1): 4.3/6.0 MBProgress (1): 4.3/6.0 MBProgress (1): 4.3/6.0 MBProgress (1): 4.3/6.0 MBProgress (1): 4.3/6.0 MBProgress (1): 4.3/6.0 MBProgress (1): 4.3/6.0 MBProgress (1): 4.4/6.0 MBProgress (1): 4.4/6.0 MBProgress (1): 4.4/6.0 MBProgress (1): 4.4/6.0 MBProgress (1): 4.4/6.0 MBProgress (1): 4.4/6.0 MBProgress (1): 4.4/6.0 MBProgress (1): 4.4/6.0 MBProgress (1): 4.4/6.0 MBProgress (1): 4.4/6.0 MBProgress (1): 4.4/6.0 MBProgress (1): 4.4/6.0 MBProgress (1): 4.4/6.0 MBProgress (1): 4.4/6.0 MBProgress (1): 4.4/6.0 MBProgress (1): 4.4/6.0 MBProgress (1): 4.4/6.0 MBProgress (1): 4.4/6.0 MBProgress (1): 4.4/6.0 MBProgress (1): 4.4/6.0 MBProgress (1): 4.4/6.0 MBProgress (1): 4.4/6.0 MBProgress (1): 4.4/6.0 MBProgress (1): 4.4/6.0 MBProgress (1): 4.5/6.0 MBProgress (1): 4.5/6.0 MBProgress (1): 4.5/6.0 MBProgress (1): 4.5/6.0 MBProgress (1): 4.5/6.0 MBProgress (1): 4.5/6.0 MBProgress (1): 4.5/6.0 MBProgress (1): 4.5/6.0 MBProgress (1): 4.5/6.0 MBProgress (1): 4.5/6.0 MBProgress (1): 4.5/6.0 MBProgress (1): 4.5/6.0 MBProgress (1): 4.5/6.0 MBProgress (1): 4.5/6.0 MBProgress (1): 4.5/6.0 MBProgress (1): 4.5/6.0 MBProgress (1): 4.5/6.0 MBProgress (1): 4.5/6.0 MBProgress (1): 4.5/6.0 MBProgress (1): 4.5/6.0 MBProgress (1): 4.5/6.0 MBProgress (1): 4.5/6.0 MBProgress (1): 4.5/6.0 MBProgress (1): 4.5/6.0 MBProgress (1): 4.6/6.0 MBProgress (1): 4.6/6.0 MBProgress (1): 4.6/6.0 MBProgress (1): 4.6/6.0 MBProgress (1): 4.6/6.0 MBProgress (1): 4.6/6.0 MBProgress (1): 4.6/6.0 MBProgress (1): 4.6/6.0 MBProgress (1): 4.6/6.0 MBProgress (1): 4.6/6.0 MBProgress (1): 4.6/6.0 MBProgress (1): 4.6/6.0 MBProgress (1): 4.6/6.0 MBProgress (1): 4.6/6.0 MBProgress (1): 4.6/6.0 MBProgress (1): 4.6/6.0 MBProgress (1): 4.6/6.0 MBProgress (1): 4.6/6.0 MBProgress (1): 4.6/6.0 MBProgress (1): 4.6/6.0 MBProgress (1): 4.6/6.0 MBProgress (1): 4.6/6.0 MBProgress (1): 4.6/6.0 MBProgress (1): 4.6/6.0 MBProgress (1): 4.6/6.0 MBProgress (1): 4.7/6.0 MBProgress (1): 4.7/6.0 MBProgress (1): 4.7/6.0 MBProgress (1): 4.7/6.0 MBProgress (1): 4.7/6.0 MBProgress (1): 4.7/6.0 MBProgress (1): 4.7/6.0 MBProgress (1): 4.7/6.0 MBProgress (1): 4.7/6.0 MBProgress (1): 4.7/6.0 MBProgress (1): 4.7/6.0 MBProgress (1): 4.7/6.0 MBProgress (1): 4.7/6.0 MBProgress (1): 4.7/6.0 MBProgress (1): 4.7/6.0 MBProgress (1): 4.7/6.0 MBProgress (1): 4.7/6.0 MBProgress (1): 4.7/6.0 MBProgress (1): 4.7/6.0 MBProgress (1): 4.7/6.0 MBProgress (1): 4.7/6.0 MBProgress (1): 4.7/6.0 MBProgress (1): 4.7/6.0 MBProgress (1): 4.7/6.0 MBProgress (1): 4.8/6.0 MBProgress (1): 4.8/6.0 MBProgress (1): 4.8/6.0 MBProgress (1): 4.8/6.0 MBProgress (1): 4.8/6.0 MBProgress (1): 4.8/6.0 MBProgress (1): 4.8/6.0 MBProgress (1): 4.8/6.0 MBProgress (1): 4.8/6.0 MBProgress (1): 4.8/6.0 MBProgress (1): 4.8/6.0 MBProgress (1): 4.8/6.0 MBProgress (1): 4.8/6.0 MBProgress (1): 4.8/6.0 MBProgress (1): 4.8/6.0 MBProgress (1): 4.8/6.0 MBProgress (1): 4.8/6.0 MBProgress (1): 4.8/6.0 MBProgress (1): 4.8/6.0 MBProgress (1): 4.8/6.0 MBProgress (1): 4.8/6.0 MBProgress (1): 4.8/6.0 MBProgress (1): 4.8/6.0 MBProgress (1): 4.8/6.0 MBProgress (1): 4.8/6.0 MBProgress (1): 4.9/6.0 MBProgress (1): 4.9/6.0 MBProgress (1): 4.9/6.0 MBProgress (1): 4.9/6.0 MBProgress (1): 4.9/6.0 MBProgress (1): 4.9/6.0 MBProgress (1): 4.9/6.0 MBProgress (1): 4.9/6.0 MBProgress (1): 4.9/6.0 MBProgress (1): 4.9/6.0 MBProgress (1): 4.9/6.0 MBProgress (1): 4.9/6.0 MBProgress (1): 4.9/6.0 MBProgress (1): 4.9/6.0 MBProgress (1): 4.9/6.0 MBProgress (1): 4.9/6.0 MBProgress (1): 4.9/6.0 MBProgress (1): 4.9/6.0 MBProgress (1): 4.9/6.0 MBProgress (1): 4.9/6.0 MBProgress (1): 4.9/6.0 MBProgress (1): 4.9/6.0 MBProgress (1): 4.9/6.0 MBProgress (1): 4.9/6.0 MBProgress (1): 5.0/6.0 MBProgress (1): 5.0/6.0 MBProgress (1): 5.0/6.0 MBProgress (1): 5.0/6.0 MBProgress (1): 5.0/6.0 MBProgress (1): 5.0/6.0 MBProgress (1): 5.0/6.0 MBProgress (1): 5.0/6.0 MBProgress (1): 5.0/6.0 MBProgress (1): 5.0/6.0 MBProgress (1): 5.0/6.0 MBProgress (1): 5.0/6.0 MBProgress (1): 5.0/6.0 MBProgress (1): 5.0/6.0 MBProgress (1): 5.0/6.0 MBProgress (1): 5.0/6.0 MBProgress (1): 5.0/6.0 MBProgress (1): 5.0/6.0 MBProgress (1): 5.0/6.0 MBProgress (1): 5.0/6.0 MBProgress (1): 5.0/6.0 MBProgress (1): 5.0/6.0 MBProgress (1): 5.0/6.0 MBProgress (1): 5.0/6.0 MBProgress (1): 5.1/6.0 MBProgress (1): 5.1/6.0 MBProgress (1): 5.1/6.0 MBProgress (1): 5.1/6.0 MBProgress (1): 5.1/6.0 MBProgress (1): 5.1/6.0 MBProgress (1): 5.1/6.0 MBProgress (1): 5.1/6.0 MBProgress (1): 5.1/6.0 MBProgress (1): 5.1/6.0 MBProgress (1): 5.1/6.0 MBProgress (1): 5.1/6.0 MBProgress (1): 5.1/6.0 MBProgress (1): 5.1/6.0 MBProgress (1): 5.1/6.0 MBProgress (1): 5.1/6.0 MBProgress (1): 5.1/6.0 MBProgress (1): 5.1/6.0 MBProgress (1): 5.1/6.0 MBProgress (1): 5.1/6.0 MBProgress (1): 5.1/6.0 MBProgress (1): 5.1/6.0 MBProgress (1): 5.1/6.0 MBProgress (1): 5.1/6.0 MBProgress (1): 5.1/6.0 MBProgress (1): 5.2/6.0 MBProgress (1): 5.2/6.0 MBProgress (1): 5.2/6.0 MBProgress (1): 5.2/6.0 MBProgress (1): 5.2/6.0 MBProgress (1): 5.2/6.0 MBProgress (1): 5.2/6.0 MBProgress (1): 5.2/6.0 MBProgress (1): 5.2/6.0 MBProgress (1): 5.2/6.0 MBProgress (1): 5.2/6.0 MBProgress (1): 5.2/6.0 MBProgress (1): 5.2/6.0 MBProgress (1): 5.2/6.0 MBProgress (1): 5.2/6.0 MBProgress (1): 5.2/6.0 MBProgress (1): 5.2/6.0 MBProgress (1): 5.2/6.0 MBProgress (1): 5.2/6.0 MBProgress (1): 5.2/6.0 MBProgress (1): 5.2/6.0 MBProgress (1): 5.2/6.0 MBProgress (1): 5.2/6.0 MBProgress (1): 5.2/6.0 MBProgress (1): 5.3/6.0 MBProgress (1): 5.3/6.0 MBProgress (1): 5.3/6.0 MBProgress (1): 5.3/6.0 MBProgress (1): 5.3/6.0 MBProgress (1): 5.3/6.0 MBProgress (1): 5.3/6.0 MBProgress (1): 5.3/6.0 MBProgress (1): 5.3/6.0 MBProgress (1): 5.3/6.0 MBProgress (1): 5.3/6.0 MBProgress (1): 5.3/6.0 MBProgress (1): 5.3/6.0 MBProgress (1): 5.3/6.0 MBProgress (1): 5.3/6.0 MBProgress (1): 5.3/6.0 MBProgress (1): 5.3/6.0 MBProgress (1): 5.3/6.0 MBProgress (1): 5.3/6.0 MBProgress (1): 5.3/6.0 MBProgress (1): 5.3/6.0 MBProgress (1): 5.3/6.0 MBProgress (1): 5.3/6.0 MBProgress (1): 5.3/6.0 MBProgress (1): 5.3/6.0 MBProgress (1): 5.4/6.0 MBProgress (1): 5.4/6.0 MBProgress (1): 5.4/6.0 MBProgress (1): 5.4/6.0 MBProgress (1): 5.4/6.0 MBProgress (1): 5.4/6.0 MBProgress (1): 5.4/6.0 MBProgress (1): 5.4/6.0 MBProgress (1): 5.4/6.0 MBProgress (1): 5.4/6.0 MBProgress (1): 5.4/6.0 MBProgress (1): 5.4/6.0 MBProgress (1): 5.4/6.0 MBProgress (1): 5.4/6.0 MBProgress (1): 5.4/6.0 MBProgress (1): 5.4/6.0 MBProgress (1): 5.4/6.0 MBProgress (1): 5.4/6.0 MBProgress (1): 5.4/6.0 MBProgress (1): 5.4/6.0 MBProgress (1): 5.4/6.0 MBProgress (1): 5.4/6.0 MBProgress (1): 5.4/6.0 MBProgress (1): 5.4/6.0 MBProgress (1): 5.5/6.0 MBProgress (1): 5.5/6.0 MBProgress (1): 5.5/6.0 MBProgress (1): 5.5/6.0 MBProgress (1): 5.5/6.0 MBProgress (1): 5.5/6.0 MBProgress (1): 5.5/6.0 MBProgress (1): 5.5/6.0 MBProgress (1): 5.5/6.0 MBProgress (1): 5.5/6.0 MBProgress (1): 5.5/6.0 MBProgress (1): 5.5/6.0 MBProgress (1): 5.5/6.0 MBProgress (1): 5.5/6.0 MBProgress (1): 5.5/6.0 MBProgress (1): 5.5/6.0 MBProgress (1): 5.5/6.0 MBProgress (1): 5.5/6.0 MBProgress (1): 5.5/6.0 MBProgress (1): 5.5/6.0 MBProgress (1): 5.5/6.0 MBProgress (1): 5.5/6.0 MBProgress (1): 5.5/6.0 MBProgress (1): 5.5/6.0 MBProgress (1): 5.6/6.0 MBProgress (1): 5.6/6.0 MBProgress (1): 5.6/6.0 MBProgress (1): 5.6/6.0 MBProgress (1): 5.6/6.0 MBProgress (1): 5.6/6.0 MBProgress (1): 5.6/6.0 MBProgress (1): 5.6/6.0 MBProgress (1): 5.6/6.0 MBProgress (1): 5.6/6.0 MBProgress (1): 5.6/6.0 MBProgress (1): 5.6/6.0 MBProgress (1): 5.6/6.0 MBProgress (1): 5.6/6.0 MBProgress (1): 5.6/6.0 MBProgress (1): 5.6/6.0 MBProgress (1): 5.6/6.0 MBProgress (1): 5.6/6.0 MBProgress (1): 5.6/6.0 MBProgress (1): 5.6/6.0 MBProgress (1): 5.6/6.0 MBProgress (1): 5.6/6.0 MBProgress (1): 5.6/6.0 MBProgress (1): 5.6/6.0 MBProgress (1): 5.6/6.0 MBProgress (1): 5.7/6.0 MBProgress (1): 5.7/6.0 MBProgress (1): 5.7/6.0 MBProgress (1): 5.7/6.0 MBProgress (1): 5.7/6.0 MBProgress (1): 5.7/6.0 MBProgress (1): 5.7/6.0 MBProgress (1): 5.7/6.0 MBProgress (1): 5.7/6.0 MBProgress (1): 5.7/6.0 MBProgress (1): 5.7/6.0 MBProgress (1): 5.7/6.0 MBProgress (1): 5.7/6.0 MBProgress (1): 5.7/6.0 MBProgress (1): 5.7/6.0 MBProgress (1): 5.7/6.0 MBProgress (1): 5.7/6.0 MBProgress (1): 5.7/6.0 MBProgress (1): 5.7/6.0 MBProgress (1): 5.7/6.0 MBProgress (1): 5.7/6.0 MBProgress (1): 5.7/6.0 MBProgress (1): 5.7/6.0 MBProgress (1): 5.7/6.0 MBProgress (1): 5.8/6.0 MBProgress (1): 5.8/6.0 MBProgress (1): 5.8/6.0 MBProgress (1): 5.8/6.0 MBProgress (1): 5.8/6.0 MBProgress (1): 5.8/6.0 MBProgress (1): 5.8/6.0 MBProgress (1): 5.8/6.0 MBProgress (1): 5.8/6.0 MBProgress (1): 5.8/6.0 MBProgress (1): 5.8/6.0 MBProgress (1): 5.8/6.0 MBProgress (1): 5.8/6.0 MBProgress (1): 5.8/6.0 MBProgress (1): 5.8/6.0 MBProgress (1): 5.8/6.0 MBProgress (1): 5.8/6.0 MBProgress (1): 5.8/6.0 MBProgress (1): 5.8/6.0 MBProgress (1): 5.8/6.0 MBProgress (1): 5.8/6.0 MBProgress (1): 5.8/6.0 MBProgress (1): 5.8/6.0 MBProgress (1): 5.8/6.0 MBProgress (1): 5.8/6.0 MBProgress (1): 5.9/6.0 MBProgress (1): 5.9/6.0 MBProgress (1): 5.9/6.0 MBProgress (1): 5.9/6.0 MBProgress (1): 5.9/6.0 MBProgress (1): 5.9/6.0 MBProgress (1): 5.9/6.0 MBProgress (1): 5.9/6.0 MBProgress (1): 5.9/6.0 MBProgress (1): 5.9/6.0 MBProgress (1): 5.9/6.0 MBProgress (1): 5.9/6.0 MBProgress (1): 5.9/6.0 MBProgress (1): 5.9/6.0 MBProgress (1): 5.9/6.0 MBProgress (1): 5.9/6.0 MBProgress (1): 5.9/6.0 MBProgress (1): 5.9/6.0 MBProgress (1): 5.9/6.0 MBProgress (1): 5.9/6.0 MBProgress (1): 5.9/6.0 MBProgress (1): 5.9/6.0 MBProgress (1): 5.9/6.0 MBProgress (1): 5.9/6.0 MBProgress (1): 6.0/6.0 MBProgress (1): 6.0/6.0 MBProgress (1): 6.0 MB                        Downloaded from central: https://repo.maven.apache.org/maven2/org/apache/hadoop/hadoop-hdfs/3.2.1/hadoop-hdfs-3.2.1.jar (6.0 MB at 6.4 MB/s)
[[1;34mINFO[m] 
[[1;34mINFO[m] [1m--- [0;32mmaven-antrun-plugin:1.7:run[m [1m(create-testdirs)[m @ [36mhadoop-hdfs-httpfs[0;1m ---[m
[[1;34mINFO[m] Executing tasks

main:
[[1;34mINFO[m] Executed tasks
[[1;34mINFO[m] 
[[1;34mINFO[m] [1m--- [0;32mmaven-resources-plugin:2.6:resources[m [1m(default-resources)[m @ [36mhadoop-hdfs-httpfs[0;1m ---[m
[[1;34mINFO[m] Using 'UTF-8' encoding to copy filtered resources.
[[1;34mINFO[m] Copying 1 resource
[[1;34mINFO[m] Copying 4 resources
[[1;34mINFO[m] 
[[1;34mINFO[m] [1m--- [0;32mmaven-compiler-plugin:3.1:compile[m [1m(default-compile)[m @ [36mhadoop-hdfs-httpfs[0;1m ---[m
[[1;34mINFO[m] Nothing to compile - all classes are up to date
[[1;34mINFO[m] 
[[1;34mINFO[m] [1m--- [0;32mmaven-antrun-plugin:1.7:run[m [1m(create-web-xmls)[m @ [36mhadoop-hdfs-httpfs[0;1m ---[m
[[1;34mINFO[m] Executing tasks

main:
[[1;34mINFO[m] Executed tasks
[[1;34mINFO[m] 
[[1;34mINFO[m] [1m--- [0;32mmaven-resources-plugin:2.6:testResources[m [1m(default-testResources)[m @ [36mhadoop-hdfs-httpfs[0;1m ---[m
[[1;34mINFO[m] Using 'UTF-8' encoding to copy filtered resources.
[[1;34mINFO[m] Copying 9 resources
[[1;34mINFO[m] Copying 1 resource
[[1;34mINFO[m] 
[[1;34mINFO[m] [1m--- [0;32mmaven-compiler-plugin:3.1:testCompile[m [1m(default-testCompile)[m @ [36mhadoop-hdfs-httpfs[0;1m ---[m
[[1;34mINFO[m] Nothing to compile - all classes are up to date
[[1;34mINFO[m] 
[[1;34mINFO[m] [1m--- [0;32mmaven-surefire-plugin:3.0.0-M1:test[m [1m(default-test)[m @ [36mhadoop-hdfs-httpfs[0;1m ---[m
[[1;34mINFO[m] 
[[1;34mINFO[m] -------------------------------------------------------
[[1;34mINFO[m]  T E S T S
[[1;34mINFO[m] -------------------------------------------------------
[[1;34mINFO[m] Running org.apache.hadoop.lib.server.[1mTestServerConstructor[m
[[1;34mINFO[m] [1;32mTests run: [0;1;32m15[m, Failures: 0, Errors: 0, Skipped: 0, Time elapsed: 0.107 s - in org.apache.hadoop.lib.server.[1mTestServerConstructor[m
[[1;34mINFO[m] Running org.apache.hadoop.lib.server.[1mTestServer[m
[[1;34mINFO[m] [1;32mTests run: [0;1;32m30[m, Failures: 0, Errors: 0, Skipped: 0, Time elapsed: 0.308 s - in org.apache.hadoop.lib.server.[1mTestServer[m
[[1;34mINFO[m] Running org.apache.hadoop.lib.server.[1mTestBaseService[m
[[1;34mINFO[m] [1;32mTests run: [0;1;32m1[m, Failures: 0, Errors: 0, Skipped: 0, Time elapsed: 0.193 s - in org.apache.hadoop.lib.server.[1mTestBaseService[m
[[1;34mINFO[m] Running org.apache.hadoop.lib.servlet.[1mTestHostnameFilter[m
[[1;34mINFO[m] [1;32mTests run: [0;1;32m2[m, Failures: 0, Errors: 0, Skipped: 0, Time elapsed: 0.195 s - in org.apache.hadoop.lib.servlet.[1mTestHostnameFilter[m
[[1;34mINFO[m] Running org.apache.hadoop.lib.servlet.[1mTestServerWebApp[m
[[1;34mINFO[m] [1;32mTests run: [0;1;32m5[m, Failures: 0, Errors: 0, Skipped: 0, Time elapsed: 0.183 s - in org.apache.hadoop.lib.servlet.[1mTestServerWebApp[m
[[1;34mINFO[m] Running org.apache.hadoop.lib.servlet.[1mTestMDCFilter[m
[[1;34mINFO[m] [1;32mTests run: [0;1;32m1[m, Failures: 0, Errors: 0, Skipped: 0, Time elapsed: 0.205 s - in org.apache.hadoop.lib.servlet.[1mTestMDCFilter[m
[[1;34mINFO[m] Running org.apache.hadoop.lib.service.instrumentation.[1mTestInstrumentationService[m
[[1;34mINFO[m] [1;32mTests run: [0;1;32m6[m, Failures: 0, Errors: 0, Skipped: 0, Time elapsed: 4.626 s - in org.apache.hadoop.lib.service.instrumentation.[1mTestInstrumentationService[m
[[1;34mINFO[m] Running org.apache.hadoop.lib.service.security.[1mTestGroupsService[m
[[1;34mINFO[m] [1;32mTests run: [0;1;32m2[m, Failures: 0, Errors: 0, Skipped: 0, Time elapsed: 0.26 s - in org.apache.hadoop.lib.service.security.[1mTestGroupsService[m
[[1;34mINFO[m] Running org.apache.hadoop.lib.service.scheduler.[1mTestSchedulerService[m
[[1;34mINFO[m] [1;32mTests run: [0;1;32m1[m, Failures: 0, Errors: 0, Skipped: 0, Time elapsed: 0.188 s - in org.apache.hadoop.lib.service.scheduler.[1mTestSchedulerService[m
[[1;34mINFO[m] Running org.apache.hadoop.lib.service.hadoop.[1mTestFileSystemAccessService[m
[[1;34mINFO[m] [1;32mTests run: [0;1;32m14[m, Failures: 0, Errors: 0, Skipped: 0, Time elapsed: 19.258 s - in org.apache.hadoop.lib.service.hadoop.[1mTestFileSystemAccessService[m
[[1;34mINFO[m] Running org.apache.hadoop.lib.util.[1mTestConfigurationUtils[m
[[1;34mINFO[m] [1;32mTests run: [0;1;32m6[m, Failures: 0, Errors: 0, Skipped: 0, Time elapsed: 0.147 s - in org.apache.hadoop.lib.util.[1mTestConfigurationUtils[m
[[1;34mINFO[m] Running org.apache.hadoop.lib.util.[1mTestCheck[m
[[1;34mINFO[m] [1;32mTests run: [0;1;32m21[m, Failures: 0, Errors: 0, Skipped: 0, Time elapsed: 0.099 s - in org.apache.hadoop.lib.util.[1mTestCheck[m
[[1;34mINFO[m] Running org.apache.hadoop.lib.wsrs.[1mTestInputStreamEntity[m
[[1;34mINFO[m] [1;32mTests run: [0;1;32m1[m, Failures: 0, Errors: 0, Skipped: 0, Time elapsed: 0.064 s - in org.apache.hadoop.lib.wsrs.[1mTestInputStreamEntity[m
[[1;34mINFO[m] Running org.apache.hadoop.lib.wsrs.[1mTestParam[m
[[1;34mINFO[m] [1;32mTests run: [0;1;32m8[m, Failures: 0, Errors: 0, Skipped: 0, Time elapsed: 0.096 s - in org.apache.hadoop.lib.wsrs.[1mTestParam[m
[[1;34mINFO[m] Running org.apache.hadoop.lib.wsrs.[1mTestJSONMapProvider[m
[[1;34mINFO[m] [1;32mTests run: [0;1;32m1[m, Failures: 0, Errors: 0, Skipped: 0, Time elapsed: 0.044 s - in org.apache.hadoop.lib.wsrs.[1mTestJSONMapProvider[m
[[1;34mINFO[m] Running org.apache.hadoop.lib.wsrs.[1mTestJSONProvider[m
[[1;34mINFO[m] [1;32mTests run: [0;1;32m1[m, Failures: 0, Errors: 0, Skipped: 0, Time elapsed: 0.045 s - in org.apache.hadoop.lib.wsrs.[1mTestJSONProvider[m
[[1;34mINFO[m] Running org.apache.hadoop.lib.lang.[1mTestRunnableCallable[m
[[1;34mINFO[m] [1;32mTests run: [0;1;32m3[m, Failures: 0, Errors: 0, Skipped: 0, Time elapsed: 0.047 s - in org.apache.hadoop.lib.lang.[1mTestRunnableCallable[m
[[1;34mINFO[m] Running org.apache.hadoop.lib.lang.[1mTestXException[m
[[1;34mINFO[m] [1;32mTests run: [0;1;32m1[m, Failures: 0, Errors: 0, Skipped: 0, Time elapsed: 0.051 s - in org.apache.hadoop.lib.lang.[1mTestXException[m
[[1;34mINFO[m] Running org.apache.hadoop.fs.http.server.[1mTestHttpFSServer[m
[[1;34mINFO[m] [1;32mTests run: [0;1;32m27[m, Failures: 0, Errors: 0, Skipped: 0, Time elapsed: 16.462 s - in org.apache.hadoop.fs.http.server.[1mTestHttpFSServer[m
[[1;34mINFO[m] Running org.apache.hadoop.fs.http.server.[1mTestHttpFSServerWebServer[m
[[1;34mINFO[m] [1;32mTests run: [0;1;32m4[m, Failures: 0, Errors: 0, Skipped: 0, Time elapsed: 2.404 s - in org.apache.hadoop.fs.http.server.[1mTestHttpFSServerWebServer[m
[[1;34mINFO[m] Running org.apache.hadoop.fs.http.server.[1mTestCheckUploadContentTypeFilter[m
[[1;34mINFO[m] [1;32mTests run: [0;1;32m6[m, Failures: 0, Errors: 0, Skipped: 0, Time elapsed: 0.285 s - in org.apache.hadoop.fs.http.server.[1mTestCheckUploadContentTypeFilter[m
[[1;34mINFO[m] Running org.apache.hadoop.fs.http.server.[1mTestHttpFSServerNoACLs[m
[[1;34mINFO[m] [1;32mTests run: [0;1;32m1[m, Failures: 0, Errors: 0, Skipped: 0, Time elapsed: 6.409 s - in org.apache.hadoop.fs.http.server.[1mTestHttpFSServerNoACLs[m
[[1;34mINFO[m] Running org.apache.hadoop.fs.http.server.[1mTestHttpFSServerNoXAttrs[m
[[1;34mINFO[m] [1;32mTests run: [0;1;32m1[m, Failures: 0, Errors: 0, Skipped: 0, Time elapsed: 6.021 s - in org.apache.hadoop.fs.http.server.[1mTestHttpFSServerNoXAttrs[m
[[1;34mINFO[m] Running org.apache.hadoop.fs.http.client.[1mTestHttpFSFileSystemLocalFileSystem[m
[[1;33mWARNING[m] [1;33mTests [0;1mrun: [0;1m76[m, Failures: 0, Errors: 0, [1;33mSkipped: [0;1;33m6[m, Time elapsed: 21.521 s - in org.apache.hadoop.fs.http.client.[1mTestHttpFSFileSystemLocalFileSystem[m
[[1;34mINFO[m] Running org.apache.hadoop.fs.http.client.[1mTestHttpFSFWithSWebhdfsFileSystem[m
[[1;34mINFO[m] [1;32mTests run: [0;1;32m76[m, Failures: 0, Errors: 0, Skipped: 0, Time elapsed: 35.059 s - in org.apache.hadoop.fs.http.client.[1mTestHttpFSFWithSWebhdfsFileSystem[m
[[1;34mINFO[m] Running org.apache.hadoop.fs.http.client.[1mTestHttpFSFWithWebhdfsFileSystem[m
[[1;34mINFO[m] [1;32mTests run: [0;1;32m76[m, Failures: 0, Errors: 0, Skipped: 0, Time elapsed: 30.201 s - in org.apache.hadoop.fs.http.client.[1mTestHttpFSFWithWebhdfsFileSystem[m
[[1;34mINFO[m] Running org.apache.hadoop.fs.http.client.[1mTestHttpFSWithHttpFSFileSystem[m
[[1;34mINFO[m] [1;32mTests run: [0;1;32m76[m, Failures: 0, Errors: 0, Skipped: 0, Time elapsed: 30.806 s - in org.apache.hadoop.fs.http.client.[1mTestHttpFSWithHttpFSFileSystem[m
[[1;34mINFO[m] Running org.apache.hadoop.test.[1mTestHTestCase[m
[[1;34mINFO[m] [1;32mTests run: [0;1;32m12[m, Failures: 0, Errors: 0, Skipped: 0, Time elapsed: 1.24 s - in org.apache.hadoop.test.[1mTestHTestCase[m
[[1;34mINFO[m] Running org.apache.hadoop.test.[1mTestDirHelper[m
[[1;34mINFO[m] [1;32mTests run: [0;1;32m1[m, Failures: 0, Errors: 0, Skipped: 0, Time elapsed: 0.054 s - in org.apache.hadoop.test.[1mTestDirHelper[m
[[1;34mINFO[m] Running org.apache.hadoop.test.[1mTestHdfsHelper[m
[[1;34mINFO[m] [1;32mTests run: [0;1;32m1[m, Failures: 0, Errors: 0, Skipped: 0, Time elapsed: 0.081 s - in org.apache.hadoop.test.[1mTestHdfsHelper[m
[[1;34mINFO[m] Running org.apache.hadoop.test.[1mTestHFSTestCase[m
[[1;34mINFO[m] [1;32mTests run: [0;1;32m15[m, Failures: 0, Errors: 0, Skipped: 0, Time elapsed: 8.641 s - in org.apache.hadoop.test.[1mTestHFSTestCase[m
[[1;34mINFO[m] Running org.apache.hadoop.test.[1mTestExceptionHelper[m
[[1;34mINFO[m] [1;32mTests run: [0;1;32m1[m, Failures: 0, Errors: 0, Skipped: 0, Time elapsed: 0.04 s - in org.apache.hadoop.test.[1mTestExceptionHelper[m
[[1;34mINFO[m] 
[[1;34mINFO[m] Results:
[[1;34mINFO[m] 
[[1;33mWARNING[m] [1;33mTests run: 492, Failures: 0, Errors: 0, Skipped: 6[m
[[1;34mINFO[m] 
[[1;34mINFO[m] [1m------------------------------------------------------------------------[m
[[1;34mINFO[m] [1;32mBUILD SUCCESS[m
[[1;34mINFO[m] [1m------------------------------------------------------------------------[m
[[1;34mINFO[m] Total time:  03:33 min
[[1;34mINFO[m] Finished at: 2020-04-08T22:07:31Z
[[1;34mINFO[m] [1m------------------------------------------------------------------------[m
