[[1;34mINFO[m] Scanning for projects...
[[1;34mINFO[m] 
[[1;34mINFO[m] [1m-----------< [0;36morg.apache.hadoop:hadoop-mapreduce-client-core[0;1m >-----------[m
[[1;34mINFO[m] [1mBuilding Apache Hadoop MapReduce Core 3.2.1[m
[[1;34mINFO[m] [1m--------------------------------[ jar ]---------------------------------[m
[[1;34mINFO[m] 
[[1;34mINFO[m] [1m--- [0;32mmaven-antrun-plugin:1.7:run[m [1m(create-testdirs)[m @ [36mhadoop-mapreduce-client-core[0;1m ---[m
[[1;34mINFO[m] Executing tasks

main:
[[1;34mINFO[m] Executed tasks
[[1;34mINFO[m] 
[[1;34mINFO[m] [1m--- [0;32mavro-maven-plugin:1.7.7:protocol[m [1m(default)[m @ [36mhadoop-mapreduce-client-core[0;1m ---[m
[[1;34mINFO[m] 
[[1;34mINFO[m] [1m--- [0;32mmaven-resources-plugin:2.6:resources[m [1m(default-resources)[m @ [36mhadoop-mapreduce-client-core[0;1m ---[m
[[1;34mINFO[m] Using 'UTF-8' encoding to copy filtered resources.
[[1;34mINFO[m] Copying 8 resources
[[1;34mINFO[m] 
[[1;34mINFO[m] [1m--- [0;32mmaven-compiler-plugin:3.1:compile[m [1m(default-compile)[m @ [36mhadoop-mapreduce-client-core[0;1m ---[m
[[1;34mINFO[m] Compiling 1 source file to /root/hadoop-3.2.1-src/hadoop-mapreduce-project/hadoop-mapreduce-client/hadoop-mapreduce-client-core/target/classes
[[1;34mINFO[m] 
[[1;34mINFO[m] [1m--- [0;32mmaven-resources-plugin:2.6:testResources[m [1m(default-testResources)[m @ [36mhadoop-mapreduce-client-core[0;1m ---[m
[[1;34mINFO[m] Using 'UTF-8' encoding to copy filtered resources.
[[1;34mINFO[m] Copying 9 resources
[[1;34mINFO[m] 
[[1;34mINFO[m] [1m--- [0;32mmaven-compiler-plugin:3.1:testCompile[m [1m(default-testCompile)[m @ [36mhadoop-mapreduce-client-core[0;1m ---[m
[[1;34mINFO[m] Nothing to compile - all classes are up to date
[[1;34mINFO[m] 
[[1;34mINFO[m] [1m--- [0;32mmaven-jar-plugin:2.5:test-jar[m [1m(default)[m @ [36mhadoop-mapreduce-client-core[0;1m ---[m
[[1;34mINFO[m] 
[[1;34mINFO[m] [1m--- [0;32mmaven-surefire-plugin:3.0.0-M1:test[m [1m(default-test)[m @ [36mhadoop-mapreduce-client-core[0;1m ---[m
[[1;34mINFO[m] 
[[1;34mINFO[m] -------------------------------------------------------
[[1;34mINFO[m]  T E S T S
[[1;34mINFO[m] -------------------------------------------------------
[[1;34mINFO[m] Running org.apache.hadoop.mapreduce.filecache.[1mTestClientDistributedCacheManager[m
[[1;33mWARNING[m] [1;33mTests [0;1mrun: [0;1m2[m, Failures: 0, Errors: 0, [1;33mSkipped: [0;1;33m1[m, Time elapsed: 0.673 s - in org.apache.hadoop.mapreduce.filecache.[1mTestClientDistributedCacheManager[m
[[1;34mINFO[m] Running org.apache.hadoop.mapreduce.filecache.[1mTestDistributedCache[m
[[1;34mINFO[m] [1;32mTests run: [0;1;32m1[m, Failures: 0, Errors: 0, Skipped: 0, Time elapsed: 0.492 s - in org.apache.hadoop.mapreduce.filecache.[1mTestDistributedCache[m
[[1;34mINFO[m] Running org.apache.hadoop.mapreduce.tools.[1mTestCLI[m
[[1;34mINFO[m] [1;32mTests run: [0;1;32m7[m, Failures: 0, Errors: 0, Skipped: 0, Time elapsed: 20.785 s - in org.apache.hadoop.mapreduce.tools.[1mTestCLI[m
[[1;34mINFO[m] Running org.apache.hadoop.mapreduce.[1mTestContextFactory[m
[[1;34mINFO[m] [1;32mTests run: [0;1;32m2[m, Failures: 0, Errors: 0, Skipped: 0, Time elapsed: 0.442 s - in org.apache.hadoop.mapreduce.[1mTestContextFactory[m
[[1;34mINFO[m] Running org.apache.hadoop.mapreduce.[1mTestTaskID[m
[[1;34mINFO[m] [1;32mTests run: [0;1;32m14[m, Failures: 0, Errors: 0, Skipped: 0, Time elapsed: 0.142 s - in org.apache.hadoop.mapreduce.[1mTestTaskID[m
[[1;34mINFO[m] Running org.apache.hadoop.mapreduce.lib.output.[1mTestMapFileOutputFormat[m
[[1;34mINFO[m] [1;32mTests run: [0;1;32m1[m, Failures: 0, Errors: 0, Skipped: 0, Time elapsed: 0.264 s - in org.apache.hadoop.mapreduce.lib.output.[1mTestMapFileOutputFormat[m
[[1;34mINFO[m] Running org.apache.hadoop.mapreduce.lib.output.[1mTestPreemptableFileOutputCommitter[m
[[1;34mINFO[m] [1;32mTests run: [0;1;32m1[m, Failures: 0, Errors: 0, Skipped: 0, Time elapsed: 0.366 s - in org.apache.hadoop.mapreduce.lib.output.[1mTestPreemptableFileOutputCommitter[m
[[1;34mINFO[m] Running org.apache.hadoop.mapreduce.lib.output.[1mTestPathOutputCommitterFactory[m
[[1;34mINFO[m] [1;32mTests run: [0;1;32m16[m, Failures: 0, Errors: 0, Skipped: 0, Time elapsed: 1.173 s - in org.apache.hadoop.mapreduce.lib.output.[1mTestPathOutputCommitterFactory[m
[[1;34mINFO[m] Running org.apache.hadoop.mapreduce.lib.output.[1mTestPathOutputCommitter[m
[[1;34mINFO[m] [1;32mTests run: [0;1;32m2[m, Failures: 0, Errors: 0, Skipped: 0, Time elapsed: 0.124 s - in org.apache.hadoop.mapreduce.lib.output.[1mTestPathOutputCommitter[m
[[1;34mINFO[m] Running org.apache.hadoop.mapreduce.lib.output.[1mTestFileOutputFormat[m
[[1;34mINFO[m] [1;32mTests run: [0;1;32m2[m, Failures: 0, Errors: 0, Skipped: 0, Time elapsed: 0.615 s - in org.apache.hadoop.mapreduce.lib.output.[1mTestFileOutputFormat[m
[[1;34mINFO[m] Running org.apache.hadoop.mapreduce.lib.output.[1mTestFileOutputCommitter[m
[[1;34mINFO[m] [1;32mTests run: [0;1;32m22[m, Failures: 0, Errors: 0, Skipped: 0, Time elapsed: 1.766 s - in org.apache.hadoop.mapreduce.lib.output.[1mTestFileOutputCommitter[m
[[1;34mINFO[m] Running org.apache.hadoop.mapreduce.lib.db.[1mTestDbClasses[m
[[1;34mINFO[m] [1;32mTests run: [0;1;32m4[m, Failures: 0, Errors: 0, Skipped: 0, Time elapsed: 0.576 s - in org.apache.hadoop.mapreduce.lib.db.[1mTestDbClasses[m
[[1;34mINFO[m] Running org.apache.hadoop.mapreduce.lib.db.[1mTestSplitters[m
[[1;34mINFO[m] [1;32mTests run: [0;1;32m5[m, Failures: 0, Errors: 0, Skipped: 0, Time elapsed: 0.459 s - in org.apache.hadoop.mapreduce.lib.db.[1mTestSplitters[m
[[1;34mINFO[m] Running org.apache.hadoop.mapreduce.lib.partition.[1mTestRehashPartitioner[m
[[1;34mINFO[m] [1;32mTests run: [0;1;32m1[m, Failures: 0, Errors: 0, Skipped: 0, Time elapsed: 0.153 s - in org.apache.hadoop.mapreduce.lib.partition.[1mTestRehashPartitioner[m
[[1;34mINFO[m] Running org.apache.hadoop.mapreduce.lib.input.[1mTestCombineFileRecordReader[m
[[1;34mINFO[m] [1;32mTests run: [0;1;32m1[m, Failures: 0, Errors: 0, Skipped: 0, Time elapsed: 0.665 s - in org.apache.hadoop.mapreduce.lib.input.[1mTestCombineFileRecordReader[m
[[1;34mINFO[m] Running org.apache.hadoop.mapreduce.lib.input.[1mTestLineRecordReader[m
[[1;34mINFO[m] [1;32mTests run: [0;1;32m12[m, Failures: 0, Errors: 0, Skipped: 0, Time elapsed: 11.261 s - in org.apache.hadoop.mapreduce.lib.input.[1mTestLineRecordReader[m
[[1;34mINFO[m] Running org.apache.hadoop.mapreduce.lib.input.[1mTestFileInputFormat[m
[[1;34mINFO[m] [1;32mTests run: [0;1;32m18[m, Failures: 0, Errors: 0, Skipped: 0, Time elapsed: 1.29 s - in org.apache.hadoop.mapreduce.lib.input.[1mTestFileInputFormat[m
[[1;34mINFO[m] Running org.apache.hadoop.mapreduce.lib.jobcontrol.[1mTestJobControl[m
[[1;34mINFO[m] [1;32mTests run: [0;1;32m1[m, Failures: 0, Errors: 0, Skipped: 0, Time elapsed: 0.418 s - in org.apache.hadoop.mapreduce.lib.jobcontrol.[1mTestJobControl[m
[[1;34mINFO[m] Running org.apache.hadoop.mapreduce.[1mTestJobResourceUploader[m
[[1;34mINFO[m] [1;32mTests run: [0;1;32m21[m, Failures: 0, Errors: 0, Skipped: 0, Time elapsed: 1.094 s - in org.apache.hadoop.mapreduce.[1mTestJobResourceUploader[m
[[1;34mINFO[m] Running org.apache.hadoop.mapreduce.task.reduce.[1mTestShuffleScheduler[m
[[1;34mINFO[m] [1;32mTests run: [0;1;32m4[m, Failures: 0, Errors: 0, Skipped: 0, Time elapsed: 0.615 s - in org.apache.hadoop.mapreduce.task.reduce.[1mTestShuffleScheduler[m
[[1;34mINFO[m] Running org.apache.hadoop.mapreduce.task.reduce.[1mTestMergeManager[m
[[1;34mINFO[m] [1;32mTests run: [0;1;32m5[m, Failures: 0, Errors: 0, Skipped: 0, Time elapsed: 0.843 s - in org.apache.hadoop.mapreduce.task.reduce.[1mTestMergeManager[m
[[1;34mINFO[m] Running org.apache.hadoop.mapreduce.task.reduce.[1mTestFetcher[m
[[1;34mINFO[m] [1;32mTests run: [0;1;32m16[m, Failures: 0, Errors: 0, Skipped: 0, Time elapsed: 1.385 s - in org.apache.hadoop.mapreduce.task.reduce.[1mTestFetcher[m
[[1;34mINFO[m] Running org.apache.hadoop.mapreduce.task.reduce.[1mTestEventFetcher[m
[[1;34mINFO[m] [1;32mTests run: [0;1;32m1[m, Failures: 0, Errors: 0, Skipped: 0, Time elapsed: 0.315 s - in org.apache.hadoop.mapreduce.task.reduce.[1mTestEventFetcher[m
[[1;34mINFO[m] Running org.apache.hadoop.mapreduce.task.reduce.[1mTestMerger[m
[[1;34mINFO[m] [1;32mTests run: [0;1;32m4[m, Failures: 0, Errors: 0, Skipped: 0, Time elapsed: 1.005 s - in org.apache.hadoop.mapreduce.task.reduce.[1mTestMerger[m
[[1;34mINFO[m] Running org.apache.hadoop.mapreduce.task.reduce.[1mTestShuffleClientMetrics[m
[[1;34mINFO[m] [1;32mTests run: [0;1;32m1[m, Failures: 0, Errors: 0, Skipped: 0, Time elapsed: 0.581 s - in org.apache.hadoop.mapreduce.task.reduce.[1mTestShuffleClientMetrics[m
[[1;34mINFO[m] Running org.apache.hadoop.mapreduce.security.[1mTestTokenCache[m
[[1;34mINFO[m] [1;32mTests run: [0;1;32m6[m, Failures: 0, Errors: 0, Skipped: 0, Time elapsed: 0.898 s - in org.apache.hadoop.mapreduce.security.[1mTestTokenCache[m
[[1;34mINFO[m] Running org.apache.hadoop.mapreduce.[1mTestJob[m
[[1;34mINFO[m] [1;32mTests run: [0;1;32m3[m, Failures: 0, Errors: 0, Skipped: 0, Time elapsed: 0.578 s - in org.apache.hadoop.mapreduce.[1mTestJob[m
[[1;34mINFO[m] Running org.apache.hadoop.mapreduce.[1mTestJobResourceUploaderWithSharedCache[m
[[1;34mINFO[m] [1;32mTests run: [0;1;32m4[m, Failures: 0, Errors: 0, Skipped: 0, Time elapsed: 8.637 s - in org.apache.hadoop.mapreduce.[1mTestJobResourceUploaderWithSharedCache[m
[[1;34mINFO[m] Running org.apache.hadoop.mapreduce.[1mTestCluster[m
[[1;34mINFO[m] [1;32mTests run: [0;1;32m1[m, Failures: 0, Errors: 0, Skipped: 0, Time elapsed: 0.534 s - in org.apache.hadoop.mapreduce.[1mTestCluster[m
[[1;34mINFO[m] Running org.apache.hadoop.mapreduce.[1mTestJobMonitorAndPrint[m
[[1;34mINFO[m] [1;32mTests run: [0;1;32m1[m, Failures: 0, Errors: 0, Skipped: 0, Time elapsed: 0.659 s - in org.apache.hadoop.mapreduce.[1mTestJobMonitorAndPrint[m
[[1;34mINFO[m] Running org.apache.hadoop.mapreduce.[1mTestJobSubmissionFiles[m
[[1;34mINFO[m] [1;32mTests run: [0;1;32m4[m, Failures: 0, Errors: 0, Skipped: 0, Time elapsed: 0.613 s - in org.apache.hadoop.mapreduce.[1mTestJobSubmissionFiles[m
[[1;34mINFO[m] Running org.apache.hadoop.mapreduce.checkpoint.[1mTestFSCheckpointService[m
[[1;34mINFO[m] [1;32mTests run: [0;1;32m3[m, Failures: 0, Errors: 0, Skipped: 0, Time elapsed: 0.403 s - in org.apache.hadoop.mapreduce.checkpoint.[1mTestFSCheckpointService[m
[[1;34mINFO[m] Running org.apache.hadoop.mapreduce.checkpoint.[1mTestFSCheckpointID[m
[[1;34mINFO[m] [1;32mTests run: [0;1;32m1[m, Failures: 0, Errors: 0, Skipped: 0, Time elapsed: 0.146 s - in org.apache.hadoop.mapreduce.checkpoint.[1mTestFSCheckpointID[m
[[1;34mINFO[m] Running org.apache.hadoop.mapreduce.[1mTestShufflePlugin[m
[[1;34mINFO[m] [1;32mTests run: [0;1;32m3[m, Failures: 0, Errors: 0, Skipped: 0, Time elapsed: 0.579 s - in org.apache.hadoop.mapreduce.[1mTestShufflePlugin[m
[[1;34mINFO[m] Running org.apache.hadoop.mapreduce.split.[1mTestJobSplitWriter[m
[[1;34mINFO[m] [1;32mTests run: [0;1;32m2[m, Failures: 0, Errors: 0, Skipped: 0, Time elapsed: 0.619 s - in org.apache.hadoop.mapreduce.split.[1mTestJobSplitWriter[m
[[1;34mINFO[m] Running org.apache.hadoop.mapreduce.split.[1mTestJobSplitWriterWithEC[m
[[1;34mINFO[m] [1;32mTests run: [0;1;32m2[m, Failures: 0, Errors: 0, Skipped: 0, Time elapsed: 16.029 s - in org.apache.hadoop.mapreduce.split.[1mTestJobSplitWriterWithEC[m
[[1;34mINFO[m] Running org.apache.hadoop.mapreduce.jobhistory.[1mTestHistoryViewerPrinter[m
[[1;34mINFO[m] [1;32mTests run: [0;1;32m6[m, Failures: 0, Errors: 0, Skipped: 0, Time elapsed: 0.43 s - in org.apache.hadoop.mapreduce.jobhistory.[1mTestHistoryViewerPrinter[m
[[1;34mINFO[m] Running org.apache.hadoop.mapred.[1mTestJobInfo[m
[[1;34mINFO[m] [1;32mTests run: [0;1;32m2[m, Failures: 0, Errors: 0, Skipped: 0, Time elapsed: 0.343 s - in org.apache.hadoop.mapred.[1mTestJobInfo[m
[[1;34mINFO[m] Running org.apache.hadoop.mapred.[1mTestTaskLog[m
[[1;34mINFO[m] [1;32mTests run: [0;1;32m2[m, Failures: 0, Errors: 0, Skipped: 0, Time elapsed: 0.793 s - in org.apache.hadoop.mapred.[1mTestTaskLog[m
[[1;34mINFO[m] Running org.apache.hadoop.mapred.[1mTestJobConf[m
[[1;34mINFO[m] [1;32mTests run: [0;1;32m12[m, Failures: 0, Errors: 0, Skipped: 0, Time elapsed: 0.807 s - in org.apache.hadoop.mapred.[1mTestJobConf[m
[[1;34mINFO[m] Running org.apache.hadoop.mapred.lib.[1mTestCombineFileRecordReader[m
[[1;34mINFO[m] [1;32mTests run: [0;1;32m1[m, Failures: 0, Errors: 0, Skipped: 0, Time elapsed: 0.643 s - in org.apache.hadoop.mapred.lib.[1mTestCombineFileRecordReader[m
[[1;34mINFO[m] Running org.apache.hadoop.mapred.lib.db.[1mTestDBInputFormat[m
[[1;34mINFO[m] [1;32mTests run: [0;1;32m3[m, Failures: 0, Errors: 0, Skipped: 0, Time elapsed: 0.748 s - in org.apache.hadoop.mapred.lib.db.[1mTestDBInputFormat[m
[[1;34mINFO[m] Running org.apache.hadoop.mapred.[1mTestLineRecordReader[m
[[1;34mINFO[m] [1;32mTests run: [0;1;32m14[m, Failures: 0, Errors: 0, Skipped: 0, Time elapsed: 9.656 s - in org.apache.hadoop.mapred.[1mTestLineRecordReader[m
[[1;34mINFO[m] Running org.apache.hadoop.mapred.[1mTestSkipBadRecords[m
[[1;34mINFO[m] [1;32mTests run: [0;1;32m1[m, Failures: 0, Errors: 0, Skipped: 0, Time elapsed: 0.299 s - in org.apache.hadoop.mapred.[1mTestSkipBadRecords[m
[[1;34mINFO[m] Running org.apache.hadoop.mapred.[1mTestFileInputFormat[m
[[1;34mINFO[m] [1;32mTests run: [0;1;32m14[m, Failures: 0, Errors: 0, Skipped: 0, Time elapsed: 1.231 s - in org.apache.hadoop.mapred.[1mTestFileInputFormat[m
[[1;34mINFO[m] Running org.apache.hadoop.mapred.[1mTestTaskProgressReporter[m
[[1;34mINFO[m] [1;32mTests run: [0;1;32m4[m, Failures: 0, Errors: 0, Skipped: 0, Time elapsed: 44.9 s - in org.apache.hadoop.mapred.[1mTestTaskProgressReporter[m
[[1;34mINFO[m] Running org.apache.hadoop.mapred.[1mTestClock[m
[[1;34mINFO[m] [1;32mTests run: [0;1;32m1[m, Failures: 0, Errors: 0, Skipped: 0, Time elapsed: 0.055 s - in org.apache.hadoop.mapred.[1mTestClock[m
[[1;34mINFO[m] Running org.apache.hadoop.mapred.[1mTestMapFileOutputFormat[m
[[1;34mINFO[m] [1;32mTests run: [0;1;32m1[m, Failures: 0, Errors: 0, Skipped: 0, Time elapsed: 0.254 s - in org.apache.hadoop.mapred.[1mTestMapFileOutputFormat[m
[[1;34mINFO[m] Running org.apache.hadoop.mapred.[1mTestQueue[m
[[1;34mINFO[m] [1;32mTests run: [0;1;32m3[m, Failures: 0, Errors: 0, Skipped: 0, Time elapsed: 0.738 s - in org.apache.hadoop.mapred.[1mTestQueue[m
[[1;34mINFO[m] Running org.apache.hadoop.mapred.[1mTestOldMethodsJobID[m
[[1;34mINFO[m] [1;32mTests run: [0;1;32m6[m, Failures: 0, Errors: 0, Skipped: 0, Time elapsed: 0.172 s - in org.apache.hadoop.mapred.[1mTestOldMethodsJobID[m
[[1;34mINFO[m] Running org.apache.hadoop.mapred.[1mTestClusterStatus[m
[[1;34mINFO[m] [1;32mTests run: [0;1;32m2[m, Failures: 0, Errors: 0, Skipped: 0, Time elapsed: 0.052 s - in org.apache.hadoop.mapred.[1mTestClusterStatus[m
[[1;34mINFO[m] Running org.apache.hadoop.mapred.[1mTestMaster[m
[[1;34mINFO[m] [1;32mTests run: [0;1;32m1[m, Failures: 0, Errors: 0, Skipped: 0, Time elapsed: 0.289 s - in org.apache.hadoop.mapred.[1mTestMaster[m
[[1;34mINFO[m] Running org.apache.hadoop.mapred.[1mTestMapTask[m
[[1;34mINFO[m] [1;32mTests run: [0;1;32m1[m, Failures: 0, Errors: 0, Skipped: 0, Time elapsed: 0.834 s - in org.apache.hadoop.mapred.[1mTestMapTask[m
[[1;34mINFO[m] Running org.apache.hadoop.mapred.[1mTestJobEndNotifier[m
[[1;34mINFO[m] [1;32mTests run: [0;1;32m3[m, Failures: 0, Errors: 0, Skipped: 0, Time elapsed: 17.423 s - in org.apache.hadoop.mapred.[1mTestJobEndNotifier[m
[[1;34mINFO[m] Running org.apache.hadoop.mapred.[1mTestJobQueueClient[m
[[1;34mINFO[m] [1;32mTests run: [0;1;32m1[m, Failures: 0, Errors: 0, Skipped: 0, Time elapsed: 0.058 s - in org.apache.hadoop.mapred.[1mTestJobQueueClient[m
[[1;34mINFO[m] Running org.apache.hadoop.mapred.[1mTestTaskLogAppender[m
[[1;34mINFO[m] [1;32mTests run: [0;1;32m1[m, Failures: 0, Errors: 0, Skipped: 0, Time elapsed: 0.158 s - in org.apache.hadoop.mapred.[1mTestTaskLogAppender[m
[[1;34mINFO[m] Running org.apache.hadoop.mapred.[1mTestFileOutputCommitter[m
[[1;34mINFO[m] [1;32mTests run: [0;1;32m17[m, Failures: 0, Errors: 0, Skipped: 0, Time elapsed: 1.049 s - in org.apache.hadoop.mapred.[1mTestFileOutputCommitter[m
[[1;34mINFO[m] Running org.apache.hadoop.mapred.[1mTestTask[m
[[1;34mINFO[m] [1;32mTests run: [0;1;32m2[m, Failures: 0, Errors: 0, Skipped: 0, Time elapsed: 0.433 s - in org.apache.hadoop.mapred.[1mTestTask[m
[[1;34mINFO[m] Running org.apache.hadoop.mapred.[1mTestIndexCache[m
[[1;34mINFO[m] [1;32mTests run: [0;1;32m5[m, Failures: 0, Errors: 0, Skipped: 0, Time elapsed: 0.944 s - in org.apache.hadoop.mapred.[1mTestIndexCache[m
[[1;34mINFO[m] Running org.apache.hadoop.mapred.[1mTestCounters[m
[[1;34mINFO[m] [1;32mTests run: [0;1;32m13[m, Failures: 0, Errors: 0, Skipped: 0, Time elapsed: 0.382 s - in org.apache.hadoop.mapred.[1mTestCounters[m
[[1;34mINFO[m] Running org.apache.hadoop.mapred.[1mTestJobAclsManager[m
[[1;34mINFO[m] [1;32mTests run: [0;1;32m4[m, Failures: 0, Errors: 0, Skipped: 0, Time elapsed: 0.454 s - in org.apache.hadoop.mapred.[1mTestJobAclsManager[m
[[1;34mINFO[m] 
[[1;34mINFO[m] Results:
[[1;34mINFO[m] 
[[1;33mWARNING[m] [1;33mTests run: 314, Failures: 0, Errors: 0, Skipped: 1[m
[[1;34mINFO[m] 
[[1;34mINFO[m] [1m------------------------------------------------------------------------[m
[[1;34mINFO[m] [1;32mBUILD SUCCESS[m
[[1;34mINFO[m] [1m------------------------------------------------------------------------[m
[[1;34mINFO[m] Total time:  03:29 min
[[1;34mINFO[m] Finished at: 2020-04-08T07:09:19Z
[[1;34mINFO[m] [1m------------------------------------------------------------------------[m
