[[1;34mINFO[m] Scanning for projects...
[[1;34mINFO[m] 
[[1;34mINFO[m] [1m----------< [0;36morg.apache.hadoop:hadoop-mapreduce-client-common[0;1m >----------[m
[[1;34mINFO[m] [1mBuilding Apache Hadoop MapReduce Common 3.2.1[m
[[1;34mINFO[m] [1m--------------------------------[ jar ]---------------------------------[m
[[1;34mINFO[m] 
[[1;34mINFO[m] [1m--- [0;32mmaven-antrun-plugin:1.7:run[m [1m(create-testdirs)[m @ [36mhadoop-mapreduce-client-common[0;1m ---[m
[[1;34mINFO[m] Executing tasks

main:
[[1;34mINFO[m] Executed tasks
[[1;34mINFO[m] 
[[1;34mINFO[m] [1m--- [0;32mhadoop-maven-plugins:3.2.1:protoc[m [1m(compile-protoc)[m @ [36mhadoop-mapreduce-client-common[0;1m ---[m
[[1;34mINFO[m] No changes detected in protoc files, skipping generation.
[[1;34mINFO[m] 
[[1;34mINFO[m] [1m--- [0;32mmaven-resources-plugin:2.6:resources[m [1m(default-resources)[m @ [36mhadoop-mapreduce-client-common[0;1m ---[m
[[1;34mINFO[m] Using 'UTF-8' encoding to copy filtered resources.
[[1;34mINFO[m] Copying 3 resources
[[1;34mINFO[m] 
[[1;34mINFO[m] [1m--- [0;32mmaven-compiler-plugin:3.1:compile[m [1m(default-compile)[m @ [36mhadoop-mapreduce-client-common[0;1m ---[m
[[1;34mINFO[m] Compiling 1 source file to /root/hadoop-3.2.1-src/hadoop-mapreduce-project/hadoop-mapreduce-client/hadoop-mapreduce-client-common/target/classes
[[1;34mINFO[m] 
[[1;34mINFO[m] [1m--- [0;32mmaven-resources-plugin:2.6:testResources[m [1m(default-testResources)[m @ [36mhadoop-mapreduce-client-common[0;1m ---[m
[[1;34mINFO[m] Using 'UTF-8' encoding to copy filtered resources.
[[1;34mINFO[m] Copying 1 resource
[[1;34mINFO[m] 
[[1;34mINFO[m] [1m--- [0;32mmaven-compiler-plugin:3.1:testCompile[m [1m(default-testCompile)[m @ [36mhadoop-mapreduce-client-common[0;1m ---[m
[[1;34mINFO[m] Nothing to compile - all classes are up to date
[[1;34mINFO[m] 
[[1;34mINFO[m] [1m--- [0;32mmaven-surefire-plugin:3.0.0-M1:test[m [1m(default-test)[m @ [36mhadoop-mapreduce-client-common[0;1m ---[m
[[1;34mINFO[m] 
[[1;34mINFO[m] -------------------------------------------------------
[[1;34mINFO[m]  T E S T S
[[1;34mINFO[m] -------------------------------------------------------
[[1;34mINFO[m] Running org.apache.hadoop.mapreduce.v2.[1mTestRPCFactories[m
[[1;34mINFO[m] [1;32mTests run: [0;1;32m1[m, Failures: 0, Errors: 0, Skipped: 0, Time elapsed: 0.582 s - in org.apache.hadoop.mapreduce.v2.[1mTestRPCFactories[m
[[1;34mINFO[m] Running org.apache.hadoop.mapreduce.v2.api.records.[1mTestIds[m
[[1;34mINFO[m] [1;32mTests run: [0;1;32m3[m, Failures: 0, Errors: 0, Skipped: 0, Time elapsed: 0.242 s - in org.apache.hadoop.mapreduce.v2.api.records.[1mTestIds[m
[[1;34mINFO[m] Running org.apache.hadoop.mapreduce.v2.util.[1mTestMRApps[m
[[1;34mINFO[m] [1;32mTests run: [0;1;32m25[m, Failures: 0, Errors: 0, Skipped: 0, Time elapsed: 1.2 s - in org.apache.hadoop.mapreduce.v2.util.[1mTestMRApps[m
[[1;34mINFO[m] Running org.apache.hadoop.mapreduce.v2.[1mTestRecordFactory[m
[[1;34mINFO[m] [1;32mTests run: [0;1;32m1[m, Failures: 0, Errors: 0, Skipped: 0, Time elapsed: 0.143 s - in org.apache.hadoop.mapreduce.v2.[1mTestRecordFactory[m
[[1;34mINFO[m] Running org.apache.hadoop.mapreduce.v2.jobhistory.[1mTestJobHistoryUtils[m
[[1;34mINFO[m] [1;32mTests run: [0;1;32m2[m, Failures: 0, Errors: 0, Skipped: 0, Time elapsed: 0.581 s - in org.apache.hadoop.mapreduce.v2.jobhistory.[1mTestJobHistoryUtils[m
[[1;34mINFO[m] Running org.apache.hadoop.mapreduce.v2.jobhistory.[1mTestFileNameIndexUtils[m
[[1;34mINFO[m] [1;32mTests run: [0;1;32m12[m, Failures: 0, Errors: 0, Skipped: 0, Time elapsed: 0.246 s - in org.apache.hadoop.mapreduce.v2.jobhistory.[1mTestFileNameIndexUtils[m
[[1;34mINFO[m] Running org.apache.hadoop.mapreduce.[1mTestTypeConverter[m
[[1;34mINFO[m] [1;32mTests run: [0;1;32m6[m, Failures: 0, Errors: 0, Skipped: 0, Time elapsed: 0.541 s - in org.apache.hadoop.mapreduce.[1mTestTypeConverter[m
[[1;34mINFO[m] Running org.apache.hadoop.mapred.[1mTestJobClient[m
[[1;34mINFO[m] [1;32mTests run: [0;1;32m4[m, Failures: 0, Errors: 0, Skipped: 0, Time elapsed: 0.781 s - in org.apache.hadoop.mapred.[1mTestJobClient[m
[[1;34mINFO[m] Running org.apache.hadoop.mapred.[1mTestMRWithDistributedCache[m
[[1;34mINFO[m] [1;32mTests run: [0;1;32m2[m, Failures: 0, Errors: 0, Skipped: 0, Time elapsed: 6.278 s - in org.apache.hadoop.mapred.[1mTestMRWithDistributedCache[m
[[1;34mINFO[m] Running org.apache.hadoop.mapred.[1mTestLocalModeWithNewApis[m
[[1;34mINFO[m] [1;32mTests run: [0;1;32m1[m, Failures: 0, Errors: 0, Skipped: 0, Time elapsed: 2.11 s - in org.apache.hadoop.mapred.[1mTestLocalModeWithNewApis[m
[[1;34mINFO[m] Running org.apache.hadoop.mapred.[1mTestJobClientGetJob[m
[[1;34mINFO[m] [1;32mTests run: [0;1;32m1[m, Failures: 0, Errors: 0, Skipped: 0, Time elapsed: 1.141 s - in org.apache.hadoop.mapred.[1mTestJobClientGetJob[m
[[1;34mINFO[m] Running org.apache.hadoop.mapred.[1mTestLocalDistributedCacheManager[m
[[1;34mINFO[m] [1;32mTests run: [0;1;32m4[m, Failures: 0, Errors: 0, Skipped: 0, Time elapsed: 1.187 s - in org.apache.hadoop.mapred.[1mTestLocalDistributedCacheManager[m
[[1;34mINFO[m] 
[[1;34mINFO[m] Results:
[[1;34mINFO[m] 
[[1;34mINFO[m] [1;32mTests run: 62, Failures: 0, Errors: 0, Skipped: 0[m
[[1;34mINFO[m] 
[[1;34mINFO[m] [1m------------------------------------------------------------------------[m
[[1;34mINFO[m] [1;32mBUILD SUCCESS[m
[[1;34mINFO[m] [1m------------------------------------------------------------------------[m
[[1;34mINFO[m] Total time:  27.052 s
[[1;34mINFO[m] Finished at: 2020-04-08T09:15:47Z
[[1;34mINFO[m] [1m------------------------------------------------------------------------[m
