[[1;34mINFO[m] Scanning for projects...
[[1;34mINFO[m] 
[[1;34mINFO[m] [1m------------< [0;36morg.apache.hadoop:hadoop-mapreduce-client-hs[0;1m >------------[m
[[1;34mINFO[m] [1mBuilding Apache Hadoop MapReduce HistoryServer 3.2.1[m
[[1;34mINFO[m] [1m--------------------------------[ jar ]---------------------------------[m
Downloading from apache.snapshots.https: https://repository.apache.org/content/repositories/snapshots/org/apache/hadoop/hadoop-mapreduce-client-app/3.2.1/hadoop-mapreduce-client-app-3.2.1.pom
Downloading from repository.jboss.org: https://repository.jboss.org/nexus/content/groups/public/org/apache/hadoop/hadoop-mapreduce-client-app/3.2.1/hadoop-mapreduce-client-app-3.2.1.pom
Downloading from central: https://repo.maven.apache.org/maven2/org/apache/hadoop/hadoop-mapreduce-client-app/3.2.1/hadoop-mapreduce-client-app-3.2.1.pom
Progress (1): 2.2/5.4 kBProgress (1): 5.0/5.4 kBProgress (1): 5.4 kB                        Downloaded from central: https://repo.maven.apache.org/maven2/org/apache/hadoop/hadoop-mapreduce-client-app/3.2.1/hadoop-mapreduce-client-app-3.2.1.pom (5.4 kB at 30 kB/s)
Downloading from apache.snapshots.https: https://repository.apache.org/content/repositories/snapshots/org/apache/hadoop/hadoop-mapreduce-client-shuffle/3.2.1/hadoop-mapreduce-client-shuffle-3.2.1.pom
Downloading from repository.jboss.org: https://repository.jboss.org/nexus/content/groups/public/org/apache/hadoop/hadoop-mapreduce-client-shuffle/3.2.1/hadoop-mapreduce-client-shuffle-3.2.1.pom
Downloading from central: https://repo.maven.apache.org/maven2/org/apache/hadoop/hadoop-mapreduce-client-shuffle/3.2.1/hadoop-mapreduce-client-shuffle-3.2.1.pom
Progress (1): 2.2/3.1 kBProgress (1): 3.1 kB                        Downloaded from central: https://repo.maven.apache.org/maven2/org/apache/hadoop/hadoop-mapreduce-client-shuffle/3.2.1/hadoop-mapreduce-client-shuffle-3.2.1.pom (3.1 kB at 55 kB/s)
Downloading from apache.snapshots.https: https://repository.apache.org/content/repositories/snapshots/org/apache/hadoop/hadoop-mapreduce-client-app/3.2.1/hadoop-mapreduce-client-app-3.2.1.jar
Downloading from apache.snapshots.https: https://repository.apache.org/content/repositories/snapshots/org/apache/hadoop/hadoop-mapreduce-client-shuffle/3.2.1/hadoop-mapreduce-client-shuffle-3.2.1.jar
Downloading from apache.snapshots.https: https://repository.apache.org/content/repositories/snapshots/org/apache/hadoop/hadoop-mapreduce-client-app/3.2.1/hadoop-mapreduce-client-app-3.2.1-tests.jar
Downloading from repository.jboss.org: https://repository.jboss.org/nexus/content/groups/public/org/apache/hadoop/hadoop-mapreduce-client-app/3.2.1/hadoop-mapreduce-client-app-3.2.1.jar
Downloading from repository.jboss.org: https://repository.jboss.org/nexus/content/groups/public/org/apache/hadoop/hadoop-mapreduce-client-shuffle/3.2.1/hadoop-mapreduce-client-shuffle-3.2.1.jar
Downloading from repository.jboss.org: https://repository.jboss.org/nexus/content/groups/public/org/apache/hadoop/hadoop-mapreduce-client-app/3.2.1/hadoop-mapreduce-client-app-3.2.1-tests.jar
Downloading from central: https://repo.maven.apache.org/maven2/org/apache/hadoop/hadoop-mapreduce-client-app/3.2.1/hadoop-mapreduce-client-app-3.2.1.jar
Downloading from central: https://repo.maven.apache.org/maven2/org/apache/hadoop/hadoop-mapreduce-client-shuffle/3.2.1/hadoop-mapreduce-client-shuffle-3.2.1.jar
Downloading from central: https://repo.maven.apache.org/maven2/org/apache/hadoop/hadoop-mapreduce-client-app/3.2.1/hadoop-mapreduce-client-app-3.2.1-tests.jar
Progress (1): 2.2/98 kBProgress (1): 5.0/98 kBProgress (1): 7.7/98 kBProgress (1): 10/98 kB Progress (1): 13/98 kBProgress (1): 16/98 kBProgress (1): 19/98 kBProgress (1): 21/98 kBProgress (1): 24/98 kBProgress (1): 27/98 kBProgress (1): 30/98 kBProgress (1): 32/98 kBProgress (1): 36/98 kBProgress (1): 40/98 kBProgress (1): 45/98 kBProgress (1): 49/98 kBProgress (1): 53/98 kBProgress (1): 57/98 kBProgress (1): 61/98 kBProgress (1): 65/98 kBProgress (1): 69/98 kBProgress (1): 73/98 kBProgress (1): 77/98 kBProgress (1): 81/98 kBProgress (1): 85/98 kBProgress (1): 90/98 kBProgress (1): 94/98 kBProgress (1): 98 kB   Progress (2): 98 kB | 2.2/613 kBProgress (2): 98 kB | 5.0/613 kBProgress (2): 98 kB | 7.7/613 kBProgress (2): 98 kB | 10/613 kB Progress (2): 98 kB | 13/613 kBProgress (2): 98 kB | 16/613 kBProgress (2): 98 kB | 19/613 kBProgress (2): 98 kB | 21/613 kBProgress (2): 98 kB | 24/613 kBProgress (2): 98 kB | 27/613 kBProgress (2): 98 kB | 30/613 kBProgress (2): 98 kB | 32/613 kB                               Downloaded from central: https://repo.maven.apache.org/maven2/org/apache/hadoop/hadoop-mapreduce-client-shuffle/3.2.1/hadoop-mapreduce-client-shuffle-3.2.1.jar (98 kB at 1.0 MB/s)
Progress (1): 36/613 kBProgress (1): 40/613 kBProgress (1): 45/613 kBProgress (1): 49/613 kBProgress (1): 53/613 kBProgress (1): 57/613 kBProgress (1): 61/613 kBProgress (2): 61/613 kB | 2.2/588 kBProgress (2): 65/613 kB | 2.2/588 kBProgress (2): 65/613 kB | 5.0/588 kBProgress (2): 65/613 kB | 7.7/588 kBProgress (2): 65/613 kB | 10/588 kB Progress (2): 69/613 kB | 10/588 kBProgress (2): 73/613 kB | 10/588 kBProgress (2): 77/613 kB | 10/588 kBProgress (2): 81/613 kB | 10/588 kBProgress (2): 85/613 kB | 10/588 kBProgress (2): 90/613 kB | 10/588 kBProgress (2): 94/613 kB | 10/588 kBProgress (2): 98/613 kB | 10/588 kBProgress (2): 98/613 kB | 13/588 kBProgress (2): 98/613 kB | 16/588 kBProgress (2): 98/613 kB | 19/588 kBProgress (2): 98/613 kB | 21/588 kBProgress (2): 102/613 kB | 21/588 kBProgress (2): 102/613 kB | 24/588 kBProgress (2): 106/613 kB | 24/588 kBProgress (2): 106/613 kB | 27/588 kBProgress (2): 110/613 kB | 27/588 kBProgress (2): 110/613 kB | 30/588 kBProgress (2): 114/613 kB | 30/588 kBProgress (2): 114/613 kB | 32/588 kBProgress (2): 118/613 kB | 32/588 kBProgress (2): 122/613 kB | 32/588 kBProgress (2): 126/613 kB | 32/588 kBProgress (2): 131/613 kB | 32/588 kBProgress (2): 135/613 kB | 32/588 kBProgress (2): 139/613 kB | 32/588 kBProgress (2): 143/613 kB | 32/588 kBProgress (2): 147/613 kB | 32/588 kBProgress (2): 151/613 kB | 32/588 kBProgress (2): 155/613 kB | 32/588 kBProgress (2): 159/613 kB | 32/588 kBProgress (2): 163/613 kB | 32/588 kBProgress (2): 167/613 kB | 32/588 kBProgress (2): 171/613 kB | 32/588 kBProgress (2): 176/613 kB | 32/588 kBProgress (2): 180/613 kB | 32/588 kBProgress (2): 184/613 kB | 32/588 kBProgress (2): 188/613 kB | 32/588 kBProgress (2): 192/613 kB | 32/588 kBProgress (2): 196/613 kB | 32/588 kBProgress (2): 200/613 kB | 32/588 kBProgress (2): 204/613 kB | 32/588 kBProgress (2): 208/613 kB | 32/588 kBProgress (2): 212/613 kB | 32/588 kBProgress (2): 217/613 kB | 32/588 kBProgress (2): 221/613 kB | 32/588 kBProgress (2): 221/613 kB | 36/588 kBProgress (2): 225/613 kB | 36/588 kBProgress (2): 225/613 kB | 40/588 kBProgress (2): 229/613 kB | 40/588 kBProgress (2): 229/613 kB | 45/588 kBProgress (2): 229/613 kB | 49/588 kBProgress (2): 233/613 kB | 49/588 kBProgress (2): 237/613 kB | 49/588 kBProgress (2): 241/613 kB | 49/588 kBProgress (2): 245/613 kB | 49/588 kBProgress (2): 249/613 kB | 49/588 kBProgress (2): 253/613 kB | 49/588 kBProgress (2): 253/613 kB | 53/588 kBProgress (2): 258/613 kB | 53/588 kBProgress (2): 258/613 kB | 57/588 kBProgress (2): 262/613 kB | 57/588 kBProgress (2): 262/613 kB | 61/588 kBProgress (2): 262/613 kB | 65/588 kBProgress (2): 266/613 kB | 65/588 kBProgress (2): 270/613 kB | 65/588 kBProgress (2): 274/613 kB | 65/588 kBProgress (2): 278/613 kB | 65/588 kBProgress (2): 282/613 kB | 65/588 kBProgress (2): 282/613 kB | 69/588 kBProgress (2): 286/613 kB | 69/588 kBProgress (2): 286/613 kB | 73/588 kBProgress (2): 290/613 kB | 73/588 kBProgress (2): 290/613 kB | 77/588 kBProgress (2): 294/613 kB | 77/588 kBProgress (2): 294/613 kB | 81/588 kBProgress (2): 298/613 kB | 81/588 kBProgress (2): 303/613 kB | 81/588 kBProgress (2): 307/613 kB | 81/588 kBProgress (2): 311/613 kB | 81/588 kBProgress (2): 315/613 kB | 81/588 kBProgress (2): 319/613 kB | 81/588 kBProgress (2): 323/613 kB | 81/588 kBProgress (2): 327/613 kB | 81/588 kBProgress (2): 331/613 kB | 81/588 kBProgress (2): 331/613 kB | 85/588 kBProgress (2): 335/613 kB | 85/588 kBProgress (2): 335/613 kB | 90/588 kBProgress (2): 339/613 kB | 90/588 kBProgress (2): 339/613 kB | 94/588 kBProgress (2): 344/613 kB | 94/588 kBProgress (2): 344/613 kB | 98/588 kBProgress (2): 348/613 kB | 98/588 kBProgress (2): 352/613 kB | 98/588 kBProgress (2): 356/613 kB | 98/588 kBProgress (2): 360/613 kB | 98/588 kBProgress (2): 360/613 kB | 102/588 kBProgress (2): 360/613 kB | 106/588 kBProgress (2): 360/613 kB | 110/588 kBProgress (2): 364/613 kB | 110/588 kBProgress (2): 364/613 kB | 114/588 kBProgress (2): 368/613 kB | 114/588 kBProgress (2): 372/613 kB | 114/588 kBProgress (2): 376/613 kB | 114/588 kBProgress (2): 380/613 kB | 114/588 kBProgress (2): 384/613 kB | 114/588 kBProgress (2): 389/613 kB | 114/588 kBProgress (2): 393/613 kB | 114/588 kBProgress (2): 397/613 kB | 114/588 kBProgress (2): 397/613 kB | 118/588 kBProgress (2): 401/613 kB | 118/588 kBProgress (2): 401/613 kB | 122/588 kBProgress (2): 405/613 kB | 122/588 kBProgress (2): 405/613 kB | 126/588 kBProgress (2): 409/613 kB | 126/588 kBProgress (2): 409/613 kB | 131/588 kBProgress (2): 413/613 kB | 131/588 kBProgress (2): 417/613 kB | 131/588 kBProgress (2): 421/613 kB | 131/588 kBProgress (2): 425/613 kB | 131/588 kBProgress (2): 425/613 kB | 135/588 kBProgress (2): 425/613 kB | 139/588 kBProgress (2): 425/613 kB | 143/588 kBProgress (2): 430/613 kB | 143/588 kBProgress (2): 430/613 kB | 147/588 kBProgress (2): 434/613 kB | 147/588 kBProgress (2): 438/613 kB | 147/588 kBProgress (2): 442/613 kB | 147/588 kBProgress (2): 446/613 kB | 147/588 kBProgress (2): 446/613 kB | 151/588 kBProgress (2): 450/613 kB | 151/588 kBProgress (2): 450/613 kB | 155/588 kBProgress (2): 454/613 kB | 155/588 kBProgress (2): 454/613 kB | 159/588 kBProgress (2): 458/613 kB | 159/588 kBProgress (2): 458/613 kB | 163/588 kBProgress (2): 462/613 kB | 163/588 kBProgress (2): 466/613 kB | 163/588 kBProgress (2): 471/613 kB | 163/588 kBProgress (2): 471/613 kB | 167/588 kBProgress (2): 475/613 kB | 167/588 kBProgress (2): 475/613 kB | 171/588 kBProgress (2): 475/613 kB | 176/588 kBProgress (2): 475/613 kB | 180/588 kBProgress (2): 479/613 kB | 180/588 kBProgress (2): 483/613 kB | 180/588 kBProgress (2): 487/613 kB | 180/588 kBProgress (2): 491/613 kB | 180/588 kBProgress (2): 495/613 kB | 180/588 kBProgress (2): 499/613 kB | 180/588 kBProgress (2): 503/613 kB | 180/588 kBProgress (2): 507/613 kB | 180/588 kBProgress (2): 511/613 kB | 180/588 kBProgress (2): 516/613 kB | 180/588 kBProgress (2): 520/613 kB | 180/588 kBProgress (2): 524/613 kB | 180/588 kBProgress (2): 528/613 kB | 180/588 kBProgress (2): 532/613 kB | 180/588 kBProgress (2): 536/613 kB | 180/588 kBProgress (2): 540/613 kB | 180/588 kBProgress (2): 544/613 kB | 180/588 kBProgress (2): 548/613 kB | 180/588 kBProgress (2): 552/613 kB | 180/588 kBProgress (2): 557/613 kB | 180/588 kBProgress (2): 561/613 kB | 180/588 kBProgress (2): 565/613 kB | 180/588 kBProgress (2): 569/613 kB | 180/588 kBProgress (2): 573/613 kB | 180/588 kBProgress (2): 577/613 kB | 180/588 kBProgress (2): 581/613 kB | 180/588 kBProgress (2): 585/613 kB | 180/588 kBProgress (2): 589/613 kB | 180/588 kBProgress (2): 593/613 kB | 180/588 kBProgress (2): 597/613 kB | 180/588 kBProgress (2): 602/613 kB | 180/588 kBProgress (2): 606/613 kB | 180/588 kBProgress (2): 610/613 kB | 180/588 kBProgress (2): 613 kB | 180/588 kB    Progress (2): 613 kB | 184/588 kBProgress (2): 613 kB | 188/588 kBProgress (2): 613 kB | 192/588 kBProgress (2): 613 kB | 196/588 kBProgress (2): 613 kB | 200/588 kBProgress (2): 613 kB | 204/588 kBProgress (2): 613 kB | 208/588 kBProgress (2): 613 kB | 212/588 kBProgress (2): 613 kB | 217/588 kBProgress (2): 613 kB | 221/588 kBProgress (2): 613 kB | 225/588 kBProgress (2): 613 kB | 229/588 kBProgress (2): 613 kB | 233/588 kBProgress (2): 613 kB | 237/588 kBProgress (2): 613 kB | 241/588 kBProgress (2): 613 kB | 245/588 kBProgress (2): 613 kB | 249/588 kBProgress (2): 613 kB | 253/588 kBProgress (2): 613 kB | 258/588 kBProgress (2): 613 kB | 262/588 kBProgress (2): 613 kB | 266/588 kBProgress (2): 613 kB | 270/588 kBProgress (2): 613 kB | 274/588 kBProgress (2): 613 kB | 278/588 kBProgress (2): 613 kB | 282/588 kBProgress (2): 613 kB | 286/588 kBProgress (2): 613 kB | 290/588 kBProgress (2): 613 kB | 294/588 kBProgress (2): 613 kB | 298/588 kBProgress (2): 613 kB | 303/588 kBProgress (2): 613 kB | 307/588 kBProgress (2): 613 kB | 311/588 kB                                 Downloaded from central: https://repo.maven.apache.org/maven2/org/apache/hadoop/hadoop-mapreduce-client-app/3.2.1/hadoop-mapreduce-client-app-3.2.1.jar (613 kB at 2.9 MB/s)
Progress (1): 315/588 kBProgress (1): 319/588 kBProgress (1): 323/588 kBProgress (1): 327/588 kBProgress (1): 331/588 kBProgress (1): 335/588 kBProgress (1): 339/588 kBProgress (1): 344/588 kBProgress (1): 348/588 kBProgress (1): 352/588 kBProgress (1): 356/588 kBProgress (1): 360/588 kBProgress (1): 364/588 kBProgress (1): 368/588 kBProgress (1): 372/588 kBProgress (1): 376/588 kBProgress (1): 380/588 kBProgress (1): 384/588 kBProgress (1): 389/588 kBProgress (1): 393/588 kBProgress (1): 397/588 kBProgress (1): 401/588 kBProgress (1): 405/588 kBProgress (1): 409/588 kBProgress (1): 413/588 kBProgress (1): 417/588 kBProgress (1): 421/588 kBProgress (1): 425/588 kBProgress (1): 430/588 kBProgress (1): 434/588 kBProgress (1): 438/588 kBProgress (1): 438/588 kBProgress (1): 442/588 kBProgress (1): 446/588 kBProgress (1): 450/588 kBProgress (1): 454/588 kBProgress (1): 458/588 kBProgress (1): 463/588 kBProgress (1): 467/588 kBProgress (1): 471/588 kBProgress (1): 475/588 kBProgress (1): 479/588 kBProgress (1): 483/588 kBProgress (1): 487/588 kBProgress (1): 491/588 kBProgress (1): 495/588 kBProgress (1): 499/588 kBProgress (1): 504/588 kBProgress (1): 508/588 kBProgress (1): 512/588 kBProgress (1): 516/588 kBProgress (1): 520/588 kBProgress (1): 524/588 kBProgress (1): 528/588 kBProgress (1): 532/588 kBProgress (1): 536/588 kBProgress (1): 540/588 kBProgress (1): 544/588 kBProgress (1): 549/588 kBProgress (1): 553/588 kBProgress (1): 557/588 kBProgress (1): 561/588 kBProgress (1): 565/588 kBProgress (1): 569/588 kBProgress (1): 573/588 kBProgress (1): 577/588 kBProgress (1): 581/588 kBProgress (1): 585/588 kBProgress (1): 588 kB                        Downloaded from central: https://repo.maven.apache.org/maven2/org/apache/hadoop/hadoop-mapreduce-client-app/3.2.1/hadoop-mapreduce-client-app-3.2.1-tests.jar (588 kB at 1.8 MB/s)
[[1;34mINFO[m] 
[[1;34mINFO[m] [1m--- [0;32mmaven-antrun-plugin:1.7:run[m [1m(create-testdirs)[m @ [36mhadoop-mapreduce-client-hs[0;1m ---[m
[[1;34mINFO[m] Executing tasks

main:
[[1;34mINFO[m] Executed tasks
[[1;34mINFO[m] 
[[1;34mINFO[m] [1m--- [0;32mmaven-resources-plugin:2.6:resources[m [1m(default-resources)[m @ [36mhadoop-mapreduce-client-hs[0;1m ---[m
[[1;34mINFO[m] Using 'UTF-8' encoding to copy filtered resources.
[[1;34mINFO[m] skip non existing resourceDirectory /root/hadoop-3.2.1-src/hadoop-mapreduce-project/hadoop-mapreduce-client/hadoop-mapreduce-client-hs/src/main/resources
[[1;34mINFO[m] 
[[1;34mINFO[m] [1m--- [0;32mmaven-compiler-plugin:3.1:compile[m [1m(default-compile)[m @ [36mhadoop-mapreduce-client-hs[0;1m ---[m
[[1;34mINFO[m] Compiling 1 source file to /root/hadoop-3.2.1-src/hadoop-mapreduce-project/hadoop-mapreduce-client/hadoop-mapreduce-client-hs/target/classes
[[1;34mINFO[m] 
[[1;34mINFO[m] [1m--- [0;32mmaven-resources-plugin:2.6:testResources[m [1m(default-testResources)[m @ [36mhadoop-mapreduce-client-hs[0;1m ---[m
[[1;34mINFO[m] Using 'UTF-8' encoding to copy filtered resources.
[[1;34mINFO[m] Copying 8 resources
[[1;34mINFO[m] 
[[1;34mINFO[m] [1m--- [0;32mmaven-compiler-plugin:3.1:testCompile[m [1m(default-testCompile)[m @ [36mhadoop-mapreduce-client-hs[0;1m ---[m
[[1;34mINFO[m] Nothing to compile - all classes are up to date
[[1;34mINFO[m] 
[[1;34mINFO[m] [1m--- [0;32mmaven-surefire-plugin:3.0.0-M1:test[m [1m(default-test)[m @ [36mhadoop-mapreduce-client-hs[0;1m ---[m
[[1;34mINFO[m] 
[[1;34mINFO[m] -------------------------------------------------------
[[1;34mINFO[m]  T E S T S
[[1;34mINFO[m] -------------------------------------------------------
[[1;34mINFO[m] Running org.apache.hadoop.mapreduce.v2.hs.server.[1mTestHSAdminServer[m
[[1;34mINFO[m] [1;32mTests run: [0;1;32m16[m, Failures: 0, Errors: 0, Skipped: 0, Time elapsed: 1.521 s - in org.apache.hadoop.mapreduce.v2.hs.server.[1mTestHSAdminServer[m
[[1;34mINFO[m] Running org.apache.hadoop.mapreduce.v2.hs.[1mTestHistoryServerLeveldbStateStoreService[m
[[1;34mINFO[m] [1;32mTests run: [0;1;32m2[m, Failures: 0, Errors: 0, Skipped: 0, Time elapsed: 0.746 s - in org.apache.hadoop.mapreduce.v2.hs.[1mTestHistoryServerLeveldbStateStoreService[m
[[1;34mINFO[m] Running org.apache.hadoop.mapreduce.v2.hs.[1mTestJobIdHistoryFileInfoMap[m
[[1;34mINFO[m] [1;32mTests run: [0;1;32m1[m, Failures: 0, Errors: 0, Skipped: 0, Time elapsed: 0.351 s - in org.apache.hadoop.mapreduce.v2.hs.[1mTestJobIdHistoryFileInfoMap[m
[[1;34mINFO[m] Running org.apache.hadoop.mapreduce.v2.hs.[1mTestJobHistoryServer[m
[[1;34mINFO[m] [1;32mTests run: [0;1;32m3[m, Failures: 0, Errors: 0, Skipped: 0, Time elapsed: 5.705 s - in org.apache.hadoop.mapreduce.v2.hs.[1mTestJobHistoryServer[m
[[1;34mINFO[m] Running org.apache.hadoop.mapreduce.v2.hs.[1mTestHistoryServerFileSystemStateStoreService[m
[[1;34mINFO[m] [1;32mTests run: [0;1;32m3[m, Failures: 0, Errors: 0, Skipped: 0, Time elapsed: 12.483 s - in org.apache.hadoop.mapreduce.v2.hs.[1mTestHistoryServerFileSystemStateStoreService[m
[[1;34mINFO[m] Running org.apache.hadoop.mapreduce.v2.hs.[1mTestJobHistoryParsing[m
[[1;34mINFO[m] [1;32mTests run: [0;1;32m16[m, Failures: 0, Errors: 0, Skipped: 0, Time elapsed: 17.223 s - in org.apache.hadoop.mapreduce.v2.hs.[1mTestJobHistoryParsing[m
[[1;34mINFO[m] Running org.apache.hadoop.mapreduce.v2.hs.[1mTestHistoryFileManager[m
[[1;34mINFO[m] [1;32mTests run: [0;1;32m12[m, Failures: 0, Errors: 0, Skipped: 0, Time elapsed: 7.585 s - in org.apache.hadoop.mapreduce.v2.hs.[1mTestHistoryFileManager[m
[[1;34mINFO[m] Running org.apache.hadoop.mapreduce.v2.hs.[1mTestJobHistoryEntities[m
[[1;34mINFO[m] [1;32mTests run: [0;1;32m12[m, Failures: 0, Errors: 0, Skipped: 0, Time elapsed: 1.671 s - in org.apache.hadoop.mapreduce.v2.hs.[1mTestJobHistoryEntities[m
[[1;34mINFO[m] Running org.apache.hadoop.mapreduce.v2.hs.[1mTestHistoryFileManagerInitWithNonRunningDFS[m
[[1;34mINFO[m] [1;32mTests run: [0;1;32m1[m, Failures: 0, Errors: 0, Skipped: 0, Time elapsed: 14.114 s - in org.apache.hadoop.mapreduce.v2.hs.[1mTestHistoryFileManagerInitWithNonRunningDFS[m
[[1;34mINFO[m] Running org.apache.hadoop.mapreduce.v2.hs.[1mTestJobListCache[m
[[1;34mINFO[m] [1;32mTests run: [0;1;32m2[m, Failures: 0, Errors: 0, Skipped: 0, Time elapsed: 0.38 s - in org.apache.hadoop.mapreduce.v2.hs.[1mTestJobListCache[m
[[1;34mINFO[m] Running org.apache.hadoop.mapreduce.v2.hs.[1mTestJHSDelegationTokenSecretManager[m
[[1;34mINFO[m] [1;32mTests run: [0;1;32m1[m, Failures: 0, Errors: 0, Skipped: 0, Time elapsed: 0.298 s - in org.apache.hadoop.mapreduce.v2.hs.[1mTestJHSDelegationTokenSecretManager[m
[[1;34mINFO[m] Running org.apache.hadoop.mapreduce.v2.hs.[1mTestUnnecessaryBlockingOnHistoryFileInfo[m
[[1;34mINFO[m] [1;32mTests run: [0;1;32m1[m, Failures: 0, Errors: 0, Skipped: 0, Time elapsed: 0.754 s - in org.apache.hadoop.mapreduce.v2.hs.[1mTestUnnecessaryBlockingOnHistoryFileInfo[m
[[1;34mINFO[m] Running org.apache.hadoop.mapreduce.v2.hs.[1mTestJobHistory[m
[[1;34mINFO[m] [1;32mTests run: [0;1;32m10[m, Failures: 0, Errors: 0, Skipped: 0, Time elapsed: 9.107 s - in org.apache.hadoop.mapreduce.v2.hs.[1mTestJobHistory[m
[[1;34mINFO[m] Running org.apache.hadoop.mapreduce.v2.hs.[1mTestJobHistoryEvents[m
[[1;34mINFO[m] [1;32mTests run: [0;1;32m4[m, Failures: 0, Errors: 0, Skipped: 0, Time elapsed: 7.766 s - in org.apache.hadoop.mapreduce.v2.hs.[1mTestJobHistoryEvents[m
[[1;34mINFO[m] Running org.apache.hadoop.mapreduce.v2.hs.webapp.[1mTestHsWebServices[m
[[1;34mINFO[m] [1;32mTests run: [0;1;32m11[m, Failures: 0, Errors: 0, Skipped: 0, Time elapsed: 5.047 s - in org.apache.hadoop.mapreduce.v2.hs.webapp.[1mTestHsWebServices[m
[[1;34mINFO[m] Running org.apache.hadoop.mapreduce.v2.hs.webapp.[1mTestHsWebServicesJobsQuery[m
[[1;34mINFO[m] [1;32mTests run: [0;1;32m25[m, Failures: 0, Errors: 0, Skipped: 0, Time elapsed: 9.243 s - in org.apache.hadoop.mapreduce.v2.hs.webapp.[1mTestHsWebServicesJobsQuery[m
[[1;34mINFO[m] Running org.apache.hadoop.mapreduce.v2.hs.webapp.[1mTestHsWebServicesAcls[m
[[1;34mINFO[m] [1;32mTests run: [0;1;32m9[m, Failures: 0, Errors: 0, Skipped: 0, Time elapsed: 1.061 s - in org.apache.hadoop.mapreduce.v2.hs.webapp.[1mTestHsWebServicesAcls[m
[[1;34mINFO[m] Running org.apache.hadoop.mapreduce.v2.hs.webapp.[1mTestBlocks[m
[[1;34mINFO[m] [1;32mTests run: [0;1;32m5[m, Failures: 0, Errors: 0, Skipped: 0, Time elapsed: 0.941 s - in org.apache.hadoop.mapreduce.v2.hs.webapp.[1mTestBlocks[m
[[1;34mINFO[m] Running org.apache.hadoop.mapreduce.v2.hs.webapp.[1mTestHsWebServicesTasks[m
[[1;34mINFO[m] [1;32mTests run: [0;1;32m20[m, Failures: 0, Errors: 0, Skipped: 0, Time elapsed: 7.705 s - in org.apache.hadoop.mapreduce.v2.hs.webapp.[1mTestHsWebServicesTasks[m
[[1;34mINFO[m] Running org.apache.hadoop.mapreduce.v2.hs.webapp.[1mTestHsWebServicesAttempts[m
[[1;34mINFO[m] [1;32mTests run: [0;1;32m15[m, Failures: 0, Errors: 0, Skipped: 0, Time elapsed: 6.466 s - in org.apache.hadoop.mapreduce.v2.hs.webapp.[1mTestHsWebServicesAttempts[m
[[1;34mINFO[m] Running org.apache.hadoop.mapreduce.v2.hs.webapp.[1mTestHsWebServicesJobs[m
[[1;34mINFO[m] [1;32mTests run: [0;1;32m22[m, Failures: 0, Errors: 0, Skipped: 0, Time elapsed: 8.035 s - in org.apache.hadoop.mapreduce.v2.hs.webapp.[1mTestHsWebServicesJobs[m
[[1;34mINFO[m] Running org.apache.hadoop.mapreduce.v2.hs.webapp.[1mTestHsWebServicesJobConf[m
[[1;34mINFO[m] [1;32mTests run: [0;1;32m4[m, Failures: 0, Errors: 0, Skipped: 0, Time elapsed: 4.678 s - in org.apache.hadoop.mapreduce.v2.hs.webapp.[1mTestHsWebServicesJobConf[m
[[1;34mINFO[m] Running org.apache.hadoop.mapreduce.v2.hs.webapp.[1mTestHSWebApp[m
[[1;34mINFO[m] [1;32mTests run: [0;1;32m17[m, Failures: 0, Errors: 0, Skipped: 0, Time elapsed: 7.631 s - in org.apache.hadoop.mapreduce.v2.hs.webapp.[1mTestHSWebApp[m
[[1;34mINFO[m] Running org.apache.hadoop.mapreduce.v2.hs.webapp.dao.[1mTestJobInfo[m
[[1;34mINFO[m] [1;32mTests run: [0;1;32m4[m, Failures: 0, Errors: 0, Skipped: 0, Time elapsed: 1.253 s - in org.apache.hadoop.mapreduce.v2.hs.webapp.dao.[1mTestJobInfo[m
[[1;34mINFO[m] Running org.apache.hadoop.mapreduce.v2.hs.webapp.[1mTestHsJobBlock[m
[[1;34mINFO[m] [1;32mTests run: [0;1;32m2[m, Failures: 0, Errors: 0, Skipped: 0, Time elapsed: 0.688 s - in org.apache.hadoop.mapreduce.v2.hs.webapp.[1mTestHsJobBlock[m
[[1;34mINFO[m] Running org.apache.hadoop.mapreduce.v2.hs.[1mTestCompletedTask[m
[[1;34mINFO[m] [1;32mTests run: [0;1;32m2[m, Failures: 0, Errors: 0, Skipped: 0, Time elapsed: 0.446 s - in org.apache.hadoop.mapreduce.v2.hs.[1mTestCompletedTask[m
[[1;34mINFO[m] 
[[1;34mINFO[m] Results:
[[1;34mINFO[m] 
[[1;34mINFO[m] [1;32mTests run: 220, Failures: 0, Errors: 0, Skipped: 0[m
[[1;34mINFO[m] 
[[1;34mINFO[m] [1m------------------------------------------------------------------------[m
[[1;34mINFO[m] [1;32mBUILD SUCCESS[m
[[1;34mINFO[m] [1m------------------------------------------------------------------------[m
[[1;34mINFO[m] Total time:  02:38 min
[[1;34mINFO[m] Finished at: 2020-04-08T07:15:29Z
[[1;34mINFO[m] [1m------------------------------------------------------------------------[m
