[[1;34mINFO[m] Scanning for projects...
[[1;34mINFO[m] 
[[1;34mINFO[m] [1m---------< [0;36morg.apache.hadoop:hadoop-mapreduce-client-shuffle[0;1m >----------[m
[[1;34mINFO[m] [1mBuilding Apache Hadoop MapReduce Shuffle 3.2.1[m
[[1;34mINFO[m] [1m--------------------------------[ jar ]---------------------------------[m
Downloading from apache.snapshots.https: https://repository.apache.org/content/repositories/snapshots/org/apache/hadoop/hadoop-mapreduce-client-common/3.2.1/hadoop-mapreduce-client-common-3.2.1.pom
Downloading from repository.jboss.org: https://repository.jboss.org/nexus/content/groups/public/org/apache/hadoop/hadoop-mapreduce-client-common/3.2.1/hadoop-mapreduce-client-common-3.2.1.pom
Downloading from central: https://repo.maven.apache.org/maven2/org/apache/hadoop/hadoop-mapreduce-client-common/3.2.1/hadoop-mapreduce-client-common-3.2.1.pom
Progress (1): 2.2/3.2 kBProgress (1): 3.2 kB                        Downloaded from central: https://repo.maven.apache.org/maven2/org/apache/hadoop/hadoop-mapreduce-client-common/3.2.1/hadoop-mapreduce-client-common-3.2.1.pom (3.2 kB at 18 kB/s)
Downloading from apache.snapshots.https: https://repository.apache.org/content/repositories/snapshots/org/apache/hadoop/hadoop-mapreduce-client/3.2.1/hadoop-mapreduce-client-3.2.1.pom
Downloading from repository.jboss.org: https://repository.jboss.org/nexus/content/groups/public/org/apache/hadoop/hadoop-mapreduce-client/3.2.1/hadoop-mapreduce-client-3.2.1.pom
Downloading from central: https://repo.maven.apache.org/maven2/org/apache/hadoop/hadoop-mapreduce-client/3.2.1/hadoop-mapreduce-client-3.2.1.pom
Progress (1): 2.2/12 kBProgress (1): 5.0/12 kBProgress (1): 7.8/12 kBProgress (1): 11/12 kB Progress (1): 12 kB                      Downloaded from central: https://repo.maven.apache.org/maven2/org/apache/hadoop/hadoop-mapreduce-client/3.2.1/hadoop-mapreduce-client-3.2.1.pom (12 kB at 180 kB/s)
Downloading from apache.snapshots.https: https://repository.apache.org/content/repositories/snapshots/org/apache/hadoop/hadoop-mapreduce-client-core/3.2.1/hadoop-mapreduce-client-core-3.2.1.pom
Downloading from repository.jboss.org: https://repository.jboss.org/nexus/content/groups/public/org/apache/hadoop/hadoop-mapreduce-client-core/3.2.1/hadoop-mapreduce-client-core-3.2.1.pom
Downloading from central: https://repo.maven.apache.org/maven2/org/apache/hadoop/hadoop-mapreduce-client-core/3.2.1/hadoop-mapreduce-client-core-3.2.1.pom
Progress (1): 2.2/5.3 kBProgress (1): 5.0/5.3 kBProgress (1): 5.3 kB                        Downloaded from central: https://repo.maven.apache.org/maven2/org/apache/hadoop/hadoop-mapreduce-client-core/3.2.1/hadoop-mapreduce-client-core-3.2.1.pom (5.3 kB at 98 kB/s)
Downloading from apache.snapshots.https: https://repository.apache.org/content/repositories/snapshots/org/apache/hadoop/hadoop-mapreduce-client-common/3.2.1/hadoop-mapreduce-client-common-3.2.1.jar
Downloading from apache.snapshots.https: https://repository.apache.org/content/repositories/snapshots/org/apache/hadoop/hadoop-mapreduce-client-core/3.2.1/hadoop-mapreduce-client-core-3.2.1.jar
Downloading from repository.jboss.org: https://repository.jboss.org/nexus/content/groups/public/org/apache/hadoop/hadoop-mapreduce-client-common/3.2.1/hadoop-mapreduce-client-common-3.2.1.jar
Downloading from repository.jboss.org: https://repository.jboss.org/nexus/content/groups/public/org/apache/hadoop/hadoop-mapreduce-client-core/3.2.1/hadoop-mapreduce-client-core-3.2.1.jar
Downloading from central: https://repo.maven.apache.org/maven2/org/apache/hadoop/hadoop-mapreduce-client-common/3.2.1/hadoop-mapreduce-client-common-3.2.1.jar
Downloading from central: https://repo.maven.apache.org/maven2/org/apache/hadoop/hadoop-mapreduce-client-core/3.2.1/hadoop-mapreduce-client-core-3.2.1.jar
Progress (1): 2.2/806 kBProgress (1): 5.0/806 kBProgress (1): 7.7/806 kBProgress (1): 10/806 kB Progress (1): 13/806 kBProgress (1): 16/806 kBProgress (1): 19/806 kBProgress (1): 21/806 kBProgress (1): 24/806 kBProgress (1): 27/806 kBProgress (1): 30/806 kBProgress (1): 32/806 kBProgress (1): 36/806 kBProgress (1): 40/806 kBProgress (1): 45/806 kBProgress (1): 49/806 kBProgress (1): 53/806 kBProgress (1): 57/806 kBProgress (1): 61/806 kBProgress (1): 65/806 kBProgress (1): 69/806 kBProgress (1): 73/806 kBProgress (1): 77/806 kBProgress (1): 81/806 kBProgress (1): 85/806 kBProgress (1): 90/806 kBProgress (1): 94/806 kBProgress (1): 98/806 kBProgress (1): 102/806 kBProgress (1): 106/806 kBProgress (1): 110/806 kBProgress (1): 114/806 kBProgress (1): 118/806 kBProgress (1): 122/806 kBProgress (1): 126/806 kBProgress (1): 131/806 kBProgress (1): 135/806 kBProgress (1): 139/806 kBProgress (1): 143/806 kBProgress (1): 147/806 kBProgress (2): 147/806 kB | 0/1.7 MBProgress (2): 147/806 kB | 0/1.7 MBProgress (2): 151/806 kB | 0/1.7 MBProgress (2): 155/806 kB | 0/1.7 MBProgress (2): 155/806 kB | 0/1.7 MBProgress (2): 159/806 kB | 0/1.7 MBProgress (2): 163/806 kB | 0/1.7 MBProgress (2): 163/806 kB | 0/1.7 MBProgress (2): 167/806 kB | 0/1.7 MBProgress (2): 171/806 kB | 0/1.7 MBProgress (2): 176/806 kB | 0/1.7 MBProgress (2): 180/806 kB | 0/1.7 MBProgress (2): 184/806 kB | 0/1.7 MBProgress (2): 188/806 kB | 0/1.7 MBProgress (2): 192/806 kB | 0/1.7 MBProgress (2): 196/806 kB | 0/1.7 MBProgress (2): 200/806 kB | 0/1.7 MBProgress (2): 204/806 kB | 0/1.7 MBProgress (2): 208/806 kB | 0/1.7 MBProgress (2): 212/806 kB | 0/1.7 MBProgress (2): 217/806 kB | 0/1.7 MBProgress (2): 221/806 kB | 0/1.7 MBProgress (2): 225/806 kB | 0/1.7 MBProgress (2): 225/806 kB | 0/1.7 MBProgress (2): 229/806 kB | 0/1.7 MBProgress (2): 229/806 kB | 0/1.7 MBProgress (2): 233/806 kB | 0/1.7 MBProgress (2): 233/806 kB | 0/1.7 MBProgress (2): 237/806 kB | 0/1.7 MBProgress (2): 237/806 kB | 0/1.7 MBProgress (2): 241/806 kB | 0/1.7 MBProgress (2): 241/806 kB | 0/1.7 MBProgress (2): 245/806 kB | 0/1.7 MBProgress (2): 245/806 kB | 0/1.7 MBProgress (2): 249/806 kB | 0/1.7 MBProgress (2): 249/806 kB | 0/1.7 MBProgress (2): 253/806 kB | 0/1.7 MBProgress (2): 253/806 kB | 0/1.7 MBProgress (2): 258/806 kB | 0/1.7 MBProgress (2): 262/806 kB | 0/1.7 MBProgress (2): 266/806 kB | 0/1.7 MBProgress (2): 270/806 kB | 0/1.7 MBProgress (2): 274/806 kB | 0/1.7 MBProgress (2): 278/806 kB | 0/1.7 MBProgress (2): 282/806 kB | 0/1.7 MBProgress (2): 286/806 kB | 0/1.7 MBProgress (2): 290/806 kB | 0/1.7 MBProgress (2): 294/806 kB | 0/1.7 MBProgress (2): 298/806 kB | 0/1.7 MBProgress (2): 303/806 kB | 0/1.7 MBProgress (2): 307/806 kB | 0/1.7 MBProgress (2): 311/806 kB | 0/1.7 MBProgress (2): 315/806 kB | 0/1.7 MBProgress (2): 319/806 kB | 0/1.7 MBProgress (2): 323/806 kB | 0/1.7 MBProgress (2): 327/806 kB | 0/1.7 MBProgress (2): 331/806 kB | 0/1.7 MBProgress (2): 335/806 kB | 0/1.7 MBProgress (2): 339/806 kB | 0/1.7 MBProgress (2): 344/806 kB | 0/1.7 MBProgress (2): 348/806 kB | 0/1.7 MBProgress (2): 352/806 kB | 0/1.7 MBProgress (2): 352/806 kB | 0/1.7 MBProgress (2): 356/806 kB | 0/1.7 MBProgress (2): 356/806 kB | 0/1.7 MBProgress (2): 360/806 kB | 0/1.7 MBProgress (2): 360/806 kB | 0/1.7 MBProgress (2): 360/806 kB | 0/1.7 MBProgress (2): 364/806 kB | 0/1.7 MBProgress (2): 368/806 kB | 0/1.7 MBProgress (2): 372/806 kB | 0/1.7 MBProgress (2): 376/806 kB | 0/1.7 MBProgress (2): 376/806 kB | 0.1/1.7 MBProgress (2): 376/806 kB | 0.1/1.7 MBProgress (2): 376/806 kB | 0.1/1.7 MBProgress (2): 376/806 kB | 0.1/1.7 MBProgress (2): 376/806 kB | 0.1/1.7 MBProgress (2): 376/806 kB | 0.1/1.7 MBProgress (2): 376/806 kB | 0.1/1.7 MBProgress (2): 376/806 kB | 0.1/1.7 MBProgress (2): 380/806 kB | 0.1/1.7 MBProgress (2): 384/806 kB | 0.1/1.7 MBProgress (2): 389/806 kB | 0.1/1.7 MBProgress (2): 393/806 kB | 0.1/1.7 MBProgress (2): 397/806 kB | 0.1/1.7 MBProgress (2): 401/806 kB | 0.1/1.7 MBProgress (2): 405/806 kB | 0.1/1.7 MBProgress (2): 409/806 kB | 0.1/1.7 MBProgress (2): 413/806 kB | 0.1/1.7 MBProgress (2): 417/806 kB | 0.1/1.7 MBProgress (2): 421/806 kB | 0.1/1.7 MBProgress (2): 425/806 kB | 0.1/1.7 MBProgress (2): 430/806 kB | 0.1/1.7 MBProgress (2): 434/806 kB | 0.1/1.7 MBProgress (2): 438/806 kB | 0.1/1.7 MBProgress (2): 442/806 kB | 0.1/1.7 MBProgress (2): 446/806 kB | 0.1/1.7 MBProgress (2): 450/806 kB | 0.1/1.7 MBProgress (2): 454/806 kB | 0.1/1.7 MBProgress (2): 458/806 kB | 0.1/1.7 MBProgress (2): 462/806 kB | 0.1/1.7 MBProgress (2): 466/806 kB | 0.1/1.7 MBProgress (2): 466/806 kB | 0.1/1.7 MBProgress (2): 471/806 kB | 0.1/1.7 MBProgress (2): 471/806 kB | 0.1/1.7 MBProgress (2): 475/806 kB | 0.1/1.7 MBProgress (2): 475/806 kB | 0.1/1.7 MBProgress (2): 475/806 kB | 0.1/1.7 MBProgress (2): 479/806 kB | 0.1/1.7 MBProgress (2): 483/806 kB | 0.1/1.7 MBProgress (2): 487/806 kB | 0.1/1.7 MBProgress (2): 491/806 kB | 0.1/1.7 MBProgress (2): 491/806 kB | 0.1/1.7 MBProgress (2): 491/806 kB | 0.1/1.7 MBProgress (2): 495/806 kB | 0.1/1.7 MBProgress (2): 495/806 kB | 0.1/1.7 MBProgress (2): 499/806 kB | 0.1/1.7 MBProgress (2): 503/806 kB | 0.1/1.7 MBProgress (2): 503/806 kB | 0.1/1.7 MBProgress (2): 507/806 kB | 0.1/1.7 MBProgress (2): 511/806 kB | 0.1/1.7 MBProgress (2): 516/806 kB | 0.1/1.7 MBProgress (2): 520/806 kB | 0.1/1.7 MBProgress (2): 524/806 kB | 0.1/1.7 MBProgress (2): 524/806 kB | 0.1/1.7 MBProgress (2): 528/806 kB | 0.1/1.7 MBProgress (2): 532/806 kB | 0.1/1.7 MBProgress (2): 532/806 kB | 0.1/1.7 MBProgress (2): 536/806 kB | 0.1/1.7 MBProgress (2): 540/806 kB | 0.1/1.7 MBProgress (2): 540/806 kB | 0.1/1.7 MBProgress (2): 540/806 kB | 0.1/1.7 MBProgress (2): 544/806 kB | 0.1/1.7 MBProgress (2): 548/806 kB | 0.1/1.7 MBProgress (2): 552/806 kB | 0.1/1.7 MBProgress (2): 557/806 kB | 0.1/1.7 MBProgress (2): 561/806 kB | 0.1/1.7 MBProgress (2): 561/806 kB | 0.1/1.7 MBProgress (2): 565/806 kB | 0.1/1.7 MBProgress (2): 565/806 kB | 0.1/1.7 MBProgress (2): 569/806 kB | 0.1/1.7 MBProgress (2): 569/806 kB | 0.1/1.7 MBProgress (2): 573/806 kB | 0.1/1.7 MBProgress (2): 573/806 kB | 0.1/1.7 MBProgress (2): 577/806 kB | 0.1/1.7 MBProgress (2): 581/806 kB | 0.1/1.7 MBProgress (2): 585/806 kB | 0.1/1.7 MBProgress (2): 589/806 kB | 0.1/1.7 MBProgress (2): 589/806 kB | 0.2/1.7 MBProgress (2): 589/806 kB | 0.2/1.7 MBProgress (2): 593/806 kB | 0.2/1.7 MBProgress (2): 597/806 kB | 0.2/1.7 MBProgress (2): 597/806 kB | 0.2/1.7 MBProgress (2): 602/806 kB | 0.2/1.7 MBProgress (2): 606/806 kB | 0.2/1.7 MBProgress (2): 606/806 kB | 0.2/1.7 MBProgress (2): 610/806 kB | 0.2/1.7 MBProgress (2): 614/806 kB | 0.2/1.7 MBProgress (2): 618/806 kB | 0.2/1.7 MBProgress (2): 618/806 kB | 0.2/1.7 MBProgress (2): 622/806 kB | 0.2/1.7 MBProgress (2): 622/806 kB | 0.2/1.7 MBProgress (2): 622/806 kB | 0.2/1.7 MBProgress (2): 622/806 kB | 0.2/1.7 MBProgress (2): 626/806 kB | 0.2/1.7 MBProgress (2): 630/806 kB | 0.2/1.7 MBProgress (2): 634/806 kB | 0.2/1.7 MBProgress (2): 638/806 kB | 0.2/1.7 MBProgress (2): 643/806 kB | 0.2/1.7 MBProgress (2): 647/806 kB | 0.2/1.7 MBProgress (2): 651/806 kB | 0.2/1.7 MBProgress (2): 655/806 kB | 0.2/1.7 MBProgress (2): 659/806 kB | 0.2/1.7 MBProgress (2): 663/806 kB | 0.2/1.7 MBProgress (2): 667/806 kB | 0.2/1.7 MBProgress (2): 671/806 kB | 0.2/1.7 MBProgress (2): 675/806 kB | 0.2/1.7 MBProgress (2): 679/806 kB | 0.2/1.7 MBProgress (2): 683/806 kB | 0.2/1.7 MBProgress (2): 688/806 kB | 0.2/1.7 MBProgress (2): 692/806 kB | 0.2/1.7 MBProgress (2): 696/806 kB | 0.2/1.7 MBProgress (2): 700/806 kB | 0.2/1.7 MBProgress (2): 704/806 kB | 0.2/1.7 MBProgress (2): 704/806 kB | 0.2/1.7 MBProgress (2): 708/806 kB | 0.2/1.7 MBProgress (2): 708/806 kB | 0.2/1.7 MBProgress (2): 712/806 kB | 0.2/1.7 MBProgress (2): 712/806 kB | 0.2/1.7 MBProgress (2): 716/806 kB | 0.2/1.7 MBProgress (2): 716/806 kB | 0.2/1.7 MBProgress (2): 720/806 kB | 0.2/1.7 MBProgress (2): 724/806 kB | 0.2/1.7 MBProgress (2): 729/806 kB | 0.2/1.7 MBProgress (2): 733/806 kB | 0.2/1.7 MBProgress (2): 737/806 kB | 0.2/1.7 MBProgress (2): 737/806 kB | 0.2/1.7 MBProgress (2): 741/806 kB | 0.2/1.7 MBProgress (2): 741/806 kB | 0.2/1.7 MBProgress (2): 745/806 kB | 0.2/1.7 MBProgress (2): 745/806 kB | 0.2/1.7 MBProgress (2): 749/806 kB | 0.2/1.7 MBProgress (2): 749/806 kB | 0.2/1.7 MBProgress (2): 753/806 kB | 0.2/1.7 MBProgress (2): 757/806 kB | 0.2/1.7 MBProgress (2): 761/806 kB | 0.2/1.7 MBProgress (2): 765/806 kB | 0.2/1.7 MBProgress (2): 770/806 kB | 0.2/1.7 MBProgress (2): 774/806 kB | 0.2/1.7 MBProgress (2): 778/806 kB | 0.2/1.7 MBProgress (2): 782/806 kB | 0.2/1.7 MBProgress (2): 786/806 kB | 0.2/1.7 MBProgress (2): 786/806 kB | 0.2/1.7 MBProgress (2): 786/806 kB | 0.2/1.7 MBProgress (2): 786/806 kB | 0.2/1.7 MBProgress (2): 790/806 kB | 0.2/1.7 MBProgress (2): 790/806 kB | 0.2/1.7 MBProgress (2): 794/806 kB | 0.2/1.7 MBProgress (2): 798/806 kB | 0.2/1.7 MBProgress (2): 802/806 kB | 0.2/1.7 MBProgress (2): 806 kB | 0.2/1.7 MB    Progress (2): 806 kB | 0.2/1.7 MBProgress (2): 806 kB | 0.2/1.7 MBProgress (2): 806 kB | 0.2/1.7 MBProgress (2): 806 kB | 0.2/1.7 MBProgress (2): 806 kB | 0.2/1.7 MBProgress (2): 806 kB | 0.3/1.7 MBProgress (2): 806 kB | 0.3/1.7 MBProgress (2): 806 kB | 0.3/1.7 MBProgress (2): 806 kB | 0.3/1.7 MBProgress (2): 806 kB | 0.3/1.7 MBProgress (2): 806 kB | 0.3/1.7 MBProgress (2): 806 kB | 0.3/1.7 MBProgress (2): 806 kB | 0.3/1.7 MBProgress (2): 806 kB | 0.3/1.7 MBProgress (2): 806 kB | 0.3/1.7 MBProgress (2): 806 kB | 0.3/1.7 MBProgress (2): 806 kB | 0.3/1.7 MBProgress (2): 806 kB | 0.3/1.7 MBProgress (2): 806 kB | 0.3/1.7 MBProgress (2): 806 kB | 0.3/1.7 MBProgress (2): 806 kB | 0.3/1.7 MBProgress (2): 806 kB | 0.3/1.7 MBProgress (2): 806 kB | 0.3/1.7 MBProgress (2): 806 kB | 0.3/1.7 MBProgress (2): 806 kB | 0.3/1.7 MBProgress (2): 806 kB | 0.3/1.7 MBProgress (2): 806 kB | 0.3/1.7 MBProgress (2): 806 kB | 0.3/1.7 MBProgress (2): 806 kB | 0.3/1.7 MBProgress (2): 806 kB | 0.4/1.7 MBProgress (2): 806 kB | 0.4/1.7 MBProgress (2): 806 kB | 0.4/1.7 MB                                 Downloaded from central: https://repo.maven.apache.org/maven2/org/apache/hadoop/hadoop-mapreduce-client-common/3.2.1/hadoop-mapreduce-client-common-3.2.1.jar (806 kB at 4.5 MB/s)
Progress (1): 0.4/1.7 MBProgress (1): 0.4/1.7 MBProgress (1): 0.4/1.7 MBProgress (1): 0.4/1.7 MBProgress (1): 0.4/1.7 MBProgress (1): 0.4/1.7 MBProgress (1): 0.4/1.7 MBProgress (1): 0.4/1.7 MBProgress (1): 0.4/1.7 MBProgress (1): 0.4/1.7 MBProgress (1): 0.4/1.7 MBProgress (1): 0.4/1.7 MBProgress (1): 0.4/1.7 MBProgress (1): 0.4/1.7 MBProgress (1): 0.4/1.7 MBProgress (1): 0.4/1.7 MBProgress (1): 0.4/1.7 MBProgress (1): 0.4/1.7 MBProgress (1): 0.4/1.7 MBProgress (1): 0.4/1.7 MBProgress (1): 0.4/1.7 MBProgress (1): 0.5/1.7 MBProgress (1): 0.5/1.7 MBProgress (1): 0.5/1.7 MBProgress (1): 0.5/1.7 MBProgress (1): 0.5/1.7 MBProgress (1): 0.5/1.7 MBProgress (1): 0.5/1.7 MBProgress (1): 0.5/1.7 MBProgress (1): 0.5/1.7 MBProgress (1): 0.5/1.7 MBProgress (1): 0.5/1.7 MBProgress (1): 0.5/1.7 MBProgress (1): 0.5/1.7 MBProgress (1): 0.5/1.7 MBProgress (1): 0.5/1.7 MBProgress (1): 0.5/1.7 MBProgress (1): 0.5/1.7 MBProgress (1): 0.5/1.7 MBProgress (1): 0.5/1.7 MBProgress (1): 0.5/1.7 MBProgress (1): 0.5/1.7 MBProgress (1): 0.5/1.7 MBProgress (1): 0.5/1.7 MBProgress (1): 0.5/1.7 MBProgress (1): 0.5/1.7 MBProgress (1): 0.6/1.7 MBProgress (1): 0.6/1.7 MBProgress (1): 0.6/1.7 MBProgress (1): 0.6/1.7 MBProgress (1): 0.6/1.7 MBProgress (1): 0.6/1.7 MBProgress (1): 0.6/1.7 MBProgress (1): 0.6/1.7 MBProgress (1): 0.6/1.7 MBProgress (1): 0.6/1.7 MBProgress (1): 0.6/1.7 MBProgress (1): 0.6/1.7 MBProgress (1): 0.6/1.7 MBProgress (1): 0.6/1.7 MBProgress (1): 0.6/1.7 MBProgress (1): 0.6/1.7 MBProgress (1): 0.6/1.7 MBProgress (1): 0.6/1.7 MBProgress (1): 0.6/1.7 MBProgress (1): 0.6/1.7 MBProgress (1): 0.6/1.7 MBProgress (1): 0.6/1.7 MBProgress (1): 0.6/1.7 MBProgress (1): 0.6/1.7 MBProgress (1): 0.7/1.7 MBProgress (1): 0.7/1.7 MBProgress (1): 0.7/1.7 MBProgress (1): 0.7/1.7 MBProgress (1): 0.7/1.7 MBProgress (1): 0.7/1.7 MBProgress (1): 0.7/1.7 MBProgress (1): 0.7/1.7 MBProgress (1): 0.7/1.7 MBProgress (1): 0.7/1.7 MBProgress (1): 0.7/1.7 MBProgress (1): 0.7/1.7 MBProgress (1): 0.7/1.7 MBProgress (1): 0.7/1.7 MBProgress (1): 0.7/1.7 MBProgress (1): 0.7/1.7 MBProgress (1): 0.7/1.7 MBProgress (1): 0.7/1.7 MBProgress (1): 0.7/1.7 MBProgress (1): 0.7/1.7 MBProgress (1): 0.7/1.7 MBProgress (1): 0.7/1.7 MBProgress (1): 0.7/1.7 MBProgress (1): 0.7/1.7 MBProgress (1): 0.7/1.7 MBProgress (1): 0.8/1.7 MBProgress (1): 0.8/1.7 MBProgress (1): 0.8/1.7 MBProgress (1): 0.8/1.7 MBProgress (1): 0.8/1.7 MBProgress (1): 0.8/1.7 MBProgress (1): 0.8/1.7 MBProgress (1): 0.8/1.7 MBProgress (1): 0.8/1.7 MBProgress (1): 0.8/1.7 MBProgress (1): 0.8/1.7 MBProgress (1): 0.8/1.7 MBProgress (1): 0.8/1.7 MBProgress (1): 0.8/1.7 MBProgress (1): 0.8/1.7 MBProgress (1): 0.8/1.7 MBProgress (1): 0.8/1.7 MBProgress (1): 0.8/1.7 MBProgress (1): 0.8/1.7 MBProgress (1): 0.8/1.7 MBProgress (1): 0.8/1.7 MBProgress (1): 0.8/1.7 MBProgress (1): 0.8/1.7 MBProgress (1): 0.8/1.7 MBProgress (1): 0.9/1.7 MBProgress (1): 0.9/1.7 MBProgress (1): 0.9/1.7 MBProgress (1): 0.9/1.7 MBProgress (1): 0.9/1.7 MBProgress (1): 0.9/1.7 MBProgress (1): 0.9/1.7 MBProgress (1): 0.9/1.7 MBProgress (1): 0.9/1.7 MBProgress (1): 0.9/1.7 MBProgress (1): 0.9/1.7 MBProgress (1): 0.9/1.7 MBProgress (1): 0.9/1.7 MBProgress (1): 0.9/1.7 MBProgress (1): 0.9/1.7 MBProgress (1): 0.9/1.7 MBProgress (1): 0.9/1.7 MBProgress (1): 0.9/1.7 MBProgress (1): 0.9/1.7 MBProgress (1): 0.9/1.7 MBProgress (1): 0.9/1.7 MBProgress (1): 0.9/1.7 MBProgress (1): 0.9/1.7 MBProgress (1): 0.9/1.7 MBProgress (1): 0.9/1.7 MBProgress (1): 1.0/1.7 MBProgress (1): 1.0/1.7 MBProgress (1): 1.0/1.7 MBProgress (1): 1.0/1.7 MBProgress (1): 1.0/1.7 MBProgress (1): 1.0/1.7 MBProgress (1): 1.0/1.7 MBProgress (1): 1.0/1.7 MBProgress (1): 1.0/1.7 MBProgress (1): 1.0/1.7 MBProgress (1): 1.0/1.7 MBProgress (1): 1.0/1.7 MBProgress (1): 1.0/1.7 MBProgress (1): 1.0/1.7 MBProgress (1): 1.0/1.7 MBProgress (1): 1.0/1.7 MBProgress (1): 1.0/1.7 MBProgress (1): 1.0/1.7 MBProgress (1): 1.0/1.7 MBProgress (1): 1.0/1.7 MBProgress (1): 1.0/1.7 MBProgress (1): 1.0/1.7 MBProgress (1): 1.0/1.7 MBProgress (1): 1.0/1.7 MBProgress (1): 1.1/1.7 MBProgress (1): 1.1/1.7 MBProgress (1): 1.1/1.7 MBProgress (1): 1.1/1.7 MBProgress (1): 1.1/1.7 MBProgress (1): 1.1/1.7 MBProgress (1): 1.1/1.7 MBProgress (1): 1.1/1.7 MBProgress (1): 1.1/1.7 MBProgress (1): 1.1/1.7 MBProgress (1): 1.1/1.7 MBProgress (1): 1.1/1.7 MBProgress (1): 1.1/1.7 MBProgress (1): 1.1/1.7 MBProgress (1): 1.1/1.7 MBProgress (1): 1.1/1.7 MBProgress (1): 1.1/1.7 MBProgress (1): 1.1/1.7 MBProgress (1): 1.1/1.7 MBProgress (1): 1.1/1.7 MBProgress (1): 1.1/1.7 MBProgress (1): 1.1/1.7 MBProgress (1): 1.1/1.7 MBProgress (1): 1.1/1.7 MBProgress (1): 1.2/1.7 MBProgress (1): 1.2/1.7 MBProgress (1): 1.2/1.7 MBProgress (1): 1.2/1.7 MBProgress (1): 1.2/1.7 MBProgress (1): 1.2/1.7 MBProgress (1): 1.2/1.7 MBProgress (1): 1.2/1.7 MBProgress (1): 1.2/1.7 MBProgress (1): 1.2/1.7 MBProgress (1): 1.2/1.7 MBProgress (1): 1.2/1.7 MBProgress (1): 1.2/1.7 MBProgress (1): 1.2/1.7 MBProgress (1): 1.2/1.7 MBProgress (1): 1.2/1.7 MBProgress (1): 1.2/1.7 MBProgress (1): 1.2/1.7 MBProgress (1): 1.2/1.7 MBProgress (1): 1.2/1.7 MBProgress (1): 1.2/1.7 MBProgress (1): 1.2/1.7 MBProgress (1): 1.2/1.7 MBProgress (1): 1.2/1.7 MBProgress (1): 1.2/1.7 MBProgress (1): 1.3/1.7 MBProgress (1): 1.3/1.7 MBProgress (1): 1.3/1.7 MBProgress (1): 1.3/1.7 MBProgress (1): 1.3/1.7 MBProgress (1): 1.3/1.7 MBProgress (1): 1.3/1.7 MBProgress (1): 1.3/1.7 MBProgress (1): 1.3/1.7 MBProgress (1): 1.3/1.7 MBProgress (1): 1.3/1.7 MBProgress (1): 1.3/1.7 MBProgress (1): 1.3/1.7 MBProgress (1): 1.3/1.7 MBProgress (1): 1.3/1.7 MBProgress (1): 1.3/1.7 MBProgress (1): 1.3/1.7 MBProgress (1): 1.3/1.7 MBProgress (1): 1.3/1.7 MBProgress (1): 1.3/1.7 MBProgress (1): 1.3/1.7 MBProgress (1): 1.3/1.7 MBProgress (1): 1.3/1.7 MBProgress (1): 1.3/1.7 MBProgress (1): 1.4/1.7 MBProgress (1): 1.4/1.7 MBProgress (1): 1.4/1.7 MBProgress (1): 1.4/1.7 MBProgress (1): 1.4/1.7 MBProgress (1): 1.4/1.7 MBProgress (1): 1.4/1.7 MBProgress (1): 1.4/1.7 MBProgress (1): 1.4/1.7 MBProgress (1): 1.4/1.7 MBProgress (1): 1.4/1.7 MBProgress (1): 1.4/1.7 MBProgress (1): 1.4/1.7 MBProgress (1): 1.4/1.7 MBProgress (1): 1.4/1.7 MBProgress (1): 1.4/1.7 MBProgress (1): 1.4/1.7 MBProgress (1): 1.4/1.7 MBProgress (1): 1.4/1.7 MBProgress (1): 1.4/1.7 MBProgress (1): 1.4/1.7 MBProgress (1): 1.4/1.7 MBProgress (1): 1.4/1.7 MBProgress (1): 1.4/1.7 MBProgress (1): 1.4/1.7 MBProgress (1): 1.5/1.7 MBProgress (1): 1.5/1.7 MBProgress (1): 1.5/1.7 MBProgress (1): 1.5/1.7 MBProgress (1): 1.5/1.7 MBProgress (1): 1.5/1.7 MBProgress (1): 1.5/1.7 MBProgress (1): 1.5/1.7 MBProgress (1): 1.5/1.7 MBProgress (1): 1.5/1.7 MBProgress (1): 1.5/1.7 MBProgress (1): 1.5/1.7 MBProgress (1): 1.5/1.7 MBProgress (1): 1.5/1.7 MBProgress (1): 1.5/1.7 MBProgress (1): 1.5/1.7 MBProgress (1): 1.5/1.7 MBProgress (1): 1.5/1.7 MBProgress (1): 1.5/1.7 MBProgress (1): 1.5/1.7 MBProgress (1): 1.5/1.7 MBProgress (1): 1.5/1.7 MBProgress (1): 1.5/1.7 MBProgress (1): 1.5/1.7 MBProgress (1): 1.6/1.7 MBProgress (1): 1.6/1.7 MBProgress (1): 1.6/1.7 MBProgress (1): 1.6/1.7 MBProgress (1): 1.6/1.7 MBProgress (1): 1.6/1.7 MBProgress (1): 1.6/1.7 MBProgress (1): 1.6/1.7 MBProgress (1): 1.6/1.7 MBProgress (1): 1.6/1.7 MBProgress (1): 1.6/1.7 MBProgress (1): 1.6/1.7 MBProgress (1): 1.6/1.7 MBProgress (1): 1.6/1.7 MBProgress (1): 1.6/1.7 MBProgress (1): 1.6/1.7 MBProgress (1): 1.6/1.7 MBProgress (1): 1.6/1.7 MBProgress (1): 1.6/1.7 MBProgress (1): 1.6/1.7 MBProgress (1): 1.6/1.7 MBProgress (1): 1.6/1.7 MBProgress (1): 1.6/1.7 MBProgress (1): 1.6/1.7 MBProgress (1): 1.7/1.7 MBProgress (1): 1.7/1.7 MBProgress (1): 1.7 MB                        Downloaded from central: https://repo.maven.apache.org/maven2/org/apache/hadoop/hadoop-mapreduce-client-core/3.2.1/hadoop-mapreduce-client-core-3.2.1.jar (1.7 MB at 4.4 MB/s)
[[1;34mINFO[m] 
[[1;34mINFO[m] [1m--- [0;32mmaven-antrun-plugin:1.7:run[m [1m(create-testdirs)[m @ [36mhadoop-mapreduce-client-shuffle[0;1m ---[m
[[1;34mINFO[m] Executing tasks

main:
[[1;34mINFO[m] Executed tasks
[[1;34mINFO[m] 
[[1;34mINFO[m] [1m--- [0;32mhadoop-maven-plugins:3.2.1:protoc[m [1m(compile-protoc)[m @ [36mhadoop-mapreduce-client-shuffle[0;1m ---[m
[[1;34mINFO[m] No changes detected in protoc files, skipping generation.
[[1;34mINFO[m] 
[[1;34mINFO[m] [1m--- [0;32mmaven-resources-plugin:2.6:resources[m [1m(default-resources)[m @ [36mhadoop-mapreduce-client-shuffle[0;1m ---[m
[[1;34mINFO[m] Using 'UTF-8' encoding to copy filtered resources.
[[1;34mINFO[m] skip non existing resourceDirectory /root/hadoop-3.2.1-src/hadoop-mapreduce-project/hadoop-mapreduce-client/hadoop-mapreduce-client-shuffle/src/main/resources
[[1;34mINFO[m] 
[[1;34mINFO[m] [1m--- [0;32mmaven-compiler-plugin:3.1:compile[m [1m(default-compile)[m @ [36mhadoop-mapreduce-client-shuffle[0;1m ---[m
[[1;34mINFO[m] Nothing to compile - all classes are up to date
[[1;34mINFO[m] 
[[1;34mINFO[m] [1m--- [0;32mmaven-resources-plugin:2.6:testResources[m [1m(default-testResources)[m @ [36mhadoop-mapreduce-client-shuffle[0;1m ---[m
[[1;34mINFO[m] Using 'UTF-8' encoding to copy filtered resources.
[[1;34mINFO[m] Copying 2 resources
[[1;34mINFO[m] 
[[1;34mINFO[m] [1m--- [0;32mmaven-compiler-plugin:3.1:testCompile[m [1m(default-testCompile)[m @ [36mhadoop-mapreduce-client-shuffle[0;1m ---[m
[[1;34mINFO[m] Nothing to compile - all classes are up to date
[[1;34mINFO[m] 
[[1;34mINFO[m] [1m--- [0;32mmaven-surefire-plugin:3.0.0-M1:test[m [1m(default-test)[m @ [36mhadoop-mapreduce-client-shuffle[0;1m ---[m
[[1;34mINFO[m] 
[[1;34mINFO[m] -------------------------------------------------------
[[1;34mINFO[m]  T E S T S
[[1;34mINFO[m] -------------------------------------------------------
[[1;34mINFO[m] Running org.apache.hadoop.mapred.[1mTestFadvisedChunkedFile[m
[[1;34mINFO[m] [1;32mTests run: [0;1;32m1[m, Failures: 0, Errors: 0, Skipped: 0, Time elapsed: 0.214 s - in org.apache.hadoop.mapred.[1mTestFadvisedChunkedFile[m
[[1;34mINFO[m] Running org.apache.hadoop.mapred.[1mTestShuffleHandler[m
[[1;34mINFO[m] [1;32mTests run: [0;1;32m12[m, Failures: 0, Errors: 0, Skipped: 0, Time elapsed: 2.518 s - in org.apache.hadoop.mapred.[1mTestShuffleHandler[m
[[1;34mINFO[m] Running org.apache.hadoop.mapred.[1mTestFadvisedFileRegion[m
[[1;34mINFO[m] [1;32mTests run: [0;1;32m1[m, Failures: 0, Errors: 0, Skipped: 0, Time elapsed: 0.355 s - in org.apache.hadoop.mapred.[1mTestFadvisedFileRegion[m
[[1;34mINFO[m] 
[[1;34mINFO[m] Results:
[[1;34mINFO[m] 
[[1;34mINFO[m] [1;32mTests run: 14, Failures: 0, Errors: 0, Skipped: 0[m
[[1;34mINFO[m] 
[[1;34mINFO[m] [1m------------------------------------------------------------------------[m
[[1;34mINFO[m] [1;32mBUILD SUCCESS[m
[[1;34mINFO[m] [1m------------------------------------------------------------------------[m
[[1;34mINFO[m] Total time:  11.827 s
[[1;34mINFO[m] Finished at: 2020-04-08T07:05:49Z
[[1;34mINFO[m] [1m------------------------------------------------------------------------[m
