[[1;34mINFO[m] Scanning for projects...
[[1;34mINFO[m] 
[[1;34mINFO[m] [1m------------< [0;36morg.apache.hadoop:hadoop-mapreduce-examples[0;1m >-------------[m
[[1;34mINFO[m] [1mBuilding Apache Hadoop MapReduce Examples 3.2.1[m
[[1;34mINFO[m] [1m--------------------------------[ jar ]---------------------------------[m
Downloading from apache.snapshots.https: https://repository.apache.org/content/repositories/snapshots/org/apache/hadoop/hadoop-mapreduce-client-jobclient/3.2.1/hadoop-mapreduce-client-jobclient-3.2.1.pom
Downloading from repository.jboss.org: https://repository.jboss.org/nexus/content/groups/public/org/apache/hadoop/hadoop-mapreduce-client-jobclient/3.2.1/hadoop-mapreduce-client-jobclient-3.2.1.pom
Downloading from central: https://repo.maven.apache.org/maven2/org/apache/hadoop/hadoop-mapreduce-client-jobclient/3.2.1/hadoop-mapreduce-client-jobclient-3.2.1.pom
Progress (1): 2.2/6.1 kBProgress (1): 5.0/6.1 kBProgress (1): 6.1 kB                        Downloaded from central: https://repo.maven.apache.org/maven2/org/apache/hadoop/hadoop-mapreduce-client-jobclient/3.2.1/hadoop-mapreduce-client-jobclient-3.2.1.pom (6.1 kB at 31 kB/s)
Downloading from apache.snapshots.https: https://repository.apache.org/content/repositories/snapshots/org/apache/hadoop/hadoop-mapreduce-client-jobclient/3.2.1/hadoop-mapreduce-client-jobclient-3.2.1.jar
Downloading from apache.snapshots.https: https://repository.apache.org/content/repositories/snapshots/org/apache/hadoop/hadoop-mapreduce-client-jobclient/3.2.1/hadoop-mapreduce-client-jobclient-3.2.1-tests.jar
Downloading from repository.jboss.org: https://repository.jboss.org/nexus/content/groups/public/org/apache/hadoop/hadoop-mapreduce-client-jobclient/3.2.1/hadoop-mapreduce-client-jobclient-3.2.1.jar
Downloading from repository.jboss.org: https://repository.jboss.org/nexus/content/groups/public/org/apache/hadoop/hadoop-mapreduce-client-jobclient/3.2.1/hadoop-mapreduce-client-jobclient-3.2.1-tests.jar
Downloading from central: https://repo.maven.apache.org/maven2/org/apache/hadoop/hadoop-mapreduce-client-jobclient/3.2.1/hadoop-mapreduce-client-jobclient-3.2.1.jar
Downloading from central: https://repo.maven.apache.org/maven2/org/apache/hadoop/hadoop-mapreduce-client-jobclient/3.2.1/hadoop-mapreduce-client-jobclient-3.2.1-tests.jar
Progress (1): 2.2/86 kBProgress (1): 5.0/86 kBProgress (1): 7.7/86 kBProgress (1): 10/86 kB Progress (1): 13/86 kBProgress (1): 16/86 kBProgress (1): 19/86 kBProgress (1): 21/86 kBProgress (1): 24/86 kBProgress (1): 27/86 kBProgress (1): 30/86 kBProgress (1): 32/86 kBProgress (1): 36/86 kBProgress (1): 40/86 kBProgress (1): 45/86 kBProgress (1): 49/86 kBProgress (1): 53/86 kBProgress (1): 57/86 kBProgress (1): 61/86 kBProgress (1): 65/86 kBProgress (1): 69/86 kBProgress (1): 73/86 kBProgress (1): 77/86 kBProgress (1): 81/86 kBProgress (1): 85/86 kBProgress (1): 86 kB   Progress (2): 86 kB | 0/1.7 MBProgress (2): 86 kB | 0/1.7 MBProgress (2): 86 kB | 0/1.7 MBProgress (2): 86 kB | 0/1.7 MBProgress (2): 86 kB | 0/1.7 MBProgress (2): 86 kB | 0/1.7 MBProgress (2): 86 kB | 0/1.7 MB                              Downloaded from central: https://repo.maven.apache.org/maven2/org/apache/hadoop/hadoop-mapreduce-client-jobclient/3.2.1/hadoop-mapreduce-client-jobclient-3.2.1.jar (86 kB at 895 kB/s)
Progress (1): 0/1.7 MBProgress (1): 0/1.7 MBProgress (1): 0/1.7 MBProgress (1): 0/1.7 MBProgress (1): 0/1.7 MBProgress (1): 0/1.7 MBProgress (1): 0/1.7 MBProgress (1): 0/1.7 MBProgress (1): 0/1.7 MBProgress (1): 0.1/1.7 MBProgress (1): 0.1/1.7 MBProgress (1): 0.1/1.7 MBProgress (1): 0.1/1.7 MBProgress (1): 0.1/1.7 MBProgress (1): 0.1/1.7 MBProgress (1): 0.1/1.7 MBProgress (1): 0.1/1.7 MBProgress (1): 0.1/1.7 MBProgress (1): 0.1/1.7 MBProgress (1): 0.1/1.7 MBProgress (1): 0.1/1.7 MBProgress (1): 0.1/1.7 MBProgress (1): 0.1/1.7 MBProgress (1): 0.1/1.7 MBProgress (1): 0.1/1.7 MBProgress (1): 0.1/1.7 MBProgress (1): 0.1/1.7 MBProgress (1): 0.1/1.7 MBProgress (1): 0.1/1.7 MBProgress (1): 0.1/1.7 MBProgress (1): 0.1/1.7 MBProgress (1): 0.1/1.7 MBProgress (1): 0.1/1.7 MBProgress (1): 0.2/1.7 MBProgress (1): 0.2/1.7 MBProgress (1): 0.2/1.7 MBProgress (1): 0.2/1.7 MBProgress (1): 0.2/1.7 MBProgress (1): 0.2/1.7 MBProgress (1): 0.2/1.7 MBProgress (1): 0.2/1.7 MBProgress (1): 0.2/1.7 MBProgress (1): 0.2/1.7 MBProgress (1): 0.2/1.7 MBProgress (1): 0.2/1.7 MBProgress (1): 0.2/1.7 MBProgress (1): 0.2/1.7 MBProgress (1): 0.2/1.7 MBProgress (1): 0.2/1.7 MBProgress (1): 0.2/1.7 MBProgress (1): 0.2/1.7 MBProgress (1): 0.2/1.7 MBProgress (1): 0.2/1.7 MBProgress (1): 0.2/1.7 MBProgress (1): 0.2/1.7 MBProgress (1): 0.2/1.7 MBProgress (1): 0.2/1.7 MBProgress (1): 0.2/1.7 MBProgress (1): 0.3/1.7 MBProgress (1): 0.3/1.7 MBProgress (1): 0.3/1.7 MBProgress (1): 0.3/1.7 MBProgress (1): 0.3/1.7 MBProgress (1): 0.3/1.7 MBProgress (1): 0.3/1.7 MBProgress (1): 0.3/1.7 MBProgress (1): 0.3/1.7 MBProgress (1): 0.3/1.7 MBProgress (1): 0.3/1.7 MBProgress (1): 0.3/1.7 MBProgress (1): 0.3/1.7 MBProgress (1): 0.3/1.7 MBProgress (1): 0.3/1.7 MBProgress (1): 0.3/1.7 MBProgress (1): 0.3/1.7 MBProgress (1): 0.3/1.7 MBProgress (1): 0.3/1.7 MBProgress (1): 0.3/1.7 MBProgress (1): 0.3/1.7 MBProgress (1): 0.3/1.7 MBProgress (1): 0.3/1.7 MBProgress (1): 0.3/1.7 MBProgress (1): 0.4/1.7 MBProgress (1): 0.4/1.7 MBProgress (1): 0.4/1.7 MBProgress (1): 0.4/1.7 MBProgress (1): 0.4/1.7 MBProgress (1): 0.4/1.7 MBProgress (1): 0.4/1.7 MBProgress (1): 0.4/1.7 MBProgress (1): 0.4/1.7 MBProgress (1): 0.4/1.7 MBProgress (1): 0.4/1.7 MBProgress (1): 0.4/1.7 MBProgress (1): 0.4/1.7 MBProgress (1): 0.4/1.7 MBProgress (1): 0.4/1.7 MBProgress (1): 0.4/1.7 MBProgress (1): 0.4/1.7 MBProgress (1): 0.4/1.7 MBProgress (1): 0.4/1.7 MBProgress (1): 0.4/1.7 MBProgress (1): 0.4/1.7 MBProgress (1): 0.4/1.7 MBProgress (1): 0.4/1.7 MBProgress (1): 0.4/1.7 MBProgress (1): 0.5/1.7 MBProgress (1): 0.5/1.7 MBProgress (1): 0.5/1.7 MBProgress (1): 0.5/1.7 MBProgress (1): 0.5/1.7 MBProgress (1): 0.5/1.7 MBProgress (1): 0.5/1.7 MBProgress (1): 0.5/1.7 MBProgress (1): 0.5/1.7 MBProgress (1): 0.5/1.7 MBProgress (1): 0.5/1.7 MBProgress (1): 0.5/1.7 MBProgress (1): 0.5/1.7 MBProgress (1): 0.5/1.7 MBProgress (1): 0.5/1.7 MBProgress (1): 0.5/1.7 MBProgress (1): 0.5/1.7 MBProgress (1): 0.5/1.7 MBProgress (1): 0.5/1.7 MBProgress (1): 0.5/1.7 MBProgress (1): 0.5/1.7 MBProgress (1): 0.5/1.7 MBProgress (1): 0.5/1.7 MBProgress (1): 0.5/1.7 MBProgress (1): 0.5/1.7 MBProgress (1): 0.6/1.7 MBProgress (1): 0.6/1.7 MBProgress (1): 0.6/1.7 MBProgress (1): 0.6/1.7 MBProgress (1): 0.6/1.7 MBProgress (1): 0.6/1.7 MBProgress (1): 0.6/1.7 MBProgress (1): 0.6/1.7 MBProgress (1): 0.6/1.7 MBProgress (1): 0.6/1.7 MBProgress (1): 0.6/1.7 MBProgress (1): 0.6/1.7 MBProgress (1): 0.6/1.7 MBProgress (1): 0.6/1.7 MBProgress (1): 0.6/1.7 MBProgress (1): 0.6/1.7 MBProgress (1): 0.6/1.7 MBProgress (1): 0.6/1.7 MBProgress (1): 0.6/1.7 MBProgress (1): 0.6/1.7 MBProgress (1): 0.6/1.7 MBProgress (1): 0.6/1.7 MBProgress (1): 0.6/1.7 MBProgress (1): 0.6/1.7 MBProgress (1): 0.7/1.7 MBProgress (1): 0.7/1.7 MBProgress (1): 0.7/1.7 MBProgress (1): 0.7/1.7 MBProgress (1): 0.7/1.7 MBProgress (1): 0.7/1.7 MBProgress (1): 0.7/1.7 MBProgress (1): 0.7/1.7 MBProgress (1): 0.7/1.7 MBProgress (1): 0.7/1.7 MBProgress (1): 0.7/1.7 MBProgress (1): 0.7/1.7 MBProgress (1): 0.7/1.7 MBProgress (1): 0.7/1.7 MBProgress (1): 0.7/1.7 MBProgress (1): 0.7/1.7 MBProgress (1): 0.7/1.7 MBProgress (1): 0.7/1.7 MBProgress (1): 0.7/1.7 MBProgress (1): 0.7/1.7 MBProgress (1): 0.7/1.7 MBProgress (1): 0.7/1.7 MBProgress (1): 0.7/1.7 MBProgress (1): 0.7/1.7 MBProgress (1): 0.7/1.7 MBProgress (1): 0.8/1.7 MBProgress (1): 0.8/1.7 MBProgress (1): 0.8/1.7 MBProgress (1): 0.8/1.7 MBProgress (1): 0.8/1.7 MBProgress (1): 0.8/1.7 MBProgress (1): 0.8/1.7 MBProgress (1): 0.8/1.7 MBProgress (1): 0.8/1.7 MBProgress (1): 0.8/1.7 MBProgress (1): 0.8/1.7 MBProgress (1): 0.8/1.7 MBProgress (1): 0.8/1.7 MBProgress (1): 0.8/1.7 MBProgress (1): 0.8/1.7 MBProgress (1): 0.8/1.7 MBProgress (1): 0.8/1.7 MBProgress (1): 0.8/1.7 MBProgress (1): 0.8/1.7 MBProgress (1): 0.8/1.7 MBProgress (1): 0.8/1.7 MBProgress (1): 0.8/1.7 MBProgress (1): 0.8/1.7 MBProgress (1): 0.8/1.7 MBProgress (1): 0.9/1.7 MBProgress (1): 0.9/1.7 MBProgress (1): 0.9/1.7 MBProgress (1): 0.9/1.7 MBProgress (1): 0.9/1.7 MBProgress (1): 0.9/1.7 MBProgress (1): 0.9/1.7 MBProgress (1): 0.9/1.7 MBProgress (1): 0.9/1.7 MBProgress (1): 0.9/1.7 MBProgress (1): 0.9/1.7 MBProgress (1): 0.9/1.7 MBProgress (1): 0.9/1.7 MBProgress (1): 0.9/1.7 MBProgress (1): 0.9/1.7 MBProgress (1): 0.9/1.7 MBProgress (1): 0.9/1.7 MBProgress (1): 0.9/1.7 MBProgress (1): 0.9/1.7 MBProgress (1): 0.9/1.7 MBProgress (1): 0.9/1.7 MBProgress (1): 0.9/1.7 MBProgress (1): 0.9/1.7 MBProgress (1): 0.9/1.7 MBProgress (1): 0.9/1.7 MBProgress (1): 1.0/1.7 MBProgress (1): 1.0/1.7 MBProgress (1): 1.0/1.7 MBProgress (1): 1.0/1.7 MBProgress (1): 1.0/1.7 MBProgress (1): 1.0/1.7 MBProgress (1): 1.0/1.7 MBProgress (1): 1.0/1.7 MBProgress (1): 1.0/1.7 MBProgress (1): 1.0/1.7 MBProgress (1): 1.0/1.7 MBProgress (1): 1.0/1.7 MBProgress (1): 1.0/1.7 MBProgress (1): 1.0/1.7 MBProgress (1): 1.0/1.7 MBProgress (1): 1.0/1.7 MBProgress (1): 1.0/1.7 MBProgress (1): 1.0/1.7 MBProgress (1): 1.0/1.7 MBProgress (1): 1.0/1.7 MBProgress (1): 1.0/1.7 MBProgress (1): 1.0/1.7 MBProgress (1): 1.0/1.7 MBProgress (1): 1.0/1.7 MBProgress (1): 1.1/1.7 MBProgress (1): 1.1/1.7 MBProgress (1): 1.1/1.7 MBProgress (1): 1.1/1.7 MBProgress (1): 1.1/1.7 MBProgress (1): 1.1/1.7 MBProgress (1): 1.1/1.7 MBProgress (1): 1.1/1.7 MBProgress (1): 1.1/1.7 MBProgress (1): 1.1/1.7 MBProgress (1): 1.1/1.7 MBProgress (1): 1.1/1.7 MBProgress (1): 1.1/1.7 MBProgress (1): 1.1/1.7 MBProgress (1): 1.1/1.7 MBProgress (1): 1.1/1.7 MBProgress (1): 1.1/1.7 MBProgress (1): 1.1/1.7 MBProgress (1): 1.1/1.7 MBProgress (1): 1.1/1.7 MBProgress (1): 1.1/1.7 MBProgress (1): 1.1/1.7 MBProgress (1): 1.1/1.7 MBProgress (1): 1.1/1.7 MBProgress (1): 1.2/1.7 MBProgress (1): 1.2/1.7 MBProgress (1): 1.2/1.7 MBProgress (1): 1.2/1.7 MBProgress (1): 1.2/1.7 MBProgress (1): 1.2/1.7 MBProgress (1): 1.2/1.7 MBProgress (1): 1.2/1.7 MBProgress (1): 1.2/1.7 MBProgress (1): 1.2/1.7 MBProgress (1): 1.2/1.7 MBProgress (1): 1.2/1.7 MBProgress (1): 1.2/1.7 MBProgress (1): 1.2/1.7 MBProgress (1): 1.2/1.7 MBProgress (1): 1.2/1.7 MBProgress (1): 1.2/1.7 MBProgress (1): 1.2/1.7 MBProgress (1): 1.2/1.7 MBProgress (1): 1.2/1.7 MBProgress (1): 1.2/1.7 MBProgress (1): 1.2/1.7 MBProgress (1): 1.2/1.7 MBProgress (1): 1.2/1.7 MBProgress (1): 1.2/1.7 MBProgress (1): 1.3/1.7 MBProgress (1): 1.3/1.7 MBProgress (1): 1.3/1.7 MBProgress (1): 1.3/1.7 MBProgress (1): 1.3/1.7 MBProgress (1): 1.3/1.7 MBProgress (1): 1.3/1.7 MBProgress (1): 1.3/1.7 MBProgress (1): 1.3/1.7 MBProgress (1): 1.3/1.7 MBProgress (1): 1.3/1.7 MBProgress (1): 1.3/1.7 MBProgress (1): 1.3/1.7 MBProgress (1): 1.3/1.7 MBProgress (1): 1.3/1.7 MBProgress (1): 1.3/1.7 MBProgress (1): 1.3/1.7 MBProgress (1): 1.3/1.7 MBProgress (1): 1.3/1.7 MBProgress (1): 1.3/1.7 MBProgress (1): 1.3/1.7 MBProgress (1): 1.3/1.7 MBProgress (1): 1.3/1.7 MBProgress (1): 1.3/1.7 MBProgress (1): 1.4/1.7 MBProgress (1): 1.4/1.7 MBProgress (1): 1.4/1.7 MBProgress (1): 1.4/1.7 MBProgress (1): 1.4/1.7 MBProgress (1): 1.4/1.7 MBProgress (1): 1.4/1.7 MBProgress (1): 1.4/1.7 MBProgress (1): 1.4/1.7 MBProgress (1): 1.4/1.7 MBProgress (1): 1.4/1.7 MBProgress (1): 1.4/1.7 MBProgress (1): 1.4/1.7 MBProgress (1): 1.4/1.7 MBProgress (1): 1.4/1.7 MBProgress (1): 1.4/1.7 MBProgress (1): 1.4/1.7 MBProgress (1): 1.4/1.7 MBProgress (1): 1.4/1.7 MBProgress (1): 1.4/1.7 MBProgress (1): 1.4/1.7 MBProgress (1): 1.4/1.7 MBProgress (1): 1.4/1.7 MBProgress (1): 1.4/1.7 MBProgress (1): 1.4/1.7 MBProgress (1): 1.5/1.7 MBProgress (1): 1.5/1.7 MBProgress (1): 1.5/1.7 MBProgress (1): 1.5/1.7 MBProgress (1): 1.5/1.7 MBProgress (1): 1.5/1.7 MBProgress (1): 1.5/1.7 MBProgress (1): 1.5/1.7 MBProgress (1): 1.5/1.7 MBProgress (1): 1.5/1.7 MBProgress (1): 1.5/1.7 MBProgress (1): 1.5/1.7 MBProgress (1): 1.5/1.7 MBProgress (1): 1.5/1.7 MBProgress (1): 1.5/1.7 MBProgress (1): 1.5/1.7 MBProgress (1): 1.5/1.7 MBProgress (1): 1.5/1.7 MBProgress (1): 1.5/1.7 MBProgress (1): 1.5/1.7 MBProgress (1): 1.5/1.7 MBProgress (1): 1.5/1.7 MBProgress (1): 1.5/1.7 MBProgress (1): 1.5/1.7 MBProgress (1): 1.6/1.7 MBProgress (1): 1.6/1.7 MBProgress (1): 1.6/1.7 MBProgress (1): 1.6/1.7 MBProgress (1): 1.6/1.7 MBProgress (1): 1.6/1.7 MBProgress (1): 1.6/1.7 MBProgress (1): 1.6/1.7 MBProgress (1): 1.6/1.7 MBProgress (1): 1.6/1.7 MBProgress (1): 1.6/1.7 MBProgress (1): 1.6/1.7 MBProgress (1): 1.6/1.7 MBProgress (1): 1.6/1.7 MBProgress (1): 1.6/1.7 MBProgress (1): 1.6/1.7 MBProgress (1): 1.6/1.7 MBProgress (1): 1.6/1.7 MBProgress (1): 1.6/1.7 MBProgress (1): 1.6/1.7 MBProgress (1): 1.6/1.7 MBProgress (1): 1.6/1.7 MBProgress (1): 1.6/1.7 MBProgress (1): 1.6/1.7 MBProgress (1): 1.7/1.7 MBProgress (1): 1.7/1.7 MBProgress (1): 1.7/1.7 MBProgress (1): 1.7 MB                        Downloaded from central: https://repo.maven.apache.org/maven2/org/apache/hadoop/hadoop-mapreduce-client-jobclient/3.2.1/hadoop-mapreduce-client-jobclient-3.2.1-tests.jar (1.7 MB at 4.2 MB/s)
[[1;34mINFO[m] 
[[1;34mINFO[m] [1m--- [0;32mmaven-antrun-plugin:1.7:run[m [1m(create-testdirs)[m @ [36mhadoop-mapreduce-examples[0;1m ---[m
[[1;34mINFO[m] Executing tasks

main:
[[1;34mINFO[m] Executed tasks
[[1;34mINFO[m] 
[[1;34mINFO[m] [1m--- [0;32mmaven-resources-plugin:2.6:resources[m [1m(default-resources)[m @ [36mhadoop-mapreduce-examples[0;1m ---[m
[[1;34mINFO[m] Using 'UTF-8' encoding to copy filtered resources.
[[1;34mINFO[m] skip non existing resourceDirectory /root/hadoop-3.2.1-src/hadoop-mapreduce-project/hadoop-mapreduce-examples/src/main/resources
[[1;34mINFO[m] 
[[1;34mINFO[m] [1m--- [0;32mmaven-compiler-plugin:3.1:compile[m [1m(default-compile)[m @ [36mhadoop-mapreduce-examples[0;1m ---[m
[[1;34mINFO[m] Nothing to compile - all classes are up to date
[[1;34mINFO[m] 
[[1;34mINFO[m] [1m--- [0;32mmaven-resources-plugin:2.6:testResources[m [1m(default-testResources)[m @ [36mhadoop-mapreduce-examples[0;1m ---[m
[[1;34mINFO[m] Using 'UTF-8' encoding to copy filtered resources.
[[1;34mINFO[m] skip non existing resourceDirectory /root/hadoop-3.2.1-src/hadoop-mapreduce-project/hadoop-mapreduce-examples/src/test/resources
[[1;34mINFO[m] 
[[1;34mINFO[m] [1m--- [0;32mmaven-compiler-plugin:3.1:testCompile[m [1m(default-testCompile)[m @ [36mhadoop-mapreduce-examples[0;1m ---[m
[[1;34mINFO[m] Nothing to compile - all classes are up to date
[[1;34mINFO[m] 
[[1;34mINFO[m] [1m--- [0;32mmaven-surefire-plugin:3.0.0-M1:test[m [1m(default-test)[m @ [36mhadoop-mapreduce-examples[0;1m ---[m
[[1;34mINFO[m] 
[[1;34mINFO[m] -------------------------------------------------------
[[1;34mINFO[m]  T E S T S
[[1;34mINFO[m] -------------------------------------------------------
[[1;34mINFO[m] Running org.apache.hadoop.examples.pi.math.[1mTestModular[m
[[1;34mINFO[m] [1;32mTests run: [0;1;32m1[m, Failures: 0, Errors: 0, Skipped: 0, Time elapsed: 0.095 s - in org.apache.hadoop.examples.pi.math.[1mTestModular[m
[[1;34mINFO[m] Running org.apache.hadoop.examples.pi.math.[1mTestLongLong[m
[[1;34mINFO[m] [1;32mTests run: [0;1;32m2[m, Failures: 0, Errors: 0, Skipped: 0, Time elapsed: 0.097 s - in org.apache.hadoop.examples.pi.math.[1mTestLongLong[m
[[1;34mINFO[m] Running org.apache.hadoop.examples.pi.math.[1mTestSummation[m
[[1;34mINFO[m] [1;32mTests run: [0;1;32m1[m, Failures: 0, Errors: 0, Skipped: 0, Time elapsed: 0.082 s - in org.apache.hadoop.examples.pi.math.[1mTestSummation[m
[[1;34mINFO[m] Running org.apache.hadoop.examples.terasort.[1mTestTeraSort[m
[[1;34mINFO[m] [1;32mTests run: [0;1;32m2[m, Failures: 0, Errors: 0, Skipped: 0, Time elapsed: 4.604 s - in org.apache.hadoop.examples.terasort.[1mTestTeraSort[m
[[1;34mINFO[m] Running org.apache.hadoop.examples.[1mTestBaileyBorweinPlouffe[m
[[1;34mINFO[m] [1;32mTests run: [0;1;32m2[m, Failures: 0, Errors: 0, Skipped: 0, Time elapsed: 0.348 s - in org.apache.hadoop.examples.[1mTestBaileyBorweinPlouffe[m
[[1;34mINFO[m] Running org.apache.hadoop.examples.[1mTestWordStats[m
[[1;34mINFO[m] [1;32mTests run: [0;1;32m3[m, Failures: 0, Errors: 0, Skipped: 0, Time elapsed: 4.486 s - in org.apache.hadoop.examples.[1mTestWordStats[m
[[1;34mINFO[m] 
[[1;34mINFO[m] Results:
[[1;34mINFO[m] 
[[1;34mINFO[m] [1;32mTests run: 11, Failures: 0, Errors: 0, Skipped: 0[m
[[1;34mINFO[m] 
[[1;34mINFO[m] [1m------------------------------------------------------------------------[m
[[1;34mINFO[m] [1;32mBUILD SUCCESS[m
[[1;34mINFO[m] [1m------------------------------------------------------------------------[m
[[1;34mINFO[m] Total time:  19.246 s
[[1;34mINFO[m] Finished at: 2020-04-09T00:12:00Z
[[1;34mINFO[m] [1m------------------------------------------------------------------------[m
